0.000000 0.000000
0.010000 0.000000
0.020000 0.000000
0.030000 0.000000
0.040000 0.000000
0.050000 0.000000
0.060000 0.000000
0.070000 0.000000
0.080000 0.000000
0.090000 0.000000
0.100000 0.000000
0.110000 0.000000
0.120000 0.000000
0.130000 0.000000
0.140000 0.000000
0.150000 0.000000
0.160000 0.000000
0.170000 0.000000
0.180000 0.000000
0.190000 0.000000
0.200000 0.000000
0.210000 0.000000
0.220000 0.000000
0.230000 0.000000
0.240000 0.000334
0.250000 0.068628
0.260000 0.998649
0.270000 2.792832
0.280000 3.064538
0.290000 2.193817
0.300000 1.436598
0.310000 1.039843
0.320000 0.874348
0.330000 0.820625
0.340000 0.816424
0.350000 0.828575
0.360000 0.851985
0.370000 0.876960
0.380000 0.903533
0.390000 0.936414
0.400000 0.970072
0.410000 1.000526
0.420000 1.030787
0.430000 1.059377
0.440000 1.081098
0.450000 1.091189
0.460000 1.094784
0.470000 1.089433
0.480000 1.075161
0.490000 1.057700
0.500000 1.034811
0.510000 1.012534
0.520000 0.989391
0.530000 0.966693
0.540000 0.947585
0.550000 0.928664
0.560000 0.917296
0.570000 0.916095
0.580000 0.923799
0.590000 0.936251
0.600000 0.953821
0.610000 0.971298
0.620000 0.987864
0.630000 1.002327
0.640000 1.015799
0.650000 1.025299
0.660000 1.033111
0.670000 1.039405
0.680000 1.042288
0.690000 1.041032
0.700000 1.038496
0.710000 1.033558
0.720000 1.027058
0.730000 1.018380
0.740000 1.011099
0.750000 1.003485
0.760000 0.997360
0.770000 0.992590
0.780000 0.987929
0.790000 0.986903
0.800000 0.985672
0.810000 0.986841
0.820000 0.989310
0.830000 0.991131
0.840000 0.995106
0.850000 0.997676
0.860000 0.999555
0.870000 1.001093
0.880000 1.001984
0.890000 1.001218
0.900000 1.001186
0.910000 1.001040
0.920000 1.000116
0.930000 1.000351
0.940000 1.000777
0.950000 0.999063
0.960000 0.998483
0.970000 0.999306
0.980000 0.998712
0.990000 0.998994
1.000000 0.998833
1.010000 0.998785
1.020000 0.999994
1.030000 1.000095
1.040000 1.001132
1.050000 1.001132
1.060000 1.001829
1.070000 1.001406
1.080000 1.001481
1.090000 1.001605
1.100000 1.001128
