0.000000 0.000000
0.010000 0.000000
0.020000 0.000000
0.030000 0.000000
0.040000 0.000000
0.050000 0.000000
0.060000 0.000000
0.070000 0.000000
0.080000 0.000000
0.090000 0.000000
0.100000 0.000000
0.110000 0.000000
0.120000 0.000000
0.130000 0.000000
0.140000 0.000000
0.150000 0.000000
0.160000 0.000000
0.170000 0.000000
0.180000 0.000000
0.190000 0.000000
0.200000 0.000000
0.210000 0.000000
0.220000 0.000000
0.230000 0.000000
0.240000 0.000698
0.250000 0.097045
0.260000 1.086239
0.270000 2.722288
0.280000 2.916849
0.290000 2.112522
0.300000 1.407564
0.310000 1.035405
0.320000 0.881406
0.330000 0.829290
0.340000 0.824473
0.350000 0.840499
0.360000 0.858288
0.370000 0.886718
0.380000 0.913950
0.390000 0.945602
0.400000 0.975174
0.410000 1.007335
0.420000 1.038614
0.430000 1.063268
0.440000 1.081488
0.450000 1.093308
0.460000 1.094900
0.470000 1.090274
0.480000 1.075466
0.490000 1.056087
0.500000 1.033903
0.510000 1.010863
0.520000 0.985979
0.530000 0.965427
0.540000 0.944032
0.550000 0.927307
0.560000 0.918898
0.570000 0.916020
0.580000 0.920897
0.590000 0.932796
0.600000 0.948597
0.610000 0.965809
0.620000 0.981820
0.630000 0.996174
0.640000 1.008899
0.650000 1.020718
0.660000 1.029998
0.670000 1.034803
0.680000 1.037879
0.690000 1.039751
0.700000 1.036659
0.710000 1.032376
0.720000 1.026873
0.730000 1.019700
0.740000 1.011114
0.750000 1.004151
0.760000 0.998846
0.770000 0.993906
0.780000 0.990311
0.790000 0.987586
0.800000 0.987645
0.810000 0.988367
0.820000 0.990270
0.830000 0.992253
0.840000 0.995196
0.850000 0.997769
0.860000 0.999773
0.870000 1.000859
0.880000 1.000953
0.890000 1.000743
0.900000 1.000064
0.910000 0.999987
0.920000 0.998979
0.930000 0.999764
0.940000 0.999581
0.950000 0.998600
0.960000 0.999325
0.970000 0.998287
0.980000 0.998298
0.990000 0.998286
1.000000 0.998779
1.010000 0.998866
1.020000 1.000249
1.030000 1.000575
1.040000 1.001151
1.050000 1.002437
1.060000 1.002950
1.070000 1.002687
1.080000 1.003194
1.090000 1.003258
1.100000 1.003317
