0.000000 0.000000
0.010000 0.000000
0.020000 0.000000
0.030000 0.000000
0.040000 0.000000
0.050000 0.000000
0.060000 0.000000
0.070000 0.000000
0.080000 0.000000
0.090000 0.000000
0.100000 0.000000
0.110000 0.000000
0.120000 0.000000
0.130000 0.000000
0.140000 0.000000
0.150000 0.000000
0.160000 0.000000
0.170000 0.000000
0.180000 0.000000
0.190000 0.000000
0.200000 0.000000
0.210000 0.000000
0.220000 0.000000
0.230000 0.000000
0.240000 0.000612
0.250000 0.097582
0.260000 1.095688
0.270000 2.738144
0.280000 2.923854
0.290000 2.101700
0.300000 1.395500
0.310000 1.021398
0.320000 0.863899
0.330000 0.818140
0.340000 0.815513
0.350000 0.827629
0.360000 0.851919
0.370000 0.878482
0.380000 0.912998
0.390000 0.945337
0.400000 0.980638
0.410000 1.010623
0.420000 1.044414
0.430000 1.071208
0.440000 1.088751
0.450000 1.102899
0.460000 1.103680
0.470000 1.094489
0.480000 1.082394
0.490000 1.062188
0.500000 1.034379
0.510000 1.007402
0.520000 0.985461
0.530000 0.961545
0.540000 0.938046
0.550000 0.923297
0.560000 0.912927
0.570000 0.909540
0.580000 0.914978
0.590000 0.929228
0.600000 0.943924
0.610000 0.964579
0.620000 0.981519
0.630000 0.998589
0.640000 1.011777
0.650000 1.020513
0.660000 1.031245
0.670000 1.032997
0.680000 1.040050
0.690000 1.041022
0.700000 1.041042
0.710000 1.033937
0.720000 1.030222
0.730000 1.019117
0.740000 1.013797
0.750000 1.006156
0.760000 0.999939
0.770000 0.995649
0.780000 0.990665
0.790000 0.988386
0.800000 0.987231
0.810000 0.987867
0.820000 0.990837
0.830000 0.995379
0.840000 0.996439
0.850000 0.998185
0.860000 0.999600
0.870000 1.001517
0.880000 1.001446
0.890000 0.999996
0.900000 0.999479
0.910000 0.999471
0.920000 1.000044
0.930000 1.000240
0.940000 0.998660
0.950000 0.998627
0.960000 0.998411
0.970000 0.998957
0.980000 0.999463
0.990000 1.000986
1.000000 1.000417
1.010000 1.000407
1.020000 1.002410
1.030000 1.003031
1.040000 1.003065
1.050000 1.003773
1.060000 1.004182
1.070000 1.005104
1.080000 1.005094
1.090000 1.004449
1.100000 1.004781
