0.000000 0.000000
0.010000 0.000000
0.020000 0.000000
0.030000 0.000000
0.040000 0.000000
0.050000 0.000000
0.060000 0.000000
0.070000 0.000000
0.080000 0.000000
0.090000 0.000000
0.100000 0.000000
0.110000 0.000000
0.120000 0.000000
0.130000 0.000000
0.140000 0.000000
0.150000 0.000000
0.160000 0.000000
0.170000 0.000000
0.180000 0.000000
0.190000 0.000000
0.200000 0.000000
0.210000 0.000000
0.220000 0.000000
0.230000 0.000000
0.240000 0.000744
0.250000 0.111077
0.260000 1.171802
0.270000 2.788939
0.280000 2.871019
0.290000 2.019597
0.300000 1.342542
0.310000 0.996551
0.320000 0.863767
0.330000 0.821888
0.340000 0.829201
0.350000 0.843051
0.360000 0.867922
0.370000 0.901554
0.380000 0.927014
0.390000 0.961748
0.400000 0.992712
0.410000 1.027729
0.420000 1.057174
0.430000 1.081288
0.440000 1.093311
0.450000 1.102905
0.460000 1.101181
0.470000 1.089561
0.480000 1.076302
0.490000 1.052340
0.500000 1.031277
0.510000 1.002351
0.520000 0.978251
0.530000 0.951408
0.540000 0.932035
0.550000 0.913748
0.560000 0.905414
0.570000 0.902019
0.580000 0.910684
0.590000 0.926193
0.600000 0.943242
0.610000 0.962031
0.620000 0.977226
0.630000 0.997067
0.640000 1.009278
0.650000 1.020370
0.660000 1.030466
0.670000 1.037722
0.680000 1.041224
0.690000 1.038384
0.700000 1.041366
0.710000 1.032063
0.720000 1.029974
0.730000 1.021274
0.740000 1.012095
0.750000 1.005763
0.760000 0.997540
0.770000 0.992886
0.780000 0.988606
0.790000 0.986854
0.800000 0.984558
0.810000 0.987033
0.820000 0.989368
0.830000 0.988866
0.840000 0.994193
0.850000 0.995824
0.860000 0.995829
0.870000 0.998309
0.880000 0.995673
0.890000 0.996515
0.900000 0.995317
0.910000 0.995603
0.920000 0.997002
0.930000 0.995381
0.940000 0.995960
0.950000 0.994999
0.960000 0.994522
0.970000 0.994612
0.980000 0.995759
0.990000 0.997839
1.000000 0.997085
1.010000 0.996420
1.020000 0.997738
1.030000 0.999144
1.040000 1.001534
1.050000 0.999793
1.060000 1.002262
1.070000 1.001285
1.080000 1.001266
1.090000 1.001106
1.100000 1.001283
