0.000000 0.000000
0.010000 0.000000
0.020000 0.000000
0.030000 0.000000
0.040000 0.000000
0.050000 0.000000
0.060000 0.000000
0.070000 0.000000
0.080000 0.000000
0.090000 0.000000
0.100000 0.000000
0.110000 0.000000
0.120000 0.000000
0.130000 0.000000
0.140000 0.000000
0.150000 0.000000
0.160000 0.000000
0.170000 0.000000
0.180000 0.000000
0.190000 0.000000
0.200000 0.000000
0.210000 0.000000
0.220000 0.000000
0.230000 0.000000
0.240000 0.000506
0.250000 0.085571
0.260000 0.999172
0.270000 2.597317
0.280000 2.892481
0.290000 2.125229
0.300000 1.444982
0.310000 1.080103
0.320000 0.932424
0.330000 0.870881
0.340000 0.867618
0.350000 0.880229
0.360000 0.893342
0.370000 0.911923
0.380000 0.934174
0.390000 0.953771
0.400000 0.976237
0.410000 1.004240
0.420000 1.027801
0.430000 1.050100
0.440000 1.066875
0.450000 1.070709
0.460000 1.071147
0.470000 1.068556
0.480000 1.059340
0.490000 1.039408
0.500000 1.021166
0.510000 1.001840
0.520000 0.983386
0.530000 0.965673
0.540000 0.947100
0.550000 0.932175
0.560000 0.922359
0.570000 0.920755
0.580000 0.925727
0.590000 0.940755
0.600000 0.955337
0.610000 0.970529
0.620000 0.985002
0.630000 0.999162
0.640000 1.010800
0.650000 1.021792
0.660000 1.029142
0.670000 1.033444
0.680000 1.036601
0.690000 1.036364
0.700000 1.035990
0.710000 1.031276
0.720000 1.025572
0.730000 1.019020
0.740000 1.011595
0.750000 1.005994
0.760000 0.997604
0.770000 0.993581
0.780000 0.990857
0.790000 0.988850
0.800000 0.987872
0.810000 0.989135
0.820000 0.988175
0.830000 0.990277
0.840000 0.993850
0.850000 0.993109
0.860000 0.996192
0.870000 0.998973
0.880000 0.998511
0.890000 0.998971
0.900000 0.995022
0.910000 0.997304
0.920000 0.997932
0.930000 0.997801
0.940000 0.998031
0.950000 0.997463
0.960000 0.997414
0.970000 0.997831
0.980000 0.996629
0.990000 0.997989
1.000000 0.998734
1.010000 0.998389
1.020000 0.998961
1.030000 1.000145
1.040000 1.001453
1.050000 1.000299
1.060000 1.000607
1.070000 0.999052
1.080000 1.000802
1.090000 1.001601
1.100000 1.001965
