0.000000 0.000000
0.010000 0.000000
0.020000 0.000000
0.030000 0.000000
0.040000 0.000000
0.050000 0.000000
0.060000 0.000000
0.070000 0.000000
0.080000 0.000000
0.090000 0.000000
0.100000 0.000000
0.110000 0.000000
0.120000 0.000000
0.130000 0.000000
0.140000 0.000000
0.150000 0.000000
0.160000 0.000000
0.170000 0.000000
0.180000 0.000000
0.190000 0.000000
0.200000 0.000000
0.210000 0.000000
0.220000 0.000000
0.230000 0.000000
0.240000 0.000680
0.250000 0.097551
0.260000 1.078671
0.270000 2.721992
0.280000 2.927795
0.290000 2.121091
0.300000 1.406333
0.310000 1.035780
0.320000 0.875088
0.330000 0.828968
0.340000 0.823360
0.350000 0.835775
0.360000 0.860613
0.370000 0.887313
0.380000 0.914033
0.390000 0.944084
0.400000 0.976319
0.410000 1.009343
0.420000 1.043053
0.430000 1.063189
0.440000 1.085834
0.450000 1.095895
0.460000 1.097806
0.470000 1.089364
0.480000 1.074086
0.490000 1.057854
0.500000 1.034029
0.510000 1.011468
0.520000 0.986937
0.530000 0.968635
0.540000 0.944002
0.550000 0.929807
0.560000 0.918074
0.570000 0.913976
0.580000 0.923430
0.590000 0.936331
0.600000 0.950357
0.610000 0.967667
0.620000 0.984106
0.630000 0.998628
0.640000 1.012011
0.650000 1.022285
0.660000 1.030468
0.670000 1.035600
0.680000 1.039018
0.690000 1.040148
0.700000 1.036950
0.710000 1.033163
0.720000 1.026136
0.730000 1.019292
0.740000 1.012046
0.750000 1.006315
0.760000 0.999160
0.770000 0.992926
0.780000 0.991320
0.790000 0.989162
0.800000 0.988719
0.810000 0.989654
0.820000 0.989887
0.830000 0.992856
0.840000 0.995002
0.850000 0.998179
0.860000 1.000420
0.870000 1.002012
0.880000 1.000837
0.890000 1.001885
0.900000 1.001378
0.910000 1.000886
0.920000 1.000771
0.930000 1.000634
0.940000 0.999881
0.950000 0.999958
0.960000 1.000635
0.970000 1.001582
0.980000 1.000051
0.990000 1.000224
1.000000 1.001871
1.010000 1.003932
1.020000 1.001589
1.030000 1.003050
1.040000 1.001591
1.050000 1.004182
1.060000 1.004818
1.070000 1.004366
1.080000 1.003905
1.090000 1.003249
1.100000 1.004607
