0.000000 0.000000
0.010000 0.000000
0.020000 0.000000
0.030000 0.000000
0.040000 0.000000
0.050000 0.000000
0.060000 0.000000
0.070000 0.000000
0.080000 0.000000
0.090000 0.000000
0.100000 0.000000
0.110000 0.000000
0.120000 0.000000
0.130000 0.000000
0.140000 0.000000
0.150000 0.000000
0.160000 0.000000
0.170000 0.000000
0.180000 0.000000
0.190000 0.000000
0.200000 0.000000
0.210000 0.000000
0.220000 0.000000
0.230000 0.000000
0.240000 0.000582
0.250000 0.092351
0.260000 1.071969
0.270000 2.693226
0.280000 2.910942
0.290000 2.113855
0.300000 1.412710
0.310000 1.047625
0.320000 0.886290
0.330000 0.835789
0.340000 0.829906
0.350000 0.842598
0.360000 0.864413
0.370000 0.892286
0.380000 0.915305
0.390000 0.948698
0.400000 0.978233
0.410000 1.007037
0.420000 1.037852
0.430000 1.063301
0.440000 1.081981
0.450000 1.089730
0.460000 1.093197
0.470000 1.087597
0.480000 1.070148
0.490000 1.052633
0.500000 1.030577
0.510000 1.007528
0.520000 0.984728
0.530000 0.961410
0.540000 0.942691
0.550000 0.925897
0.560000 0.915847
0.570000 0.916679
0.580000 0.923032
0.590000 0.935036
0.600000 0.951646
0.610000 0.970008
0.620000 0.984351
0.630000 0.998867
0.640000 1.011844
0.650000 1.022217
0.660000 1.030799
0.670000 1.037060
0.680000 1.038272
0.690000 1.039206
0.700000 1.036326
0.710000 1.033651
0.720000 1.024079
0.730000 1.018635
0.740000 1.011479
0.750000 1.003486
0.760000 0.998441
0.770000 0.992892
0.780000 0.991905
0.790000 0.987968
0.800000 0.987720
0.810000 0.987234
0.820000 0.988649
0.830000 0.991276
0.840000 0.994873
0.850000 0.996859
0.860000 0.997470
0.870000 0.999236
0.880000 1.002427
0.890000 1.002232
0.900000 1.001055
0.910000 0.999983
0.920000 1.001418
0.930000 1.001828
0.940000 1.001642
0.950000 0.998543
0.960000 0.999692
0.970000 0.997631
0.980000 0.999352
0.990000 0.999194
1.000000 0.998532
1.010000 1.000954
1.020000 1.000192
1.030000 1.001043
1.040000 1.002648
1.050000 1.000598
1.060000 1.002844
1.070000 1.004202
1.080000 1.004278
1.090000 1.004388
1.100000 1.002805
