0.000000 0.000000
0.010000 0.000000
0.020000 0.000000
0.030000 0.000000
0.040000 0.000000
0.050000 0.000000
0.060000 0.000000
0.070000 0.000000
0.080000 0.000000
0.090000 0.000000
0.100000 0.000000
0.110000 0.000000
0.120000 0.000000
0.130000 0.000000
0.140000 0.000000
0.150000 0.000000
0.160000 0.000000
0.170000 0.000000
0.180000 0.000000
0.190000 0.000000
0.200000 0.000000
0.210000 0.000000
0.220000 0.000000
0.230000 0.000000
0.240000 0.000730
0.250000 0.096418
0.260000 1.086334
0.270000 2.727595
0.280000 2.921765
0.290000 2.109708
0.300000 1.405668
0.310000 1.035110
0.320000 0.878817
0.330000 0.828778
0.340000 0.824608
0.350000 0.839573
0.360000 0.860744
0.370000 0.888238
0.380000 0.914523
0.390000 0.945412
0.400000 0.979027
0.410000 1.009068
0.420000 1.036575
0.430000 1.064390
0.440000 1.082207
0.450000 1.090965
0.460000 1.096579
0.470000 1.088208
0.480000 1.074744
0.490000 1.054837
0.500000 1.035173
0.510000 1.009649
0.520000 0.987799
0.530000 0.964705
0.540000 0.944611
0.550000 0.927650
0.560000 0.916333
0.570000 0.913672
0.580000 0.920179
0.590000 0.933137
0.600000 0.948869
0.610000 0.964541
0.620000 0.982645
0.630000 0.997523
0.640000 1.009411
0.650000 1.021347
0.660000 1.029563
0.670000 1.035306
0.680000 1.037975
0.690000 1.038845
0.700000 1.037880
0.710000 1.032964
0.720000 1.025737
0.730000 1.019922
0.740000 1.012742
0.750000 1.004458
0.760000 0.999136
0.770000 0.993920
0.780000 0.989385
0.790000 0.988371
0.800000 0.986581
0.810000 0.988347
0.820000 0.989918
0.830000 0.992583
0.840000 0.994337
0.850000 0.996863
0.860000 0.997898
0.870000 0.999223
0.880000 1.000212
0.890000 0.999611
0.900000 1.000462
0.910000 0.999696
0.920000 1.000496
0.930000 0.999999
0.940000 0.999879
0.950000 0.998914
0.960000 0.999282
0.970000 0.998151
0.980000 0.998449
0.990000 0.998609
1.000000 0.998494
1.010000 0.999308
1.020000 1.000066
1.030000 1.000728
1.040000 1.000894
1.050000 1.001891
1.060000 1.002579
1.070000 1.002561
1.080000 1.003554
1.090000 1.002894
1.100000 1.002396
