0.000000 0.000000
0.010000 0.000000
0.020000 0.000000
0.030000 0.000000
0.040000 0.000000
0.050000 0.000000
0.060000 0.000000
0.070000 0.000000
0.080000 0.000000
0.090000 0.000000
0.100000 0.000000
0.110000 0.000000
0.120000 0.000000
0.130000 0.000000
0.140000 0.000000
0.150000 0.000000
0.160000 0.000000
0.170000 0.000000
0.180000 0.000000
0.190000 0.000000
0.200000 0.000000
0.210000 0.000000
0.220000 0.000000
0.230000 0.000000
0.240000 0.000189
0.250000 0.067134
0.260000 0.974153
0.270000 2.664810
0.280000 2.960540
0.290000 2.192948
0.300000 1.461070
0.310000 1.074089
0.320000 0.914239
0.330000 0.855561
0.340000 0.847145
0.350000 0.853219
0.360000 0.871500
0.370000 0.893292
0.380000 0.911971
0.390000 0.939756
0.400000 0.963399
0.410000 0.993974
0.420000 1.024583
0.430000 1.046135
0.440000 1.063204
0.450000 1.076254
0.460000 1.080385
0.470000 1.073953
0.480000 1.061952
0.490000 1.052345
0.500000 1.029499
0.510000 1.012621
0.520000 0.988347
0.530000 0.971245
0.540000 0.949971
0.550000 0.934457
0.560000 0.923840
0.570000 0.922921
0.580000 0.928214
0.590000 0.940900
0.600000 0.954817
0.610000 0.971829
0.620000 0.983932
0.630000 0.996647
0.640000 1.009821
0.650000 1.021401
0.660000 1.025606
0.670000 1.034291
0.680000 1.033850
0.690000 1.037545
0.700000 1.032204
0.710000 1.031151
0.720000 1.024401
0.730000 1.021064
0.740000 1.011140
0.750000 1.005109
0.760000 1.000602
0.770000 0.996433
0.780000 0.992687
0.790000 0.989652
0.800000 0.987656
0.810000 0.988162
0.820000 0.990648
0.830000 0.990799
0.840000 0.992146
0.850000 0.995775
0.860000 0.998099
0.870000 1.001227
0.880000 0.997614
0.890000 0.998368
0.900000 0.998439
0.910000 0.998421
0.920000 0.998941
0.930000 1.000612
0.940000 1.000362
0.950000 0.998928
0.960000 1.000996
0.970000 0.998795
0.980000 0.998652
0.990000 0.999690
1.000000 0.999241
1.010000 0.999243
1.020000 1.000759
1.030000 1.002283
1.040000 1.001905
1.050000 1.002607
1.060000 1.002238
1.070000 1.003783
1.080000 1.002299
1.090000 1.002226
1.100000 1.001347
