0.000000 0.000000
0.010000 0.000000
0.020000 0.000000
0.030000 0.000000
0.040000 0.000000
0.050000 0.000000
0.060000 0.000000
0.070000 0.000000
0.080000 0.000000
0.090000 0.000000
0.100000 0.000000
0.110000 0.000000
0.120000 0.000000
0.130000 0.000000
0.140000 0.000000
0.150000 0.000000
0.160000 0.000000
0.170000 0.000000
0.180000 0.000000
0.190000 0.000000
0.200000 0.000000
0.210000 0.000000
0.220000 0.000000
0.230000 0.000000
0.240000 0.000525
0.250000 0.097329
0.260000 1.081605
0.270000 2.723082
0.280000 2.924726
0.290000 2.111718
0.300000 1.412577
0.310000 1.037428
0.320000 0.879550
0.330000 0.837589
0.340000 0.829624
0.350000 0.843678
0.360000 0.867621
0.370000 0.888405
0.380000 0.914442
0.390000 0.941447
0.400000 0.975348
0.410000 1.011252
0.420000 1.038960
0.430000 1.066513
0.440000 1.081975
0.450000 1.095019
0.460000 1.093706
0.470000 1.087181
0.480000 1.075394
0.490000 1.055494
0.500000 1.036843
0.510000 1.013508
0.520000 0.986975
0.530000 0.967472
0.540000 0.946098
0.550000 0.927293
0.560000 0.921578
0.570000 0.918079
0.580000 0.922325
0.590000 0.936057
0.600000 0.952555
0.610000 0.968180
0.620000 0.986898
0.630000 0.999797
0.640000 1.013699
0.650000 1.021913
0.660000 1.030380
0.670000 1.037267
0.680000 1.038242
0.690000 1.039777
0.700000 1.038232
0.710000 1.030742
0.720000 1.027171
0.730000 1.019828
0.740000 1.013211
0.750000 1.006008
0.760000 1.001183
0.770000 0.994348
0.780000 0.990840
0.790000 0.988964
0.800000 0.989673
0.810000 0.990008
0.820000 0.989417
0.830000 0.993446
0.840000 0.996467
0.850000 0.998270
0.860000 0.998965
0.870000 0.999864
0.880000 1.001305
0.890000 1.001193
0.900000 1.000483
0.910000 1.000685
0.920000 0.999728
0.930000 1.000132
0.940000 0.998646
0.950000 0.999805
0.960000 0.999930
0.970000 1.000355
0.980000 1.000751
0.990000 1.000677
1.000000 1.001542
1.010000 1.001274
1.020000 1.002279
1.030000 1.002869
1.040000 1.004462
1.050000 1.002977
1.060000 1.002477
1.070000 1.003266
1.080000 1.002878
1.090000 1.001780
1.100000 1.002222
