0.000000 0.000000
0.010000 0.000000
0.020000 0.000000
0.030000 0.000000
0.040000 0.000000
0.050000 0.000000
0.060000 0.000000
0.070000 0.000000
0.080000 0.000000
0.090000 0.000000
0.100000 0.000000
0.110000 0.000000
0.120000 0.000000
0.130000 0.000000
0.140000 0.000000
0.150000 0.000000
0.160000 0.000000
0.170000 0.000000
0.180000 0.000000
0.190000 0.000000
0.200000 0.000000
0.210000 0.000000
0.220000 0.000000
0.230000 0.000000
0.240000 0.000480
0.250000 0.092283
0.260000 1.064063
0.270000 2.700581
0.280000 2.922879
0.290000 2.122640
0.300000 1.409634
0.310000 1.045191
0.320000 0.885342
0.330000 0.831979
0.340000 0.827984
0.350000 0.844301
0.360000 0.864690
0.370000 0.890879
0.380000 0.917038
0.390000 0.949584
0.400000 0.978357
0.410000 1.004333
0.420000 1.034160
0.430000 1.059104
0.440000 1.082609
0.450000 1.089938
0.460000 1.093627
0.470000 1.085102
0.480000 1.070868
0.490000 1.054252
0.500000 1.031771
0.510000 1.008244
0.520000 0.985358
0.530000 0.965812
0.540000 0.944887
0.550000 0.927957
0.560000 0.915522
0.570000 0.916932
0.580000 0.924860
0.590000 0.934770
0.600000 0.950766
0.610000 0.969117
0.620000 0.986467
0.630000 0.995815
0.640000 1.010897
0.650000 1.019912
0.660000 1.029391
0.670000 1.035400
0.680000 1.039085
0.690000 1.039366
0.700000 1.034505
0.710000 1.033033
0.720000 1.024198
0.730000 1.018092
0.740000 1.009809
0.750000 1.004307
0.760000 1.000023
0.770000 0.993213
0.780000 0.989380
0.790000 0.987712
0.800000 0.987832
0.810000 0.988385
0.820000 0.990806
0.830000 0.990374
0.840000 0.995257
0.850000 0.996870
0.860000 0.999461
0.870000 1.001151
0.880000 1.000409
0.890000 1.000674
0.900000 0.999814
0.910000 1.000151
0.920000 0.999757
0.930000 1.000224
0.940000 1.000212
0.950000 0.998314
0.960000 0.999663
0.970000 0.997893
0.980000 0.996248
0.990000 0.998324
1.000000 0.997714
1.010000 0.998947
1.020000 0.998933
1.030000 1.000080
1.040000 1.001541
1.050000 1.002388
1.060000 1.002603
1.070000 1.003883
1.080000 1.002748
1.090000 1.002243
1.100000 1.003894
