0.000000 0.000000
0.010000 0.000000
0.020000 0.000000
0.030000 0.000000
0.040000 0.000000
0.050000 0.000000
0.060000 0.000000
0.070000 0.000000
0.080000 0.000000
0.090000 0.000000
0.100000 0.000000
0.110000 0.000000
0.120000 0.000000
0.130000 0.000000
0.140000 0.000000
0.150000 0.000000
0.160000 0.000000
0.170000 0.000000
0.180000 0.000000
0.190000 0.000000
0.200000 0.000000
0.210000 0.000000
0.220000 0.000000
0.230000 0.000000
0.240000 0.000812
0.250000 0.096510
0.260000 1.081237
0.270000 2.710359
0.280000 2.906956
0.290000 2.100683
0.300000 1.401049
0.310000 1.036867
0.320000 0.884466
0.330000 0.834096
0.340000 0.829838
0.350000 0.846387
0.360000 0.870998
0.370000 0.890961
0.380000 0.921283
0.390000 0.946089
0.400000 0.977792
0.410000 1.014525
0.420000 1.037741
0.430000 1.061409
0.440000 1.076509
0.450000 1.091897
0.460000 1.090369
0.470000 1.081574
0.480000 1.069119
0.490000 1.053614
0.500000 1.032229
0.510000 1.003839
0.520000 0.983657
0.530000 0.962142
0.540000 0.942900
0.550000 0.924385
0.560000 0.912692
0.570000 0.914395
0.580000 0.921337
0.590000 0.933007
0.600000 0.950329
0.610000 0.966261
0.620000 0.981896
0.630000 0.997580
0.640000 1.010962
0.650000 1.021718
0.660000 1.028835
0.670000 1.035947
0.680000 1.037336
0.690000 1.038066
0.700000 1.036302
0.710000 1.030213
0.720000 1.024888
0.730000 1.019421
0.740000 1.011494
0.750000 1.002518
0.760000 0.996475
0.770000 0.991928
0.780000 0.988452
0.790000 0.986288
0.800000 0.984913
0.810000 0.986159
0.820000 0.987431
0.830000 0.989144
0.840000 0.992172
0.850000 0.995169
0.860000 0.997562
0.870000 0.997625
0.880000 0.998737
0.890000 0.997949
0.900000 0.998423
0.910000 0.997639
0.920000 0.996926
0.930000 0.997424
0.940000 0.999341
0.950000 0.995921
0.960000 0.997566
0.970000 0.998485
0.980000 0.996685
0.990000 0.998139
1.000000 0.998336
1.010000 0.998613
1.020000 0.997322
1.030000 0.997424
1.040000 1.000232
1.050000 1.000526
1.060000 1.000033
1.070000 1.001419
1.080000 1.001009
1.090000 1.000965
1.100000 1.000187
