0.000000 0.000000
0.010000 0.000000
0.020000 0.000000
0.030000 0.000000
0.040000 0.000000
0.050000 0.000000
0.060000 0.000000
0.070000 0.000000
0.080000 0.000000
0.090000 0.000000
0.100000 0.000000
0.110000 0.000000
0.120000 0.000000
0.130000 0.000000
0.140000 0.000000
0.150000 0.000000
0.160000 0.000000
0.170000 0.000000
0.180000 0.000000
0.190000 0.000000
0.200000 0.000000
0.210000 0.000000
0.220000 0.000000
0.230000 0.000000
0.240000 0.000588
0.250000 0.089979
0.260000 1.062204
0.270000 2.687333
0.280000 2.913987
0.290000 2.115110
0.300000 1.411157
0.310000 1.035703
0.320000 0.882852
0.330000 0.830889
0.340000 0.826859
0.350000 0.841464
0.360000 0.862926
0.370000 0.887991
0.380000 0.916293
0.390000 0.943285
0.400000 0.978069
0.410000 1.008986
0.420000 1.038362
0.430000 1.063279
0.440000 1.089888
0.450000 1.093694
0.460000 1.095600
0.470000 1.087032
0.480000 1.076511
0.490000 1.057983
0.500000 1.030057
0.510000 1.011298
0.520000 0.988323
0.530000 0.964987
0.540000 0.946407
0.550000 0.927449
0.560000 0.916667
0.570000 0.913850
0.580000 0.919830
0.590000 0.936879
0.600000 0.950739
0.610000 0.967858
0.620000 0.981497
0.630000 0.994286
0.640000 1.011561
0.650000 1.021716
0.660000 1.028160
0.670000 1.036808
0.680000 1.037773
0.690000 1.038207
0.700000 1.036543
0.710000 1.033337
0.720000 1.025309
0.730000 1.019495
0.740000 1.013769
0.750000 1.006584
0.760000 1.000534
0.770000 0.996943
0.780000 0.992311
0.790000 0.987490
0.800000 0.989301
0.810000 0.986680
0.820000 0.990200
0.830000 0.995018
0.840000 0.996958
0.850000 0.996521
0.860000 1.000640
0.870000 1.000922
0.880000 1.001776
0.890000 1.000710
0.900000 0.999470
0.910000 1.001359
0.920000 1.000638
0.930000 1.001236
0.940000 1.000718
0.950000 0.999833
0.960000 0.999061
0.970000 0.999165
0.980000 0.999481
0.990000 0.998984
1.000000 1.000516
1.010000 1.000199
1.020000 1.002019
1.030000 1.000297
1.040000 1.000967
1.050000 1.002994
1.060000 1.004674
1.070000 1.005715
1.080000 1.004739
1.090000 1.004054
1.100000 1.003910
