0.000000 0.000000
0.010000 0.000000
0.020000 0.000000
0.030000 0.000000
0.040000 0.000000
0.050000 0.000000
0.060000 0.000000
0.070000 0.000000
0.080000 0.000000
0.090000 0.000000
0.100000 0.000000
0.110000 0.000000
0.120000 0.000000
0.130000 0.000000
0.140000 0.000000
0.150000 0.000000
0.160000 0.000000
0.170000 0.000000
0.180000 0.000000
0.190000 0.000000
0.200000 0.000000
0.210000 0.000000
0.220000 0.000000
0.230000 0.000000
0.240000 0.000233
0.250000 0.082446
0.260000 1.130129
0.270000 2.848583
0.280000 2.969370
0.290000 2.100611
0.300000 1.375270
0.310000 0.998054
0.320000 0.840163
0.330000 0.792955
0.340000 0.792487
0.350000 0.810520
0.360000 0.833548
0.370000 0.860720
0.380000 0.908948
0.390000 0.939394
0.400000 0.974496
0.410000 1.011503
0.420000 1.050789
0.430000 1.081275
0.440000 1.102807
0.450000 1.113853
0.460000 1.113068
0.470000 1.105931
0.480000 1.085372
0.490000 1.067890
0.500000 1.042175
0.510000 1.013300
0.520000 0.984790
0.530000 0.960367
0.540000 0.934026
0.550000 0.915415
0.560000 0.905053
0.570000 0.901562
0.580000 0.906880
0.590000 0.918256
0.600000 0.937488
0.610000 0.958582
0.620000 0.977244
0.630000 0.991973
0.640000 1.009297
0.650000 1.022514
0.660000 1.032584
0.670000 1.039078
0.680000 1.041863
0.690000 1.043793
0.700000 1.040584
0.710000 1.034607
0.720000 1.031742
0.730000 1.021237
0.740000 1.011962
0.750000 1.005895
0.760000 0.997459
0.770000 0.994868
0.780000 0.992255
0.790000 0.986095
0.800000 0.984253
0.810000 0.989026
0.820000 0.986915
0.830000 0.986973
0.840000 0.993397
0.850000 0.994846
0.860000 0.996186
0.870000 0.998820
0.880000 0.998030
0.890000 0.997912
0.900000 0.998517
0.910000 0.997880
0.920000 0.998388
0.930000 0.999283
0.940000 0.997405
0.950000 0.998536
0.960000 0.998247
0.970000 0.997196
0.980000 0.997378
0.990000 0.997118
1.000000 0.998607
1.010000 0.999480
1.020000 0.998962
1.030000 1.001015
1.040000 1.001474
1.050000 1.001793
1.060000 1.002497
1.070000 1.002068
1.080000 1.002942
1.090000 1.001939
1.100000 1.001704
