0.000000 0.000000
0.010000 0.000000
0.020000 0.000000
0.030000 0.000000
0.040000 0.000000
0.050000 0.000000
0.060000 0.000000
0.070000 0.000000
0.080000 0.000000
0.090000 0.000000
0.100000 0.000000
0.110000 0.000000
0.120000 0.000000
0.130000 0.000000
0.140000 0.000000
0.150000 0.000000
0.160000 0.000000
0.170000 0.000000
0.180000 0.000000
0.190000 0.000000
0.200000 0.000000
0.210000 0.000000
0.220000 0.000000
0.230000 0.000000
0.240000 0.000197
0.250000 0.067671
0.260000 0.972036
0.270000 2.647963
0.280000 2.966002
0.290000 2.193805
0.300000 1.465428
0.310000 1.076210
0.320000 0.908693
0.330000 0.849716
0.340000 0.835832
0.350000 0.849949
0.360000 0.862950
0.370000 0.881414
0.380000 0.909813
0.390000 0.932496
0.400000 0.967505
0.410000 0.992113
0.420000 1.021274
0.430000 1.051123
0.440000 1.071212
0.450000 1.081427
0.460000 1.087375
0.470000 1.076314
0.480000 1.070219
0.490000 1.053382
0.500000 1.033461
0.510000 1.011386
0.520000 0.992896
0.530000 0.970845
0.540000 0.953349
0.550000 0.932902
0.560000 0.923074
0.570000 0.919035
0.580000 0.924506
0.590000 0.935069
0.600000 0.951721
0.610000 0.965798
0.620000 0.983890
0.630000 0.993453
0.640000 1.009719
0.650000 1.018894
0.660000 1.026630
0.670000 1.033848
0.680000 1.036348
0.690000 1.036708
0.700000 1.033541
0.710000 1.030769
0.720000 1.028090
0.730000 1.019174
0.740000 1.011647
0.750000 1.006167
0.760000 1.000767
0.770000 0.995846
0.780000 0.991889
0.790000 0.988188
0.800000 0.987087
0.810000 0.988423
0.820000 0.988156
0.830000 0.991680
0.840000 0.994769
0.850000 0.995280
0.860000 0.997137
0.870000 0.998363
0.880000 0.999115
0.890000 0.999736
0.900000 0.997185
0.910000 0.998684
0.920000 0.999747
0.930000 0.998966
0.940000 0.999432
0.950000 0.999626
0.960000 0.998969
0.970000 1.000013
0.980000 0.997604
0.990000 0.999440
1.000000 1.000116
1.010000 0.999933
1.020000 0.999838
1.030000 0.999183
1.040000 1.000293
1.050000 1.002339
1.060000 1.002669
1.070000 1.003700
1.080000 1.002642
1.090000 1.002905
1.100000 1.001618
