0.000000 0.000000
0.010000 0.000000
0.020000 0.000000
0.030000 0.000000
0.040000 0.000000
0.050000 0.000000
0.060000 0.000000
0.070000 0.000000
0.080000 0.000000
0.090000 0.000000
0.100000 0.000000
0.110000 0.000000
0.120000 0.000000
0.130000 0.000000
0.140000 0.000000
0.150000 0.000000
0.160000 0.000000
0.170000 0.000000
0.180000 0.000000
0.190000 0.000000
0.200000 0.000000
0.210000 0.000000
0.220000 0.000000
0.230000 0.000000
0.240000 0.000763
0.250000 0.093823
0.260000 1.079630
0.270000 2.720506
0.280000 2.936312
0.290000 2.123909
0.300000 1.407813
0.310000 1.033823
0.320000 0.874737
0.330000 0.817549
0.340000 0.816166
0.350000 0.831161
0.360000 0.852516
0.370000 0.881161
0.380000 0.910489
0.390000 0.940687
0.400000 0.974497
0.410000 1.007680
0.420000 1.040463
0.430000 1.065317
0.440000 1.084601
0.450000 1.099431
0.460000 1.098727
0.470000 1.093625
0.480000 1.079779
0.490000 1.059989
0.500000 1.038453
0.510000 1.013599
0.520000 0.991111
0.530000 0.967614
0.540000 0.944656
0.550000 0.926122
0.560000 0.916731
0.570000 0.912937
0.580000 0.918705
0.590000 0.931226
0.600000 0.945957
0.610000 0.964574
0.620000 0.980953
0.630000 0.996414
0.640000 1.008983
0.650000 1.018896
0.660000 1.027539
0.670000 1.034882
0.680000 1.037244
0.690000 1.036558
0.700000 1.035653
0.710000 1.033303
0.720000 1.027236
0.730000 1.018501
0.740000 1.010588
0.750000 1.005386
0.760000 0.998355
0.770000 0.993736
0.780000 0.989992
0.790000 0.989802
0.800000 0.986852
0.810000 0.987053
0.820000 0.988977
0.830000 0.991166
0.840000 0.994373
0.850000 0.995178
0.860000 0.997667
0.870000 1.000203
0.880000 1.000789
0.890000 1.001062
0.900000 1.001452
0.910000 0.999300
0.920000 0.999070
0.930000 0.998100
0.940000 0.999206
0.950000 0.998531
0.960000 0.997365
0.970000 0.998093
0.980000 0.998001
0.990000 0.998886
1.000000 0.998978
1.010000 0.998538
1.020000 0.999059
1.030000 1.000836
1.040000 1.000977
1.050000 1.000609
1.060000 1.001578
1.070000 1.002372
1.080000 1.002003
1.090000 1.001724
1.100000 1.003148
