0.000000 0.000000
0.010000 0.000000
0.020000 0.000000
0.030000 0.000000
0.040000 0.000000
0.050000 0.000000
0.060000 0.000000
0.070000 0.000000
0.080000 0.000000
0.090000 0.000000
0.100000 0.000000
0.110000 0.000000
0.120000 0.000000
0.130000 0.000000
0.140000 0.000000
0.150000 0.000000
0.160000 0.000000
0.170000 0.000000
0.180000 0.000000
0.190000 0.000000
0.200000 0.000000
0.210000 0.000000
0.220000 0.000000
0.230000 0.000000
0.240000 0.000487
0.250000 0.089688
0.260000 1.033139
0.270000 2.666717
0.280000 2.921356
0.290000 2.133435
0.300000 1.431872
0.310000 1.061510
0.320000 0.897234
0.330000 0.849129
0.340000 0.841286
0.350000 0.853660
0.360000 0.871569
0.370000 0.896347
0.380000 0.916722
0.390000 0.947728
0.400000 0.977128
0.410000 1.003809
0.420000 1.029806
0.430000 1.056614
0.440000 1.073981
0.450000 1.084671
0.460000 1.088190
0.470000 1.079536
0.480000 1.067962
0.490000 1.052680
0.500000 1.027937
0.510000 1.009162
0.520000 0.987433
0.530000 0.966541
0.540000 0.947832
0.550000 0.933217
0.560000 0.921890
0.570000 0.921085
0.580000 0.926405
0.590000 0.939225
0.600000 0.954159
0.610000 0.971494
0.620000 0.988220
0.630000 1.000377
0.640000 1.013703
0.650000 1.023738
0.660000 1.029098
0.670000 1.035514
0.680000 1.038600
0.690000 1.039986
0.700000 1.036332
0.710000 1.034152
0.720000 1.025451
0.730000 1.020382
0.740000 1.011992
0.750000 1.005391
0.760000 1.000488
0.770000 0.994459
0.780000 0.992464
0.790000 0.990555
0.800000 0.989159
0.810000 0.990272
0.820000 0.992538
0.830000 0.992940
0.840000 0.996558
0.850000 1.000072
0.860000 1.000226
0.870000 1.002153
0.880000 1.003537
0.890000 1.003808
0.900000 1.002175
0.910000 1.002407
0.920000 1.001492
0.930000 1.003263
0.940000 1.002590
0.950000 1.001733
0.960000 1.000924
0.970000 1.002546
0.980000 0.999863
0.990000 0.999350
1.000000 1.000885
1.010000 1.000457
1.020000 1.001995
1.030000 1.002698
1.040000 1.003767
1.050000 1.003018
1.060000 1.003784
1.070000 1.005251
1.080000 1.004942
1.090000 1.004502
1.100000 1.004689
