0.000000 0.000000
0.010000 0.000000
0.020000 0.000000
0.030000 0.000000
0.040000 0.000000
0.050000 0.000000
0.060000 0.000000
0.070000 0.000000
0.080000 0.000000
0.090000 0.000000
0.100000 0.000000
0.110000 0.000000
0.120000 0.000000
0.130000 0.000000
0.140000 0.000000
0.150000 0.000000
0.160000 0.000000
0.170000 0.000000
0.180000 0.000000
0.190000 0.000000
0.200000 0.000000
0.210000 0.000000
0.220000 0.000000
0.230000 0.000000
0.240000 0.000481
0.250000 0.088438
0.260000 1.028543
0.270000 2.653754
0.280000 2.923221
0.290000 2.156872
0.300000 1.462111
0.310000 1.078498
0.320000 0.925763
0.330000 0.871913
0.340000 0.871009
0.350000 0.869440
0.360000 0.888260
0.370000 0.900439
0.380000 0.918731
0.390000 0.944980
0.400000 0.962511
0.410000 0.988351
0.420000 1.009105
0.430000 1.029857
0.440000 1.047024
0.450000 1.056822
0.460000 1.059194
0.470000 1.055861
0.480000 1.049600
0.490000 1.032273
0.500000 1.015086
0.510000 0.996705
0.520000 0.978423
0.530000 0.965778
0.540000 0.945229
0.550000 0.931278
0.560000 0.918872
0.570000 0.917415
0.580000 0.925241
0.590000 0.933372
0.600000 0.948608
0.610000 0.961453
0.620000 0.978705
0.630000 0.993256
0.640000 1.001060
0.650000 1.007768
0.660000 1.017713
0.670000 1.025670
0.680000 1.024757
0.690000 1.025614
0.700000 1.019793
0.710000 1.020126
0.720000 1.013871
0.730000 1.004284
0.740000 1.000413
0.750000 0.990919
0.760000 0.983739
0.770000 0.979844
0.780000 0.975228
0.790000 0.975051
0.800000 0.972497
0.810000 0.972044
0.820000 0.973424
0.830000 0.975416
0.840000 0.978180
0.850000 0.981557
0.860000 0.982557
0.870000 0.982146
0.880000 0.982201
0.890000 0.982064
0.900000 0.982130
0.910000 0.982004
0.920000 0.983198
0.930000 0.982758
0.940000 0.981793
0.950000 0.981689
0.960000 0.981428
0.970000 0.981025
0.980000 0.980599
0.990000 0.981445
1.000000 0.980628
1.010000 0.979940
1.020000 0.979872
1.030000 0.980673
1.040000 0.981604
1.050000 0.982509
1.060000 0.982754
1.070000 0.981382
1.080000 0.982771
1.090000 0.981676
1.100000 0.982528
