0.000000 0.000000
0.010000 0.000000
0.020000 0.000000
0.030000 0.000000
0.040000 0.000000
0.050000 0.000000
0.060000 0.000000
0.070000 0.000000
0.080000 0.000000
0.090000 0.000000
0.100000 0.000000
0.110000 0.000000
0.120000 0.000000
0.130000 0.000000
0.140000 0.000000
0.150000 0.000000
0.160000 0.000000
0.170000 0.000000
0.180000 0.000000
0.190000 0.000000
0.200000 0.000000
0.210000 0.000000
0.220000 0.000000
0.230000 0.000000
0.240000 0.000524
0.250000 0.097146
0.260000 1.079212
0.270000 2.709268
0.280000 2.915887
0.290000 2.112205
0.300000 1.407632
0.310000 1.034169
0.320000 0.880457
0.330000 0.836306
0.340000 0.826667
0.350000 0.843650
0.360000 0.862788
0.370000 0.891120
0.380000 0.917643
0.390000 0.946885
0.400000 0.981689
0.410000 1.011802
0.420000 1.040358
0.430000 1.067627
0.440000 1.083580
0.450000 1.098999
0.460000 1.096051
0.470000 1.090239
0.480000 1.073283
0.490000 1.055494
0.500000 1.031139
0.510000 1.010196
0.520000 0.985960
0.530000 0.963559
0.540000 0.942010
0.550000 0.929277
0.560000 0.914038
0.570000 0.916810
0.580000 0.920178
0.590000 0.935077
0.600000 0.952980
0.610000 0.966561
0.620000 0.984436
0.630000 1.001089
0.640000 1.010298
0.650000 1.022324
0.660000 1.032155
0.670000 1.038116
0.680000 1.041297
0.690000 1.040827
0.700000 1.039583
0.710000 1.035568
0.720000 1.027462
0.730000 1.020661
0.740000 1.014829
0.750000 1.007598
0.760000 0.998812
0.770000 0.993115
0.780000 0.992777
0.790000 0.986668
0.800000 0.988366
0.810000 0.989313
0.820000 0.992474
0.830000 0.993832
0.840000 0.998154
0.850000 0.999345
0.860000 1.000471
0.870000 1.002416
0.880000 1.003002
0.890000 1.005962
0.900000 1.003174
0.910000 1.002575
0.920000 1.003896
0.930000 1.004038
0.940000 1.002967
0.950000 1.002253
0.960000 1.003721
0.970000 1.002169
0.980000 1.002924
0.990000 1.003072
1.000000 1.001728
1.010000 1.003161
1.020000 1.002984
1.030000 1.005286
1.040000 1.006537
1.050000 1.006708
1.060000 1.006976
1.070000 1.008077
1.080000 1.008196
1.090000 1.007999
1.100000 1.007059
