0.000000 0.000000
0.010000 0.000000
0.020000 0.000000
0.030000 0.000000
0.040000 0.000000
0.050000 0.000000
0.060000 0.000000
0.070000 0.000000
0.080000 0.000000
0.090000 0.000000
0.100000 0.000000
0.110000 0.000000
0.120000 0.000000
0.130000 0.000000
0.140000 0.000000
0.150000 0.000000
0.160000 0.000000
0.170000 0.000000
0.180000 0.000000
0.190000 0.000000
0.200000 0.000000
0.210000 0.000000
0.220000 0.000000
0.230000 0.000000
0.240000 0.000569
0.250000 0.095630
0.260000 1.077430
0.270000 2.731698
0.280000 2.940136
0.290000 2.125067
0.300000 1.411273
0.310000 1.035791
0.320000 0.865725
0.330000 0.811946
0.340000 0.807697
0.350000 0.821438
0.360000 0.843568
0.370000 0.871559
0.380000 0.901093
0.390000 0.935212
0.400000 0.971025
0.410000 1.003821
0.420000 1.033927
0.430000 1.066893
0.440000 1.088380
0.450000 1.100971
0.460000 1.104423
0.470000 1.099905
0.480000 1.084132
0.490000 1.065376
0.500000 1.041523
0.510000 1.016317
0.520000 0.992959
0.530000 0.971598
0.540000 0.944181
0.550000 0.928676
0.560000 0.912342
0.570000 0.911434
0.580000 0.919095
0.590000 0.926513
0.600000 0.945423
0.610000 0.960844
0.620000 0.979051
0.630000 0.992839
0.640000 1.004347
0.650000 1.018252
0.660000 1.026186
0.670000 1.035039
0.680000 1.036675
0.690000 1.038733
0.700000 1.037023
0.710000 1.032489
0.720000 1.026044
0.730000 1.019706
0.740000 1.011865
0.750000 1.005474
0.760000 0.997261
0.770000 0.994139
0.780000 0.991027
0.790000 0.989282
0.800000 0.987321
0.810000 0.988658
0.820000 0.988830
0.830000 0.991245
0.840000 0.994686
0.850000 0.996262
0.860000 0.998854
0.870000 1.002107
0.880000 1.000384
0.890000 0.999660
0.900000 0.998500
0.910000 0.999898
0.920000 0.999167
0.930000 0.998392
0.940000 0.998765
0.950000 0.998271
0.960000 1.000330
0.970000 0.998949
0.980000 0.997187
0.990000 0.999796
1.000000 0.998676
1.010000 0.999913
1.020000 1.000184
1.030000 1.001924
1.040000 1.002475
1.050000 1.003108
1.060000 1.003439
1.070000 1.004370
1.080000 1.005023
1.090000 1.004662
1.100000 1.004509
