0.000000 0.000000
0.010000 0.000000
0.020000 0.000000
0.030000 0.000000
0.040000 0.000000
0.050000 0.000000
0.060000 0.000000
0.070000 0.000000
0.080000 0.000000
0.090000 0.000000
0.100000 0.000000
0.110000 0.000000
0.120000 0.000000
0.130000 0.000000
0.140000 0.000000
0.150000 0.000000
0.160000 0.000000
0.170000 0.000000
0.180000 0.000000
0.190000 0.000000
0.200000 0.000000
0.210000 0.000000
0.220000 0.000000
0.230000 0.000000
0.240000 0.000554
0.250000 0.093450
0.260000 1.071674
0.270000 2.687043
0.280000 2.925315
0.290000 2.115735
0.300000 1.408104
0.310000 1.040166
0.320000 0.884151
0.330000 0.833718
0.340000 0.827842
0.350000 0.845000
0.360000 0.866090
0.370000 0.889723
0.380000 0.917739
0.390000 0.947353
0.400000 0.978763
0.410000 1.009553
0.420000 1.035978
0.430000 1.062369
0.440000 1.082027
0.450000 1.092837
0.460000 1.090440
0.470000 1.086536
0.480000 1.071206
0.490000 1.052722
0.500000 1.031380
0.510000 1.004982
0.520000 0.981640
0.530000 0.965410
0.540000 0.944118
0.550000 0.926099
0.560000 0.918155
0.570000 0.916910
0.580000 0.921948
0.590000 0.935680
0.600000 0.949675
0.610000 0.968718
0.620000 0.983714
0.630000 0.998411
0.640000 1.009983
0.650000 1.018072
0.660000 1.027943
0.670000 1.035555
0.680000 1.039651
0.690000 1.037992
0.700000 1.035409
0.710000 1.033488
0.720000 1.026539
0.730000 1.019158
0.740000 1.008616
0.750000 1.004060
0.760000 0.996195
0.770000 0.992832
0.780000 0.990143
0.790000 0.988526
0.800000 0.986634
0.810000 0.988469
0.820000 0.988795
0.830000 0.990228
0.840000 0.993335
0.850000 0.997367
0.860000 0.997850
0.870000 0.999851
0.880000 1.001194
0.890000 0.999487
0.900000 1.000208
0.910000 0.999410
0.920000 1.000114
0.930000 1.000155
0.940000 0.998946
0.950000 0.999295
0.960000 0.999295
0.970000 0.997187
0.980000 0.997924
0.990000 0.996887
1.000000 1.000525
1.010000 0.997984
1.020000 1.000206
1.030000 1.000527
1.040000 1.000308
1.050000 1.002275
1.060000 1.002060
1.070000 1.002434
1.080000 1.002501
1.090000 1.003015
1.100000 1.001690
