0.000000 0.000000
0.010000 0.000000
0.020000 0.000000
0.030000 0.000000
0.040000 0.000000
0.050000 0.000000
0.060000 0.000000
0.070000 0.000000
0.080000 0.000000
0.090000 0.000000
0.100000 0.000000
0.110000 0.000000
0.120000 0.000000
0.130000 0.000000
0.140000 0.000000
0.150000 0.000000
0.160000 0.000000
0.170000 0.000000
0.180000 0.000000
0.190000 0.000000
0.200000 0.000000
0.210000 0.000000
0.220000 0.000000
0.230000 0.000000
0.240000 0.000769
0.250000 0.098381
0.260000 1.085712
0.270000 2.729118
0.280000 2.906457
0.290000 2.117158
0.300000 1.410157
0.310000 1.037156
0.320000 0.881732
0.330000 0.831824
0.340000 0.825517
0.350000 0.836985
0.360000 0.860645
0.370000 0.885091
0.380000 0.915817
0.390000 0.944385
0.400000 0.975724
0.410000 1.011507
0.420000 1.040663
0.430000 1.067484
0.440000 1.084862
0.450000 1.094878
0.460000 1.098460
0.470000 1.089865
0.480000 1.075429
0.490000 1.057314
0.500000 1.034864
0.510000 1.012749
0.520000 0.989881
0.530000 0.967230
0.540000 0.948415
0.550000 0.931258
0.560000 0.919125
0.570000 0.917568
0.580000 0.926810
0.590000 0.936211
0.600000 0.949932
0.610000 0.967665
0.620000 0.984427
0.630000 1.000322
0.640000 1.009432
0.650000 1.022727
0.660000 1.034051
0.670000 1.037533
0.680000 1.040923
0.690000 1.042268
0.700000 1.039581
0.710000 1.035605
0.720000 1.027428
0.730000 1.023452
0.740000 1.014851
0.750000 1.006936
0.760000 1.001383
0.770000 0.997662
0.780000 0.993968
0.790000 0.989898
0.800000 0.989390
0.810000 0.991161
0.820000 0.992988
0.830000 0.995603
0.840000 0.997527
0.850000 1.000526
0.860000 1.001986
0.870000 1.001498
0.880000 1.003650
0.890000 1.002337
0.900000 1.003749
0.910000 1.002472
0.920000 1.003417
0.930000 1.001220
0.940000 1.001881
0.950000 1.002001
0.960000 1.001537
0.970000 1.002310
0.980000 1.001817
0.990000 1.003231
1.000000 1.003660
1.010000 1.002875
1.020000 1.001935
1.030000 1.004403
1.040000 1.004417
1.050000 1.006438
1.060000 1.004858
1.070000 1.007111
1.080000 1.005323
1.090000 1.005928
1.100000 1.005648
