0.000000 0.000000
0.010000 0.000000
0.020000 0.000000
0.030000 0.000000
0.040000 0.000000
0.050000 0.000000
0.060000 0.000000
0.070000 0.000000
0.080000 0.000000
0.090000 0.000000
0.100000 0.000000
0.110000 0.000000
0.120000 0.000000
0.130000 0.000000
0.140000 0.000000
0.150000 0.000000
0.160000 0.000000
0.170000 0.000000
0.180000 0.000000
0.190000 0.000000
0.200000 0.000000
0.210000 0.000000
0.220000 0.000000
0.230000 0.000000
0.240000 0.000643
0.250000 0.084680
0.260000 0.998978
0.270000 2.625774
0.280000 2.926938
0.290000 2.172557
0.300000 1.456256
0.310000 1.076898
0.320000 0.914129
0.330000 0.862492
0.340000 0.849377
0.350000 0.862396
0.360000 0.870493
0.370000 0.898317
0.380000 0.917166
0.390000 0.938825
0.400000 0.969789
0.410000 0.991579
0.420000 1.024108
0.430000 1.047573
0.440000 1.065518
0.450000 1.081368
0.460000 1.079561
0.470000 1.077246
0.480000 1.066370
0.490000 1.050773
0.500000 1.030071
0.510000 1.009586
0.520000 0.990056
0.530000 0.973657
0.540000 0.956944
0.550000 0.937629
0.560000 0.929219
0.570000 0.924634
0.580000 0.927359
0.590000 0.941515
0.600000 0.951556
0.610000 0.971785
0.620000 0.984247
0.630000 0.998859
0.640000 1.006991
0.650000 1.020650
0.660000 1.028155
0.670000 1.032580
0.680000 1.036955
0.690000 1.038762
0.700000 1.035769
0.710000 1.033000
0.720000 1.027153
0.730000 1.020389
0.740000 1.012245
0.750000 1.003541
0.760000 0.999732
0.770000 0.995673
0.780000 0.992566
0.790000 0.989082
0.800000 0.988925
0.810000 0.991610
0.820000 0.990719
0.830000 0.993297
0.840000 0.994637
0.850000 0.997499
0.860000 0.998808
0.870000 1.001650
0.880000 1.001448
0.890000 1.000687
0.900000 1.001017
0.910000 1.000993
0.920000 1.001422
0.930000 1.000510
0.940000 1.001718
0.950000 1.000913
0.960000 1.001887
0.970000 1.000242
0.980000 0.999390
0.990000 0.999961
1.000000 1.001221
1.010000 1.000697
1.020000 1.001494
1.030000 1.001388
1.040000 1.001982
1.050000 1.003397
1.060000 1.003197
1.070000 1.004122
1.080000 1.002694
1.090000 1.005222
1.100000 1.002955
