0.000000 0.000000
0.010000 0.000000
0.020000 0.000000
0.030000 0.000000
0.040000 0.000000
0.050000 0.000000
0.060000 0.000000
0.070000 0.000000
0.080000 0.000000
0.090000 0.000000
0.100000 0.000000
0.110000 0.000000
0.120000 0.000000
0.130000 0.000000
0.140000 0.000000
0.150000 0.000000
0.160000 0.000000
0.170000 0.000000
0.180000 0.000000
0.190000 0.000000
0.200000 0.000000
0.210000 0.000000
0.220000 0.000000
0.230000 0.000000
0.240000 0.000843
0.250000 0.108669
0.260000 1.177227
0.270000 2.820743
0.280000 2.928046
0.290000 2.062969
0.300000 1.351529
0.310000 1.003650
0.320000 0.851519
0.330000 0.807619
0.340000 0.797818
0.350000 0.819262
0.360000 0.839303
0.370000 0.872492
0.380000 0.910024
0.390000 0.939488
0.400000 0.973287
0.410000 1.009918
0.420000 1.046554
0.430000 1.074005
0.440000 1.097237
0.450000 1.108166
0.460000 1.108920
0.470000 1.099272
0.480000 1.084308
0.490000 1.063173
0.500000 1.041522
0.510000 1.015078
0.520000 0.990914
0.530000 0.964941
0.540000 0.943046
0.550000 0.923621
0.560000 0.909991
0.570000 0.906599
0.580000 0.912717
0.590000 0.924418
0.600000 0.941645
0.610000 0.956755
0.620000 0.972637
0.630000 0.994115
0.640000 1.004200
0.650000 1.022856
0.660000 1.026650
0.670000 1.032950
0.680000 1.039579
0.690000 1.040384
0.700000 1.039320
0.710000 1.032771
0.720000 1.028479
0.730000 1.021364
0.740000 1.012058
0.750000 1.002441
0.760000 0.997547
0.770000 0.993595
0.780000 0.987524
0.790000 0.986579
0.800000 0.987230
0.810000 0.988475
0.820000 0.988342
0.830000 0.989017
0.840000 0.994044
0.850000 0.996950
0.860000 0.999946
0.870000 0.998287
0.880000 0.997811
0.890000 0.997321
0.900000 0.998039
0.910000 0.997881
0.920000 0.999368
0.930000 0.997859
0.940000 0.999763
0.950000 0.996737
0.960000 0.996671
0.970000 0.998142
0.980000 0.996138
0.990000 0.998738
1.000000 0.995106
1.010000 0.996099
1.020000 0.997028
1.030000 0.998365
1.040000 0.998642
1.050000 1.000265
1.060000 1.001671
1.070000 1.000869
1.080000 1.001171
1.090000 1.002416
1.100000 1.002462
