0.000000 0.000000
0.010000 0.000000
0.020000 0.000000
0.030000 0.000000
0.040000 0.000000
0.050000 0.000000
0.060000 0.000000
0.070000 0.000000
0.080000 0.000000
0.090000 0.000000
0.100000 0.000000
0.110000 0.000000
0.120000 0.000000
0.130000 0.000000
0.140000 0.000000
0.150000 0.000000
0.160000 0.000000
0.170000 0.000000
0.180000 0.000000
0.190000 0.000000
0.200000 0.000000
0.210000 0.000000
0.220000 0.000000
0.230000 0.000000
0.240000 0.000721
0.250000 0.099042
0.260000 1.100437
0.270000 2.741530
0.280000 2.924534
0.290000 2.099043
0.300000 1.399209
0.310000 1.025491
0.320000 0.865375
0.330000 0.821185
0.340000 0.813038
0.350000 0.830504
0.360000 0.856492
0.370000 0.877855
0.380000 0.914076
0.390000 0.943457
0.400000 0.973984
0.410000 1.008451
0.420000 1.042601
0.430000 1.067562
0.440000 1.089543
0.450000 1.106306
0.460000 1.103173
0.470000 1.094275
0.480000 1.078542
0.490000 1.057590
0.500000 1.031798
0.510000 1.008025
0.520000 0.985238
0.530000 0.961521
0.540000 0.938242
0.550000 0.919373
0.560000 0.911780
0.570000 0.908667
0.580000 0.917109
0.590000 0.930705
0.600000 0.944964
0.610000 0.965163
0.620000 0.978667
0.630000 0.995085
0.640000 1.010302
0.650000 1.022512
0.660000 1.030479
0.670000 1.035017
0.680000 1.038279
0.690000 1.039943
0.700000 1.036088
0.710000 1.031606
0.720000 1.025169
0.730000 1.018810
0.740000 1.011824
0.750000 1.003193
0.760000 0.995788
0.770000 0.992241
0.780000 0.988088
0.790000 0.986643
0.800000 0.985205
0.810000 0.987142
0.820000 0.989144
0.830000 0.991880
0.840000 0.992739
0.850000 0.997877
0.860000 0.999127
0.870000 0.998567
0.880000 0.998882
0.890000 0.998530
0.900000 0.999800
0.910000 0.998523
0.920000 0.998235
0.930000 0.998203
0.940000 0.999307
0.950000 0.999116
0.960000 0.997401
0.970000 0.997316
0.980000 0.996457
0.990000 0.998210
1.000000 0.998076
1.010000 0.999607
1.020000 0.999976
1.030000 0.998908
1.040000 1.001312
1.050000 1.001126
1.060000 1.001092
1.070000 1.002199
1.080000 1.002120
1.090000 1.003659
1.100000 1.001983
