0.000000 0.000000
0.010000 0.000000
0.020000 0.000000
0.030000 0.000000
0.040000 0.000000
0.050000 0.000000
0.060000 0.000000
0.070000 0.000000
0.080000 0.000000
0.090000 0.000000
0.100000 0.000000
0.110000 0.000000
0.120000 0.000000
0.130000 0.000000
0.140000 0.000000
0.150000 0.000000
0.160000 0.000000
0.170000 0.000000
0.180000 0.000000
0.190000 0.000000
0.200000 0.000000
0.210000 0.000000
0.220000 0.000000
0.230000 0.000000
0.240000 0.000811
0.250000 0.107440
0.260000 1.174647
0.270000 2.824137
0.280000 2.926191
0.290000 2.057989
0.300000 1.364798
0.310000 1.001657
0.320000 0.852102
0.330000 0.806188
0.340000 0.798816
0.350000 0.821051
0.360000 0.841967
0.370000 0.880821
0.380000 0.911494
0.390000 0.945291
0.400000 0.981899
0.410000 1.013644
0.420000 1.043107
0.430000 1.073428
0.440000 1.094721
0.450000 1.105584
0.460000 1.105727
0.470000 1.097751
0.480000 1.086190
0.490000 1.058971
0.500000 1.039558
0.510000 1.015906
0.520000 0.989488
0.530000 0.963411
0.540000 0.941247
0.550000 0.925027
0.560000 0.910724
0.570000 0.906480
0.580000 0.911405
0.590000 0.926824
0.600000 0.939047
0.610000 0.958760
0.620000 0.972749
0.630000 0.993668
0.640000 1.006929
0.650000 1.020928
0.660000 1.030232
0.670000 1.035319
0.680000 1.039266
0.690000 1.040431
0.700000 1.039763
0.710000 1.034492
0.720000 1.028127
0.730000 1.020411
0.740000 1.011719
0.750000 1.004885
0.760000 0.999238
0.770000 0.993008
0.780000 0.986597
0.790000 0.985015
0.800000 0.985779
0.810000 0.986849
0.820000 0.988299
0.830000 0.989174
0.840000 0.993929
0.850000 0.994935
0.860000 0.996060
0.870000 0.999302
0.880000 0.998734
0.890000 0.999391
0.900000 0.999484
0.910000 0.997848
0.920000 0.999798
0.930000 0.998350
0.940000 0.997561
0.950000 0.998793
0.960000 0.997544
0.970000 0.995947
0.980000 0.997070
0.990000 0.997531
1.000000 0.996274
1.010000 0.996748
1.020000 0.998342
1.030000 0.999963
1.040000 0.999578
1.050000 0.999198
1.060000 0.999766
1.070000 1.001724
1.080000 1.000489
1.090000 1.001277
1.100000 1.001228
