0.000000 0.000000
0.010000 0.000000
0.020000 0.000000
0.030000 0.000000
0.040000 0.000000
0.050000 0.000000
0.060000 0.000000
0.070000 0.000000
0.080000 0.000000
0.090000 0.000000
0.100000 0.000000
0.110000 0.000000
0.120000 0.000000
0.130000 0.000000
0.140000 0.000000
0.150000 0.000000
0.160000 0.000000
0.170000 0.000000
0.180000 0.000000
0.190000 0.000000
0.200000 0.000000
0.210000 0.000000
0.220000 0.000000
0.230000 0.000000
0.240000 0.000576
0.250000 0.093475
0.260000 1.063311
0.270000 2.696225
0.280000 2.911618
0.290000 2.118783
0.300000 1.415137
0.310000 1.039738
0.320000 0.884848
0.330000 0.834708
0.340000 0.827660
0.350000 0.845532
0.360000 0.869116
0.370000 0.886570
0.380000 0.920195
0.390000 0.947352
0.400000 0.979202
0.410000 1.004129
0.420000 1.032821
0.430000 1.061402
0.440000 1.080952
0.450000 1.090834
0.460000 1.090842
0.470000 1.087751
0.480000 1.071017
0.490000 1.053937
0.500000 1.029690
0.510000 1.005494
0.520000 0.985895
0.530000 0.964764
0.540000 0.942214
0.550000 0.927967
0.560000 0.916982
0.570000 0.915385
0.580000 0.922379
0.590000 0.936402
0.600000 0.952274
0.610000 0.969836
0.620000 0.984422
0.630000 0.996802
0.640000 1.013745
0.650000 1.018865
0.660000 1.026897
0.670000 1.035822
0.680000 1.037323
0.690000 1.038228
0.700000 1.035237
0.710000 1.032621
0.720000 1.024281
0.730000 1.017087
0.740000 1.011575
0.750000 1.003616
0.760000 0.998066
0.770000 0.992000
0.780000 0.989230
0.790000 0.986815
0.800000 0.986615
0.810000 0.988132
0.820000 0.991398
0.830000 0.992732
0.840000 0.993999
0.850000 0.996210
0.860000 0.998790
0.870000 0.999233
0.880000 1.000973
0.890000 1.001663
0.900000 1.000086
0.910000 1.000227
0.920000 1.000783
0.930000 0.999215
0.940000 1.000409
0.950000 1.000611
0.960000 0.999558
0.970000 0.999871
0.980000 0.999008
0.990000 0.997260
1.000000 0.998715
1.010000 0.998339
1.020000 0.998347
1.030000 1.000699
1.040000 1.002416
1.050000 1.000630
1.060000 1.002611
1.070000 1.001546
1.080000 1.001337
1.090000 1.002123
1.100000 1.003258
