0.000000 0.000000
0.010000 0.000000
0.020000 0.000000
0.030000 0.000000
0.040000 0.000000
0.050000 0.000000
0.060000 0.000000
0.070000 0.000000
0.080000 0.000000
0.090000 0.000000
0.100000 0.000000
0.110000 0.000000
0.120000 0.000000
0.130000 0.000000
0.140000 0.000000
0.150000 0.000000
0.160000 0.000000
0.170000 0.000000
0.180000 0.000000
0.190000 0.000000
0.200000 0.000000
0.210000 0.000000
0.220000 0.000000
0.230000 0.000000
0.240000 0.000418
0.250000 0.071942
0.260000 0.990351
0.270000 2.736994
0.280000 2.987172
0.290000 2.147226
0.300000 1.410552
0.310000 1.032714
0.320000 0.879261
0.330000 0.830362
0.340000 0.826864
0.350000 0.841310
0.360000 0.864990
0.370000 0.890473
0.380000 0.916199
0.390000 0.948954
0.400000 0.979015
0.410000 1.009404
0.420000 1.040400
0.430000 1.063050
0.440000 1.084522
0.450000 1.095297
0.460000 1.093190
0.470000 1.087483
0.480000 1.071527
0.490000 1.051325
0.500000 1.027392
0.510000 1.004873
0.520000 0.980763
0.530000 0.958576
0.540000 0.936568
0.550000 0.920986
0.560000 0.912186
0.570000 0.912840
0.580000 0.922243
0.590000 0.936060
0.600000 0.952244
0.610000 0.969472
0.620000 0.987181
0.630000 1.002137
0.640000 1.014773
0.650000 1.025306
0.660000 1.034206
0.670000 1.039675
0.680000 1.040985
0.690000 1.040312
0.700000 1.037287
0.710000 1.033205
0.720000 1.025815
0.730000 1.019010
0.740000 1.010339
0.750000 1.002569
0.760000 0.997612
0.770000 0.992947
0.780000 0.987768
0.790000 0.986841
0.800000 0.985505
0.810000 0.986491
0.820000 0.988893
0.830000 0.991007
0.840000 0.993995
0.850000 0.996526
0.860000 0.998629
0.870000 1.001045
0.880000 1.000248
0.890000 0.999470
0.900000 0.999815
0.910000 1.000328
0.920000 1.000945
0.930000 1.000311
0.940000 0.999783
0.950000 0.999521
0.960000 0.998926
0.970000 0.998979
0.980000 0.998694
0.990000 0.998970
1.000000 0.999788
1.010000 1.000118
1.020000 1.000566
1.030000 1.001528
1.040000 1.001115
1.050000 1.001966
1.060000 1.003409
1.070000 1.002733
1.080000 1.003434
1.090000 1.002702
1.100000 1.002127
