0.000000 0.000000
0.010000 0.000000
0.020000 0.000000
0.030000 0.000000
0.040000 0.000000
0.050000 0.000000
0.060000 0.000000
0.070000 0.000000
0.080000 0.000000
0.090000 0.000000
0.100000 0.000000
0.110000 0.000000
0.120000 0.000000
0.130000 0.000000
0.140000 0.000000
0.150000 0.000000
0.160000 0.000000
0.170000 0.000000
0.180000 0.000000
0.190000 0.000000
0.200000 0.000000
0.210000 0.000000
0.220000 0.000000
0.230000 0.000000
0.240000 0.000632
0.250000 0.096506
0.260000 1.087966
0.270000 2.711817
0.280000 2.908748
0.290000 2.100111
0.300000 1.411000
0.310000 1.043295
0.320000 0.890212
0.330000 0.846624
0.340000 0.836007
0.350000 0.851098
0.360000 0.868062
0.370000 0.892761
0.380000 0.918205
0.390000 0.950103
0.400000 0.977609
0.410000 1.008195
0.420000 1.042123
0.430000 1.061343
0.440000 1.074011
0.450000 1.091000
0.460000 1.090856
0.470000 1.087204
0.480000 1.071686
0.490000 1.049734
0.500000 1.029333
0.510000 1.004931
0.520000 0.986089
0.530000 0.962218
0.540000 0.941183
0.550000 0.927253
0.560000 0.918793
0.570000 0.917878
0.580000 0.922608
0.590000 0.933934
0.600000 0.951089
0.610000 0.968413
0.620000 0.984697
0.630000 0.998046
0.640000 1.011037
0.650000 1.020414
0.660000 1.029524
0.670000 1.037007
0.680000 1.039352
0.690000 1.039408
0.700000 1.035284
0.710000 1.030226
0.720000 1.028800
0.730000 1.019735
0.740000 1.012323
0.750000 1.004828
0.760000 0.998079
0.770000 0.991843
0.780000 0.990007
0.790000 0.987329
0.800000 0.986971
0.810000 0.986202
0.820000 0.989382
0.830000 0.991644
0.840000 0.993530
0.850000 0.995408
0.860000 0.998143
0.870000 0.999129
0.880000 0.999798
0.890000 0.999386
0.900000 0.999273
0.910000 0.999051
0.920000 0.998933
0.930000 0.998711
0.940000 0.999575
0.950000 0.998578
0.960000 0.998468
0.970000 0.997330
0.980000 0.999231
0.990000 0.999221
1.000000 0.999496
1.010000 0.999296
1.020000 0.999207
1.030000 0.999106
1.040000 1.001569
1.050000 1.002219
1.060000 1.001371
1.070000 1.000407
1.080000 1.002625
1.090000 1.002308
1.100000 1.001266
