0.000000 0.000000
0.010000 0.000000
0.020000 0.000000
0.030000 0.000000
0.040000 0.000000
0.050000 0.000000
0.060000 0.000000
0.070000 0.000000
0.080000 0.000000
0.090000 0.000000
0.100000 0.000000
0.110000 0.000000
0.120000 0.000000
0.130000 0.000000
0.140000 0.000000
0.150000 0.000000
0.160000 0.000000
0.170000 0.000000
0.180000 0.000000
0.190000 0.000000
0.200000 0.000000
0.210000 0.000000
0.220000 0.000000
0.230000 0.000000
0.240000 0.000523
0.250000 0.096480
0.260000 1.099048
0.270000 2.744869
0.280000 2.932931
0.290000 2.108584
0.300000 1.393621
0.310000 1.024041
0.320000 0.868282
0.330000 0.820744
0.340000 0.819117
0.350000 0.830985
0.360000 0.854447
0.370000 0.882125
0.380000 0.916306
0.390000 0.949151
0.400000 0.981680
0.410000 1.010510
0.420000 1.044920
0.430000 1.072745
0.440000 1.092245
0.450000 1.104586
0.460000 1.108739
0.470000 1.095999
0.480000 1.079593
0.490000 1.057866
0.500000 1.037140
0.510000 1.008296
0.520000 0.985817
0.530000 0.963245
0.540000 0.939721
0.550000 0.922073
0.560000 0.911009
0.570000 0.908789
0.580000 0.917412
0.590000 0.929735
0.600000 0.946902
0.610000 0.966583
0.620000 0.983386
0.630000 0.997722
0.640000 1.013803
0.650000 1.025674
0.660000 1.033583
0.670000 1.037674
0.680000 1.042862
0.690000 1.043573
0.700000 1.040154
0.710000 1.037464
0.720000 1.029699
0.730000 1.022495
0.740000 1.013577
0.750000 1.006174
0.760000 0.996958
0.770000 0.995093
0.780000 0.991539
0.790000 0.987888
0.800000 0.988677
0.810000 0.989068
0.820000 0.989768
0.830000 0.990809
0.840000 0.996180
0.850000 0.997456
0.860000 0.999155
0.870000 1.000631
0.880000 1.003035
0.890000 1.001423
0.900000 1.000732
0.910000 1.001345
0.920000 1.001828
0.930000 1.000508
0.940000 1.001808
0.950000 1.000244
0.960000 1.000389
0.970000 1.000833
0.980000 1.000318
0.990000 0.999514
1.000000 1.001265
1.010000 1.002799
1.020000 1.003644
1.030000 1.003003
1.040000 1.004368
1.050000 1.004675
1.060000 1.005411
1.070000 1.004084
1.080000 1.004812
1.090000 1.004002
1.100000 1.002779
