0.000000 0.000000
0.010000 0.000000
0.020000 0.000000
0.030000 0.000000
0.040000 0.000000
0.050000 0.000000
0.060000 0.000000
0.070000 0.000000
0.080000 0.000000
0.090000 0.000000
0.100000 0.000000
0.110000 0.000000
0.120000 0.000000
0.130000 0.000000
0.140000 0.000000
0.150000 0.000000
0.160000 0.000000
0.170000 0.000000
0.180000 0.000000
0.190000 0.000000
0.200000 0.000000
0.210000 0.000000
0.220000 0.000000
0.230000 0.000000
0.240000 0.000638
0.250000 0.094327
0.260000 1.067057
0.270000 2.699231
0.280000 2.911361
0.290000 2.111916
0.300000 1.401215
0.310000 1.031627
0.320000 0.876685
0.330000 0.823367
0.340000 0.826844
0.350000 0.838260
0.360000 0.863726
0.370000 0.883004
0.380000 0.914100
0.390000 0.939983
0.400000 0.973494
0.410000 1.008601
0.420000 1.038745
0.430000 1.069671
0.440000 1.086468
0.450000 1.094328
0.460000 1.095560
0.470000 1.087330
0.480000 1.076611
0.490000 1.054723
0.500000 1.032178
0.510000 1.007107
0.520000 0.985540
0.530000 0.963624
0.540000 0.942238
0.550000 0.925279
0.560000 0.914005
0.570000 0.912315
0.580000 0.917195
0.590000 0.933687
0.600000 0.950446
0.610000 0.964788
0.620000 0.979480
0.630000 0.990746
0.640000 1.009859
0.650000 1.018901
0.660000 1.026481
0.670000 1.035261
0.680000 1.035574
0.690000 1.037298
0.700000 1.034850
0.710000 1.030521
0.720000 1.022948
0.730000 1.017964
0.740000 1.010363
0.750000 1.003692
0.760000 0.997267
0.770000 0.992206
0.780000 0.988436
0.790000 0.984705
0.800000 0.987268
0.810000 0.986354
0.820000 0.987115
0.830000 0.990855
0.840000 0.993350
0.850000 0.997158
0.860000 0.998323
0.870000 0.998715
0.880000 0.998177
0.890000 0.999067
0.900000 0.998171
0.910000 0.999155
0.920000 0.998823
0.930000 0.997855
0.940000 0.998678
0.950000 0.999157
0.960000 0.997123
0.970000 0.996046
0.980000 0.998202
0.990000 0.995280
1.000000 0.998039
1.010000 0.997303
1.020000 0.997154
1.030000 0.998166
1.040000 0.997675
1.050000 1.000046
1.060000 0.999615
1.070000 1.001754
1.080000 1.003255
1.090000 1.002024
1.100000 1.001813
