0.000000 0.000000
0.010000 0.000000
0.020000 0.000000
0.030000 0.000000
0.040000 0.000000
0.050000 0.000000
0.060000 0.000000
0.070000 0.000000
0.080000 0.000000
0.090000 0.000000
0.100000 0.000000
0.110000 0.000000
0.120000 0.000000
0.130000 0.000000
0.140000 0.000000
0.150000 0.000000
0.160000 0.000000
0.170000 0.000000
0.180000 0.000000
0.190000 0.000000
0.200000 0.000000
0.210000 0.000000
0.220000 0.000000
0.230000 0.000000
0.240000 0.000535
0.250000 0.095358
0.260000 1.081456
0.270000 2.717278
0.280000 2.916044
0.290000 2.117122
0.300000 1.407070
0.310000 1.039130
0.320000 0.882129
0.330000 0.829075
0.340000 0.827914
0.350000 0.839659
0.360000 0.861932
0.370000 0.884496
0.380000 0.915643
0.390000 0.951164
0.400000 0.975366
0.410000 1.007167
0.420000 1.036749
0.430000 1.063301
0.440000 1.078943
0.450000 1.095299
0.460000 1.091720
0.470000 1.088068
0.480000 1.071637
0.490000 1.052836
0.500000 1.031743
0.510000 1.005865
0.520000 0.986165
0.530000 0.966157
0.540000 0.940220
0.550000 0.927501
0.560000 0.912220
0.570000 0.912437
0.580000 0.919369
0.590000 0.934319
0.600000 0.951683
0.610000 0.965803
0.620000 0.984188
0.630000 0.997695
0.640000 1.012316
0.650000 1.022431
0.660000 1.030251
0.670000 1.035910
0.680000 1.040740
0.690000 1.039668
0.700000 1.037120
0.710000 1.033177
0.720000 1.025856
0.730000 1.015866
0.740000 1.009339
0.750000 1.002731
0.760000 0.995314
0.770000 0.990038
0.780000 0.987648
0.790000 0.987052
0.800000 0.987001
0.810000 0.986320
0.820000 0.988091
0.830000 0.990869
0.840000 0.994335
0.850000 0.997631
0.860000 0.996252
0.870000 1.000794
0.880000 1.000304
0.890000 1.001426
0.900000 1.001348
0.910000 0.999982
0.920000 1.000571
0.930000 0.999628
0.940000 0.999999
0.950000 0.999148
0.960000 0.999576
0.970000 0.997453
0.980000 1.000253
0.990000 0.997420
1.000000 0.997736
1.010000 0.996324
1.020000 0.997904
1.030000 0.999603
1.040000 1.000662
1.050000 1.000717
1.060000 1.001487
1.070000 1.002122
1.080000 1.001502
1.090000 1.003205
1.100000 1.002619
