0.000000 0.000000
0.010000 0.000000
0.020000 0.000000
0.030000 0.000000
0.040000 0.000000
0.050000 0.000000
0.060000 0.000000
0.070000 0.000000
0.080000 0.000000
0.090000 0.000000
0.100000 0.000000
0.110000 0.000000
0.120000 0.000000
0.130000 0.000000
0.140000 0.000000
0.150000 0.000000
0.160000 0.000000
0.170000 0.000000
0.180000 0.000000
0.190000 0.000000
0.200000 0.000000
0.210000 0.000000
0.220000 0.000000
0.230000 0.000000
0.240000 0.000222
0.250000 0.080354
0.260000 1.101537
0.270000 2.812665
0.280000 2.954351
0.290000 2.119892
0.300000 1.389151
0.310000 1.016927
0.320000 0.863085
0.330000 0.817765
0.340000 0.812005
0.350000 0.827801
0.360000 0.847282
0.370000 0.876848
0.380000 0.907610
0.390000 0.943599
0.400000 0.975340
0.410000 1.009254
0.420000 1.045192
0.430000 1.069688
0.440000 1.088072
0.450000 1.100224
0.460000 1.103388
0.470000 1.094686
0.480000 1.080058
0.490000 1.062834
0.500000 1.037030
0.510000 1.015996
0.520000 0.987989
0.530000 0.963779
0.540000 0.941332
0.550000 0.922614
0.560000 0.912734
0.570000 0.910765
0.580000 0.918020
0.590000 0.930281
0.600000 0.947089
0.610000 0.965763
0.620000 0.978931
0.630000 0.997958
0.640000 1.009706
0.650000 1.023971
0.660000 1.031607
0.670000 1.037295
0.680000 1.039613
0.690000 1.041072
0.700000 1.039116
0.710000 1.034581
0.720000 1.028598
0.730000 1.022511
0.740000 1.014363
0.750000 1.008040
0.760000 1.000401
0.770000 0.997567
0.780000 0.991481
0.790000 0.989879
0.800000 0.987818
0.810000 0.987953
0.820000 0.990514
0.830000 0.992383
0.840000 0.994941
0.850000 0.996347
0.860000 0.998918
0.870000 1.000904
0.880000 0.997613
0.890000 0.999060
0.900000 0.998783
0.910000 0.999017
0.920000 0.999968
0.930000 1.000625
0.940000 0.999978
0.950000 0.999696
0.960000 1.000187
0.970000 1.001723
0.980000 1.000287
0.990000 0.999715
1.000000 1.001138
1.010000 1.000945
1.020000 1.002885
1.030000 1.002156
1.040000 1.003218
1.050000 1.003638
1.060000 1.004031
1.070000 1.004079
1.080000 1.003998
1.090000 1.003381
1.100000 1.002393
