0.000000 0.000000
0.010000 0.000000
0.020000 0.000000
0.030000 0.000000
0.040000 0.000000
0.050000 0.000000
0.060000 0.000000
0.070000 0.000000
0.080000 0.000000
0.090000 0.000000
0.100000 0.000000
0.110000 0.000000
0.120000 0.000000
0.130000 0.000000
0.140000 0.000000
0.150000 0.000000
0.160000 0.000000
0.170000 0.000000
0.180000 0.000000
0.190000 0.000000
0.200000 0.000000
0.210000 0.000000
0.220000 0.000000
0.230000 0.000000
0.240000 0.000391
0.250000 0.082925
0.260000 1.025621
0.270000 2.677123
0.280000 2.934182
0.290000 2.146205
0.300000 1.431933
0.310000 1.057682
0.320000 0.898532
0.330000 0.841645
0.340000 0.836580
0.350000 0.848589
0.360000 0.868188
0.370000 0.892753
0.380000 0.915020
0.390000 0.945820
0.400000 0.972641
0.410000 0.999870
0.420000 1.029701
0.430000 1.053356
0.440000 1.074366
0.450000 1.082759
0.460000 1.086711
0.470000 1.079709
0.480000 1.065825
0.490000 1.051692
0.500000 1.029736
0.510000 1.008241
0.520000 0.985269
0.530000 0.966645
0.540000 0.945876
0.550000 0.930088
0.560000 0.918451
0.570000 0.918947
0.580000 0.925789
0.590000 0.936857
0.600000 0.952339
0.610000 0.969850
0.620000 0.985532
0.630000 0.995535
0.640000 1.010256
0.650000 1.019597
0.660000 1.027046
0.670000 1.034506
0.680000 1.036009
0.690000 1.038166
0.700000 1.032428
0.710000 1.031781
0.720000 1.023562
0.730000 1.018289
0.740000 1.009679
0.750000 1.003458
0.760000 0.999362
0.770000 0.993595
0.780000 0.989517
0.790000 0.987906
0.800000 0.987355
0.810000 0.987711
0.820000 0.989900
0.830000 0.989989
0.840000 0.993176
0.850000 0.996118
0.860000 0.998219
0.870000 1.000447
0.880000 0.998768
0.890000 0.999097
0.900000 0.998642
0.910000 0.998868
0.920000 0.999006
0.930000 0.999786
0.940000 0.999594
0.950000 0.997975
0.960000 0.999433
0.970000 0.997406
0.980000 0.996371
0.990000 0.998020
1.000000 0.997548
1.010000 0.998180
1.020000 0.998821
1.030000 1.000532
1.040000 1.001151
1.050000 1.001809
1.060000 1.001526
1.070000 1.003389
1.080000 1.001913
1.090000 1.001358
1.100000 1.002353
