0.000000 0.000000
0.010000 0.000000
0.020000 0.000000
0.030000 0.000000
0.040000 0.000000
0.050000 0.000000
0.060000 0.000000
0.070000 0.000000
0.080000 0.000000
0.090000 0.000000
0.100000 0.000000
0.110000 0.000000
0.120000 0.000000
0.130000 0.000000
0.140000 0.000000
0.150000 0.000000
0.160000 0.000000
0.170000 0.000000
0.180000 0.000000
0.190000 0.000000
0.200000 0.000000
0.210000 0.000000
0.220000 0.000000
0.230000 0.000000
0.240000 0.000146
0.250000 0.080640
0.260000 1.134817
0.270000 2.857117
0.280000 2.950529
0.290000 2.096003
0.300000 1.367541
0.310000 1.002358
0.320000 0.849408
0.330000 0.808975
0.340000 0.805653
0.350000 0.823862
0.360000 0.840285
0.370000 0.874476
0.380000 0.905223
0.390000 0.944152
0.400000 0.978572
0.410000 1.012203
0.420000 1.048872
0.430000 1.073954
0.440000 1.092915
0.450000 1.102698
0.460000 1.106421
0.470000 1.097195
0.480000 1.083183
0.490000 1.062483
0.500000 1.037386
0.510000 1.013632
0.520000 0.985091
0.530000 0.959501
0.540000 0.937922
0.550000 0.918230
0.560000 0.908788
0.570000 0.906755
0.580000 0.914860
0.590000 0.927047
0.600000 0.944165
0.610000 0.963956
0.620000 0.977172
0.630000 0.996462
0.640000 1.010024
0.650000 1.022784
0.660000 1.031441
0.670000 1.037130
0.680000 1.039613
0.690000 1.040266
0.700000 1.039857
0.710000 1.035152
0.720000 1.027425
0.730000 1.021785
0.740000 1.014129
0.750000 1.006436
0.760000 0.999859
0.770000 0.996642
0.780000 0.990309
0.790000 0.989019
0.800000 0.986935
0.810000 0.987117
0.820000 0.989517
0.830000 0.991880
0.840000 0.994907
0.850000 0.995832
0.860000 0.997780
0.870000 1.000222
0.880000 0.996210
0.890000 0.998432
0.900000 0.998466
0.910000 0.997691
0.920000 0.999654
0.930000 0.999851
0.940000 0.998375
0.950000 0.998374
0.960000 0.998762
0.970000 1.000864
0.980000 0.998987
0.990000 0.998428
1.000000 1.000017
1.010000 0.999648
1.020000 1.001689
1.030000 1.001189
1.040000 1.002529
1.050000 1.002640
1.060000 1.003219
1.070000 1.003530
1.080000 1.003173
1.090000 1.002237
1.100000 1.001477
