0.000000 0.000000
0.010000 0.000000
0.020000 0.000000
0.030000 0.000000
0.040000 0.000000
0.050000 0.000000
0.060000 0.000000
0.070000 0.000000
0.080000 0.000000
0.090000 0.000000
0.100000 0.000000
0.110000 0.000000
0.120000 0.000000
0.130000 0.000000
0.140000 0.000000
0.150000 0.000000
0.160000 0.000000
0.170000 0.000000
0.180000 0.000000
0.190000 0.000000
0.200000 0.000000
0.210000 0.000000
0.220000 0.000000
0.230000 0.000000
0.240000 0.000515
0.250000 0.096857
0.260000 1.088357
0.270000 2.735458
0.280000 2.922051
0.290000 2.101531
0.300000 1.400427
0.310000 1.024543
0.320000 0.873863
0.330000 0.823819
0.340000 0.814525
0.350000 0.829090
0.360000 0.855467
0.370000 0.879334
0.380000 0.911921
0.390000 0.941514
0.400000 0.975136
0.410000 1.006802
0.420000 1.041238
0.430000 1.068971
0.440000 1.086021
0.450000 1.098631
0.460000 1.097234
0.470000 1.091616
0.480000 1.075279
0.490000 1.056757
0.500000 1.029868
0.510000 1.009398
0.520000 0.984420
0.530000 0.961910
0.540000 0.940531
0.550000 0.921749
0.560000 0.913136
0.570000 0.911660
0.580000 0.917250
0.590000 0.928729
0.600000 0.946003
0.610000 0.962057
0.620000 0.978651
0.630000 0.997322
0.640000 1.006729
0.650000 1.021738
0.660000 1.030130
0.670000 1.035810
0.680000 1.037607
0.690000 1.039759
0.700000 1.035258
0.710000 1.030655
0.720000 1.027422
0.730000 1.017458
0.740000 1.011575
0.750000 1.004133
0.760000 0.996271
0.770000 0.992886
0.780000 0.986332
0.790000 0.985795
0.800000 0.986140
0.810000 0.986851
0.820000 0.988187
0.830000 0.991234
0.840000 0.992156
0.850000 0.996355
0.860000 0.997372
0.870000 0.996877
0.880000 0.998208
0.890000 0.997989
0.900000 0.997561
0.910000 0.999062
0.920000 0.996906
0.930000 0.997878
0.940000 0.997913
0.950000 0.997127
0.960000 0.997835
0.970000 0.997677
0.980000 0.997983
0.990000 0.996411
1.000000 0.998980
1.010000 0.999023
1.020000 1.000259
1.030000 1.000458
1.040000 1.000588
1.050000 1.001183
1.060000 1.000611
1.070000 1.002348
1.080000 1.001994
1.090000 1.000239
1.100000 0.999502
