0.000000 0.000000
0.010000 0.000000
0.020000 0.000000
0.030000 0.000000
0.040000 0.000000
0.050000 0.000000
0.060000 0.000000
0.070000 0.000000
0.080000 0.000000
0.090000 0.000000
0.100000 0.000000
0.110000 0.000000
0.120000 0.000000
0.130000 0.000000
0.140000 0.000000
0.150000 0.000000
0.160000 0.000000
0.170000 0.000000
0.180000 0.000000
0.190000 0.000000
0.200000 0.000000
0.210000 0.000000
0.220000 0.000000
0.230000 0.000000
0.240000 0.000284
0.250000 0.067082
0.260000 0.973402
0.270000 2.651972
0.280000 2.968040
0.290000 2.194848
0.300000 1.469009
0.310000 1.076033
0.320000 0.905789
0.330000 0.847187
0.340000 0.831640
0.350000 0.847350
0.360000 0.866143
0.370000 0.885061
0.380000 0.909845
0.390000 0.934826
0.400000 0.963543
0.410000 0.991080
0.420000 1.024651
0.430000 1.050197
0.440000 1.069070
0.450000 1.085140
0.460000 1.083933
0.470000 1.078693
0.480000 1.073921
0.490000 1.050340
0.500000 1.031774
0.510000 1.013818
0.520000 0.987948
0.530000 0.970933
0.540000 0.950865
0.550000 0.932394
0.560000 0.921005
0.570000 0.919436
0.580000 0.924932
0.590000 0.935176
0.600000 0.947924
0.610000 0.967054
0.620000 0.983147
0.630000 0.995040
0.640000 1.007056
0.650000 1.017520
0.660000 1.028320
0.670000 1.033327
0.680000 1.037048
0.690000 1.037639
0.700000 1.037212
0.710000 1.030064
0.720000 1.028938
0.730000 1.017660
0.740000 1.012234
0.750000 1.006096
0.760000 0.999169
0.770000 0.994436
0.780000 0.993134
0.790000 0.986677
0.800000 0.987998
0.810000 0.987204
0.820000 0.987842
0.830000 0.990088
0.840000 0.992270
0.850000 0.995425
0.860000 0.995520
0.870000 0.999246
0.880000 0.998348
0.890000 0.999248
0.900000 0.998033
0.910000 0.997790
0.920000 0.998927
0.930000 0.999995
0.940000 0.999283
0.950000 0.999213
0.960000 0.997406
0.970000 0.999649
0.980000 0.998163
0.990000 0.999319
1.000000 0.998840
1.010000 0.997970
1.020000 0.999469
1.030000 0.999774
1.040000 1.000353
1.050000 1.002261
1.060000 1.001301
1.070000 1.002689
1.080000 1.002698
1.090000 1.002025
1.100000 1.001808
