0.000000 0.000000
0.010000 0.000000
0.020000 0.000000
0.030000 0.000000
0.040000 0.000000
0.050000 0.000000
0.060000 0.000000
0.070000 0.000000
0.080000 0.000000
0.090000 0.000000
0.100000 0.000000
0.110000 0.000000
0.120000 0.000000
0.130000 0.000000
0.140000 0.000000
0.150000 0.000000
0.160000 0.000000
0.170000 0.000000
0.180000 0.000000
0.190000 0.000000
0.200000 0.000000
0.210000 0.000000
0.220000 0.000000
0.230000 0.000000
0.240000 0.000603
0.250000 0.093629
0.260000 1.067598
0.270000 2.742934
0.280000 2.987670
0.290000 2.179329
0.300000 1.429984
0.310000 1.028299
0.320000 0.842671
0.330000 0.786724
0.340000 0.779545
0.350000 0.794676
0.360000 0.819836
0.370000 0.851055
0.380000 0.884267
0.390000 0.923244
0.400000 0.965369
0.410000 1.003632
0.420000 1.040000
0.430000 1.074920
0.440000 1.100187
0.450000 1.113805
0.460000 1.120540
0.470000 1.115048
0.480000 1.104141
0.490000 1.082872
0.500000 1.058510
0.510000 1.031245
0.520000 1.009557
0.530000 0.980383
0.540000 0.956727
0.550000 0.934711
0.560000 0.919556
0.570000 0.914613
0.580000 0.918711
0.590000 0.928307
0.600000 0.945552
0.610000 0.961851
0.620000 0.977421
0.630000 0.995042
0.640000 1.008456
0.650000 1.019422
0.660000 1.028175
0.670000 1.037974
0.680000 1.044548
0.690000 1.045275
0.700000 1.042632
0.710000 1.037288
0.720000 1.033537
0.730000 1.027278
0.740000 1.019210
0.750000 1.013055
0.760000 1.006256
0.770000 1.001947
0.780000 0.998340
0.790000 0.996643
0.800000 0.996371
0.810000 0.996099
0.820000 0.999384
0.830000 1.000528
0.840000 1.004553
0.850000 1.005775
0.860000 1.008654
0.870000 1.009662
0.880000 1.010258
0.890000 1.011000
0.900000 1.010198
0.910000 1.009775
0.920000 1.009698
0.930000 1.009481
0.940000 1.009595
0.950000 1.008493
0.960000 1.008967
0.970000 1.010059
0.980000 1.009186
0.990000 1.011119
1.000000 1.009750
1.010000 1.011220
1.020000 1.014226
1.030000 1.013483
1.040000 1.014299
1.050000 1.015512
1.060000 1.015956
1.070000 1.018675
1.080000 1.017259
1.090000 1.018285
1.100000 1.018673
