0.000000 0.000000
0.010000 0.000000
0.020000 0.000000
0.030000 0.000000
0.040000 0.000000
0.050000 0.000000
0.060000 0.000000
0.070000 0.000000
0.080000 0.000000
0.090000 0.000000
0.100000 0.000000
0.110000 0.000000
0.120000 0.000000
0.130000 0.000000
0.140000 0.000000
0.150000 0.000000
0.160000 0.000000
0.170000 0.000000
0.180000 0.000000
0.190000 0.000000
0.200000 0.000000
0.210000 0.000000
0.220000 0.000000
0.230000 0.000000
0.240000 0.000484
0.250000 0.086615
0.260000 1.069053
0.270000 2.760771
0.280000 2.982301
0.290000 2.152875
0.300000 1.418933
0.310000 1.018232
0.320000 0.849466
0.330000 0.791047
0.340000 0.789882
0.350000 0.802707
0.360000 0.833150
0.370000 0.865846
0.380000 0.895696
0.390000 0.936832
0.400000 0.974181
0.410000 1.014309
0.420000 1.049850
0.430000 1.079664
0.440000 1.105863
0.450000 1.121073
0.460000 1.123365
0.470000 1.116616
0.480000 1.103813
0.490000 1.085220
0.500000 1.054938
0.510000 1.031908
0.520000 1.004386
0.530000 0.974815
0.540000 0.953315
0.550000 0.932120
0.560000 0.920115
0.570000 0.918711
0.580000 0.926870
0.590000 0.939654
0.600000 0.957435
0.610000 0.973862
0.620000 0.991915
0.630000 1.006759
0.640000 1.025789
0.650000 1.036583
0.660000 1.046926
0.670000 1.053974
0.680000 1.057346
0.690000 1.056388
0.700000 1.056678
0.710000 1.053482
0.720000 1.045854
0.730000 1.038826
0.740000 1.033346
0.750000 1.024744
0.760000 1.019202
0.770000 1.015745
0.780000 1.010134
0.790000 1.010014
0.800000 1.008239
0.810000 1.009350
0.820000 1.012055
0.830000 1.015893
0.840000 1.019351
0.850000 1.022814
0.860000 1.024736
0.870000 1.025432
0.880000 1.026276
0.890000 1.025861
0.900000 1.026223
0.910000 1.025744
0.920000 1.023082
0.930000 1.024610
0.940000 1.027023
0.950000 1.025072
0.960000 1.024428
0.970000 1.026005
0.980000 1.026492
0.990000 1.028059
1.000000 1.026844
1.010000 1.028544
1.020000 1.028478
1.030000 1.030279
1.040000 1.031620
1.050000 1.031387
1.060000 1.033044
1.070000 1.032208
1.080000 1.033627
1.090000 1.032305
1.100000 1.031635
