0.000000 0.000000
0.010000 0.000000
0.020000 0.000000
0.030000 0.000000
0.040000 0.000000
0.050000 0.000000
0.060000 0.000000
0.070000 0.000000
0.080000 0.000000
0.090000 0.000000
0.100000 0.000000
0.110000 0.000000
0.120000 0.000000
0.130000 0.000000
0.140000 0.000000
0.150000 0.000000
0.160000 0.000000
0.170000 0.000000
0.180000 0.000000
0.190000 0.000000
0.200000 0.000000
0.210000 0.000000
0.220000 0.000000
0.230000 0.000000
0.240000 0.000515
0.250000 0.089401
0.260000 1.053647
0.270000 2.692094
0.280000 2.933436
0.290000 2.119983
0.300000 1.421405
0.310000 1.046988
0.320000 0.887895
0.330000 0.837039
0.340000 0.835584
0.350000 0.848921
0.360000 0.874202
0.370000 0.901311
0.380000 0.921165
0.390000 0.954892
0.400000 0.987241
0.410000 1.018308
0.420000 1.043133
0.430000 1.070741
0.440000 1.093934
0.450000 1.102678
0.460000 1.101674
0.470000 1.098572
0.480000 1.078963
0.490000 1.065597
0.500000 1.041496
0.510000 1.015596
0.520000 0.993626
0.530000 0.972110
0.540000 0.954626
0.550000 0.938452
0.560000 0.928970
0.570000 0.929612
0.580000 0.935428
0.590000 0.948170
0.600000 0.967591
0.610000 0.984169
0.620000 1.002210
0.630000 1.015595
0.640000 1.029508
0.650000 1.037932
0.660000 1.046305
0.670000 1.054467
0.680000 1.056101
0.690000 1.058003
0.700000 1.054945
0.710000 1.050574
0.720000 1.045743
0.730000 1.035224
0.740000 1.029042
0.750000 1.023855
0.760000 1.018775
0.770000 1.012256
0.780000 1.010025
0.790000 1.009959
0.800000 1.006874
0.810000 1.009483
0.820000 1.011392
0.830000 1.012038
0.840000 1.015862
0.850000 1.019350
0.860000 1.021540
0.870000 1.023291
0.880000 1.025140
0.890000 1.024847
0.900000 1.023288
0.910000 1.024674
0.920000 1.024261
0.930000 1.024843
0.940000 1.025469
0.950000 1.024048
0.960000 1.022789
0.970000 1.023155
0.980000 1.023685
0.990000 1.022315
1.000000 1.024561
1.010000 1.024358
1.020000 1.026277
1.030000 1.025429
1.040000 1.027505
1.050000 1.028520
1.060000 1.028723
1.070000 1.027616
1.080000 1.027692
1.090000 1.029183
1.100000 1.028216
