0.000000 0.000000
0.010000 0.000000
0.020000 0.000000
0.030000 0.000000
0.040000 0.000000
0.050000 0.000000
0.060000 0.000000
0.070000 0.000000
0.080000 0.000000
0.090000 0.000000
0.100000 0.000000
0.110000 0.000000
0.120000 0.000000
0.130000 0.000000
0.140000 0.000000
0.150000 0.000000
0.160000 0.000000
0.170000 0.000000
0.180000 0.000000
0.190000 0.000000
0.200000 0.000000
0.210000 0.000000
0.220000 0.000000
0.230000 0.000000
0.240000 0.000695
0.250000 0.095291
0.260000 1.083526
0.270000 2.714827
0.280000 2.914370
0.290000 2.109688
0.300000 1.407282
0.310000 1.033144
0.320000 0.880257
0.330000 0.832175
0.340000 0.821249
0.350000 0.837560
0.360000 0.865007
0.370000 0.889164
0.380000 0.914998
0.390000 0.943466
0.400000 0.976829
0.410000 1.007707
0.420000 1.036756
0.430000 1.060878
0.440000 1.077837
0.450000 1.094352
0.460000 1.094127
0.470000 1.089129
0.480000 1.073753
0.490000 1.054853
0.500000 1.031470
0.510000 1.007985
0.520000 0.983452
0.530000 0.963430
0.540000 0.940453
0.550000 0.924403
0.560000 0.913706
0.570000 0.915423
0.580000 0.920763
0.590000 0.930334
0.600000 0.948989
0.610000 0.964111
0.620000 0.984545
0.630000 0.997252
0.640000 1.009954
0.650000 1.019088
0.660000 1.028283
0.670000 1.034831
0.680000 1.041119
0.690000 1.037352
0.700000 1.036234
0.710000 1.031855
0.720000 1.025040
0.730000 1.018713
0.740000 1.009706
0.750000 1.002544
0.760000 0.997046
0.770000 0.991817
0.780000 0.989847
0.790000 0.985008
0.800000 0.985522
0.810000 0.984468
0.820000 0.987164
0.830000 0.989044
0.840000 0.993271
0.850000 0.996118
0.860000 0.996340
0.870000 0.998244
0.880000 1.000020
0.890000 0.999289
0.900000 0.998792
0.910000 0.999345
0.920000 0.997234
0.930000 0.999127
0.940000 0.999718
0.950000 0.997973
0.960000 0.996684
0.970000 0.999436
0.980000 0.998114
0.990000 0.997207
1.000000 0.997655
1.010000 0.996716
1.020000 0.997706
1.030000 0.999983
1.040000 0.998255
1.050000 0.999336
1.060000 0.999647
1.070000 1.001568
1.080000 1.000802
1.090000 1.001879
1.100000 1.001602
