0.000000 0.000000
0.010000 0.000000
0.020000 0.000000
0.030000 0.000000
0.040000 0.000000
0.050000 0.000000
0.060000 0.000000
0.070000 0.000000
0.080000 0.000000
0.090000 0.000000
0.100000 0.000000
0.110000 0.000000
0.120000 0.000000
0.130000 0.000000
0.140000 0.000000
0.150000 0.000000
0.160000 0.000000
0.170000 0.000000
0.180000 0.000000
0.190000 0.000000
0.200000 0.000000
0.210000 0.000000
0.220000 0.000000
0.230000 0.000000
0.240000 0.000441
0.250000 0.082264
0.260000 1.025423
0.270000 2.665057
0.280000 2.926487
0.290000 2.139139
0.300000 1.437378
0.310000 1.053842
0.320000 0.896604
0.330000 0.844204
0.340000 0.840511
0.350000 0.849315
0.360000 0.869905
0.370000 0.890466
0.380000 0.913943
0.390000 0.946103
0.400000 0.976302
0.410000 1.003662
0.420000 1.031720
0.430000 1.056959
0.440000 1.073956
0.450000 1.083746
0.460000 1.083816
0.470000 1.084137
0.480000 1.065802
0.490000 1.052095
0.500000 1.029419
0.510000 1.008924
0.520000 0.986057
0.530000 0.963503
0.540000 0.944172
0.550000 0.926937
0.560000 0.918175
0.570000 0.921340
0.580000 0.925831
0.590000 0.934135
0.600000 0.951923
0.610000 0.968865
0.620000 0.983830
0.630000 0.998839
0.640000 1.010295
0.650000 1.020008
0.660000 1.029081
0.670000 1.034138
0.680000 1.038192
0.690000 1.036411
0.700000 1.034284
0.710000 1.030177
0.720000 1.023431
0.730000 1.019287
0.740000 1.009078
0.750000 1.005780
0.760000 0.998288
0.770000 0.992697
0.780000 0.990459
0.790000 0.988624
0.800000 0.986567
0.810000 0.987144
0.820000 0.988927
0.830000 0.989944
0.840000 0.993705
0.850000 0.996611
0.860000 0.997302
0.870000 0.999316
0.880000 0.998488
0.890000 1.000335
0.900000 0.997364
0.910000 0.999200
0.920000 0.999142
0.930000 0.999436
0.940000 0.999702
0.950000 0.998280
0.960000 0.997106
0.970000 0.998504
0.980000 0.998166
0.990000 0.998282
1.000000 0.999665
1.010000 0.998799
1.020000 0.999497
1.030000 1.000713
1.040000 1.000702
1.050000 1.002147
1.060000 1.002641
1.070000 1.001208
1.080000 1.002567
1.090000 1.003278
1.100000 1.002703
