0.000000 0.000000
0.010000 0.000000
0.020000 0.000000
0.030000 0.000000
0.040000 0.000000
0.050000 0.000000
0.060000 0.000000
0.070000 0.000000
0.080000 0.000000
0.090000 0.000000
0.100000 0.000000
0.110000 0.000000
0.120000 0.000000
0.130000 0.000000
0.140000 0.000000
0.150000 0.000000
0.160000 0.000000
0.170000 0.000000
0.180000 0.000000
0.190000 0.000000
0.200000 0.000000
0.210000 0.000000
0.220000 0.000000
0.230000 0.000000
0.240000 0.000246
0.250000 0.079931
0.260000 1.102244
0.270000 2.801923
0.280000 2.951159
0.290000 2.112660
0.300000 1.390888
0.310000 1.020529
0.320000 0.860017
0.330000 0.813170
0.340000 0.807731
0.350000 0.827531
0.360000 0.846928
0.370000 0.877710
0.380000 0.908267
0.390000 0.941074
0.400000 0.977254
0.410000 1.013263
0.420000 1.045832
0.430000 1.069514
0.440000 1.089957
0.450000 1.101102
0.460000 1.109899
0.470000 1.100076
0.480000 1.085446
0.490000 1.061647
0.500000 1.038428
0.510000 1.013659
0.520000 0.987394
0.530000 0.964812
0.540000 0.940751
0.550000 0.921971
0.560000 0.911657
0.570000 0.908968
0.580000 0.917700
0.590000 0.928865
0.600000 0.946903
0.610000 0.965821
0.620000 0.981534
0.630000 0.996568
0.640000 1.010530
0.650000 1.025063
0.660000 1.031595
0.670000 1.037355
0.680000 1.041522
0.690000 1.043790
0.700000 1.041051
0.710000 1.034801
0.720000 1.031378
0.730000 1.023895
0.740000 1.016359
0.750000 1.008055
0.760000 1.002533
0.770000 0.995513
0.780000 0.993007
0.790000 0.990176
0.800000 0.989467
0.810000 0.990479
0.820000 0.990983
0.830000 0.994216
0.840000 0.996573
0.850000 0.998510
0.860000 1.000415
0.870000 1.002531
0.880000 1.000033
0.890000 1.001369
0.900000 1.001037
0.910000 1.002624
0.920000 1.001465
0.930000 1.000736
0.940000 1.000935
0.950000 1.001143
0.960000 1.000344
0.970000 1.001058
0.980000 1.000762
0.990000 1.001290
1.000000 1.002757
1.010000 1.003005
1.020000 1.002877
1.030000 1.004853
1.040000 1.005482
1.050000 1.005361
1.060000 1.005988
1.070000 1.007311
1.080000 1.006340
1.090000 1.006007
1.100000 1.006266
