0.000000 0.000000
0.010000 0.000000
0.020000 0.000000
0.030000 0.000000
0.040000 0.000000
0.050000 0.000000
0.060000 0.000000
0.070000 0.000000
0.080000 0.000000
0.090000 0.000000
0.100000 0.000000
0.110000 0.000000
0.120000 0.000000
0.130000 0.000000
0.140000 0.000000
0.150000 0.000000
0.160000 0.000000
0.170000 0.000000
0.180000 0.000000
0.190000 0.000000
0.200000 0.000000
0.210000 0.000000
0.220000 0.000000
0.230000 0.000000
0.240000 0.000594
0.250000 0.098594
0.260000 1.089213
0.270000 2.711942
0.280000 2.908279
0.290000 2.104908
0.300000 1.407637
0.310000 1.035303
0.320000 0.882699
0.330000 0.835893
0.340000 0.830936
0.350000 0.841811
0.360000 0.862478
0.370000 0.889926
0.380000 0.916719
0.390000 0.950951
0.400000 0.977000
0.410000 1.009524
0.420000 1.038730
0.430000 1.061971
0.440000 1.077933
0.450000 1.093161
0.460000 1.091176
0.470000 1.084944
0.480000 1.073264
0.490000 1.053963
0.500000 1.030661
0.510000 1.007042
0.520000 0.984525
0.530000 0.961126
0.540000 0.944055
0.550000 0.926107
0.560000 0.917059
0.570000 0.913866
0.580000 0.921049
0.590000 0.931731
0.600000 0.949779
0.610000 0.967944
0.620000 0.980279
0.630000 1.000438
0.640000 1.013724
0.650000 1.019898
0.660000 1.030089
0.670000 1.036042
0.680000 1.037266
0.690000 1.039023
0.700000 1.038249
0.710000 1.030157
0.720000 1.024067
0.730000 1.020008
0.740000 1.014154
0.750000 1.005143
0.760000 0.996925
0.770000 0.993295
0.780000 0.988344
0.790000 0.986226
0.800000 0.988281
0.810000 0.986432
0.820000 0.987952
0.830000 0.990756
0.840000 0.993952
0.850000 0.995712
0.860000 0.996421
0.870000 0.998306
0.880000 0.998888
0.890000 0.999395
0.900000 0.999802
0.910000 0.998546
0.920000 0.998869
0.930000 0.999831
0.940000 0.998802
0.950000 0.998378
0.960000 0.999124
0.970000 0.998467
0.980000 0.998984
0.990000 0.998990
1.000000 0.997579
1.010000 0.999351
1.020000 0.999974
1.030000 1.000738
1.040000 1.000987
1.050000 1.001464
1.060000 1.001387
1.070000 1.000430
1.080000 1.001660
1.090000 1.001239
1.100000 1.000628
