0.000000 0.000000
0.010000 0.000000
0.020000 0.000000
0.030000 0.000000
0.040000 0.000000
0.050000 0.000000
0.060000 0.000000
0.070000 0.000000
0.080000 0.000000
0.090000 0.000000
0.100000 0.000000
0.110000 0.000000
0.120000 0.000000
0.130000 0.000000
0.140000 0.000000
0.150000 0.000000
0.160000 0.000000
0.170000 0.000000
0.180000 0.000000
0.190000 0.000000
0.200000 0.000000
0.210000 0.000000
0.220000 0.000000
0.230000 0.000000
0.240000 0.000666
0.250000 0.096286
0.260000 1.086369
0.270000 2.721010
0.280000 2.909687
0.290000 2.111656
0.300000 1.406243
0.310000 1.036839
0.320000 0.879630
0.330000 0.832185
0.340000 0.827499
0.350000 0.840295
0.360000 0.861982
0.370000 0.888515
0.380000 0.917657
0.390000 0.945652
0.400000 0.979998
0.410000 1.006889
0.420000 1.040631
0.430000 1.061997
0.440000 1.085064
0.450000 1.095405
0.460000 1.097538
0.470000 1.089588
0.480000 1.073454
0.490000 1.055478
0.500000 1.032471
0.510000 1.008853
0.520000 0.985784
0.530000 0.962089
0.540000 0.943378
0.550000 0.924352
0.560000 0.914490
0.570000 0.914212
0.580000 0.921445
0.590000 0.931190
0.600000 0.948414
0.610000 0.966920
0.620000 0.982777
0.630000 0.996881
0.640000 1.010599
0.650000 1.022966
0.660000 1.030085
0.670000 1.036692
0.680000 1.039418
0.690000 1.040145
0.700000 1.037988
0.710000 1.032751
0.720000 1.025483
0.730000 1.020412
0.740000 1.011014
0.750000 1.006029
0.760000 0.998884
0.770000 0.991266
0.780000 0.987997
0.790000 0.987404
0.800000 0.987797
0.810000 0.987450
0.820000 0.989401
0.830000 0.991482
0.840000 0.993985
0.850000 0.998109
0.860000 0.997517
0.870000 0.998607
0.880000 0.998521
0.890000 1.000229
0.900000 0.999335
0.910000 0.999004
0.920000 0.999372
0.930000 0.998915
0.940000 0.997588
0.950000 0.997891
0.960000 0.999055
0.970000 0.997938
0.980000 0.998513
0.990000 0.999222
1.000000 0.998834
1.010000 0.999642
1.020000 0.999618
1.030000 1.000661
1.040000 1.000648
1.050000 1.002508
1.060000 1.002845
1.070000 1.002690
1.080000 1.002283
1.090000 1.002146
1.100000 1.000774
