0.000000 0.000000
0.010000 0.000000
0.020000 0.000000
0.030000 0.000000
0.040000 0.000000
0.050000 0.000000
0.060000 0.000000
0.070000 0.000000
0.080000 0.000000
0.090000 0.000000
0.100000 0.000000
0.110000 0.000000
0.120000 0.000000
0.130000 0.000000
0.140000 0.000000
0.150000 0.000000
0.160000 0.000000
0.170000 0.000000
0.180000 0.000000
0.190000 0.000000
0.200000 0.000000
0.210000 0.000000
0.220000 0.000000
0.230000 0.000000
0.240000 0.000674
0.250000 0.096715
0.260000 1.085622
0.270000 2.715310
0.280000 2.907415
0.290000 2.110091
0.300000 1.408989
0.310000 1.037170
0.320000 0.886037
0.330000 0.835571
0.340000 0.829668
0.350000 0.843177
0.360000 0.864233
0.370000 0.891663
0.380000 0.918893
0.390000 0.947081
0.400000 0.976317
0.410000 1.006005
0.420000 1.038872
0.430000 1.061707
0.440000 1.080220
0.450000 1.090410
0.460000 1.088578
0.470000 1.088454
0.480000 1.071135
0.490000 1.052858
0.500000 1.032789
0.510000 1.008069
0.520000 0.987411
0.530000 0.966214
0.540000 0.944103
0.550000 0.928003
0.560000 0.919209
0.570000 0.915536
0.580000 0.922028
0.590000 0.935197
0.600000 0.952959
0.610000 0.969041
0.620000 0.984989
0.630000 1.001091
0.640000 1.012720
0.650000 1.023118
0.660000 1.030366
0.670000 1.035239
0.680000 1.037894
0.690000 1.039404
0.700000 1.037358
0.710000 1.032252
0.720000 1.024859
0.730000 1.019338
0.740000 1.010253
0.750000 1.004446
0.760000 0.997050
0.770000 0.992765
0.780000 0.989700
0.790000 0.987740
0.800000 0.986701
0.810000 0.988390
0.820000 0.988888
0.830000 0.993168
0.840000 0.995840
0.850000 0.997107
0.860000 0.999120
0.870000 1.001120
0.880000 1.002307
0.890000 1.001329
0.900000 0.998922
0.910000 1.001481
0.920000 1.000272
0.930000 0.999209
0.940000 0.999008
0.950000 0.998329
0.960000 0.999829
0.970000 0.998644
0.980000 0.999117
0.990000 0.998312
1.000000 0.999104
1.010000 1.000787
1.020000 1.000587
1.030000 1.001698
1.040000 1.002533
1.050000 1.004072
1.060000 1.003665
1.070000 1.003318
1.080000 1.002867
1.090000 1.003388
1.100000 1.002603
