0.000000 0.000000
0.010000 0.000000
0.020000 0.000000
0.030000 0.000000
0.040000 0.000000
0.050000 0.000000
0.060000 0.000000
0.070000 0.000000
0.080000 0.000000
0.090000 0.000000
0.100000 0.000000
0.110000 0.000000
0.120000 0.000000
0.130000 0.000000
0.140000 0.000000
0.150000 0.000000
0.160000 0.000000
0.170000 0.000000
0.180000 0.000000
0.190000 0.000000
0.200000 0.000000
0.210000 0.000000
0.220000 0.000000
0.230000 0.000000
0.240000 0.000255
0.250000 0.094063
0.260000 1.157927
0.270000 2.835039
0.280000 2.944852
0.290000 2.095773
0.300000 1.361829
0.310000 0.998666
0.320000 0.844701
0.330000 0.786915
0.340000 0.788368
0.350000 0.806090
0.360000 0.833893
0.370000 0.861581
0.380000 0.901094
0.390000 0.938182
0.400000 0.978180
0.410000 1.009966
0.420000 1.052235
0.430000 1.076649
0.440000 1.097657
0.450000 1.111098
0.460000 1.112264
0.470000 1.104196
0.480000 1.088007
0.490000 1.068214
0.500000 1.040998
0.510000 1.010854
0.520000 0.982765
0.530000 0.962634
0.540000 0.939877
0.550000 0.914756
0.560000 0.906257
0.570000 0.898985
0.580000 0.909533
0.590000 0.921908
0.600000 0.935308
0.610000 0.955868
0.620000 0.978257
0.630000 0.990687
0.640000 1.007198
0.650000 1.017519
0.660000 1.029102
0.670000 1.037006
0.680000 1.042297
0.690000 1.042950
0.700000 1.037778
0.710000 1.034157
0.720000 1.030569
0.730000 1.022852
0.740000 1.011947
0.750000 1.005387
0.760000 0.997712
0.770000 0.994688
0.780000 0.988771
0.790000 0.986622
0.800000 0.985797
0.810000 0.987068
0.820000 0.988300
0.830000 0.988414
0.840000 0.990359
0.850000 0.994483
0.860000 0.995457
0.870000 0.998760
0.880000 0.998546
0.890000 0.998069
0.900000 0.998383
0.910000 0.997108
0.920000 0.999191
0.930000 0.997818
0.940000 0.998411
0.950000 0.996954
0.960000 0.997149
0.970000 0.996849
0.980000 0.997896
0.990000 0.997833
1.000000 0.998350
1.010000 0.999030
1.020000 1.000638
1.030000 0.999004
1.040000 1.001038
1.050000 1.001563
1.060000 1.002681
1.070000 1.002640
1.080000 1.003343
1.090000 1.002206
1.100000 1.002561
