0.000000 0.000000
0.010000 0.000000
0.020000 0.000000
0.030000 0.000000
0.040000 0.000000
0.050000 0.000000
0.060000 0.000000
0.070000 0.000000
0.080000 0.000000
0.090000 0.000000
0.100000 0.000000
0.110000 0.000000
0.120000 0.000000
0.130000 0.000000
0.140000 0.000000
0.150000 0.000000
0.160000 0.000000
0.170000 0.000000
0.180000 0.000000
0.190000 0.000000
0.200000 0.000000
0.210000 0.000000
0.220000 0.000000
0.230000 0.000000
0.240000 0.000390
0.250000 0.064768
0.260000 0.789520
0.270000 2.198943
0.280000 2.666233
0.290000 2.190749
0.300000 1.631024
0.310000 1.269066
0.320000 1.086126
0.330000 0.993541
0.340000 0.951645
0.350000 0.933695
0.360000 0.932408
0.370000 0.934735
0.380000 0.939392
0.390000 0.953786
0.400000 0.969827
0.410000 0.985177
0.420000 1.000623
0.430000 1.016752
0.440000 1.026769
0.450000 1.032390
0.460000 1.034395
0.470000 1.028757
0.480000 1.020296
0.490000 1.010120
0.500000 0.996995
0.510000 0.983277
0.520000 0.972917
0.530000 0.964502
0.540000 0.957883
0.550000 0.954790
0.560000 0.953172
0.570000 0.954173
0.580000 0.957404
0.590000 0.963541
0.600000 0.974221
0.610000 0.981388
0.620000 0.992138
0.630000 1.001301
0.640000 1.010643
0.650000 1.018349
0.660000 1.023802
0.670000 1.028577
0.680000 1.030195
0.690000 1.030665
0.700000 1.029959
0.710000 1.026295
0.720000 1.021526
0.730000 1.014981
0.740000 1.008489
0.750000 1.004361
0.760000 0.998208
0.770000 0.994559
0.780000 0.991871
0.790000 0.988756
0.800000 0.988112
0.810000 0.987473
0.820000 0.988826
0.830000 0.990150
0.840000 0.991007
0.850000 0.993377
0.860000 0.994746
0.870000 0.997039
0.880000 0.998544
0.890000 0.999179
0.900000 0.998075
0.910000 0.999553
0.920000 1.000957
0.930000 1.001706
0.940000 1.001699
0.950000 1.002272
0.960000 1.001444
0.970000 1.001988
0.980000 1.001491
0.990000 1.001571
1.000000 1.000355
1.010000 1.001821
1.020000 1.000917
1.030000 1.000547
1.040000 1.001084
1.050000 1.001273
1.060000 1.001457
1.070000 1.000970
1.080000 1.000679
1.090000 1.000700
1.100000 1.000697
