0.000000 0.000000
0.010000 0.000000
0.020000 0.000000
0.030000 0.000000
0.040000 0.000000
0.050000 0.000000
0.060000 0.000000
0.070000 0.000000
0.080000 0.000000
0.090000 0.000000
0.100000 0.000000
0.110000 0.000000
0.120000 0.000000
0.130000 0.000000
0.140000 0.000000
0.150000 0.000000
0.160000 0.000000
0.170000 0.000000
0.180000 0.000000
0.190000 0.000000
0.200000 0.000000
0.210000 0.000000
0.220000 0.000000
0.230000 0.000000
0.240000 0.000600
0.250000 0.093839
0.260000 1.088475
0.270000 2.715772
0.280000 2.914445
0.290000 2.113206
0.300000 1.405884
0.310000 1.033177
0.320000 0.874906
0.330000 0.827922
0.340000 0.824936
0.350000 0.840155
0.360000 0.858988
0.370000 0.887440
0.380000 0.920345
0.390000 0.946886
0.400000 0.974386
0.410000 1.006299
0.420000 1.039243
0.430000 1.064587
0.440000 1.081428
0.450000 1.094402
0.460000 1.096675
0.470000 1.088062
0.480000 1.070718
0.490000 1.055743
0.500000 1.032851
0.510000 1.009214
0.520000 0.984358
0.530000 0.966569
0.540000 0.943367
0.550000 0.927210
0.560000 0.914078
0.570000 0.916442
0.580000 0.921050
0.590000 0.932062
0.600000 0.950469
0.610000 0.966595
0.620000 0.981771
0.630000 0.997042
0.640000 1.013158
0.650000 1.020888
0.660000 1.029160
0.670000 1.034879
0.680000 1.038536
0.690000 1.037658
0.700000 1.034502
0.710000 1.033136
0.720000 1.025774
0.730000 1.017234
0.740000 1.010619
0.750000 1.005912
0.760000 0.999138
0.770000 0.993547
0.780000 0.987318
0.790000 0.986733
0.800000 0.986418
0.810000 0.988333
0.820000 0.989957
0.830000 0.993555
0.840000 0.996127
0.850000 0.997576
0.860000 0.998865
0.870000 1.001048
0.880000 1.002050
0.890000 0.999260
0.900000 0.998292
0.910000 0.998544
0.920000 0.998671
0.930000 0.998278
0.940000 0.997866
0.950000 0.997737
0.960000 0.996686
0.970000 0.996884
0.980000 0.998187
0.990000 0.999070
1.000000 0.999739
1.010000 1.000096
1.020000 1.001150
1.030000 1.000898
1.040000 1.003304
1.050000 1.000188
1.060000 1.002991
1.070000 1.002115
1.080000 1.003633
1.090000 1.002488
1.100000 1.003120
