0.000000 0.000000
0.010000 0.000000
0.020000 0.000000
0.030000 0.000000
0.040000 0.000000
0.050000 0.000000
0.060000 0.000000
0.070000 0.000000
0.080000 0.000000
0.090000 0.000000
0.100000 0.000000
0.110000 0.000000
0.120000 0.000000
0.130000 0.000000
0.140000 0.000000
0.150000 0.000000
0.160000 0.000000
0.170000 0.000000
0.180000 0.000000
0.190000 0.000000
0.200000 0.000000
0.210000 0.000000
0.220000 0.000000
0.230000 0.000000
0.240000 0.000470
0.250000 0.072600
0.260000 0.859301
0.270000 2.330245
0.280000 2.743589
0.290000 2.176694
0.300000 1.575481
0.310000 1.212346
0.320000 1.030880
0.330000 0.949819
0.340000 0.918966
0.350000 0.911770
0.360000 0.911484
0.370000 0.922335
0.380000 0.930259
0.390000 0.950952
0.400000 0.972874
0.410000 0.989338
0.420000 1.007187
0.430000 1.028969
0.440000 1.042949
0.450000 1.046513
0.460000 1.050336
0.470000 1.043842
0.480000 1.037297
0.490000 1.023540
0.500000 1.008033
0.510000 0.991988
0.520000 0.976155
0.530000 0.964662
0.540000 0.954317
0.550000 0.945868
0.560000 0.945504
0.570000 0.944962
0.580000 0.950672
0.590000 0.957834
0.600000 0.968412
0.610000 0.977449
0.620000 0.991285
0.630000 1.000648
0.640000 1.010474
0.650000 1.017977
0.660000 1.024692
0.670000 1.030300
0.680000 1.030691
0.690000 1.033694
0.700000 1.030566
0.710000 1.027046
0.720000 1.023712
0.730000 1.015459
0.740000 1.009063
0.750000 1.004536
0.760000 0.998774
0.770000 0.994485
0.780000 0.991850
0.790000 0.990276
0.800000 0.989092
0.810000 0.987399
0.820000 0.988409
0.830000 0.990557
0.840000 0.992863
0.850000 0.996373
0.860000 0.997127
0.870000 0.998000
0.880000 1.000420
0.890000 0.999778
0.900000 0.999485
0.910000 0.998873
0.920000 1.001239
0.930000 1.001800
0.940000 1.002142
0.950000 1.002291
0.960000 1.000826
0.970000 1.001455
0.980000 1.000877
0.990000 0.999815
1.000000 1.000499
1.010000 1.000057
1.020000 0.999885
1.030000 1.001752
1.040000 1.000819
1.050000 1.001490
1.060000 1.001450
1.070000 1.001516
1.080000 1.001550
1.090000 1.001953
1.100000 1.000607
