0.0000000000e+00   1.4289700000e+01 0.0000000000e+00
0.0000000000e+00   1.4324500000e+01 0.0000000000e+00
0.0000000000e+00   1.4344000000e+01 0.0000000000e+00
0.0000000000e+00   1.4393100000e+01 0.0000000000e+00
0.0000000000e+00   1.4380900000e+01 0.0000000000e+00
0.0000000000e+00   1.4342700000e+01 0.0000000000e+00
0.0000000000e+00   1.4398000000e+01 0.0000000000e+00
0.0000000000e+00   1.4381100000e+01 0.0000000000e+00
0.0000000000e+00   1.4323900000e+01 0.0000000000e+00
0.0000000000e+00   1.4364700000e+01 0.0000000000e+00
0.0000000000e+00   1.4357100000e+01 0.0000000000e+00
0.0000000000e+00   1.4407000000e+01 0.0000000000e+00
0.0000000000e+00   1.4428500000e+01 0.0000000000e+00
0.0000000000e+00   1.4445000000e+01 0.0000000000e+00
0.0000000000e+00   1.4388100000e+01 0.0000000000e+00
0.0000000000e+00   1.4450700000e+01 0.0000000000e+00
0.0000000000e+00   1.4418700000e+01 0.0000000000e+00
0.0000000000e+00   1.4436400000e+01 0.0000000000e+00
0.0000000000e+00   1.4503900000e+01 0.0000000000e+00
0.0000000000e+00   1.4578000000e+01 0.0000000000e+00
0.0000000000e+00   1.4572300000e+01 0.0000000000e+00
