0.000000 0.000000
0.010000 0.000000
0.020000 0.000000
0.030000 0.000000
0.040000 0.000000
0.050000 0.000000
0.060000 0.000000
0.070000 0.000000
0.080000 0.000000
0.090000 0.000000
0.100000 0.000000
0.110000 0.000000
0.120000 0.000000
0.130000 0.000000
0.140000 0.000000
0.150000 0.000000
0.160000 0.000000
0.170000 0.000000
0.180000 0.000000
0.190000 0.000000
0.200000 0.000000
0.210000 0.000000
0.220000 0.000000
0.230000 0.000000
0.240000 0.000614
0.250000 0.095357
0.260000 1.070633
0.270000 2.731563
0.280000 2.983180
0.290000 2.168816
0.300000 1.425887
0.310000 1.029401
0.320000 0.850311
0.330000 0.787732
0.340000 0.780317
0.350000 0.792667
0.360000 0.818662
0.370000 0.849055
0.380000 0.884578
0.390000 0.925155
0.400000 0.964037
0.410000 1.003335
0.420000 1.041654
0.430000 1.073172
0.440000 1.097306
0.450000 1.116438
0.460000 1.113618
0.470000 1.118690
0.480000 1.100775
0.490000 1.077933
0.500000 1.056516
0.510000 1.030379
0.520000 1.001925
0.530000 0.978109
0.540000 0.953985
0.550000 0.932448
0.560000 0.916914
0.570000 0.914719
0.580000 0.920118
0.590000 0.929124
0.600000 0.944214
0.610000 0.958759
0.620000 0.976897
0.630000 0.992451
0.640000 1.008072
0.650000 1.017863
0.660000 1.029331
0.670000 1.033630
0.680000 1.040594
0.690000 1.042354
0.700000 1.040850
0.710000 1.037690
0.720000 1.029359
0.730000 1.026256
0.740000 1.016628
0.750000 1.009783
0.760000 1.003635
0.770000 1.000546
0.780000 0.995616
0.790000 0.994689
0.800000 0.994774
0.810000 0.994495
0.820000 0.997163
0.830000 1.001340
0.840000 1.001649
0.850000 1.004992
0.860000 1.007417
0.870000 1.009536
0.880000 1.007309
0.890000 1.010437
0.900000 1.007970
0.910000 1.008218
0.920000 1.006956
0.930000 1.008184
0.940000 1.006520
0.950000 1.006837
0.960000 1.006524
0.970000 1.008140
0.980000 1.007600
0.990000 1.007474
1.000000 1.008890
1.010000 1.008279
1.020000 1.010061
1.030000 1.010866
1.040000 1.012451
1.050000 1.013062
1.060000 1.014618
1.070000 1.013267
1.080000 1.014596
1.090000 1.017096
1.100000 1.016597
