0.000000 0.000000
0.010000 0.000000
0.020000 0.000000
0.030000 0.000000
0.040000 0.000000
0.050000 0.000000
0.060000 0.000000
0.070000 0.000000
0.080000 0.000000
0.090000 0.000000
0.100000 0.000000
0.110000 0.000000
0.120000 0.000000
0.130000 0.000000
0.140000 0.000000
0.150000 0.000000
0.160000 0.000000
0.170000 0.000000
0.180000 0.000000
0.190000 0.000000
0.200000 0.000000
0.210000 0.000000
0.220000 0.000000
0.230000 0.000000
0.240000 0.000583
0.250000 0.087703
0.260000 1.068715
0.270000 2.758913
0.280000 2.994844
0.290000 2.148707
0.300000 1.411553
0.310000 1.019774
0.320000 0.848866
0.330000 0.795834
0.340000 0.791368
0.350000 0.803856
0.360000 0.830453
0.370000 0.866452
0.380000 0.901170
0.390000 0.937021
0.400000 0.972094
0.410000 1.007814
0.420000 1.050695
0.430000 1.081547
0.440000 1.104640
0.450000 1.121225
0.460000 1.119047
0.470000 1.117237
0.480000 1.104640
0.490000 1.081452
0.500000 1.059293
0.510000 1.030688
0.520000 1.002742
0.530000 0.978573
0.540000 0.949481
0.550000 0.931657
0.560000 0.920651
0.570000 0.920008
0.580000 0.924088
0.590000 0.938200
0.600000 0.955256
0.610000 0.975213
0.620000 0.990896
0.630000 1.009770
0.640000 1.023463
0.650000 1.035858
0.660000 1.043958
0.670000 1.053090
0.680000 1.056477
0.690000 1.057825
0.700000 1.055590
0.710000 1.051238
0.720000 1.046344
0.730000 1.038822
0.740000 1.031360
0.750000 1.024686
0.760000 1.017849
0.770000 1.013602
0.780000 1.010825
0.790000 1.008484
0.800000 1.007364
0.810000 1.009307
0.820000 1.013499
0.830000 1.013859
0.840000 1.015675
0.850000 1.021545
0.860000 1.022216
0.870000 1.022928
0.880000 1.023960
0.890000 1.024471
0.900000 1.024049
0.910000 1.025960
0.920000 1.024985
0.930000 1.023865
0.940000 1.025121
0.950000 1.024061
0.960000 1.024702
0.970000 1.024508
0.980000 1.024169
0.990000 1.026189
1.000000 1.026350
1.010000 1.026539
1.020000 1.028580
1.030000 1.028305
1.040000 1.028863
1.050000 1.029992
1.060000 1.030421
1.070000 1.031509
1.080000 1.032219
1.090000 1.031686
1.100000 1.031776
