0.000000 0.000000
0.010000 0.000000
0.020000 0.000000
0.030000 0.000000
0.040000 0.000000
0.050000 0.000000
0.060000 0.000000
0.070000 0.000000
0.080000 0.000000
0.090000 0.000000
0.100000 0.000000
0.110000 0.000000
0.120000 0.000000
0.130000 0.000000
0.140000 0.000000
0.150000 0.000000
0.160000 0.000000
0.170000 0.000000
0.180000 0.000000
0.190000 0.000000
0.200000 0.000000
0.210000 0.000000
0.220000 0.000000
0.230000 0.000000
0.240000 0.000812
0.250000 0.094145
0.260000 1.072605
0.270000 2.748996
0.280000 2.985201
0.290000 2.157617
0.300000 1.425226
0.310000 1.023317
0.320000 0.845192
0.330000 0.783938
0.340000 0.779015
0.350000 0.789943
0.360000 0.820022
0.370000 0.853119
0.380000 0.882867
0.390000 0.922461
0.400000 0.962351
0.410000 1.000124
0.420000 1.039348
0.430000 1.074841
0.440000 1.093984
0.450000 1.115546
0.460000 1.120711
0.470000 1.113741
0.480000 1.098864
0.490000 1.079353
0.500000 1.054971
0.510000 1.027999
0.520000 1.001741
0.530000 0.976507
0.540000 0.951959
0.550000 0.928736
0.560000 0.914028
0.570000 0.910748
0.580000 0.913816
0.590000 0.925759
0.600000 0.940587
0.610000 0.955263
0.620000 0.972888
0.630000 0.987002
0.640000 1.003495
0.650000 1.016212
0.660000 1.026108
0.670000 1.030781
0.680000 1.036915
0.690000 1.040216
0.700000 1.036987
0.710000 1.033348
0.720000 1.026186
0.730000 1.019611
0.740000 1.011915
0.750000 1.005510
0.760000 0.999382
0.770000 0.993169
0.780000 0.990588
0.790000 0.988162
0.800000 0.988008
0.810000 0.989453
0.820000 0.992178
0.830000 0.991575
0.840000 0.994348
0.850000 0.998077
0.860000 0.999451
0.870000 1.003351
0.880000 1.001105
0.890000 1.002682
0.900000 1.001050
0.910000 0.999113
0.920000 0.999619
0.930000 0.999756
0.940000 0.997488
0.950000 0.997998
0.960000 0.997158
0.970000 0.998907
0.980000 0.997550
0.990000 0.997876
1.000000 0.997240
1.010000 0.999438
1.020000 0.998141
1.030000 0.999208
1.040000 1.001297
1.050000 1.001461
1.060000 1.002092
1.070000 1.001367
1.080000 1.002476
1.090000 1.001761
1.100000 1.002690
