0.000000 0.000000
0.010000 0.000000
0.020000 0.000000
0.030000 0.000000
0.040000 0.000000
0.050000 0.000000
0.060000 0.000000
0.070000 0.000000
0.080000 0.000000
0.090000 0.000000
0.100000 0.000000
0.110000 0.000000
0.120000 0.000000
0.130000 0.000000
0.140000 0.000000
0.150000 0.000000
0.160000 0.000000
0.170000 0.000000
0.180000 0.000000
0.190000 0.000000
0.200000 0.000000
0.210000 0.000000
0.220000 0.000000
0.230000 0.000000
0.240000 0.000706
0.250000 0.096855
0.260000 1.086899
0.270000 2.720938
0.280000 2.922282
0.290000 2.113435
0.300000 1.404995
0.310000 1.036635
0.320000 0.879346
0.330000 0.831339
0.340000 0.822690
0.350000 0.838810
0.360000 0.858588
0.370000 0.884683
0.380000 0.914961
0.390000 0.942702
0.400000 0.974312
0.410000 1.006208
0.420000 1.037992
0.430000 1.063811
0.440000 1.083855
0.450000 1.096730
0.460000 1.096126
0.470000 1.089452
0.480000 1.075182
0.490000 1.056321
0.500000 1.033933
0.510000 1.010085
0.520000 0.987545
0.530000 0.966547
0.540000 0.946144
0.550000 0.927585
0.560000 0.917643
0.570000 0.914864
0.580000 0.921176
0.590000 0.933696
0.600000 0.947549
0.610000 0.966010
0.620000 0.980730
0.630000 0.997354
0.640000 1.008181
0.650000 1.021365
0.660000 1.029452
0.670000 1.034726
0.680000 1.039079
0.690000 1.039870
0.700000 1.037235
0.710000 1.033293
0.720000 1.026955
0.730000 1.020634
0.740000 1.011917
0.750000 1.004032
0.760000 0.998126
0.770000 0.994397
0.780000 0.990453
0.790000 0.988144
0.800000 0.987475
0.810000 0.989369
0.820000 0.989995
0.830000 0.992001
0.840000 0.994455
0.850000 0.998043
0.860000 0.999543
0.870000 0.999969
0.880000 1.000594
0.890000 0.999670
0.900000 1.000559
0.910000 0.999853
0.920000 1.000509
0.930000 0.999588
0.940000 1.000322
0.950000 0.999610
0.960000 0.999355
0.970000 0.999036
0.980000 0.998341
0.990000 0.999402
1.000000 0.999712
1.010000 0.999448
1.020000 1.000125
1.030000 1.000714
1.040000 1.001329
1.050000 1.002696
1.060000 1.002574
1.070000 1.003343
1.080000 1.002760
1.090000 1.004046
1.100000 1.002946
