0.000000 0.000000
0.010000 0.000000
0.020000 0.000000
0.030000 0.000000
0.040000 0.000000
0.050000 0.000000
0.060000 0.000000
0.070000 0.000000
0.080000 0.000000
0.090000 0.000000
0.100000 0.000000
0.110000 0.000000
0.120000 0.000000
0.130000 0.000000
0.140000 0.000000
0.150000 0.000000
0.160000 0.000000
0.170000 0.000000
0.180000 0.000000
0.190000 0.000000
0.200000 0.000000
0.210000 0.000000
0.220000 0.000000
0.230000 0.000000
0.240000 0.000831
0.250000 0.095476
0.260000 1.073982
0.270000 2.695205
0.280000 2.896911
0.290000 2.098864
0.300000 1.403379
0.310000 1.032829
0.320000 0.877187
0.330000 0.825131
0.340000 0.829518
0.350000 0.841429
0.360000 0.864500
0.370000 0.888461
0.380000 0.919922
0.390000 0.949352
0.400000 0.981982
0.410000 1.018195
0.420000 1.040242
0.430000 1.068317
0.440000 1.089036
0.450000 1.099156
0.460000 1.097305
0.470000 1.091661
0.480000 1.073331
0.490000 1.052892
0.500000 1.029319
0.510000 1.008856
0.520000 0.982527
0.530000 0.960632
0.540000 0.939510
0.550000 0.922332
0.560000 0.913308
0.570000 0.914214
0.580000 0.920417
0.590000 0.932733
0.600000 0.949985
0.610000 0.966403
0.620000 0.985744
0.630000 0.997644
0.640000 1.011583
0.650000 1.019415
0.660000 1.031250
0.670000 1.037566
0.680000 1.037764
0.690000 1.039497
0.700000 1.035272
0.710000 1.032453
0.720000 1.027826
0.730000 1.018277
0.740000 1.010771
0.750000 1.003598
0.760000 0.998341
0.770000 0.993588
0.780000 0.990615
0.790000 0.988494
0.800000 0.986277
0.810000 0.986746
0.820000 0.991828
0.830000 0.993877
0.840000 0.995761
0.850000 0.997849
0.860000 0.996867
0.870000 1.000942
0.880000 0.999590
0.890000 1.000248
0.900000 0.999998
0.910000 0.999401
0.920000 1.001000
0.930000 1.000373
0.940000 0.999454
0.950000 0.998361
0.960000 0.999584
0.970000 0.998967
0.980000 0.997892
0.990000 0.998786
1.000000 0.998498
1.010000 0.999904
1.020000 1.001022
1.030000 1.001178
1.040000 1.002841
1.050000 1.003435
1.060000 1.004701
1.070000 1.004929
1.080000 1.004376
1.090000 1.003673
1.100000 1.002069
