0.000000 0.000000
0.010000 0.000000
0.020000 0.000000
0.030000 0.000000
0.040000 0.000000
0.050000 0.000000
0.060000 0.000000
0.070000 0.000000
0.080000 0.000000
0.090000 0.000000
0.100000 0.000000
0.110000 0.000000
0.120000 0.000000
0.130000 0.000000
0.140000 0.000000
0.150000 0.000000
0.160000 0.000000
0.170000 0.000000
0.180000 0.000000
0.190000 0.000000
0.200000 0.000000
0.210000 0.000000
0.220000 0.000000
0.230000 0.000000
0.240000 0.000592
0.250000 0.087940
0.260000 1.044308
0.270000 2.679384
0.280000 2.890906
0.290000 2.119784
0.300000 1.412635
0.310000 1.041585
0.320000 0.887504
0.330000 0.832705
0.340000 0.833707
0.350000 0.843583
0.360000 0.871060
0.370000 0.895684
0.380000 0.922860
0.390000 0.952235
0.400000 0.981902
0.410000 1.014213
0.420000 1.037486
0.430000 1.064048
0.440000 1.086457
0.450000 1.096298
0.460000 1.091877
0.470000 1.088961
0.480000 1.072092
0.490000 1.055033
0.500000 1.029148
0.510000 1.007263
0.520000 0.982652
0.530000 0.962351
0.540000 0.940489
0.550000 0.925055
0.560000 0.916426
0.570000 0.917111
0.580000 0.926423
0.590000 0.937550
0.600000 0.953242
0.610000 0.970449
0.620000 0.989461
0.630000 1.001104
0.640000 1.014210
0.650000 1.021341
0.660000 1.031301
0.670000 1.039849
0.680000 1.041291
0.690000 1.039637
0.700000 1.036883
0.710000 1.034632
0.720000 1.027802
0.730000 1.022666
0.740000 1.011757
0.750000 1.004396
0.760000 1.001232
0.770000 0.997378
0.780000 0.993335
0.790000 0.990566
0.800000 0.988572
0.810000 0.989909
0.820000 0.992791
0.830000 0.995622
0.840000 0.996872
0.850000 0.999990
0.860000 1.001954
0.870000 1.003312
0.880000 1.004134
0.890000 1.004113
0.900000 1.001674
0.910000 1.004636
0.920000 1.004475
0.930000 1.004341
0.940000 1.002680
0.950000 1.003470
0.960000 1.003674
0.970000 1.002404
0.980000 1.001850
0.990000 1.002820
1.000000 1.003121
1.010000 1.003398
1.020000 1.004830
1.030000 1.004865
1.040000 1.005112
1.050000 1.005638
1.060000 1.007008
1.070000 1.007558
1.080000 1.006744
1.090000 1.006731
1.100000 1.007291
