0.000000 0.000000
0.010000 0.000000
0.020000 0.000000
0.030000 0.000000
0.040000 0.000000
0.050000 0.000000
0.060000 0.000000
0.070000 0.000000
0.080000 0.000000
0.090000 0.000000
0.100000 0.000000
0.110000 0.000000
0.120000 0.000000
0.130000 0.000000
0.140000 0.000000
0.150000 0.000000
0.160000 0.000000
0.170000 0.000000
0.180000 0.000000
0.190000 0.000000
0.200000 0.000000
0.210000 0.000000
0.220000 0.000000
0.230000 0.000000
0.240000 0.000715
0.250000 0.098539
0.260000 1.083130
0.270000 2.721318
0.280000 2.918837
0.290000 2.116567
0.300000 1.400982
0.310000 1.039829
0.320000 0.881707
0.330000 0.832633
0.340000 0.828499
0.350000 0.840624
0.360000 0.861624
0.370000 0.888687
0.380000 0.913640
0.390000 0.943807
0.400000 0.975173
0.410000 1.006683
0.420000 1.041075
0.430000 1.065065
0.440000 1.083141
0.450000 1.093937
0.460000 1.094941
0.470000 1.089563
0.480000 1.076229
0.490000 1.054153
0.500000 1.032910
0.510000 1.009691
0.520000 0.987777
0.530000 0.968201
0.540000 0.945365
0.550000 0.929855
0.560000 0.919203
0.570000 0.916944
0.580000 0.921490
0.590000 0.935816
0.600000 0.949965
0.610000 0.967861
0.620000 0.983880
0.630000 0.997973
0.640000 1.010054
0.650000 1.023959
0.660000 1.033673
0.670000 1.036756
0.680000 1.040297
0.690000 1.039833
0.700000 1.037305
0.710000 1.035035
0.720000 1.025737
0.730000 1.019958
0.740000 1.012219
0.750000 1.005401
0.760000 1.000876
0.770000 0.994883
0.780000 0.991013
0.790000 0.990169
0.800000 0.990226
0.810000 0.990497
0.820000 0.992174
0.830000 0.994953
0.840000 0.996279
0.850000 0.999719
0.860000 1.000947
0.870000 1.004515
0.880000 1.002543
0.890000 1.002051
0.900000 1.003324
0.910000 1.002977
0.920000 1.002414
0.930000 1.001932
0.940000 1.002418
0.950000 0.999688
0.960000 0.999536
0.970000 1.001735
0.980000 1.000328
0.990000 1.001233
1.000000 1.002956
1.010000 1.002955
1.020000 1.003414
1.030000 1.004666
1.040000 1.003775
1.050000 1.005709
1.060000 1.005519
1.070000 1.005299
1.080000 1.007398
1.090000 1.005545
1.100000 1.005906
