0.000000 0.000000
0.010000 0.000000
0.020000 0.000000
0.030000 0.000000
0.040000 0.000000
0.050000 0.000000
0.060000 0.000000
0.070000 0.000000
0.080000 0.000000
0.090000 0.000000
0.100000 0.000000
0.110000 0.000000
0.120000 0.000000
0.130000 0.000000
0.140000 0.000000
0.150000 0.000000
0.160000 0.000000
0.170000 0.000000
0.180000 0.000000
0.190000 0.000000
0.200000 0.000000
0.210000 0.000000
0.220000 0.000000
0.230000 0.000000
0.240000 0.000648
0.250000 0.093465
0.260000 1.076251
0.270000 2.746192
0.280000 2.933961
0.290000 2.117439
0.300000 1.400133
0.310000 1.028184
0.320000 0.871694
0.330000 0.826652
0.340000 0.819552
0.350000 0.839878
0.360000 0.863151
0.370000 0.891179
0.380000 0.913901
0.390000 0.952546
0.400000 0.985198
0.410000 1.012968
0.420000 1.048344
0.430000 1.067285
0.440000 1.091426
0.450000 1.100424
0.460000 1.100467
0.470000 1.094256
0.480000 1.079789
0.490000 1.055957
0.500000 1.035232
0.510000 1.011097
0.520000 0.986359
0.530000 0.962577
0.540000 0.941432
0.550000 0.923061
0.560000 0.915537
0.570000 0.913717
0.580000 0.922709
0.590000 0.934151
0.600000 0.951996
0.610000 0.969816
0.620000 0.985921
0.630000 1.002326
0.640000 1.018151
0.650000 1.028515
0.660000 1.037851
0.670000 1.043653
0.680000 1.044803
0.690000 1.044815
0.700000 1.044111
0.710000 1.037385
0.720000 1.030694
0.730000 1.023356
0.740000 1.014504
0.750000 1.007692
0.760000 1.001851
0.770000 0.996609
0.780000 0.990601
0.790000 0.990800
0.800000 0.989640
0.810000 0.990124
0.820000 0.993148
0.830000 0.992707
0.840000 0.997713
0.850000 0.998656
0.860000 1.003323
0.870000 1.005068
0.880000 1.004832
0.890000 1.003833
0.900000 1.004887
0.910000 1.003813
0.920000 1.005158
0.930000 1.004860
0.940000 1.004559
0.950000 1.003994
0.960000 1.003103
0.970000 1.003269
0.980000 1.003141
0.990000 1.003297
1.000000 1.003602
1.010000 1.005345
1.020000 1.003702
1.030000 1.005314
1.040000 1.005100
1.050000 1.006255
1.060000 1.008140
1.070000 1.006823
1.080000 1.007272
1.090000 1.006972
1.100000 1.005841
