0.000000 0.000000
0.010000 0.000000
0.020000 0.000000
0.030000 0.000000
0.040000 0.000000
0.050000 0.000000
0.060000 0.000000
0.070000 0.000000
0.080000 0.000000
0.090000 0.000000
0.100000 0.000000
0.110000 0.000000
0.120000 0.000000
0.130000 0.000000
0.140000 0.000000
0.150000 0.000000
0.160000 0.000000
0.170000 0.000000
0.180000 0.000000
0.190000 0.000000
0.200000 0.000000
0.210000 0.000000
0.220000 0.000000
0.230000 0.000000
0.240000 0.000071
0.250000 0.042110
0.260000 0.924445
0.270000 2.873805
0.280000 3.104500
0.290000 2.138457
0.300000 1.371492
0.310000 0.990566
0.320000 0.846968
0.330000 0.807255
0.340000 0.804652
0.350000 0.825802
0.360000 0.852459
0.370000 0.881768
0.380000 0.911064
0.390000 0.948577
0.400000 0.980829
0.410000 1.010667
0.420000 1.046234
0.430000 1.069775
0.440000 1.091550
0.450000 1.103316
0.460000 1.098552
0.470000 1.086607
0.480000 1.070147
0.490000 1.047773
0.500000 1.016200
0.510000 0.995014
0.520000 0.968248
0.530000 0.941351
0.540000 0.916560
0.550000 0.898936
0.560000 0.892772
0.570000 0.896427
0.580000 0.909283
0.590000 0.927021
0.600000 0.945138
0.610000 0.962835
0.620000 0.983378
0.630000 1.000492
0.640000 1.012314
0.650000 1.024485
0.660000 1.033311
0.670000 1.037665
0.680000 1.037389
0.690000 1.036928
0.700000 1.033653
0.710000 1.026682
0.720000 1.020131
0.730000 1.010657
0.740000 1.001749
0.750000 0.992926
0.760000 0.986827
0.770000 0.982230
0.780000 0.975909
0.790000 0.975404
0.800000 0.973321
0.810000 0.975657
0.820000 0.978190
0.830000 0.981418
0.840000 0.984750
0.850000 0.986192
0.860000 0.988600
0.870000 0.991940
0.880000 0.989165
0.890000 0.987179
0.900000 0.989283
0.910000 0.989951
0.920000 0.990572
0.930000 0.988830
0.940000 0.988654
0.950000 0.989392
0.960000 0.988797
0.970000 0.988154
0.980000 0.988693
0.990000 0.988197
1.000000 0.989535
1.010000 0.989386
1.020000 0.990070
1.030000 0.991201
1.040000 0.990375
1.050000 0.991157
1.060000 0.992841
1.070000 0.991951
1.080000 0.992674
1.090000 0.991356
1.100000 0.990098
