0.000000 0.000000
0.010000 0.000000
0.020000 0.000000
0.030000 0.000000
0.040000 0.000000
0.050000 0.000000
0.060000 0.000000
0.070000 0.000000
0.080000 0.000000
0.090000 0.000000
0.100000 0.000000
0.110000 0.000000
0.120000 0.000000
0.130000 0.000000
0.140000 0.000000
0.150000 0.000000
0.160000 0.000000
0.170000 0.000000
0.180000 0.000000
0.190000 0.000000
0.200000 0.000000
0.210000 0.000000
0.220000 0.000000
0.230000 0.000000
0.240000 0.000649
0.250000 0.098414
0.260000 1.091516
0.270000 2.725907
0.280000 2.927451
0.290000 2.108967
0.300000 1.404459
0.310000 1.031548
0.320000 0.876730
0.330000 0.828600
0.340000 0.826021
0.350000 0.833766
0.360000 0.863568
0.370000 0.888370
0.380000 0.916572
0.390000 0.946738
0.400000 0.977703
0.410000 1.007282
0.420000 1.044183
0.430000 1.066121
0.440000 1.085311
0.450000 1.095685
0.460000 1.096504
0.470000 1.088819
0.480000 1.076830
0.490000 1.059435
0.500000 1.036039
0.510000 1.010530
0.520000 0.984632
0.530000 0.964880
0.540000 0.941940
0.550000 0.930365
0.560000 0.917604
0.570000 0.916384
0.580000 0.920409
0.590000 0.933933
0.600000 0.948934
0.610000 0.968699
0.620000 0.982846
0.630000 0.996253
0.640000 1.012339
0.650000 1.023267
0.660000 1.029209
0.670000 1.037835
0.680000 1.039403
0.690000 1.040928
0.700000 1.036099
0.710000 1.033052
0.720000 1.027812
0.730000 1.020949
0.740000 1.012250
0.750000 1.003177
0.760000 1.000858
0.770000 0.993639
0.780000 0.991741
0.790000 0.988030
0.800000 0.988018
0.810000 0.989682
0.820000 0.990843
0.830000 0.992051
0.840000 0.995699
0.850000 0.999050
0.860000 1.001347
0.870000 1.000804
0.880000 1.000512
0.890000 1.000298
0.900000 1.001304
0.910000 0.999904
0.920000 0.999773
0.930000 0.999792
0.940000 0.999681
0.950000 0.999856
0.960000 1.000490
0.970000 1.000175
0.980000 0.999509
0.990000 1.000949
1.000000 1.002211
1.010000 1.001388
1.020000 1.001779
1.030000 1.001641
1.040000 1.003521
1.050000 1.002263
1.060000 1.003245
1.070000 1.002390
1.080000 1.002689
1.090000 1.003396
1.100000 1.002193
