0.000000 0.000000
0.010000 0.000000
0.020000 0.000000
0.030000 0.000000
0.040000 0.000000
0.050000 0.000000
0.060000 0.000000
0.070000 0.000000
0.080000 0.000000
0.090000 0.000000
0.100000 0.000000
0.110000 0.000000
0.120000 0.000000
0.130000 0.000000
0.140000 0.000000
0.150000 0.000000
0.160000 0.000000
0.170000 0.000000
0.180000 0.000000
0.190000 0.000000
0.200000 0.000000
0.210000 0.000000
0.220000 0.000000
0.230000 0.000000
0.240000 0.000672
0.250000 0.096524
0.260000 1.085026
0.270000 2.706859
0.280000 2.905497
0.290000 2.113687
0.300000 1.408111
0.310000 1.036291
0.320000 0.879361
0.330000 0.832262
0.340000 0.826126
0.350000 0.836348
0.360000 0.861047
0.370000 0.888771
0.380000 0.912381
0.390000 0.946390
0.400000 0.976876
0.410000 1.007629
0.420000 1.033570
0.430000 1.063563
0.440000 1.083927
0.450000 1.092916
0.460000 1.093122
0.470000 1.089736
0.480000 1.071241
0.490000 1.053066
0.500000 1.031045
0.510000 1.005099
0.520000 0.984378
0.530000 0.959213
0.540000 0.942015
0.550000 0.924459
0.560000 0.914204
0.570000 0.915197
0.580000 0.921540
0.590000 0.931632
0.600000 0.949405
0.610000 0.966263
0.620000 0.984091
0.630000 0.998076
0.640000 1.010974
0.650000 1.018409
0.660000 1.028153
0.670000 1.033367
0.680000 1.036990
0.690000 1.036986
0.700000 1.035748
0.710000 1.032773
0.720000 1.021549
0.730000 1.017143
0.740000 1.009125
0.750000 1.003700
0.760000 0.997717
0.770000 0.991550
0.780000 0.988219
0.790000 0.985903
0.800000 0.985349
0.810000 0.985444
0.820000 0.987941
0.830000 0.989208
0.840000 0.991039
0.850000 0.995901
0.860000 0.996615
0.870000 0.997805
0.880000 1.000604
0.890000 0.998830
0.900000 0.999636
0.910000 0.997747
0.920000 1.000311
0.930000 0.999901
0.940000 0.998400
0.950000 0.999918
0.960000 0.997710
0.970000 0.998298
0.980000 0.996162
0.990000 0.995646
1.000000 0.997405
1.010000 0.996536
1.020000 0.998561
1.030000 1.000226
1.040000 1.000649
1.050000 0.999884
1.060000 1.001391
1.070000 1.000677
1.080000 1.001384
1.090000 1.001515
1.100000 0.999773
