0.000000 0.000000
0.010000 0.000000
0.020000 0.000000
0.030000 0.000000
0.040000 0.000000
0.050000 0.000000
0.060000 0.000000
0.070000 0.000000
0.080000 0.000000
0.090000 0.000000
0.100000 0.000000
0.110000 0.000000
0.120000 0.000000
0.130000 0.000000
0.140000 0.000000
0.150000 0.000000
0.160000 0.000000
0.170000 0.000000
0.180000 0.000000
0.190000 0.000000
0.200000 0.000000
0.210000 0.000000
0.220000 0.000000
0.230000 0.000000
0.240000 0.000675
0.250000 0.088923
0.260000 1.036110
0.270000 2.667988
0.280000 2.922651
0.290000 2.133320
0.300000 1.430279
0.310000 1.056607
0.320000 0.897689
0.330000 0.845917
0.340000 0.836907
0.350000 0.850192
0.360000 0.873254
0.370000 0.897037
0.380000 0.914111
0.390000 0.944347
0.400000 0.976774
0.410000 1.003615
0.420000 1.030482
0.430000 1.055071
0.440000 1.073175
0.450000 1.081801
0.460000 1.087153
0.470000 1.081034
0.480000 1.068734
0.490000 1.050165
0.500000 1.033858
0.510000 1.006558
0.520000 0.988652
0.530000 0.966226
0.540000 0.946999
0.550000 0.932678
0.560000 0.921291
0.570000 0.918571
0.580000 0.925805
0.590000 0.938039
0.600000 0.954223
0.610000 0.967801
0.620000 0.986727
0.630000 0.999950
0.640000 1.008973
0.650000 1.019686
0.660000 1.028519
0.670000 1.033427
0.680000 1.036513
0.690000 1.037838
0.700000 1.036300
0.710000 1.032058
0.720000 1.024503
0.730000 1.019425
0.740000 1.011719
0.750000 1.004482
0.760000 0.999158
0.770000 0.994937
0.780000 0.990915
0.790000 0.989224
0.800000 0.987775
0.810000 0.989101
0.820000 0.990258
0.830000 0.991983
0.840000 0.994906
0.850000 0.997614
0.860000 0.998134
0.870000 1.000182
0.880000 1.001386
0.890000 1.000371
0.900000 1.000272
0.910000 0.999270
0.920000 1.001562
0.930000 1.001166
0.940000 1.002120
0.950000 1.000593
0.960000 1.000213
0.970000 0.999094
0.980000 0.998173
0.990000 0.998979
1.000000 0.999127
1.010000 0.999637
1.020000 1.000246
1.030000 1.001079
1.040000 1.001757
1.050000 1.002097
1.060000 1.002723
1.070000 1.002467
1.080000 1.004703
1.090000 1.002986
1.100000 1.002852
