0.000000 0.000000
0.010000 0.000000
0.020000 0.000000
0.030000 0.000000
0.040000 0.000000
0.050000 0.000000
0.060000 0.000000
0.070000 0.000000
0.080000 0.000000
0.090000 0.000000
0.100000 0.000000
0.110000 0.000000
0.120000 0.000000
0.130000 0.000000
0.140000 0.000000
0.150000 0.000000
0.160000 0.000000
0.170000 0.000000
0.180000 0.000000
0.190000 0.000000
0.200000 0.000000
0.210000 0.000000
0.220000 0.000000
0.230000 0.000000
0.240000 0.000748
0.250000 0.102497
0.260000 1.137265
0.270000 2.791777
0.280000 2.926426
0.290000 2.093687
0.300000 1.385137
0.310000 1.021160
0.320000 0.861328
0.330000 0.815487
0.340000 0.811900
0.350000 0.829704
0.360000 0.850145
0.370000 0.880503
0.380000 0.911675
0.390000 0.945649
0.400000 0.982280
0.410000 1.012710
0.420000 1.042203
0.430000 1.074767
0.440000 1.089458
0.450000 1.098516
0.460000 1.105926
0.470000 1.094905
0.480000 1.082279
0.490000 1.059537
0.500000 1.041350
0.510000 1.014821
0.520000 0.990622
0.530000 0.966765
0.540000 0.946108
0.550000 0.925893
0.560000 0.915794
0.570000 0.910475
0.580000 0.916958
0.590000 0.930142
0.600000 0.944929
0.610000 0.961836
0.620000 0.979176
0.630000 0.996317
0.640000 1.010105
0.650000 1.022734
0.660000 1.031191
0.670000 1.037424
0.680000 1.039377
0.690000 1.040307
0.700000 1.041511
0.710000 1.034250
0.720000 1.028045
0.730000 1.021621
0.740000 1.015205
0.750000 1.005948
0.760000 1.001414
0.770000 0.993633
0.780000 0.989374
0.790000 0.988937
0.800000 0.987641
0.810000 0.988694
0.820000 0.990276
0.830000 0.994086
0.840000 0.995546
0.850000 0.997553
0.860000 0.997751
0.870000 1.000336
0.880000 1.000829
0.890000 1.000014
0.900000 1.001278
0.910000 1.000946
0.920000 1.001207
0.930000 1.001091
0.940000 0.999930
0.950000 0.998531
0.960000 0.999602
0.970000 0.998362
0.980000 0.999022
0.990000 0.999204
1.000000 0.998355
1.010000 0.999910
1.020000 1.000180
1.030000 1.001000
1.040000 1.001030
1.050000 1.003149
1.060000 1.003467
1.070000 1.003664
1.080000 1.004618
1.090000 1.003861
1.100000 1.003350
