0.000000 0.000000
0.010000 0.000000
0.020000 0.000000
0.030000 0.000000
0.040000 0.000000
0.050000 0.000000
0.060000 0.000000
0.070000 0.000000
0.080000 0.000000
0.090000 0.000000
0.100000 0.000000
0.110000 0.000000
0.120000 0.000000
0.130000 0.000000
0.140000 0.000000
0.150000 0.000000
0.160000 0.000000
0.170000 0.000000
0.180000 0.000000
0.190000 0.000000
0.200000 0.000000
0.210000 0.000000
0.220000 0.000000
0.230000 0.000000
0.240000 0.000767
0.250000 0.097832
0.260000 1.085542
0.270000 2.722896
0.280000 2.916189
0.290000 2.102075
0.300000 1.401580
0.310000 1.027544
0.320000 0.877438
0.330000 0.824928
0.340000 0.825032
0.350000 0.838835
0.360000 0.858831
0.370000 0.887176
0.380000 0.917815
0.390000 0.946232
0.400000 0.978022
0.410000 1.010879
0.420000 1.037027
0.430000 1.063315
0.440000 1.083982
0.450000 1.092570
0.460000 1.096646
0.470000 1.088665
0.480000 1.073195
0.490000 1.054802
0.500000 1.030269
0.510000 1.007544
0.520000 0.984095
0.530000 0.961093
0.540000 0.940697
0.550000 0.924358
0.560000 0.911881
0.570000 0.911964
0.580000 0.917763
0.590000 0.931224
0.600000 0.947447
0.610000 0.963991
0.620000 0.982023
0.630000 0.996292
0.640000 1.009156
0.650000 1.021616
0.660000 1.028967
0.670000 1.035063
0.680000 1.038025
0.690000 1.038383
0.700000 1.035812
0.710000 1.032574
0.720000 1.024651
0.730000 1.018707
0.740000 1.011284
0.750000 1.002927
0.760000 0.996821
0.770000 0.993177
0.780000 0.987853
0.790000 0.986945
0.800000 0.984304
0.810000 0.987234
0.820000 0.989221
0.830000 0.991662
0.840000 0.992545
0.850000 0.995412
0.860000 0.997804
0.870000 0.997131
0.880000 0.998408
0.890000 0.998435
0.900000 0.999830
0.910000 0.998863
0.920000 0.998704
0.930000 0.997722
0.940000 0.997577
0.950000 0.997599
0.960000 0.998021
0.970000 0.996987
0.980000 0.998145
0.990000 0.997636
1.000000 0.997996
1.010000 0.998367
1.020000 0.999767
1.030000 1.000099
1.040000 0.999883
1.050000 1.000411
1.060000 1.001536
1.070000 1.001541
1.080000 1.001325
1.090000 1.001822
1.100000 1.000972
