0.000000 0.000000
0.010000 0.000000
0.020000 0.000000
0.030000 0.000000
0.040000 0.000000
0.050000 0.000000
0.060000 0.000000
0.070000 0.000000
0.080000 0.000000
0.090000 0.000000
0.100000 0.000000
0.110000 0.000000
0.120000 0.000000
0.130000 0.000000
0.140000 0.000000
0.150000 0.000000
0.160000 0.000000
0.170000 0.000000
0.180000 0.000000
0.190000 0.000000
0.200000 0.000000
0.210000 0.000000
0.220000 0.000000
0.230000 0.000000
0.240000 0.000734
0.250000 0.096326
0.260000 1.087777
0.270000 2.718367
0.280000 2.916058
0.290000 2.106509
0.300000 1.408721
0.310000 1.036772
0.320000 0.885700
0.330000 0.829879
0.340000 0.831235
0.350000 0.844726
0.360000 0.864537
0.370000 0.886581
0.380000 0.917363
0.390000 0.944575
0.400000 0.979061
0.410000 1.006478
0.420000 1.035356
0.430000 1.061430
0.440000 1.081504
0.450000 1.092343
0.460000 1.093072
0.470000 1.086803
0.480000 1.074600
0.490000 1.053313
0.500000 1.032018
0.510000 1.009486
0.520000 0.987251
0.530000 0.965321
0.540000 0.941006
0.550000 0.928227
0.560000 0.917733
0.570000 0.918604
0.580000 0.922039
0.590000 0.933945
0.600000 0.950475
0.610000 0.966061
0.620000 0.983691
0.630000 0.999179
0.640000 1.010570
0.650000 1.018997
0.660000 1.030166
0.670000 1.034888
0.680000 1.038789
0.690000 1.039080
0.700000 1.035393
0.710000 1.032166
0.720000 1.026819
0.730000 1.020270
0.740000 1.011090
0.750000 1.002664
0.760000 0.996701
0.770000 0.991960
0.780000 0.989861
0.790000 0.988047
0.800000 0.985808
0.810000 0.987360
0.820000 0.988372
0.830000 0.992596
0.840000 0.994589
0.850000 0.995984
0.860000 0.997713
0.870000 0.999966
0.880000 1.000487
0.890000 1.001383
0.900000 0.999240
0.910000 0.998787
0.920000 0.998603
0.930000 0.999929
0.940000 1.000214
0.950000 0.998356
0.960000 0.999030
0.970000 0.998439
0.980000 0.999749
0.990000 0.998966
1.000000 0.999353
1.010000 1.000737
1.020000 1.001197
1.030000 1.000011
1.040000 1.000675
1.050000 1.002482
1.060000 1.002851
1.070000 1.000596
1.080000 1.003430
1.090000 1.002779
1.100000 1.001473
