0.000000 0.000000
0.010000 0.000000
0.020000 0.000000
0.030000 0.000000
0.040000 0.000000
0.050000 0.000000
0.060000 0.000000
0.070000 0.000000
0.080000 0.000000
0.090000 0.000000
0.100000 0.000000
0.110000 0.000000
0.120000 0.000000
0.130000 0.000000
0.140000 0.000000
0.150000 0.000000
0.160000 0.000000
0.170000 0.000000
0.180000 0.000000
0.190000 0.000000
0.200000 0.000000
0.210000 0.000000
0.220000 0.000000
0.230000 0.000000
0.240000 0.000502
0.250000 0.092943
0.260000 1.065805
0.270000 2.695065
0.280000 2.920852
0.290000 2.120534
0.300000 1.417250
0.310000 1.036193
0.320000 0.883295
0.330000 0.836387
0.340000 0.829859
0.350000 0.844215
0.360000 0.866150
0.370000 0.892046
0.380000 0.914006
0.390000 0.948000
0.400000 0.976815
0.410000 1.007561
0.420000 1.033761
0.430000 1.061302
0.440000 1.081597
0.450000 1.089909
0.460000 1.091842
0.470000 1.086321
0.480000 1.069821
0.490000 1.053536
0.500000 1.030356
0.510000 1.006614
0.520000 0.986435
0.530000 0.964552
0.540000 0.944309
0.550000 0.925537
0.560000 0.917393
0.570000 0.913749
0.580000 0.922271
0.590000 0.935340
0.600000 0.951724
0.610000 0.967496
0.620000 0.984068
0.630000 0.999383
0.640000 1.012626
0.650000 1.021421
0.660000 1.028804
0.670000 1.035673
0.680000 1.037169
0.690000 1.037336
0.700000 1.035407
0.710000 1.031016
0.720000 1.024263
0.730000 1.017488
0.740000 1.011429
0.750000 1.004778
0.760000 0.996318
0.770000 0.990752
0.780000 0.990513
0.790000 0.987134
0.800000 0.985424
0.810000 0.987119
0.820000 0.990482
0.830000 0.991445
0.840000 0.993669
0.850000 0.996015
0.860000 0.997576
0.870000 0.999717
0.880000 1.002378
0.890000 0.998330
0.900000 0.999090
0.910000 1.000551
0.920000 0.999010
0.930000 0.999909
0.940000 0.998892
0.950000 0.997858
0.960000 0.998128
0.970000 0.999631
0.980000 0.998045
0.990000 0.996002
1.000000 0.998742
1.010000 0.999182
1.020000 0.997968
1.030000 0.999883
1.040000 1.000099
1.050000 1.000684
1.060000 1.002182
1.070000 1.002263
1.080000 1.002915
1.090000 1.002807
1.100000 1.001756
