0.000000 0.000000
0.010000 0.000000
0.020000 0.000000
0.030000 0.000000
0.040000 0.000000
0.050000 0.000000
0.060000 0.000000
0.070000 0.000000
0.080000 0.000000
0.090000 0.000000
0.100000 0.000000
0.110000 0.000000
0.120000 0.000000
0.130000 0.000000
0.140000 0.000000
0.150000 0.000000
0.160000 0.000000
0.170000 0.000000
0.180000 0.000000
0.190000 0.000000
0.200000 0.000000
0.210000 0.000000
0.220000 0.000000
0.230000 0.000000
0.240000 0.000941
0.250000 0.096306
0.260000 1.090573
0.270000 2.742964
0.280000 2.924939
0.290000 2.104605
0.300000 1.397274
0.310000 1.026800
0.320000 0.870494
0.330000 0.820334
0.340000 0.814480
0.350000 0.827421
0.360000 0.856701
0.370000 0.883632
0.380000 0.910195
0.390000 0.943074
0.400000 0.981139
0.410000 1.013948
0.420000 1.039349
0.430000 1.073428
0.440000 1.092135
0.450000 1.096825
0.460000 1.102545
0.470000 1.093497
0.480000 1.076381
0.490000 1.058415
0.500000 1.031506
0.510000 1.006563
0.520000 0.985674
0.530000 0.960744
0.540000 0.940329
0.550000 0.923519
0.560000 0.912512
0.570000 0.909836
0.580000 0.917712
0.590000 0.931143
0.600000 0.947063
0.610000 0.963417
0.620000 0.980844
0.630000 0.995205
0.640000 1.012158
0.650000 1.023749
0.660000 1.030699
0.670000 1.038573
0.680000 1.042157
0.690000 1.040720
0.700000 1.038102
0.710000 1.034727
0.720000 1.025142
0.730000 1.017164
0.740000 1.010811
0.750000 1.005338
0.760000 0.999626
0.770000 0.992126
0.780000 0.989238
0.790000 0.986002
0.800000 0.986686
0.810000 0.988270
0.820000 0.989154
0.830000 0.992441
0.840000 0.994555
0.850000 0.997154
0.860000 0.998020
0.870000 1.001592
0.880000 0.999768
0.890000 1.000937
0.900000 0.999905
0.910000 0.999775
0.920000 0.998531
0.930000 0.999456
0.940000 1.000856
0.950000 0.998756
0.960000 0.998324
0.970000 0.998364
0.980000 0.996742
0.990000 0.998651
1.000000 1.000040
1.010000 0.999172
1.020000 1.000506
1.030000 1.001755
1.040000 1.001361
1.050000 1.002826
1.060000 1.002328
1.070000 1.003897
1.080000 1.003493
1.090000 1.004106
1.100000 1.004300
