0.000000 0.000000
0.010000 0.000000
0.020000 0.000000
0.030000 0.000000
0.040000 0.000000
0.050000 0.000000
0.060000 0.000000
0.070000 0.000000
0.080000 0.000000
0.090000 0.000000
0.100000 0.000000
0.110000 0.000000
0.120000 0.000000
0.130000 0.000000
0.140000 0.000000
0.150000 0.000000
0.160000 0.000000
0.170000 0.000000
0.180000 0.000000
0.190000 0.000000
0.200000 0.000000
0.210000 0.000000
0.220000 0.000000
0.230000 0.000000
0.240000 0.000648
0.250000 0.097574
0.260000 1.083631
0.270000 2.713097
0.280000 2.920489
0.290000 2.113298
0.300000 1.406925
0.310000 1.034886
0.320000 0.884731
0.330000 0.829560
0.340000 0.826021
0.350000 0.841146
0.360000 0.863307
0.370000 0.887935
0.380000 0.914517
0.390000 0.943396
0.400000 0.977712
0.410000 1.009027
0.420000 1.032338
0.430000 1.066286
0.440000 1.081950
0.450000 1.092233
0.460000 1.095414
0.470000 1.086360
0.480000 1.070648
0.490000 1.054643
0.500000 1.030036
0.510000 1.010131
0.520000 0.987819
0.530000 0.965701
0.540000 0.946348
0.550000 0.927686
0.560000 0.918116
0.570000 0.917240
0.580000 0.919896
0.590000 0.932610
0.600000 0.952614
0.610000 0.966800
0.620000 0.983991
0.630000 0.998225
0.640000 1.008742
0.650000 1.021218
0.660000 1.029871
0.670000 1.036030
0.680000 1.039284
0.690000 1.039641
0.700000 1.035149
0.710000 1.032215
0.720000 1.025418
0.730000 1.019181
0.740000 1.010785
0.750000 1.002842
0.760000 0.999910
0.770000 0.993499
0.780000 0.990384
0.790000 0.988544
0.800000 0.986315
0.810000 0.988707
0.820000 0.988787
0.830000 0.991948
0.840000 0.994514
0.850000 0.996591
0.860000 0.998317
0.870000 1.000367
0.880000 1.000065
0.890000 1.000613
0.900000 0.999105
0.910000 1.000019
0.920000 0.999301
0.930000 0.999303
0.940000 0.999912
0.950000 0.999479
0.960000 0.998506
0.970000 0.999022
0.980000 0.998928
0.990000 1.000286
1.000000 1.000647
1.010000 0.999832
1.020000 1.000592
1.030000 1.000965
1.040000 1.001634
1.050000 1.001156
1.060000 1.002515
1.070000 1.002068
1.080000 1.003080
1.090000 1.002884
1.100000 1.002399
