0.000000 0.000000
0.010000 0.000000
0.020000 0.000000
0.030000 0.000000
0.040000 0.000000
0.050000 0.000000
0.060000 0.000000
0.070000 0.000000
0.080000 0.000000
0.090000 0.000000
0.100000 0.000000
0.110000 0.000000
0.120000 0.000000
0.130000 0.000000
0.140000 0.000000
0.150000 0.000000
0.160000 0.000000
0.170000 0.000000
0.180000 0.000000
0.190000 0.000000
0.200000 0.000000
0.210000 0.000000
0.220000 0.000000
0.230000 0.000000
0.240000 0.000372
0.250000 0.092671
0.260000 1.166473
0.270000 2.842715
0.280000 2.927601
0.290000 2.072979
0.300000 1.368094
0.310000 1.005449
0.320000 0.850457
0.330000 0.805671
0.340000 0.798922
0.350000 0.816247
0.360000 0.844675
0.370000 0.873014
0.380000 0.911349
0.390000 0.942935
0.400000 0.980181
0.410000 1.016823
0.420000 1.046311
0.430000 1.074484
0.440000 1.093778
0.450000 1.107687
0.460000 1.108278
0.470000 1.098943
0.480000 1.084901
0.490000 1.060011
0.500000 1.035327
0.510000 1.013453
0.520000 0.986829
0.530000 0.961532
0.540000 0.939657
0.550000 0.917378
0.560000 0.907197
0.570000 0.904962
0.580000 0.910878
0.590000 0.927052
0.600000 0.943637
0.610000 0.960549
0.620000 0.978807
0.630000 0.995064
0.640000 1.008865
0.650000 1.023606
0.660000 1.030379
0.670000 1.035916
0.680000 1.041725
0.690000 1.041079
0.700000 1.038596
0.710000 1.033519
0.720000 1.027076
0.730000 1.021409
0.740000 1.014863
0.750000 1.006395
0.760000 1.000070
0.770000 0.994864
0.780000 0.988762
0.790000 0.986231
0.800000 0.986894
0.810000 0.987228
0.820000 0.990403
0.830000 0.991257
0.840000 0.996847
0.850000 0.994570
0.860000 0.998865
0.870000 1.000308
0.880000 0.998010
0.890000 0.998719
0.900000 0.997685
0.910000 0.998297
0.920000 0.998623
0.930000 0.998608
0.940000 0.999228
0.950000 0.998118
0.960000 0.998783
0.970000 0.999247
0.980000 0.999669
0.990000 0.998657
1.000000 0.998965
1.010000 0.999731
1.020000 0.999815
1.030000 1.000829
1.040000 1.001657
1.050000 1.001896
1.060000 1.002582
1.070000 1.002969
1.080000 1.003652
1.090000 1.004487
1.100000 1.002845
