0.000000 0.000000
0.010000 0.000000
0.020000 0.000000
0.030000 0.000000
0.040000 0.000000
0.050000 0.000000
0.060000 0.000000
0.070000 0.000000
0.080000 0.000000
0.090000 0.000000
0.100000 0.000000
0.110000 0.000000
0.120000 0.000000
0.130000 0.000000
0.140000 0.000000
0.150000 0.000000
0.160000 0.000000
0.170000 0.000000
0.180000 0.000000
0.190000 0.000000
0.200000 0.000000
0.210000 0.000000
0.220000 0.000000
0.230000 0.000000
0.240000 0.000292
0.250000 0.076331
0.260000 0.998808
0.270000 2.644401
0.280000 2.953252
0.290000 2.173916
0.300000 1.456660
0.310000 1.077668
0.320000 0.908820
0.330000 0.857515
0.340000 0.848814
0.350000 0.854433
0.360000 0.873485
0.370000 0.891958
0.380000 0.917054
0.390000 0.941829
0.400000 0.973265
0.410000 0.997674
0.420000 1.025274
0.430000 1.044948
0.440000 1.064773
0.450000 1.079076
0.460000 1.079725
0.470000 1.072552
0.480000 1.068848
0.490000 1.048993
0.500000 1.026206
0.510000 1.009528
0.520000 0.990581
0.530000 0.972307
0.540000 0.952924
0.550000 0.934362
0.560000 0.926780
0.570000 0.922054
0.580000 0.925657
0.590000 0.939630
0.600000 0.955381
0.610000 0.969155
0.620000 0.986022
0.630000 0.999900
0.640000 1.009767
0.650000 1.020378
0.660000 1.029667
0.670000 1.033160
0.680000 1.037495
0.690000 1.038130
0.700000 1.035732
0.710000 1.029941
0.720000 1.025393
0.730000 1.019034
0.740000 1.013268
0.750000 1.007149
0.760000 0.998954
0.770000 0.994967
0.780000 0.991797
0.790000 0.988875
0.800000 0.988139
0.810000 0.988652
0.820000 0.991691
0.830000 0.990983
0.840000 0.997512
0.850000 0.997003
0.860000 0.999490
0.870000 1.001062
0.880000 0.999964
0.890000 1.000586
0.900000 0.998972
0.910000 0.999197
0.920000 0.999495
0.930000 1.000595
0.940000 0.999634
0.950000 0.999332
0.960000 1.000439
0.970000 0.998440
0.980000 1.000284
0.990000 0.998668
1.000000 0.999200
1.010000 1.000257
1.020000 0.999966
1.030000 1.001957
1.040000 1.001876
1.050000 1.001394
1.060000 1.003398
1.070000 1.003789
1.080000 1.005352
1.090000 1.003704
1.100000 1.003088
