0.000000 0.000000
0.010000 0.000000
0.020000 0.000000
0.030000 0.000000
0.040000 0.000000
0.050000 0.000000
0.060000 0.000000
0.070000 0.000000
0.080000 0.000000
0.090000 0.000000
0.100000 0.000000
0.110000 0.000000
0.120000 0.000000
0.130000 0.000000
0.140000 0.000000
0.150000 0.000000
0.160000 0.000000
0.170000 0.000000
0.180000 0.000000
0.190000 0.000000
0.200000 0.000000
0.210000 0.000000
0.220000 0.000000
0.230000 0.000000
0.240000 0.000768
0.250000 0.094980
0.260000 1.089375
0.270000 2.738189
0.280000 2.913227
0.290000 2.108612
0.300000 1.396615
0.310000 1.028785
0.320000 0.867412
0.330000 0.820481
0.340000 0.817119
0.350000 0.826564
0.360000 0.853932
0.370000 0.882072
0.380000 0.912246
0.390000 0.942148
0.400000 0.979748
0.410000 1.009355
0.420000 1.041923
0.430000 1.066626
0.440000 1.089515
0.450000 1.096964
0.460000 1.101327
0.470000 1.093156
0.480000 1.076579
0.490000 1.056133
0.500000 1.031114
0.510000 1.008121
0.520000 0.983688
0.530000 0.959740
0.540000 0.935058
0.550000 0.919017
0.560000 0.909615
0.570000 0.909496
0.580000 0.914440
0.590000 0.927768
0.600000 0.945315
0.610000 0.962329
0.620000 0.979374
0.630000 0.992862
0.640000 1.007405
0.650000 1.022676
0.660000 1.027705
0.670000 1.034586
0.680000 1.037617
0.690000 1.039586
0.700000 1.036042
0.710000 1.030886
0.720000 1.024280
0.730000 1.018377
0.740000 1.009910
0.750000 1.003953
0.760000 0.996921
0.770000 0.988429
0.780000 0.986935
0.790000 0.983193
0.800000 0.985941
0.810000 0.984877
0.820000 0.986682
0.830000 0.989802
0.840000 0.990684
0.850000 0.994354
0.860000 0.995692
0.870000 0.996018
0.880000 0.996428
0.890000 0.996703
0.900000 0.997572
0.910000 0.997279
0.920000 0.996242
0.930000 0.996076
0.940000 0.995920
0.950000 0.995588
0.960000 0.995531
0.970000 0.994456
0.980000 0.996086
0.990000 0.996421
1.000000 0.996313
1.010000 0.997363
1.020000 0.996778
1.030000 0.999031
1.040000 0.998566
1.050000 0.999752
1.060000 1.001264
1.070000 1.000631
1.080000 1.000222
1.090000 0.999717
1.100000 0.998777
