0.000000 0.000000
0.010000 0.000000
0.020000 0.000000
0.030000 0.000000
0.040000 0.000000
0.050000 0.000000
0.060000 0.000000
0.070000 0.000000
0.080000 0.000000
0.090000 0.000000
0.100000 0.000000
0.110000 0.000000
0.120000 0.000000
0.130000 0.000000
0.140000 0.000000
0.150000 0.000000
0.160000 0.000000
0.170000 0.000000
0.180000 0.000000
0.190000 0.000000
0.200000 0.000000
0.210000 0.000000
0.220000 0.000000
0.230000 0.000000
0.240000 0.000595
0.250000 0.096447
0.260000 1.090594
0.270000 2.718743
0.280000 2.908724
0.290000 2.109155
0.300000 1.409477
0.310000 1.037852
0.320000 0.882633
0.330000 0.834945
0.340000 0.829128
0.350000 0.843917
0.360000 0.863353
0.370000 0.889797
0.380000 0.918792
0.390000 0.947125
0.400000 0.979398
0.410000 1.005609
0.420000 1.040763
0.430000 1.061556
0.440000 1.083783
0.450000 1.095218
0.460000 1.096829
0.470000 1.088781
0.480000 1.071760
0.490000 1.055904
0.500000 1.034148
0.510000 1.008733
0.520000 0.986325
0.530000 0.964479
0.540000 0.947007
0.550000 0.927229
0.560000 0.916074
0.570000 0.915618
0.580000 0.924438
0.590000 0.931989
0.600000 0.949222
0.610000 0.968760
0.620000 0.984187
0.630000 0.999236
0.640000 1.011942
0.650000 1.023113
0.660000 1.031309
0.670000 1.037801
0.680000 1.040698
0.690000 1.040304
0.700000 1.038436
0.710000 1.033535
0.720000 1.025505
0.730000 1.021362
0.740000 1.011680
0.750000 1.006191
0.760000 0.999891
0.770000 0.992642
0.780000 0.988454
0.790000 0.989431
0.800000 0.988656
0.810000 0.988832
0.820000 0.990600
0.830000 0.991989
0.840000 0.995180
0.850000 1.000011
0.860000 0.998400
0.870000 0.999980
0.880000 0.999080
0.890000 1.001740
0.900000 0.999839
0.910000 1.000292
0.920000 1.000427
0.930000 1.000469
0.940000 0.998396
0.950000 0.999189
0.960000 1.000941
0.970000 0.999792
0.980000 0.999431
0.990000 1.000554
1.000000 0.999935
1.010000 1.000766
1.020000 1.001024
1.030000 1.001760
1.040000 1.001825
1.050000 1.003579
1.060000 1.003266
1.070000 1.003749
1.080000 1.003381
1.090000 1.003682
1.100000 1.002198
