0.000000 0.000000
0.010000 0.000000
0.020000 0.000000
0.030000 0.000000
0.040000 0.000000
0.050000 0.000000
0.060000 0.000000
0.070000 0.000000
0.080000 0.000000
0.090000 0.000000
0.100000 0.000000
0.110000 0.000000
0.120000 0.000000
0.130000 0.000000
0.140000 0.000000
0.150000 0.000000
0.160000 0.000000
0.170000 0.000000
0.180000 0.000000
0.190000 0.000000
0.200000 0.000000
0.210000 0.000000
0.220000 0.000000
0.230000 0.000000
0.240000 0.000243
0.250000 0.067031
0.260000 0.971623
0.270000 2.639912
0.280000 2.946177
0.290000 2.182259
0.300000 1.462357
0.310000 1.073559
0.320000 0.907517
0.330000 0.856142
0.340000 0.845515
0.350000 0.859944
0.360000 0.872735
0.370000 0.891149
0.380000 0.913171
0.390000 0.939734
0.400000 0.972118
0.410000 0.999223
0.420000 1.027337
0.430000 1.049438
0.440000 1.062662
0.450000 1.077036
0.460000 1.080762
0.470000 1.080279
0.480000 1.064948
0.490000 1.051173
0.500000 1.028785
0.510000 1.010382
0.520000 0.990028
0.530000 0.965564
0.540000 0.949562
0.550000 0.930497
0.560000 0.923536
0.570000 0.923869
0.580000 0.928444
0.590000 0.936157
0.600000 0.954453
0.610000 0.970905
0.620000 0.985768
0.630000 0.998816
0.640000 1.011536
0.650000 1.019459
0.660000 1.029193
0.670000 1.033850
0.680000 1.037473
0.690000 1.037870
0.700000 1.035540
0.710000 1.031532
0.720000 1.026648
0.730000 1.020747
0.740000 1.012890
0.750000 1.007277
0.760000 1.000856
0.770000 0.995261
0.780000 0.992833
0.790000 0.990866
0.800000 0.987646
0.810000 0.989550
0.820000 0.990563
0.830000 0.992178
0.840000 0.994880
0.850000 0.998177
0.860000 1.000001
0.870000 1.001045
0.880000 0.998824
0.890000 1.000140
0.900000 0.997774
0.910000 1.001049
0.920000 1.001483
0.930000 1.001376
0.940000 1.000418
0.950000 1.000836
0.960000 0.998544
0.970000 1.001921
0.980000 0.999525
0.990000 1.000855
1.000000 1.002099
1.010000 1.003078
1.020000 1.002511
1.030000 1.002573
1.040000 1.003643
1.050000 1.004175
1.060000 1.004430
1.070000 1.003885
1.080000 1.005922
1.090000 1.005521
1.100000 1.005290
