0.000000 0.000000
0.010000 0.000000
0.020000 0.000000
0.030000 0.000000
0.040000 0.000000
0.050000 0.000000
0.060000 0.000000
0.070000 0.000000
0.080000 0.000000
0.090000 0.000000
0.100000 0.000000
0.110000 0.000000
0.120000 0.000000
0.130000 0.000000
0.140000 0.000000
0.150000 0.000000
0.160000 0.000000
0.170000 0.000000
0.180000 0.000000
0.190000 0.000000
0.200000 0.000000
0.210000 0.000000
0.220000 0.000000
0.230000 0.000000
0.240000 0.000585
0.250000 0.095076
0.260000 1.083677
0.270000 2.726695
0.280000 2.914514
0.290000 2.112395
0.300000 1.409475
0.310000 1.035154
0.320000 0.880818
0.330000 0.827056
0.340000 0.830411
0.350000 0.839233
0.360000 0.863004
0.370000 0.888018
0.380000 0.913544
0.390000 0.947011
0.400000 0.979123
0.410000 1.010361
0.420000 1.036227
0.430000 1.064643
0.440000 1.084405
0.450000 1.094770
0.460000 1.095364
0.470000 1.091360
0.480000 1.072951
0.490000 1.059648
0.500000 1.035653
0.510000 1.009021
0.520000 0.983736
0.530000 0.964499
0.540000 0.944085
0.550000 0.926536
0.560000 0.914391
0.570000 0.916662
0.580000 0.922052
0.590000 0.934721
0.600000 0.949993
0.610000 0.969544
0.620000 0.986555
0.630000 0.997456
0.640000 1.011447
0.650000 1.020151
0.660000 1.029098
0.670000 1.036778
0.680000 1.039159
0.690000 1.040342
0.700000 1.037825
0.710000 1.034801
0.720000 1.026727
0.730000 1.019280
0.740000 1.012843
0.750000 1.005051
0.760000 0.999606
0.770000 0.992694
0.780000 0.989921
0.790000 0.988456
0.800000 0.987896
0.810000 0.987187
0.820000 0.989302
0.830000 0.992161
0.840000 0.994242
0.850000 0.997120
0.860000 1.000048
0.870000 1.001104
0.880000 1.003568
0.890000 1.001923
0.900000 1.001213
0.910000 1.000098
0.920000 1.000571
0.930000 1.000052
0.940000 1.000859
0.950000 1.000656
0.960000 1.000589
0.970000 0.999136
0.980000 0.998429
0.990000 0.998939
1.000000 0.999883
1.010000 0.998873
1.020000 1.000114
1.030000 1.000840
1.040000 1.001695
1.050000 1.001907
1.060000 1.004405
1.070000 1.003135
1.080000 1.003058
1.090000 1.003147
1.100000 1.003021
