0.000000 0.000000
0.010000 0.000000
0.020000 0.000000
0.030000 0.000000
0.040000 0.000000
0.050000 0.000000
0.060000 0.000000
0.070000 0.000000
0.080000 0.000000
0.090000 0.000000
0.100000 0.000000
0.110000 0.000000
0.120000 0.000000
0.130000 0.000000
0.140000 0.000000
0.150000 0.000000
0.160000 0.000000
0.170000 0.000000
0.180000 0.000000
0.190000 0.000000
0.200000 0.000000
0.210000 0.000000
0.220000 0.000000
0.230000 0.000000
0.240000 0.000444
0.250000 0.085406
0.260000 1.030518
0.270000 2.669390
0.280000 2.930232
0.290000 2.140735
0.300000 1.435383
0.310000 1.055638
0.320000 0.900098
0.330000 0.847789
0.340000 0.837676
0.350000 0.847011
0.360000 0.867313
0.370000 0.890481
0.380000 0.914409
0.390000 0.945495
0.400000 0.973459
0.410000 1.004817
0.420000 1.028784
0.430000 1.054943
0.440000 1.074541
0.450000 1.085963
0.460000 1.086666
0.470000 1.082292
0.480000 1.068029
0.490000 1.050065
0.500000 1.026436
0.510000 1.005875
0.520000 0.985837
0.530000 0.965913
0.540000 0.946553
0.550000 0.931524
0.560000 0.922243
0.570000 0.918429
0.580000 0.924538
0.590000 0.937074
0.600000 0.952089
0.610000 0.968868
0.620000 0.984577
0.630000 0.997855
0.640000 1.010535
0.650000 1.020901
0.660000 1.029026
0.670000 1.034992
0.680000 1.036942
0.690000 1.038535
0.700000 1.035505
0.710000 1.031811
0.720000 1.025108
0.730000 1.018470
0.740000 1.009385
0.750000 1.004375
0.760000 0.997869
0.770000 0.994266
0.780000 0.989693
0.790000 0.988012
0.800000 0.987855
0.810000 0.987507
0.820000 0.989121
0.830000 0.991851
0.840000 0.995280
0.850000 0.997316
0.860000 0.998218
0.870000 0.999389
0.880000 1.001461
0.890000 0.999729
0.900000 0.999438
0.910000 0.999280
0.920000 0.999133
0.930000 0.999966
0.940000 1.000387
0.950000 0.999935
0.960000 0.999382
0.970000 0.999103
0.980000 0.998529
0.990000 0.999242
1.000000 0.997772
1.010000 0.998248
1.020000 0.999879
1.030000 1.000196
1.040000 1.000843
1.050000 1.001074
1.060000 1.001786
1.070000 1.002343
1.080000 1.003291
1.090000 1.002908
1.100000 1.002598
