0.000000 0.000000
0.010000 0.000000
0.020000 0.000000
0.030000 0.000000
0.040000 0.000000
0.050000 0.000000
0.060000 0.000000
0.070000 0.000000
0.080000 0.000000
0.090000 0.000000
0.100000 0.000000
0.110000 0.000000
0.120000 0.000000
0.130000 0.000000
0.140000 0.000000
0.150000 0.000000
0.160000 0.000000
0.170000 0.000000
0.180000 0.000000
0.190000 0.000000
0.200000 0.000000
0.210000 0.000000
0.220000 0.000000
0.230000 0.000000
0.240000 0.000370
0.250000 0.091377
0.260000 1.129378
0.270000 2.803653
0.280000 2.943940
0.290000 2.100797
0.300000 1.384800
0.310000 1.021158
0.320000 0.861871
0.330000 0.815664
0.340000 0.814066
0.350000 0.827826
0.360000 0.850541
0.370000 0.879264
0.380000 0.912819
0.390000 0.941028
0.400000 0.976245
0.410000 1.013396
0.420000 1.042215
0.430000 1.066699
0.440000 1.089900
0.450000 1.103681
0.460000 1.101230
0.470000 1.097631
0.480000 1.081974
0.490000 1.060348
0.500000 1.034212
0.510000 1.012658
0.520000 0.989091
0.530000 0.966005
0.540000 0.946578
0.550000 0.924451
0.560000 0.913692
0.570000 0.910145
0.580000 0.915237
0.590000 0.928394
0.600000 0.944150
0.610000 0.963967
0.620000 0.980877
0.630000 0.995343
0.640000 1.009004
0.650000 1.022500
0.660000 1.029424
0.670000 1.035828
0.680000 1.039876
0.690000 1.041189
0.700000 1.039696
0.710000 1.033604
0.720000 1.030014
0.730000 1.023442
0.740000 1.014693
0.750000 1.006306
0.760000 1.002078
0.770000 0.995910
0.780000 0.989957
0.790000 0.989215
0.800000 0.988429
0.810000 0.989067
0.820000 0.990749
0.830000 0.992601
0.840000 0.995159
0.850000 0.997145
0.860000 0.997399
0.870000 0.999644
0.880000 0.999393
0.890000 0.998285
0.900000 0.998622
0.910000 0.998145
0.920000 0.997871
0.930000 0.999971
0.940000 0.998991
0.950000 0.998976
0.960000 0.998429
0.970000 0.999406
0.980000 0.999926
0.990000 0.999576
1.000000 0.999356
1.010000 1.000068
1.020000 1.000502
1.030000 1.002214
1.040000 1.001370
1.050000 1.002708
1.060000 1.003923
1.070000 1.003440
1.080000 1.003529
1.090000 1.003409
1.100000 1.002959
