0.000000 0.000000
0.010000 0.000000
0.020000 0.000000
0.030000 0.000000
0.040000 0.000000
0.050000 0.000000
0.060000 0.000000
0.070000 0.000000
0.080000 0.000000
0.090000 0.000000
0.100000 0.000000
0.110000 0.000000
0.120000 0.000000
0.130000 0.000000
0.140000 0.000000
0.150000 0.000000
0.160000 0.000000
0.170000 0.000000
0.180000 0.000000
0.190000 0.000000
0.200000 0.000000
0.210000 0.000000
0.220000 0.000000
0.230000 0.000000
0.240000 0.000682
0.250000 0.094629
0.260000 1.085960
0.270000 2.726153
0.280000 2.925754
0.290000 2.116505
0.300000 1.400205
0.310000 1.032757
0.320000 0.870217
0.330000 0.823070
0.340000 0.822150
0.350000 0.835895
0.360000 0.857051
0.370000 0.883368
0.380000 0.912724
0.390000 0.945561
0.400000 0.977057
0.410000 1.010572
0.420000 1.039135
0.430000 1.063200
0.440000 1.081727
0.450000 1.093571
0.460000 1.099860
0.470000 1.091713
0.480000 1.077273
0.490000 1.061958
0.500000 1.034219
0.510000 1.009207
0.520000 0.986767
0.530000 0.962388
0.540000 0.945247
0.550000 0.926276
0.560000 0.913304
0.570000 0.912462
0.580000 0.918033
0.590000 0.932035
0.600000 0.946984
0.610000 0.964179
0.620000 0.980492
0.630000 0.998216
0.640000 1.011990
0.650000 1.019883
0.660000 1.027702
0.670000 1.036628
0.680000 1.039675
0.690000 1.038062
0.700000 1.037881
0.710000 1.033598
0.720000 1.026601
0.730000 1.019062
0.740000 1.011893
0.750000 1.006949
0.760000 0.999814
0.770000 0.994116
0.780000 0.988956
0.790000 0.987642
0.800000 0.987042
0.810000 0.987230
0.820000 0.990259
0.830000 0.992456
0.840000 0.995023
0.850000 0.996182
0.860000 0.998765
0.870000 1.001236
0.880000 1.001484
0.890000 1.000901
0.900000 1.000250
0.910000 0.998709
0.920000 0.999650
0.930000 0.998414
0.940000 0.997778
0.950000 0.998777
0.960000 0.997857
0.970000 0.998605
0.980000 0.998339
0.990000 0.999074
1.000000 1.000074
1.010000 0.999818
1.020000 0.999941
1.030000 1.001853
1.040000 1.002058
1.050000 1.003002
1.060000 1.003231
1.070000 1.003644
1.080000 1.004266
1.090000 1.004280
1.100000 1.003362
