0.000000 0.000000
0.010000 0.000000
0.020000 0.000000
0.030000 0.000000
0.040000 0.000000
0.050000 0.000000
0.060000 0.000000
0.070000 0.000000
0.080000 0.000000
0.090000 0.000000
0.100000 0.000000
0.110000 0.000000
0.120000 0.000000
0.130000 0.000000
0.140000 0.000000
0.150000 0.000000
0.160000 0.000000
0.170000 0.000000
0.180000 0.000000
0.190000 0.000000
0.200000 0.000000
0.210000 0.000000
0.220000 0.000000
0.230000 0.000000
0.240000 0.000555
0.250000 0.090933
0.260000 1.036265
0.270000 2.655208
0.280000 2.898603
0.290000 2.127949
0.300000 1.433067
0.310000 1.056544
0.320000 0.902737
0.330000 0.848368
0.340000 0.841543
0.350000 0.853517
0.360000 0.873479
0.370000 0.896325
0.380000 0.921575
0.390000 0.947648
0.400000 0.977225
0.410000 1.005016
0.420000 1.032948
0.430000 1.058007
0.440000 1.076208
0.450000 1.084997
0.460000 1.086053
0.470000 1.080298
0.480000 1.067115
0.490000 1.048331
0.500000 1.027108
0.510000 1.002063
0.520000 0.982074
0.530000 0.963097
0.540000 0.942810
0.550000 0.928879
0.560000 0.920772
0.570000 0.921092
0.580000 0.927284
0.590000 0.937865
0.600000 0.954792
0.610000 0.970799
0.620000 0.985826
0.630000 0.999583
0.640000 1.011787
0.650000 1.020437
0.660000 1.029255
0.670000 1.035254
0.680000 1.037598
0.690000 1.037166
0.700000 1.034664
0.710000 1.032077
0.720000 1.025498
0.730000 1.016900
0.740000 1.009562
0.750000 1.004368
0.760000 0.997416
0.770000 0.992049
0.780000 0.990002
0.790000 0.987542
0.800000 0.986562
0.810000 0.986553
0.820000 0.989819
0.830000 0.991718
0.840000 0.993588
0.850000 0.996192
0.860000 0.997628
0.870000 0.999156
0.880000 1.000701
0.890000 1.000464
0.900000 1.000146
0.910000 1.000064
0.920000 1.000904
0.930000 0.999885
0.940000 1.000610
0.950000 0.999352
0.960000 0.999492
0.970000 0.998794
0.980000 0.998116
0.990000 0.998731
1.000000 0.999011
1.010000 0.998901
1.020000 0.999562
1.030000 0.999936
1.040000 1.000653
1.050000 1.001208
1.060000 1.002349
1.070000 1.002107
1.080000 1.002418
1.090000 1.002133
1.100000 1.002305
