0.000000 0.000000
0.010000 0.000000
0.020000 0.000000
0.030000 0.000000
0.040000 0.000000
0.050000 0.000000
0.060000 0.000000
0.070000 0.000000
0.080000 0.000000
0.090000 0.000000
0.100000 0.000000
0.110000 0.000000
0.120000 0.000000
0.130000 0.000000
0.140000 0.000000
0.150000 0.000000
0.160000 0.000000
0.170000 0.000000
0.180000 0.000000
0.190000 0.000000
0.200000 0.000000
0.210000 0.000000
0.220000 0.000000
0.230000 0.000000
0.240000 0.000555
0.250000 0.080744
0.260000 0.944924
0.270000 2.475502
0.280000 2.799591
0.290000 2.149113
0.300000 1.512845
0.310000 1.146418
0.320000 0.975717
0.330000 0.905410
0.340000 0.884543
0.350000 0.881114
0.360000 0.892577
0.370000 0.909458
0.380000 0.926020
0.390000 0.949032
0.400000 0.974806
0.410000 0.999706
0.420000 1.021822
0.430000 1.043356
0.440000 1.058375
0.450000 1.065223
0.460000 1.067579
0.470000 1.061769
0.480000 1.049338
0.490000 1.034777
0.500000 1.016114
0.510000 0.999028
0.520000 0.980692
0.530000 0.965167
0.540000 0.951587
0.550000 0.940840
0.560000 0.933753
0.570000 0.932575
0.580000 0.937464
0.590000 0.946898
0.600000 0.959812
0.610000 0.972199
0.620000 0.986339
0.630000 0.998493
0.640000 1.010082
0.650000 1.019691
0.660000 1.027132
0.670000 1.032835
0.680000 1.035528
0.690000 1.036718
0.700000 1.034336
0.710000 1.030647
0.720000 1.025453
0.730000 1.018137
0.740000 1.010678
0.750000 1.005648
0.760000 0.999342
0.770000 0.994936
0.780000 0.991894
0.790000 0.988705
0.800000 0.986899
0.810000 0.987062
0.820000 0.989282
0.830000 0.990482
0.840000 0.992125
0.850000 0.994580
0.860000 0.996615
0.870000 0.998578
0.880000 0.999406
0.890000 1.000067
0.900000 0.999488
0.910000 0.999841
0.920000 1.000439
0.930000 1.000876
0.940000 1.001453
0.950000 1.001045
0.960000 1.000733
0.970000 1.001045
0.980000 1.000754
0.990000 1.000383
1.000000 1.000449
1.010000 1.001445
1.020000 1.000788
1.030000 1.001075
1.040000 1.001671
1.050000 1.001925
1.060000 1.002596
1.070000 1.002110
1.080000 1.001999
1.090000 1.001661
1.100000 1.001759
