0.000000 0.000000
0.010000 0.000000
0.020000 0.000000
0.030000 0.000000
0.040000 0.000000
0.050000 0.000000
0.060000 0.000000
0.070000 0.000000
0.080000 0.000000
0.090000 0.000000
0.100000 0.000000
0.110000 0.000000
0.120000 0.000000
0.130000 0.000000
0.140000 0.000000
0.150000 0.000000
0.160000 0.000000
0.170000 0.000000
0.180000 0.000000
0.190000 0.000000
0.200000 0.000000
0.210000 0.000000
0.220000 0.000000
0.230000 0.000000
0.240000 0.000565
0.250000 0.095532
0.260000 1.062600
0.270000 2.679050
0.280000 2.889031
0.290000 2.096547
0.300000 1.403803
0.310000 1.034295
0.320000 0.880250
0.330000 0.832535
0.340000 0.827275
0.350000 0.838795
0.360000 0.865492
0.370000 0.890382
0.380000 0.921458
0.390000 0.951245
0.400000 0.986253
0.410000 1.011881
0.420000 1.048015
0.430000 1.068059
0.440000 1.090490
0.450000 1.096589
0.460000 1.100420
0.470000 1.094253
0.480000 1.074306
0.490000 1.053612
0.500000 1.032119
0.510000 1.001896
0.520000 0.980541
0.530000 0.960030
0.540000 0.938937
0.550000 0.923445
0.560000 0.912132
0.570000 0.913331
0.580000 0.918599
0.590000 0.934981
0.600000 0.951662
0.610000 0.968042
0.620000 0.985337
0.630000 0.999293
0.640000 1.013725
0.650000 1.023763
0.660000 1.029785
0.670000 1.037665
0.680000 1.040820
0.690000 1.040440
0.700000 1.039183
0.710000 1.032989
0.720000 1.028089
0.730000 1.019072
0.740000 1.012812
0.750000 1.006518
0.760000 0.999240
0.770000 0.997205
0.780000 0.993025
0.790000 0.991521
0.800000 0.990729
0.810000 0.989606
0.820000 0.991215
0.830000 0.996457
0.840000 0.997850
0.850000 1.000470
0.860000 1.001804
0.870000 1.003723
0.880000 1.004668
0.890000 1.005607
0.900000 1.004183
0.910000 1.003945
0.920000 1.004990
0.930000 1.005937
0.940000 1.005362
0.950000 1.004028
0.960000 1.004357
0.970000 1.004361
0.980000 1.004522
0.990000 1.005072
1.000000 1.005101
1.010000 1.006593
1.020000 1.008409
1.030000 1.008468
1.040000 1.010027
1.050000 1.010553
1.060000 1.012640
1.070000 1.011580
1.080000 1.013036
1.090000 1.012311
1.100000 1.013629
