0.000000 0.000000
0.010000 0.000000
0.020000 0.000000
0.030000 0.000000
0.040000 0.000000
0.050000 0.000000
0.060000 0.000000
0.070000 0.000000
0.080000 0.000000
0.090000 0.000000
0.100000 0.000000
0.110000 0.000000
0.120000 0.000000
0.130000 0.000000
0.140000 0.000000
0.150000 0.000000
0.160000 0.000000
0.170000 0.000000
0.180000 0.000000
0.190000 0.000000
0.200000 0.000000
0.210000 0.000000
0.220000 0.000000
0.230000 0.000000
0.240000 0.000656
0.250000 0.092416
0.260000 1.065267
0.270000 2.730283
0.280000 2.981326
0.290000 2.167178
0.300000 1.423710
0.310000 1.025154
0.320000 0.840495
0.330000 0.786978
0.340000 0.774070
0.350000 0.789666
0.360000 0.817118
0.370000 0.851310
0.380000 0.884508
0.390000 0.920625
0.400000 0.963255
0.410000 1.003386
0.420000 1.038604
0.430000 1.068405
0.440000 1.093395
0.450000 1.110264
0.460000 1.110717
0.470000 1.108494
0.480000 1.099509
0.490000 1.075964
0.500000 1.053243
0.510000 1.024681
0.520000 1.000847
0.530000 0.970745
0.540000 0.947717
0.550000 0.928208
0.560000 0.915074
0.570000 0.907421
0.580000 0.912511
0.590000 0.925060
0.600000 0.940149
0.610000 0.955511
0.620000 0.972550
0.630000 0.987362
0.640000 0.999968
0.650000 1.013498
0.660000 1.022806
0.670000 1.027968
0.680000 1.032825
0.690000 1.037069
0.700000 1.035846
0.710000 1.029219
0.720000 1.022226
0.730000 1.018396
0.740000 1.009697
0.750000 1.003454
0.760000 0.997114
0.770000 0.992873
0.780000 0.988798
0.790000 0.985807
0.800000 0.985151
0.810000 0.987380
0.820000 0.989110
0.830000 0.991224
0.840000 0.995709
0.850000 0.996467
0.860000 0.997313
0.870000 0.998200
0.880000 1.000032
0.890000 0.998166
0.900000 0.997757
0.910000 0.997890
0.920000 0.997221
0.930000 0.996730
0.940000 0.995526
0.950000 0.996750
0.960000 0.996249
0.970000 0.995905
0.980000 0.995303
0.990000 0.997352
1.000000 0.996751
1.010000 0.996525
1.020000 0.998635
1.030000 0.997870
1.040000 0.999308
1.050000 0.999304
1.060000 1.000722
1.070000 1.001366
1.080000 0.999898
1.090000 1.000784
1.100000 1.000969
