0.000000 0.000000
0.010000 0.000000
0.020000 0.000000
0.030000 0.000000
0.040000 0.000000
0.050000 0.000000
0.060000 0.000000
0.070000 0.000000
0.080000 0.000000
0.090000 0.000000
0.100000 0.000000
0.110000 0.000000
0.120000 0.000000
0.130000 0.000000
0.140000 0.000000
0.150000 0.000000
0.160000 0.000000
0.170000 0.000000
0.180000 0.000000
0.190000 0.000000
0.200000 0.000000
0.210000 0.000000
0.220000 0.000000
0.230000 0.000000
0.240000 0.000083
0.250000 0.041778
0.260000 0.881155
0.270000 2.807777
0.280000 3.209986
0.290000 2.304402
0.300000 1.496081
0.310000 1.078611
0.320000 0.906103
0.330000 0.845484
0.340000 0.837755
0.350000 0.842127
0.360000 0.856751
0.370000 0.870125
0.380000 0.890455
0.390000 0.914577
0.400000 0.941229
0.410000 0.962297
0.420000 0.989280
0.430000 1.014901
0.440000 1.033376
0.450000 1.043622
0.460000 1.051712
0.470000 1.050525
0.480000 1.040842
0.490000 1.027140
0.500000 1.010898
0.510000 0.996428
0.520000 0.976235
0.530000 0.962751
0.540000 0.947050
0.550000 0.930431
0.560000 0.916043
0.570000 0.915470
0.580000 0.919977
0.590000 0.930942
0.600000 0.945964
0.610000 0.962594
0.620000 0.977311
0.630000 0.988929
0.640000 0.998847
0.650000 1.006962
0.660000 1.011897
0.670000 1.017018
0.680000 1.017892
0.690000 1.016233
0.700000 1.012639
0.710000 1.008309
0.720000 1.001051
0.730000 0.992242
0.740000 0.983905
0.750000 0.976083
0.760000 0.969150
0.770000 0.965117
0.780000 0.960420
0.790000 0.958035
0.800000 0.957931
0.810000 0.958415
0.820000 0.959832
0.830000 0.962187
0.840000 0.965445
0.850000 0.967538
0.860000 0.967906
0.870000 0.971325
0.880000 0.971488
0.890000 0.970705
0.900000 0.970028
0.910000 0.970450
0.920000 0.970494
0.930000 0.969472
0.940000 0.969849
0.950000 0.967549
0.960000 0.966760
0.970000 0.966668
0.980000 0.965503
0.990000 0.964983
1.000000 0.964695
1.010000 0.963293
1.020000 0.963496
1.030000 0.964749
1.040000 0.964023
1.050000 0.963295
1.060000 0.963998
1.070000 0.962687
1.080000 0.963012
1.090000 0.962791
1.100000 0.962397
