0.000000 0.000000
0.010000 0.000000
0.020000 0.000000
0.030000 0.000000
0.040000 0.000000
0.050000 0.000000
0.060000 0.000000
0.070000 0.000000
0.080000 0.000000
0.090000 0.000000
0.100000 0.000000
0.110000 0.000000
0.120000 0.000000
0.130000 0.000000
0.140000 0.000000
0.150000 0.000000
0.160000 0.000000
0.170000 0.000000
0.180000 0.000000
0.190000 0.000000
0.200000 0.000000
0.210000 0.000000
0.220000 0.000000
0.230000 0.000000
0.240000 0.000079
0.250000 0.041089
0.260000 0.944567
0.270000 2.911784
0.280000 3.139615
0.290000 2.174410
0.300000 1.397470
0.310000 1.012866
0.320000 0.869668
0.330000 0.826747
0.340000 0.823619
0.350000 0.839539
0.360000 0.862643
0.370000 0.885651
0.380000 0.916090
0.390000 0.944843
0.400000 0.976415
0.410000 1.000983
0.420000 1.029639
0.430000 1.055629
0.440000 1.072434
0.450000 1.076208
0.460000 1.077784
0.470000 1.067523
0.480000 1.049393
0.490000 1.028701
0.500000 1.007793
0.510000 0.985700
0.520000 0.961223
0.530000 0.939435
0.540000 0.921350
0.550000 0.902283
0.560000 0.896093
0.570000 0.895879
0.580000 0.911059
0.590000 0.926745
0.600000 0.945214
0.610000 0.966072
0.620000 0.982636
0.630000 0.997915
0.640000 1.009828
0.650000 1.019308
0.660000 1.026569
0.670000 1.028812
0.680000 1.031375
0.690000 1.025840
0.700000 1.022558
0.710000 1.015388
0.720000 1.006923
0.730000 0.996688
0.740000 0.988691
0.750000 0.978834
0.760000 0.972717
0.770000 0.967289
0.780000 0.960483
0.790000 0.959784
0.800000 0.958732
0.810000 0.960548
0.820000 0.963701
0.830000 0.964845
0.840000 0.970053
0.850000 0.972625
0.860000 0.974896
0.870000 0.975457
0.880000 0.976518
0.890000 0.973813
0.900000 0.976099
0.910000 0.974521
0.920000 0.972941
0.930000 0.973424
0.940000 0.972283
0.950000 0.970620
0.960000 0.970048
0.970000 0.971345
0.980000 0.969648
0.990000 0.969760
1.000000 0.969486
1.010000 0.968217
1.020000 0.969419
1.030000 0.968434
1.040000 0.970264
1.050000 0.969304
1.060000 0.969821
1.070000 0.968676
1.080000 0.968578
1.090000 0.968327
1.100000 0.967656
