0.000000 0.000000
0.010000 0.000000
0.020000 0.000000
0.030000 0.000000
0.040000 0.000000
0.050000 0.000000
0.060000 0.000000
0.070000 0.000000
0.080000 0.000000
0.090000 0.000000
0.100000 0.000000
0.110000 0.000000
0.120000 0.000000
0.130000 0.000000
0.140000 0.000000
0.150000 0.000000
0.160000 0.000000
0.170000 0.000000
0.180000 0.000000
0.190000 0.000000
0.200000 0.000000
0.210000 0.000000
0.220000 0.000000
0.230000 0.000000
0.240000 0.000744
0.250000 0.094445
0.260000 1.061193
0.270000 2.688790
0.280000 2.910739
0.290000 2.113838
0.300000 1.413359
0.310000 1.042411
0.320000 0.879621
0.330000 0.835795
0.340000 0.830525
0.350000 0.843703
0.360000 0.870651
0.370000 0.893388
0.380000 0.918153
0.390000 0.950055
0.400000 0.978014
0.410000 1.010070
0.420000 1.034040
0.430000 1.060825
0.440000 1.080982
0.450000 1.092841
0.460000 1.092033
0.470000 1.086744
0.480000 1.072242
0.490000 1.051726
0.500000 1.032210
0.510000 1.006092
0.520000 0.984725
0.530000 0.965836
0.540000 0.941428
0.550000 0.926420
0.560000 0.914727
0.570000 0.914373
0.580000 0.923898
0.590000 0.936198
0.600000 0.955075
0.610000 0.967886
0.620000 0.986002
0.630000 0.998776
0.640000 1.012397
0.650000 1.020873
0.660000 1.030887
0.670000 1.037437
0.680000 1.039346
0.690000 1.039307
0.700000 1.038776
0.710000 1.034845
0.720000 1.026667
0.730000 1.017686
0.740000 1.012211
0.750000 1.006398
0.760000 0.997439
0.770000 0.994258
0.780000 0.990090
0.790000 0.987878
0.800000 0.987911
0.810000 0.988707
0.820000 0.989528
0.830000 0.992308
0.840000 0.993670
0.850000 0.998314
0.860000 1.000523
0.870000 1.002690
0.880000 1.003140
0.890000 1.002621
0.900000 1.000440
0.910000 1.003263
0.920000 1.001165
0.930000 1.000915
0.940000 1.002106
0.950000 1.001092
0.960000 1.001203
0.970000 1.001599
0.980000 0.997996
0.990000 0.999607
1.000000 0.999150
1.010000 0.999991
1.020000 1.000601
1.030000 1.000738
1.040000 1.001878
1.050000 1.002329
1.060000 1.003987
1.070000 1.003951
1.080000 1.004720
1.090000 1.004586
1.100000 1.003498
