0.000000 0.000000
0.010000 0.000000
0.020000 0.000000
0.030000 0.000000
0.040000 0.000000
0.050000 0.000000
0.060000 0.000000
0.070000 0.000000
0.080000 0.000000
0.090000 0.000000
0.100000 0.000000
0.110000 0.000000
0.120000 0.000000
0.130000 0.000000
0.140000 0.000000
0.150000 0.000000
0.160000 0.000000
0.170000 0.000000
0.180000 0.000000
0.190000 0.000000
0.200000 0.000000
0.210000 0.000000
0.220000 0.000000
0.230000 0.000000
0.240000 0.000623
0.250000 0.097377
0.260000 1.073930
0.270000 2.708264
0.280000 2.915565
0.290000 2.111424
0.300000 1.401720
0.310000 1.038132
0.320000 0.884297
0.330000 0.833776
0.340000 0.827307
0.350000 0.842327
0.360000 0.866942
0.370000 0.887403
0.380000 0.917300
0.390000 0.946671
0.400000 0.973466
0.410000 1.007967
0.420000 1.034732
0.430000 1.062724
0.440000 1.074206
0.450000 1.090368
0.460000 1.091364
0.470000 1.081939
0.480000 1.072988
0.490000 1.052962
0.500000 1.031472
0.510000 1.009293
0.520000 0.986869
0.530000 0.961375
0.540000 0.941058
0.550000 0.927297
0.560000 0.915279
0.570000 0.914562
0.580000 0.921458
0.590000 0.934223
0.600000 0.948679
0.610000 0.964728
0.620000 0.983228
0.630000 0.996510
0.640000 1.010893
0.650000 1.021243
0.660000 1.028461
0.670000 1.034015
0.680000 1.035633
0.690000 1.036964
0.700000 1.035336
0.710000 1.030385
0.720000 1.025252
0.730000 1.016300
0.740000 1.009575
0.750000 1.004044
0.760000 0.998209
0.770000 0.990454
0.780000 0.988511
0.790000 0.986289
0.800000 0.983859
0.810000 0.985519
0.820000 0.988962
0.830000 0.987860
0.840000 0.992173
0.850000 0.995400
0.860000 0.995725
0.870000 0.999723
0.880000 0.999365
0.890000 0.999329
0.900000 0.997608
0.910000 0.997454
0.920000 0.996439
0.930000 0.997782
0.940000 0.997408
0.950000 0.997703
0.960000 0.995738
0.970000 0.997345
0.980000 0.996143
0.990000 0.996393
1.000000 0.996238
1.010000 0.996631
1.020000 0.997235
1.030000 0.999529
1.040000 0.998549
1.050000 1.000253
1.060000 0.998958
1.070000 1.002397
1.080000 1.000859
1.090000 1.000962
1.100000 0.999905
