0.000000 0.000000
0.010000 0.000000
0.020000 0.000000
0.030000 0.000000
0.040000 0.000000
0.050000 0.000000
0.060000 0.000000
0.070000 0.000000
0.080000 0.000000
0.090000 0.000000
0.100000 0.000000
0.110000 0.000000
0.120000 0.000000
0.130000 0.000000
0.140000 0.000000
0.150000 0.000000
0.160000 0.000000
0.170000 0.000000
0.180000 0.000000
0.190000 0.000000
0.200000 0.000000
0.210000 0.000000
0.220000 0.000000
0.230000 0.000000
0.240000 0.000790
0.250000 0.097257
0.260000 1.076512
0.270000 2.713415
0.280000 2.910927
0.290000 2.101899
0.300000 1.406824
0.310000 1.032033
0.320000 0.885846
0.330000 0.831986
0.340000 0.831856
0.350000 0.843088
0.360000 0.865955
0.370000 0.893589
0.380000 0.919962
0.390000 0.947496
0.400000 0.976413
0.410000 1.010403
0.420000 1.037989
0.430000 1.065103
0.440000 1.085863
0.450000 1.096402
0.460000 1.096731
0.470000 1.090253
0.480000 1.073719
0.490000 1.054389
0.500000 1.031261
0.510000 1.005788
0.520000 0.984238
0.530000 0.963122
0.540000 0.941143
0.550000 0.924123
0.560000 0.914864
0.570000 0.915000
0.580000 0.923770
0.590000 0.934358
0.600000 0.951233
0.610000 0.968277
0.620000 0.984676
0.630000 0.999818
0.640000 1.012832
0.650000 1.022912
0.660000 1.029724
0.670000 1.040231
0.680000 1.038459
0.690000 1.040904
0.700000 1.038579
0.710000 1.035600
0.720000 1.027048
0.730000 1.018451
0.740000 1.012360
0.750000 1.006377
0.760000 0.997043
0.770000 0.993667
0.780000 0.989611
0.790000 0.988769
0.800000 0.988412
0.810000 0.988917
0.820000 0.990429
0.830000 0.990523
0.840000 0.994480
0.850000 0.996719
0.860000 1.000170
0.870000 1.002122
0.880000 1.003383
0.890000 1.002934
0.900000 1.001549
0.910000 1.003131
0.920000 1.002089
0.930000 1.000258
0.940000 1.002429
0.950000 1.000586
0.960000 1.000653
0.970000 1.000812
0.980000 0.999870
0.990000 1.000916
1.000000 1.000310
1.010000 0.999903
1.020000 1.000043
1.030000 1.002026
1.040000 1.002555
1.050000 1.002564
1.060000 1.004307
1.070000 1.004698
1.080000 1.004705
1.090000 1.004772
1.100000 1.004957
