0.000000 0.000000
0.010000 0.000000
0.020000 0.000000
0.030000 0.000000
0.040000 0.000000
0.050000 0.000000
0.060000 0.000000
0.070000 0.000000
0.080000 0.000000
0.090000 0.000000
0.100000 0.000000
0.110000 0.000000
0.120000 0.000000
0.130000 0.000000
0.140000 0.000000
0.150000 0.000000
0.160000 0.000000
0.170000 0.000000
0.180000 0.000000
0.190000 0.000000
0.200000 0.000000
0.210000 0.000000
0.220000 0.000000
0.230000 0.000000
0.240000 0.000693
0.250000 0.096401
0.260000 1.077402
0.270000 2.712643
0.280000 2.916617
0.290000 2.107343
0.300000 1.407118
0.310000 1.039610
0.320000 0.883064
0.330000 0.836446
0.340000 0.829990
0.350000 0.848840
0.360000 0.870552
0.370000 0.889033
0.380000 0.917573
0.390000 0.943847
0.400000 0.976858
0.410000 1.006782
0.420000 1.037805
0.430000 1.058207
0.440000 1.077306
0.450000 1.092031
0.460000 1.092802
0.470000 1.082078
0.480000 1.070202
0.490000 1.052799
0.500000 1.032150
0.510000 1.007449
0.520000 0.984561
0.530000 0.963639
0.540000 0.943740
0.550000 0.927848
0.560000 0.917385
0.570000 0.914255
0.580000 0.921611
0.590000 0.935323
0.600000 0.949268
0.610000 0.968591
0.620000 0.985557
0.630000 0.995307
0.640000 1.010330
0.650000 1.021394
0.660000 1.027041
0.670000 1.034148
0.680000 1.035815
0.690000 1.038359
0.700000 1.035708
0.710000 1.031324
0.720000 1.024874
0.730000 1.017155
0.740000 1.009909
0.750000 1.006550
0.760000 0.997715
0.770000 0.992984
0.780000 0.988256
0.790000 0.985625
0.800000 0.986291
0.810000 0.987266
0.820000 0.990694
0.830000 0.992159
0.840000 0.992170
0.850000 0.995129
0.860000 0.997641
0.870000 0.997484
0.880000 0.999678
0.890000 0.997828
0.900000 1.000279
0.910000 0.999393
0.920000 0.997577
0.930000 0.998042
0.940000 0.998474
0.950000 0.998843
0.960000 0.996770
0.970000 0.999357
0.980000 0.998104
0.990000 0.997476
1.000000 1.000103
1.010000 0.997841
1.020000 0.997417
1.030000 0.999360
1.040000 1.000993
1.050000 1.000173
1.060000 1.000984
1.070000 1.002809
1.080000 1.002486
1.090000 1.001955
1.100000 0.999691
