0.000000 0.000000
0.010000 0.000000
0.020000 0.000000
0.030000 0.000000
0.040000 0.000000
0.050000 0.000000
0.060000 0.000000
0.070000 0.000000
0.080000 0.000000
0.090000 0.000000
0.100000 0.000000
0.110000 0.000000
0.120000 0.000000
0.130000 0.000000
0.140000 0.000000
0.150000 0.000000
0.160000 0.000000
0.170000 0.000000
0.180000 0.000000
0.190000 0.000000
0.200000 0.000000
0.210000 0.000000
0.220000 0.000000
0.230000 0.000000
0.240000 0.000652
0.250000 0.096112
0.260000 1.095531
0.270000 2.739708
0.280000 2.936195
0.290000 2.113992
0.300000 1.397455
0.310000 1.025620
0.320000 0.866078
0.330000 0.815604
0.340000 0.811411
0.350000 0.825231
0.360000 0.853546
0.370000 0.880735
0.380000 0.916975
0.390000 0.948194
0.400000 0.978795
0.410000 1.012320
0.420000 1.048014
0.430000 1.072409
0.440000 1.088387
0.450000 1.102735
0.460000 1.104524
0.470000 1.098606
0.480000 1.081335
0.490000 1.061892
0.500000 1.038933
0.510000 1.011188
0.520000 0.987518
0.530000 0.961041
0.540000 0.943201
0.550000 0.923655
0.560000 0.913803
0.570000 0.912420
0.580000 0.918516
0.590000 0.929238
0.600000 0.947508
0.610000 0.965190
0.620000 0.983214
0.630000 0.998376
0.640000 1.013952
0.650000 1.023554
0.660000 1.033268
0.670000 1.038794
0.680000 1.042715
0.690000 1.041758
0.700000 1.039270
0.710000 1.034649
0.720000 1.028176
0.730000 1.020493
0.740000 1.011972
0.750000 1.007825
0.760000 1.000707
0.770000 0.994574
0.780000 0.993801
0.790000 0.991535
0.800000 0.991207
0.810000 0.990098
0.820000 0.993023
0.830000 0.994180
0.840000 0.997153
0.850000 0.999815
0.860000 1.002642
0.870000 1.005770
0.880000 1.002569
0.890000 1.004345
0.900000 1.002338
0.910000 1.002538
0.920000 1.002945
0.930000 1.002168
0.940000 1.001654
0.950000 1.001933
0.960000 1.002158
0.970000 1.003137
0.980000 1.000880
0.990000 1.001152
1.000000 1.003591
1.010000 1.001343
1.020000 1.004231
1.030000 1.004767
1.040000 1.004567
1.050000 1.006512
1.060000 1.005747
1.070000 1.006306
1.080000 1.007378
1.090000 1.006732
1.100000 1.007093
