0.000000 0.000000
0.010000 0.000000
0.020000 0.000000
0.030000 0.000000
0.040000 0.000000
0.050000 0.000000
0.060000 0.000000
0.070000 0.000000
0.080000 0.000000
0.090000 0.000000
0.100000 0.000000
0.110000 0.000000
0.120000 0.000000
0.130000 0.000000
0.140000 0.000000
0.150000 0.000000
0.160000 0.000000
0.170000 0.000000
0.180000 0.000000
0.190000 0.000000
0.200000 0.000000
0.210000 0.000000
0.220000 0.000000
0.230000 0.000000
0.240000 0.000509
0.250000 0.081369
0.260000 0.954401
0.270000 2.524335
0.280000 2.852411
0.290000 2.160485
0.300000 1.483310
0.310000 1.115406
0.320000 0.948636
0.330000 0.888522
0.340000 0.875089
0.350000 0.877389
0.360000 0.894467
0.370000 0.909464
0.380000 0.928912
0.390000 0.946988
0.400000 0.975032
0.410000 0.998993
0.420000 1.023120
0.430000 1.043175
0.440000 1.061564
0.450000 1.069965
0.460000 1.068979
0.470000 1.065775
0.480000 1.051365
0.490000 1.036004
0.500000 1.014368
0.510000 0.996087
0.520000 0.978354
0.530000 0.963149
0.540000 0.946903
0.550000 0.935402
0.560000 0.929855
0.570000 0.932604
0.580000 0.940032
0.590000 0.946797
0.600000 0.962104
0.610000 0.975665
0.620000 0.990977
0.630000 1.002334
0.640000 1.013388
0.650000 1.021514
0.660000 1.028988
0.670000 1.031525
0.680000 1.032743
0.690000 1.035486
0.700000 1.030597
0.710000 1.028088
0.720000 1.022536
0.730000 1.016441
0.740000 1.007996
0.750000 1.003358
0.760000 0.997278
0.770000 0.992620
0.780000 0.989973
0.790000 0.988362
0.800000 0.988696
0.810000 0.987526
0.820000 0.989564
0.830000 0.991036
0.840000 0.994230
0.850000 0.997192
0.860000 0.996498
0.870000 0.998731
0.880000 1.002334
0.890000 1.000051
0.900000 0.999335
0.910000 0.999749
0.920000 1.001569
0.930000 1.001086
0.940000 1.000549
0.950000 0.999726
0.960000 0.999435
0.970000 0.999424
0.980000 0.998987
0.990000 0.999036
1.000000 0.999570
1.010000 0.998985
1.020000 1.000825
1.030000 1.000235
1.040000 1.000541
1.050000 1.001019
1.060000 1.001877
1.070000 1.000899
1.080000 1.002167
1.090000 1.002377
1.100000 1.001223
