0.000000 0.000000
0.010000 0.000000
0.020000 0.000000
0.030000 0.000000
0.040000 0.000000
0.050000 0.000000
0.060000 0.000000
0.070000 0.000000
0.080000 0.000000
0.090000 0.000000
0.100000 0.000000
0.110000 0.000000
0.120000 0.000000
0.130000 0.000000
0.140000 0.000000
0.150000 0.000000
0.160000 0.000000
0.170000 0.000000
0.180000 0.000000
0.190000 0.000000
0.200000 0.000000
0.210000 0.000000
0.220000 0.000000
0.230000 0.000000
0.240000 0.000738
0.250000 0.096265
0.260000 1.080215
0.270000 2.720288
0.280000 2.917523
0.290000 2.110194
0.300000 1.405700
0.310000 1.030022
0.320000 0.877942
0.330000 0.830868
0.340000 0.824815
0.350000 0.840174
0.360000 0.861239
0.370000 0.885804
0.380000 0.914664
0.390000 0.947266
0.400000 0.979560
0.410000 1.007885
0.420000 1.038668
0.430000 1.067374
0.440000 1.082147
0.450000 1.092439
0.460000 1.093812
0.470000 1.088027
0.480000 1.074535
0.490000 1.054758
0.500000 1.031012
0.510000 1.007883
0.520000 0.984221
0.530000 0.963155
0.540000 0.943084
0.550000 0.924748
0.560000 0.915244
0.570000 0.914666
0.580000 0.919931
0.590000 0.933451
0.600000 0.947726
0.610000 0.966860
0.620000 0.983463
0.630000 0.996132
0.640000 1.008573
0.650000 1.020817
0.660000 1.030815
0.670000 1.035073
0.680000 1.037182
0.690000 1.039433
0.700000 1.038281
0.710000 1.031439
0.720000 1.024967
0.730000 1.019037
0.740000 1.011565
0.750000 1.003866
0.760000 0.998844
0.770000 0.992247
0.780000 0.989038
0.790000 0.988323
0.800000 0.987305
0.810000 0.987266
0.820000 0.988607
0.830000 0.990857
0.840000 0.995840
0.850000 0.995636
0.860000 0.998893
0.870000 0.999833
0.880000 0.999480
0.890000 0.999881
0.900000 0.999408
0.910000 0.998207
0.920000 0.999024
0.930000 0.998927
0.940000 0.998012
0.950000 0.998227
0.960000 0.998906
0.970000 0.998702
0.980000 0.998664
0.990000 0.998896
1.000000 0.998875
1.010000 0.999059
1.020000 1.000652
1.030000 1.000317
1.040000 1.002398
1.050000 1.002118
1.060000 1.002684
1.070000 1.002502
1.080000 1.002403
1.090000 1.002305
1.100000 1.001028
