0.000000 0.000000
0.010000 0.000000
0.020000 0.000000
0.030000 0.000000
0.040000 0.000000
0.050000 0.000000
0.060000 0.000000
0.070000 0.000000
0.080000 0.000000
0.090000 0.000000
0.100000 0.000000
0.110000 0.000000
0.120000 0.000000
0.130000 0.000000
0.140000 0.000000
0.150000 0.000000
0.160000 0.000000
0.170000 0.000000
0.180000 0.000000
0.190000 0.000000
0.200000 0.000000
0.210000 0.000000
0.220000 0.000000
0.230000 0.000000
0.240000 0.000525
0.250000 0.090757
0.260000 1.067095
0.270000 2.697690
0.280000 2.918265
0.290000 2.113722
0.300000 1.417688
0.310000 1.040836
0.320000 0.887125
0.330000 0.834680
0.340000 0.833363
0.350000 0.842180
0.360000 0.866536
0.370000 0.890773
0.380000 0.912590
0.390000 0.948973
0.400000 0.977837
0.410000 1.008229
0.420000 1.035313
0.430000 1.062604
0.440000 1.084276
0.450000 1.089317
0.460000 1.089054
0.470000 1.089560
0.480000 1.069457
0.490000 1.055421
0.500000 1.032489
0.510000 1.010139
0.520000 0.985575
0.530000 0.963837
0.540000 0.942334
0.550000 0.924945
0.560000 0.915042
0.570000 0.918784
0.580000 0.923706
0.590000 0.933623
0.600000 0.950844
0.610000 0.967784
0.620000 0.983454
0.630000 0.999281
0.640000 1.010302
0.650000 1.021054
0.660000 1.030545
0.670000 1.035487
0.680000 1.040113
0.690000 1.037836
0.700000 1.035309
0.710000 1.030299
0.720000 1.024012
0.730000 1.019407
0.740000 1.008409
0.750000 1.005481
0.760000 0.998102
0.770000 0.992619
0.780000 0.990473
0.790000 0.987715
0.800000 0.987218
0.810000 0.986576
0.820000 0.988522
0.830000 0.990055
0.840000 0.994118
0.850000 0.996657
0.860000 0.996789
0.870000 0.999638
0.880000 0.999604
0.890000 1.001972
0.900000 0.998699
0.910000 0.998937
0.920000 0.999591
0.930000 0.998844
0.940000 1.000309
0.950000 0.997884
0.960000 0.997369
0.970000 0.997458
0.980000 0.998483
0.990000 0.997417
1.000000 0.999440
1.010000 0.997300
1.020000 0.998916
1.030000 1.000629
1.040000 1.000366
1.050000 1.002103
1.060000 1.002559
1.070000 1.000889
1.080000 1.001851
1.090000 1.002690
1.100000 1.002499
