0.000000 0.000000
0.010000 0.000000
0.020000 0.000000
0.030000 0.000000
0.040000 0.000000
0.050000 0.000000
0.060000 0.000000
0.070000 0.000000
0.080000 0.000000
0.090000 0.000000
0.100000 0.000000
0.110000 0.000000
0.120000 0.000000
0.130000 0.000000
0.140000 0.000000
0.150000 0.000000
0.160000 0.000000
0.170000 0.000000
0.180000 0.000000
0.190000 0.000000
0.200000 0.000000
0.210000 0.000000
0.220000 0.000000
0.230000 0.000000
0.240000 0.000118
0.250000 0.081284
0.260000 1.137345
0.270000 2.851983
0.280000 2.959653
0.290000 2.092402
0.300000 1.371658
0.310000 1.004445
0.320000 0.849193
0.330000 0.803105
0.340000 0.801195
0.350000 0.822765
0.360000 0.841497
0.370000 0.873994
0.380000 0.909591
0.390000 0.943367
0.400000 0.980093
0.410000 1.017243
0.420000 1.051557
0.430000 1.073806
0.440000 1.094544
0.450000 1.108444
0.460000 1.117356
0.470000 1.104516
0.480000 1.091748
0.490000 1.063371
0.500000 1.040645
0.510000 1.015048
0.520000 0.986459
0.530000 0.963731
0.540000 0.939918
0.550000 0.920442
0.560000 0.909656
0.570000 0.906490
0.580000 0.917325
0.590000 0.927469
0.600000 0.945602
0.610000 0.966271
0.620000 0.980793
0.630000 0.996968
0.640000 1.011196
0.650000 1.027066
0.660000 1.032509
0.670000 1.038556
0.680000 1.042637
0.690000 1.044958
0.700000 1.043540
0.710000 1.036624
0.720000 1.033407
0.730000 1.026120
0.740000 1.017887
0.750000 1.010238
0.760000 1.003763
0.770000 0.996897
0.780000 0.993797
0.790000 0.992529
0.800000 0.990255
0.810000 0.991983
0.820000 0.992505
0.830000 0.995389
0.840000 0.998944
0.850000 0.999518
0.860000 1.001197
0.870000 1.004115
0.880000 1.001146
0.890000 1.002679
0.900000 1.002334
0.910000 1.003848
0.920000 1.002247
0.930000 1.001740
0.940000 1.002037
0.950000 1.002057
0.960000 1.001791
0.970000 1.002253
0.980000 1.002230
0.990000 1.002767
1.000000 1.004354
1.010000 1.003936
1.020000 1.004126
1.030000 1.006416
1.040000 1.007029
1.050000 1.007116
1.060000 1.007631
1.070000 1.009557
1.080000 1.007314
1.090000 1.007487
1.100000 1.007533
