0.000000 0.000000
0.010000 0.000000
0.020000 0.000000
0.030000 0.000000
0.040000 0.000000
0.050000 0.000000
0.060000 0.000000
0.070000 0.000000
0.080000 0.000000
0.090000 0.000000
0.100000 0.000000
0.110000 0.000000
0.120000 0.000000
0.130000 0.000000
0.140000 0.000000
0.150000 0.000000
0.160000 0.000000
0.170000 0.000000
0.180000 0.000000
0.190000 0.000000
0.200000 0.000000
0.210000 0.000000
0.220000 0.000000
0.230000 0.000000
0.240000 0.000827
0.250000 0.103460
0.260000 1.136702
0.270000 2.778837
0.280000 2.931349
0.290000 2.088761
0.300000 1.376929
0.310000 1.019562
0.320000 0.864297
0.330000 0.818494
0.340000 0.807766
0.350000 0.826544
0.360000 0.846358
0.370000 0.878257
0.380000 0.911839
0.390000 0.940667
0.400000 0.972870
0.410000 1.007360
0.420000 1.043181
0.430000 1.068550
0.440000 1.090657
0.450000 1.105304
0.460000 1.103791
0.470000 1.095780
0.480000 1.082224
0.490000 1.060842
0.500000 1.039141
0.510000 1.014153
0.520000 0.991304
0.530000 0.966954
0.540000 0.945865
0.550000 0.924855
0.560000 0.913908
0.570000 0.911042
0.580000 0.915617
0.590000 0.928655
0.600000 0.943907
0.610000 0.961162
0.620000 0.975647
0.630000 0.995697
0.640000 1.005539
0.650000 1.023398
0.660000 1.027884
0.670000 1.033988
0.680000 1.039353
0.690000 1.041464
0.700000 1.038663
0.710000 1.032828
0.720000 1.028258
0.730000 1.021337
0.740000 1.012147
0.750000 1.003231
0.760000 0.997944
0.770000 0.994450
0.780000 0.988300
0.790000 0.987711
0.800000 0.987597
0.810000 0.989158
0.820000 0.989579
0.830000 0.990591
0.840000 0.993795
0.850000 0.997468
0.860000 1.000171
0.870000 0.999199
0.880000 0.998535
0.890000 0.998340
0.900000 0.998652
0.910000 0.999005
0.920000 1.000181
0.930000 0.998753
0.940000 1.000271
0.950000 0.997955
0.960000 0.998051
0.970000 0.998838
0.980000 0.996989
0.990000 0.998937
1.000000 0.997291
1.010000 0.997781
1.020000 0.998968
1.030000 0.999450
1.040000 1.000043
1.050000 1.001224
1.060000 1.002185
1.070000 1.001877
1.080000 1.001852
1.090000 1.003643
1.100000 1.002843
