0.000000 0.000000
0.010000 0.000000
0.020000 0.000000
0.030000 0.000000
0.040000 0.000000
0.050000 0.000000
0.060000 0.000000
0.070000 0.000000
0.080000 0.000000
0.090000 0.000000
0.100000 0.000000
0.110000 0.000000
0.120000 0.000000
0.130000 0.000000
0.140000 0.000000
0.150000 0.000000
0.160000 0.000000
0.170000 0.000000
0.180000 0.000000
0.190000 0.000000
0.200000 0.000000
0.210000 0.000000
0.220000 0.000000
0.230000 0.000000
0.240000 0.000529
0.250000 0.094253
0.260000 1.075505
0.270000 2.723840
0.280000 2.916544
0.290000 2.116113
0.300000 1.408806
0.310000 1.032618
0.320000 0.882880
0.330000 0.826723
0.340000 0.823230
0.350000 0.837684
0.360000 0.860923
0.370000 0.888437
0.380000 0.914420
0.390000 0.943818
0.400000 0.980817
0.410000 1.012232
0.420000 1.036647
0.430000 1.064566
0.440000 1.085486
0.450000 1.094612
0.460000 1.097347
0.470000 1.090960
0.480000 1.072843
0.490000 1.053443
0.500000 1.033988
0.510000 1.007341
0.520000 0.985431
0.530000 0.964518
0.540000 0.941428
0.550000 0.925314
0.560000 0.912274
0.570000 0.914277
0.580000 0.921328
0.590000 0.931174
0.600000 0.949602
0.610000 0.966060
0.620000 0.984387
0.630000 0.998503
0.640000 1.010344
0.650000 1.021708
0.660000 1.030527
0.670000 1.037818
0.680000 1.040297
0.690000 1.038355
0.700000 1.037360
0.710000 1.034239
0.720000 1.026590
0.730000 1.018752
0.740000 1.011396
0.750000 1.002192
0.760000 0.999125
0.770000 0.993564
0.780000 0.988954
0.790000 0.986166
0.800000 0.985293
0.810000 0.986887
0.820000 0.988197
0.830000 0.991354
0.840000 0.993191
0.850000 0.997327
0.860000 0.997715
0.870000 1.001080
0.880000 1.002516
0.890000 1.001215
0.900000 1.000298
0.910000 0.999841
0.920000 1.000371
0.930000 1.000604
0.940000 0.999595
0.950000 1.000177
0.960000 0.999250
0.970000 0.996797
0.980000 0.999834
0.990000 0.997820
1.000000 1.000257
1.010000 0.999005
1.020000 0.998196
1.030000 1.000883
1.040000 1.002418
1.050000 1.001644
1.060000 1.002169
1.070000 1.001492
1.080000 1.003343
1.090000 1.003362
1.100000 1.002345
