0.000000 0.000000
0.010000 0.000000
0.020000 0.000000
0.030000 0.000000
0.040000 0.000000
0.050000 0.000000
0.060000 0.000000
0.070000 0.000000
0.080000 0.000000
0.090000 0.000000
0.100000 0.000000
0.110000 0.000000
0.120000 0.000000
0.130000 0.000000
0.140000 0.000000
0.150000 0.000000
0.160000 0.000000
0.170000 0.000000
0.180000 0.000000
0.190000 0.000000
0.200000 0.000000
0.210000 0.000000
0.220000 0.000000
0.230000 0.000000
0.240000 0.000711
0.250000 0.098300
0.260000 1.088333
0.270000 2.726051
0.280000 2.910329
0.290000 2.110418
0.300000 1.408750
0.310000 1.035035
0.320000 0.876882
0.330000 0.829076
0.340000 0.822499
0.350000 0.835427
0.360000 0.859899
0.370000 0.881927
0.380000 0.914680
0.390000 0.943033
0.400000 0.973776
0.410000 1.009039
0.420000 1.040139
0.430000 1.066256
0.440000 1.085262
0.450000 1.097546
0.460000 1.098863
0.470000 1.089971
0.480000 1.075017
0.490000 1.056850
0.500000 1.032682
0.510000 1.010635
0.520000 0.987267
0.530000 0.964748
0.540000 0.943830
0.550000 0.927003
0.560000 0.916110
0.570000 0.913564
0.580000 0.922904
0.590000 0.933354
0.600000 0.947716
0.610000 0.966212
0.620000 0.981702
0.630000 0.997415
0.640000 1.009672
0.650000 1.021566
0.660000 1.032269
0.670000 1.035825
0.680000 1.039486
0.690000 1.040400
0.700000 1.037612
0.710000 1.033845
0.720000 1.026096
0.730000 1.021484
0.740000 1.013454
0.750000 1.004786
0.760000 0.998847
0.770000 0.994882
0.780000 0.991742
0.790000 0.987851
0.800000 0.987561
0.810000 0.989323
0.820000 0.991189
0.830000 0.993801
0.840000 0.995268
0.850000 0.999277
0.860000 1.000453
0.870000 1.000146
0.880000 1.001468
0.890000 1.000392
0.900000 1.002511
0.910000 1.000635
0.920000 1.000736
0.930000 0.999767
0.940000 1.000486
0.950000 1.000983
0.960000 0.999610
0.970000 0.999992
0.980000 0.999381
0.990000 1.001151
1.000000 1.000853
1.010000 1.001044
1.020000 1.000679
1.030000 1.001841
1.040000 1.002887
1.050000 1.004389
1.060000 1.003168
1.070000 1.004866
1.080000 1.003780
1.090000 1.004848
1.100000 1.003899
