0.000000 0.000000
0.010000 0.000000
0.020000 0.000000
0.030000 0.000000
0.040000 0.000000
0.050000 0.000000
0.060000 0.000000
0.070000 0.000000
0.080000 0.000000
0.090000 0.000000
0.100000 0.000000
0.110000 0.000000
0.120000 0.000000
0.130000 0.000000
0.140000 0.000000
0.150000 0.000000
0.160000 0.000000
0.170000 0.000000
0.180000 0.000000
0.190000 0.000000
0.200000 0.000000
0.210000 0.000000
0.220000 0.000000
0.230000 0.000000
0.240000 0.000783
0.250000 0.104793
0.260000 1.137063
0.270000 2.784636
0.280000 2.920096
0.290000 2.086127
0.300000 1.384777
0.310000 1.015979
0.320000 0.863305
0.330000 0.812109
0.340000 0.811592
0.350000 0.827708
0.360000 0.846818
0.370000 0.875973
0.380000 0.910531
0.390000 0.945671
0.400000 0.975956
0.410000 1.008163
0.420000 1.043161
0.430000 1.073049
0.440000 1.089130
0.450000 1.100916
0.460000 1.104352
0.470000 1.098516
0.480000 1.083221
0.490000 1.061786
0.500000 1.037419
0.510000 1.013876
0.520000 0.986834
0.530000 0.963943
0.540000 0.943337
0.550000 0.923948
0.560000 0.916924
0.570000 0.911703
0.580000 0.916061
0.590000 0.928386
0.600000 0.943014
0.610000 0.960385
0.620000 0.977475
0.630000 0.992762
0.640000 1.006430
0.650000 1.020532
0.660000 1.030747
0.670000 1.034159
0.680000 1.039103
0.690000 1.040704
0.700000 1.037136
0.710000 1.031923
0.720000 1.027728
0.730000 1.020756
0.740000 1.011947
0.750000 1.004443
0.760000 0.999265
0.770000 0.994676
0.780000 0.989638
0.790000 0.987482
0.800000 0.987517
0.810000 0.988268
0.820000 0.988789
0.830000 0.991816
0.840000 0.994964
0.850000 0.997549
0.860000 1.000018
0.870000 1.000599
0.880000 0.999962
0.890000 0.999762
0.900000 0.999426
0.910000 0.999813
0.920000 0.997779
0.930000 0.999195
0.940000 0.998422
0.950000 0.997868
0.960000 0.998395
0.970000 0.997162
0.980000 0.996404
0.990000 0.997187
1.000000 0.997513
1.010000 0.998262
1.020000 0.999447
1.030000 0.999396
1.040000 1.000545
1.050000 1.001494
1.060000 1.002513
1.070000 1.002861
1.080000 1.002544
1.090000 1.003257
1.100000 1.003386
