0.000000 0.000000
0.010000 0.000000
0.020000 0.000000
0.030000 0.000000
0.040000 0.000000
0.050000 0.000000
0.060000 0.000000
0.070000 0.000000
0.080000 0.000000
0.090000 0.000000
0.100000 0.000000
0.110000 0.000000
0.120000 0.000000
0.130000 0.000000
0.140000 0.000000
0.150000 0.000000
0.160000 0.000000
0.170000 0.000000
0.180000 0.000000
0.190000 0.000000
0.200000 0.000000
0.210000 0.000000
0.220000 0.000000
0.230000 0.000000
0.240000 0.000623
0.250000 0.089767
0.260000 1.037807
0.270000 2.664022
0.280000 2.910718
0.290000 2.136862
0.300000 1.432069
0.310000 1.053688
0.320000 0.900019
0.330000 0.845917
0.340000 0.838289
0.350000 0.856118
0.360000 0.870915
0.370000 0.896921
0.380000 0.918356
0.390000 0.946693
0.400000 0.975300
0.410000 1.004402
0.420000 1.033808
0.430000 1.055017
0.440000 1.071660
0.450000 1.084161
0.460000 1.082428
0.470000 1.082598
0.480000 1.067921
0.490000 1.051048
0.500000 1.031492
0.510000 1.006232
0.520000 0.984700
0.530000 0.967345
0.540000 0.945150
0.550000 0.931755
0.560000 0.922307
0.570000 0.920148
0.580000 0.925425
0.590000 0.938350
0.600000 0.954830
0.610000 0.969132
0.620000 0.984798
0.630000 0.998302
0.640000 1.012127
0.650000 1.019204
0.660000 1.029048
0.670000 1.034225
0.680000 1.036756
0.690000 1.037344
0.700000 1.035073
0.710000 1.031361
0.720000 1.027387
0.730000 1.018277
0.740000 1.009652
0.750000 1.005093
0.760000 0.998183
0.770000 0.993591
0.780000 0.990599
0.790000 0.987394
0.800000 0.987390
0.810000 0.987964
0.820000 0.990746
0.830000 0.992541
0.840000 0.994918
0.850000 0.997589
0.860000 0.999574
0.870000 0.999842
0.880000 1.001002
0.890000 1.001857
0.900000 0.999737
0.910000 0.999310
0.920000 0.999445
0.930000 1.000041
0.940000 0.999955
0.950000 0.998673
0.960000 0.999863
0.970000 0.998951
0.980000 0.998964
0.990000 0.998984
1.000000 0.999041
1.010000 0.998116
1.020000 0.999589
1.030000 1.000302
1.040000 1.001172
1.050000 1.002772
1.060000 1.003406
1.070000 1.002842
1.080000 1.002827
1.090000 1.002381
1.100000 1.002359
