0.000000 0.000000
0.010000 0.000000
0.020000 0.000000
0.030000 0.000000
0.040000 0.000000
0.050000 0.000000
0.060000 0.000000
0.070000 0.000000
0.080000 0.000000
0.090000 0.000000
0.100000 0.000000
0.110000 0.000000
0.120000 0.000000
0.130000 0.000000
0.140000 0.000000
0.150000 0.000000
0.160000 0.000000
0.170000 0.000000
0.180000 0.000000
0.190000 0.000000
0.200000 0.000000
0.210000 0.000000
0.220000 0.000000
0.230000 0.000000
0.240000 0.000667
0.250000 0.095681
0.260000 1.082088
0.270000 2.708563
0.280000 2.920083
0.290000 2.113334
0.300000 1.403524
0.310000 1.033155
0.320000 0.880565
0.330000 0.833254
0.340000 0.826130
0.350000 0.838283
0.360000 0.864152
0.370000 0.890555
0.380000 0.915735
0.390000 0.945971
0.400000 0.974003
0.410000 1.006574
0.420000 1.036882
0.430000 1.058334
0.440000 1.080678
0.450000 1.091181
0.460000 1.088602
0.470000 1.084196
0.480000 1.072731
0.490000 1.050428
0.500000 1.028447
0.510000 1.007005
0.520000 0.983277
0.530000 0.962004
0.540000 0.940240
0.550000 0.927450
0.560000 0.917364
0.570000 0.915489
0.580000 0.921496
0.590000 0.934661
0.600000 0.948897
0.610000 0.965804
0.620000 0.981497
0.630000 0.996249
0.640000 1.008221
0.650000 1.018677
0.660000 1.027185
0.670000 1.032554
0.680000 1.035560
0.690000 1.036187
0.700000 1.034567
0.710000 1.030176
0.720000 1.023399
0.730000 1.016554
0.740000 1.011036
0.750000 1.000545
0.760000 0.994713
0.770000 0.991338
0.780000 0.988157
0.790000 0.985445
0.800000 0.985050
0.810000 0.985249
0.820000 0.986486
0.830000 0.989744
0.840000 0.991835
0.850000 0.994698
0.860000 0.997488
0.870000 0.997887
0.880000 0.997961
0.890000 0.997407
0.900000 0.997675
0.910000 0.997032
0.920000 0.998136
0.930000 0.996406
0.940000 0.997565
0.950000 0.997008
0.960000 0.995485
0.970000 0.995547
0.980000 0.998150
0.990000 0.996455
1.000000 0.996528
1.010000 0.996505
1.020000 0.998845
1.030000 0.999234
1.040000 0.997607
1.050000 0.999044
1.060000 0.999086
1.070000 0.998365
1.080000 1.000491
1.090000 0.999974
1.100000 0.999861
