0.000000 0.000000
0.010000 0.000000
0.020000 0.000000
0.030000 0.000000
0.040000 0.000000
0.050000 0.000000
0.060000 0.000000
0.070000 0.000000
0.080000 0.000000
0.090000 0.000000
0.100000 0.000000
0.110000 0.000000
0.120000 0.000000
0.130000 0.000000
0.140000 0.000000
0.150000 0.000000
0.160000 0.000000
0.170000 0.000000
0.180000 0.000000
0.190000 0.000000
0.200000 0.000000
0.210000 0.000000
0.220000 0.000000
0.230000 0.000000
0.240000 0.000606
0.250000 0.096490
0.260000 1.078226
0.270000 2.712972
0.280000 2.919734
0.290000 2.112763
0.300000 1.402357
0.310000 1.036912
0.320000 0.878284
0.330000 0.828925
0.340000 0.822616
0.350000 0.837409
0.360000 0.863035
0.370000 0.885457
0.380000 0.918199
0.390000 0.947264
0.400000 0.973916
0.410000 1.008278
0.420000 1.038042
0.430000 1.064398
0.440000 1.076737
0.450000 1.093058
0.460000 1.094247
0.470000 1.086615
0.480000 1.073922
0.490000 1.054502
0.500000 1.033284
0.510000 1.009237
0.520000 0.985441
0.530000 0.961431
0.540000 0.942264
0.550000 0.925648
0.560000 0.914612
0.570000 0.913741
0.580000 0.919948
0.590000 0.931853
0.600000 0.947810
0.610000 0.963912
0.620000 0.982477
0.630000 0.996865
0.640000 1.010666
0.650000 1.021786
0.660000 1.029216
0.670000 1.034301
0.680000 1.037277
0.690000 1.037951
0.700000 1.036100
0.710000 1.031059
0.720000 1.024773
0.730000 1.016849
0.740000 1.009347
0.750000 1.004548
0.760000 0.998172
0.770000 0.991541
0.780000 0.989558
0.790000 0.987256
0.800000 0.985865
0.810000 0.986749
0.820000 0.990317
0.830000 0.989372
0.840000 0.993302
0.850000 0.996165
0.860000 0.997419
0.870000 1.001208
0.880000 0.999685
0.890000 1.000293
0.900000 0.998279
0.910000 0.998430
0.920000 0.998292
0.930000 0.998532
0.940000 0.998220
0.950000 0.998505
0.960000 0.997358
0.970000 0.998847
0.980000 0.997537
0.990000 0.997268
1.000000 0.998271
1.010000 0.997364
1.020000 0.998945
1.030000 1.000831
1.040000 0.999877
1.050000 1.002098
1.060000 1.000440
1.070000 1.003033
1.080000 1.002348
1.090000 1.002538
1.100000 1.001645
