0.000000 0.000000
0.010000 0.000000
0.020000 0.000000
0.030000 0.000000
0.040000 0.000000
0.050000 0.000000
0.060000 0.000000
0.070000 0.000000
0.080000 0.000000
0.090000 0.000000
0.100000 0.000000
0.110000 0.000000
0.120000 0.000000
0.130000 0.000000
0.140000 0.000000
0.150000 0.000000
0.160000 0.000000
0.170000 0.000000
0.180000 0.000000
0.190000 0.000000
0.200000 0.000000
0.210000 0.000000
0.220000 0.000000
0.230000 0.000000
0.240000 0.000749
0.250000 0.103076
0.260000 1.141629
0.270000 2.788065
0.280000 2.927884
0.290000 2.096474
0.300000 1.381378
0.310000 1.013991
0.320000 0.863123
0.330000 0.813166
0.340000 0.810283
0.350000 0.828522
0.360000 0.853116
0.370000 0.876868
0.380000 0.910477
0.390000 0.941553
0.400000 0.976936
0.410000 1.010498
0.420000 1.044531
0.430000 1.071124
0.440000 1.092683
0.450000 1.101126
0.460000 1.103090
0.470000 1.097224
0.480000 1.083975
0.490000 1.061147
0.500000 1.039893
0.510000 1.015829
0.520000 0.992702
0.530000 0.966037
0.540000 0.944074
0.550000 0.925240
0.560000 0.914926
0.570000 0.912219
0.580000 0.916570
0.590000 0.929801
0.600000 0.948101
0.610000 0.962269
0.620000 0.979708
0.630000 0.994034
0.640000 1.008986
0.650000 1.020353
0.660000 1.030260
0.670000 1.037759
0.680000 1.041141
0.690000 1.039839
0.700000 1.036044
0.710000 1.031639
0.720000 1.029713
0.730000 1.021572
0.740000 1.012469
0.750000 1.007316
0.760000 0.999618
0.770000 0.994531
0.780000 0.990379
0.790000 0.990127
0.800000 0.989132
0.810000 0.988346
0.820000 0.989402
0.830000 0.992149
0.840000 0.996875
0.850000 0.999015
0.860000 1.001663
0.870000 1.004062
0.880000 1.000809
0.890000 1.002732
0.900000 1.000316
0.910000 1.000231
0.920000 1.000504
0.930000 1.000229
0.940000 1.001023
0.950000 0.999604
0.960000 0.999505
0.970000 0.998808
0.980000 0.998183
0.990000 0.998389
1.000000 0.999229
1.010000 0.999133
1.020000 1.000881
1.030000 1.000711
1.040000 1.001152
1.050000 1.002466
1.060000 1.003733
1.070000 1.003348
1.080000 1.004476
1.090000 1.003710
1.100000 1.004110
