0.000000 0.000000
0.010000 0.000000
0.020000 0.000000
0.030000 0.000000
0.040000 0.000000
0.050000 0.000000
0.060000 0.000000
0.070000 0.000000
0.080000 0.000000
0.090000 0.000000
0.100000 0.000000
0.110000 0.000000
0.120000 0.000000
0.130000 0.000000
0.140000 0.000000
0.150000 0.000000
0.160000 0.000000
0.170000 0.000000
0.180000 0.000000
0.190000 0.000000
0.200000 0.000000
0.210000 0.000000
0.220000 0.000000
0.230000 0.000000
0.240000 0.000270
0.250000 0.054665
0.260000 0.712090
0.270000 2.108862
0.280000 2.670964
0.290000 2.236942
0.300000 1.663601
0.310000 1.294190
0.320000 1.107327
0.330000 1.018106
0.340000 0.977159
0.350000 0.957531
0.360000 0.950312
0.370000 0.947977
0.380000 0.948226
0.390000 0.955383
0.400000 0.967886
0.410000 0.978558
0.420000 0.991297
0.430000 1.003948
0.440000 1.015622
0.450000 1.019070
0.460000 1.018928
0.470000 1.017073
0.480000 1.008032
0.490000 0.999632
0.500000 0.989031
0.510000 0.976415
0.520000 0.965674
0.530000 0.960341
0.540000 0.956022
0.550000 0.956384
0.560000 0.958625
0.570000 0.964013
0.580000 0.969437
0.590000 0.975273
0.600000 0.983769
0.610000 0.991473
0.620000 0.999020
0.630000 1.006908
0.640000 1.014875
0.650000 1.018476
0.660000 1.024365
0.670000 1.026904
0.680000 1.027624
0.690000 1.027719
0.700000 1.025577
0.710000 1.022979
0.720000 1.016744
0.730000 1.011926
0.740000 1.005737
0.750000 1.001881
0.760000 0.996940
0.770000 0.992807
0.780000 0.990698
0.790000 0.987956
0.800000 0.988440
0.810000 0.988843
0.820000 0.989594
0.830000 0.991805
0.840000 0.993657
0.850000 0.995144
0.860000 0.995883
0.870000 0.997525
0.880000 0.998867
0.890000 1.000006
0.900000 0.999650
0.910000 0.999890
0.920000 1.001298
0.930000 1.001801
0.940000 1.002009
0.950000 1.001508
0.960000 1.002513
0.970000 1.002391
0.980000 1.001318
0.990000 1.000795
1.000000 1.001051
1.010000 1.001252
1.020000 1.001095
1.030000 1.000765
1.040000 1.001089
1.050000 1.000458
1.060000 1.001441
1.070000 1.001440
1.080000 1.001560
1.090000 1.000898
1.100000 1.000550
