0.000000 0.000000
0.010000 0.000000
0.020000 0.000000
0.030000 0.000000
0.040000 0.000000
0.050000 0.000000
0.060000 0.000000
0.070000 0.000000
0.080000 0.000000
0.090000 0.000000
0.100000 0.000000
0.110000 0.000000
0.120000 0.000000
0.130000 0.000000
0.140000 0.000000
0.150000 0.000000
0.160000 0.000000
0.170000 0.000000
0.180000 0.000000
0.190000 0.000000
0.200000 0.000000
0.210000 0.000000
0.220000 0.000000
0.230000 0.000000
0.240000 0.000555
0.250000 0.095899
0.260000 1.071576
0.270000 2.707795
0.280000 2.916900
0.290000 2.115197
0.300000 1.410808
0.310000 1.036189
0.320000 0.885091
0.330000 0.832884
0.340000 0.828172
0.350000 0.843359
0.360000 0.863291
0.370000 0.888722
0.380000 0.916659
0.390000 0.945809
0.400000 0.976695
0.410000 1.006229
0.420000 1.035437
0.430000 1.062207
0.440000 1.081843
0.450000 1.091084
0.460000 1.092419
0.470000 1.086212
0.480000 1.073105
0.490000 1.054226
0.500000 1.030606
0.510000 1.005476
0.520000 0.984567
0.530000 0.963333
0.540000 0.942393
0.550000 0.926213
0.560000 0.915844
0.570000 0.916751
0.580000 0.921953
0.590000 0.933642
0.600000 0.951302
0.610000 0.967838
0.620000 0.983664
0.630000 0.998146
0.640000 1.010432
0.650000 1.019992
0.660000 1.029600
0.670000 1.035690
0.680000 1.037956
0.690000 1.038050
0.700000 1.035739
0.710000 1.032280
0.720000 1.026572
0.730000 1.017014
0.740000 1.009825
0.750000 1.004450
0.760000 0.997156
0.770000 0.991831
0.780000 0.989160
0.790000 0.986969
0.800000 0.986351
0.810000 0.985486
0.820000 0.989491
0.830000 0.991455
0.840000 0.993383
0.850000 0.995815
0.860000 0.997639
0.870000 0.999102
0.880000 1.000831
0.890000 1.000369
0.900000 0.999948
0.910000 0.999695
0.920000 1.000495
0.930000 0.999452
0.940000 1.000044
0.950000 0.999245
0.960000 0.998564
0.970000 0.998339
0.980000 0.997289
0.990000 0.998084
1.000000 0.998231
1.010000 0.998191
1.020000 0.999072
1.030000 0.999375
1.040000 1.000196
1.050000 1.000633
1.060000 1.001966
1.070000 1.002031
1.080000 1.002285
1.090000 1.001896
1.100000 1.002239
