0.000000 0.000000
0.010000 0.000000
0.020000 0.000000
0.030000 0.000000
0.040000 0.000000
0.050000 0.000000
0.060000 0.000000
0.070000 0.000000
0.080000 0.000000
0.090000 0.000000
0.100000 0.000000
0.110000 0.000000
0.120000 0.000000
0.130000 0.000000
0.140000 0.000000
0.150000 0.000000
0.160000 0.000000
0.170000 0.000000
0.180000 0.000000
0.190000 0.000000
0.200000 0.000000
0.210000 0.000000
0.220000 0.000000
0.230000 0.000000
0.240000 0.000495
0.250000 0.078054
0.260000 0.938600
0.270000 2.507915
0.280000 2.850233
0.290000 2.162309
0.300000 1.492661
0.310000 1.115451
0.320000 0.953014
0.330000 0.892255
0.340000 0.877197
0.350000 0.881815
0.360000 0.899057
0.370000 0.914848
0.380000 0.932442
0.390000 0.951854
0.400000 0.977100
0.410000 1.000780
0.420000 1.024563
0.430000 1.045830
0.440000 1.060382
0.450000 1.067458
0.460000 1.068686
0.470000 1.062926
0.480000 1.050085
0.490000 1.033558
0.500000 1.016608
0.510000 0.993415
0.520000 0.976051
0.530000 0.962242
0.540000 0.945337
0.550000 0.935767
0.560000 0.932209
0.570000 0.933737
0.580000 0.940123
0.590000 0.948362
0.600000 0.963420
0.610000 0.978075
0.620000 0.991161
0.630000 1.002941
0.640000 1.014347
0.650000 1.020983
0.660000 1.028164
0.670000 1.034020
0.680000 1.035707
0.690000 1.034800
0.700000 1.032416
0.710000 1.030397
0.720000 1.023050
0.730000 1.016682
0.740000 1.008834
0.750000 1.003695
0.760000 0.997731
0.770000 0.992364
0.780000 0.991060
0.790000 0.988250
0.800000 0.987330
0.810000 0.988005
0.820000 0.990467
0.830000 0.992315
0.840000 0.993992
0.850000 0.996509
0.860000 0.997112
0.870000 0.999155
0.880000 1.000562
0.890000 1.000896
0.900000 1.000510
0.910000 1.000921
0.920000 1.001477
0.930000 1.000887
0.940000 1.001713
0.950000 1.000393
0.960000 1.000919
0.970000 0.999921
0.980000 0.999673
0.990000 0.999869
1.000000 1.000871
1.010000 1.000359
1.020000 1.000176
1.030000 1.000986
1.040000 1.001521
1.050000 1.002025
1.060000 1.002442
1.070000 1.001859
1.080000 1.002691
1.090000 1.002155
1.100000 1.002269
