0.000000 0.000000
0.010000 0.000000
0.020000 0.000000
0.030000 0.000000
0.040000 0.000000
0.050000 0.000000
0.060000 0.000000
0.070000 0.000000
0.080000 0.000000
0.090000 0.000000
0.100000 0.000000
0.110000 0.000000
0.120000 0.000000
0.130000 0.000000
0.140000 0.000000
0.150000 0.000000
0.160000 0.000000
0.170000 0.000000
0.180000 0.000000
0.190000 0.000000
0.200000 0.000000
0.210000 0.000000
0.220000 0.000000
0.230000 0.000000
0.240000 0.000116
0.250000 0.054660
0.260000 0.924269
0.270000 2.656823
0.280000 2.991715
0.290000 2.207800
0.300000 1.472413
0.310000 1.080878
0.320000 0.913681
0.330000 0.852813
0.340000 0.847022
0.350000 0.855426
0.360000 0.871670
0.370000 0.885847
0.380000 0.915882
0.390000 0.938835
0.400000 0.969617
0.410000 0.993501
0.420000 1.020246
0.430000 1.044884
0.440000 1.062032
0.450000 1.080893
0.460000 1.076376
0.470000 1.076661
0.480000 1.063586
0.490000 1.049565
0.500000 1.029968
0.510000 1.007291
0.520000 0.987909
0.530000 0.967500
0.540000 0.951884
0.550000 0.932546
0.560000 0.923914
0.570000 0.924208
0.580000 0.928432
0.590000 0.940923
0.600000 0.955290
0.610000 0.970843
0.620000 0.984601
0.630000 0.999312
0.640000 1.012759
0.650000 1.021119
0.660000 1.028147
0.670000 1.034521
0.680000 1.036377
0.690000 1.037915
0.700000 1.033780
0.710000 1.031951
0.720000 1.023818
0.730000 1.019377
0.740000 1.013759
0.750000 1.005654
0.760000 0.998666
0.770000 0.996147
0.780000 0.990313
0.790000 0.990144
0.800000 0.987980
0.810000 0.988316
0.820000 0.989657
0.830000 0.990160
0.840000 0.992512
0.850000 0.995080
0.860000 0.997477
0.870000 0.998510
0.880000 0.999648
0.890000 0.997484
0.900000 0.999673
0.910000 0.999117
0.920000 0.999564
0.930000 1.000491
0.940000 1.000369
0.950000 0.999696
0.960000 1.000580
0.970000 0.999173
0.980000 0.998928
0.990000 0.997892
1.000000 0.999884
1.010000 0.999300
1.020000 1.000278
1.030000 1.001315
1.040000 1.000596
1.050000 1.001241
1.060000 1.001881
1.070000 1.002748
1.080000 1.002519
1.090000 1.001534
1.100000 1.002524
