0.000000 0.000000
0.010000 0.000000
0.020000 0.000000
0.030000 0.000000
0.040000 0.000000
0.050000 0.000000
0.060000 0.000000
0.070000 0.000000
0.080000 0.000000
0.090000 0.000000
0.100000 0.000000
0.110000 0.000000
0.120000 0.000000
0.130000 0.000000
0.140000 0.000000
0.150000 0.000000
0.160000 0.000000
0.170000 0.000000
0.180000 0.000000
0.190000 0.000000
0.200000 0.000000
0.210000 0.000000
0.220000 0.000000
0.230000 0.000000
0.240000 0.000644
0.250000 0.094802
0.260000 1.090784
0.270000 2.732509
0.280000 2.925121
0.290000 2.107229
0.300000 1.396705
0.310000 1.026334
0.320000 0.872723
0.330000 0.824958
0.340000 0.822121
0.350000 0.839258
0.360000 0.858943
0.370000 0.884832
0.380000 0.917903
0.390000 0.950193
0.400000 0.981735
0.410000 1.012453
0.420000 1.042420
0.430000 1.070964
0.440000 1.086112
0.450000 1.098697
0.460000 1.104893
0.470000 1.091717
0.480000 1.077813
0.490000 1.056376
0.500000 1.034378
0.510000 1.008579
0.520000 0.985287
0.530000 0.964897
0.540000 0.940838
0.550000 0.921429
0.560000 0.909646
0.570000 0.909854
0.580000 0.918094
0.590000 0.932042
0.600000 0.948025
0.610000 0.966827
0.620000 0.981836
0.630000 0.999759
0.640000 1.014360
0.650000 1.026241
0.660000 1.032714
0.670000 1.040937
0.680000 1.041660
0.690000 1.040953
0.700000 1.039769
0.710000 1.035601
0.720000 1.030121
0.730000 1.021895
0.740000 1.012642
0.750000 1.006251
0.760000 1.001773
0.770000 0.994821
0.780000 0.990901
0.790000 0.988982
0.800000 0.988153
0.810000 0.988719
0.820000 0.990121
0.830000 0.991273
0.840000 0.996087
0.850000 0.998290
0.860000 0.998552
0.870000 1.002806
0.880000 1.002643
0.890000 0.999781
0.900000 1.001321
0.910000 1.000532
0.920000 1.000627
0.930000 1.000771
0.940000 1.000853
0.950000 0.999804
0.960000 1.000390
0.970000 1.000087
0.980000 0.999077
0.990000 1.000925
1.000000 1.000658
1.010000 1.001866
1.020000 1.003418
1.030000 1.004434
1.040000 1.002450
1.050000 1.004607
1.060000 1.004936
1.070000 1.004430
1.080000 1.004311
1.090000 1.003329
1.100000 1.002900
