0.000000 0.000000
0.010000 0.000000
0.020000 0.000000
0.030000 0.000000
0.040000 0.000000
0.050000 0.000000
0.060000 0.000000
0.070000 0.000000
0.080000 0.000000
0.090000 0.000000
0.100000 0.000000
0.110000 0.000000
0.120000 0.000000
0.130000 0.000000
0.140000 0.000000
0.150000 0.000000
0.160000 0.000000
0.170000 0.000000
0.180000 0.000000
0.190000 0.000000
0.200000 0.000000
0.210000 0.000000
0.220000 0.000000
0.230000 0.000000
0.240000 0.000122
0.250000 0.062655
0.260000 1.064526
0.270000 2.864968
0.280000 3.008836
0.290000 2.104655
0.300000 1.380008
0.310000 1.010022
0.320000 0.849288
0.330000 0.808529
0.340000 0.805799
0.350000 0.822702
0.360000 0.843376
0.370000 0.878103
0.380000 0.906985
0.390000 0.943024
0.400000 0.981259
0.410000 1.008929
0.420000 1.042442
0.430000 1.073570
0.440000 1.089361
0.450000 1.100173
0.460000 1.101703
0.470000 1.093116
0.480000 1.076239
0.490000 1.057714
0.500000 1.030711
0.510000 1.006691
0.520000 0.981008
0.530000 0.954914
0.540000 0.933085
0.550000 0.911887
0.560000 0.903211
0.570000 0.902716
0.580000 0.912250
0.590000 0.924357
0.600000 0.941411
0.610000 0.959466
0.620000 0.976838
0.630000 0.995328
0.640000 1.008573
0.650000 1.021239
0.660000 1.028605
0.670000 1.035122
0.680000 1.037577
0.690000 1.038273
0.700000 1.036052
0.710000 1.030809
0.720000 1.023195
0.730000 1.018221
0.740000 1.009458
0.750000 1.002572
0.760000 0.995801
0.770000 0.990898
0.780000 0.984703
0.790000 0.982750
0.800000 0.981947
0.810000 0.981137
0.820000 0.983106
0.830000 0.983825
0.840000 0.988048
0.850000 0.991105
0.860000 0.991163
0.870000 0.993177
0.880000 0.992034
0.890000 0.990131
0.900000 0.992558
0.910000 0.993611
0.920000 0.993521
0.930000 0.993460
0.940000 0.993945
0.950000 0.993434
0.960000 0.992359
0.970000 0.994312
0.980000 0.993565
0.990000 0.994004
1.000000 0.993717
1.010000 0.993941
1.020000 0.995353
1.030000 0.995624
1.040000 0.995741
1.050000 0.996365
1.060000 0.996289
1.070000 0.996943
1.080000 0.997045
1.090000 0.996860
1.100000 0.996059
