0.000000 0.000000
0.010000 0.000000
0.020000 0.000000
0.030000 0.000000
0.040000 0.000000
0.050000 0.000000
0.060000 0.000000
0.070000 0.000000
0.080000 0.000000
0.090000 0.000000
0.100000 0.000000
0.110000 0.000000
0.120000 0.000000
0.130000 0.000000
0.140000 0.000000
0.150000 0.000000
0.160000 0.000000
0.170000 0.000000
0.180000 0.000000
0.190000 0.000000
0.200000 0.000000
0.210000 0.000000
0.220000 0.000000
0.230000 0.000000
0.240000 0.000620
0.250000 0.092280
0.260000 1.052734
0.270000 2.683342
0.280000 2.905522
0.290000 2.108988
0.300000 1.413085
0.310000 1.043584
0.320000 0.885246
0.330000 0.839458
0.340000 0.830819
0.350000 0.844845
0.360000 0.871878
0.370000 0.893866
0.380000 0.921704
0.390000 0.947256
0.400000 0.979787
0.410000 1.010770
0.420000 1.036143
0.430000 1.064560
0.440000 1.084692
0.450000 1.094216
0.460000 1.094002
0.470000 1.089328
0.480000 1.073844
0.490000 1.053302
0.500000 1.031854
0.510000 1.007463
0.520000 0.984900
0.530000 0.963756
0.540000 0.943543
0.550000 0.927515
0.560000 0.917991
0.570000 0.916986
0.580000 0.924168
0.590000 0.939141
0.600000 0.952530
0.610000 0.969523
0.620000 0.986751
0.630000 0.998372
0.640000 1.013878
0.650000 1.022950
0.660000 1.030562
0.670000 1.035564
0.680000 1.039694
0.690000 1.041868
0.700000 1.037029
0.710000 1.035079
0.720000 1.029063
0.730000 1.021228
0.740000 1.013245
0.750000 1.006368
0.760000 0.999917
0.770000 0.994718
0.780000 0.992148
0.790000 0.989306
0.800000 0.989416
0.810000 0.988644
0.820000 0.991756
0.830000 0.993243
0.840000 0.997995
0.850000 0.998143
0.860000 1.000590
0.870000 1.002738
0.880000 1.003511
0.890000 1.003651
0.900000 1.002450
0.910000 1.001890
0.920000 1.003879
0.930000 1.002988
0.940000 1.002951
0.950000 1.003096
0.960000 1.002644
0.970000 1.002341
0.980000 1.000366
0.990000 1.002076
1.000000 1.002029
1.010000 1.002713
1.020000 1.002132
1.030000 1.002646
1.040000 1.005014
1.050000 1.004328
1.060000 1.004746
1.070000 1.005159
1.080000 1.007344
1.090000 1.006041
1.100000 1.005585
