# dealing with file frec.sum.out
.54583333333333333333 0 0
.63749999999999999999 0 0
.72916666666666666665 0 0
.82083333333333333331 0 0
.91249999999999999997 0 0
1.00416666666666666663 0 0
1.09583333333333333329 0 0
1.18749999999999999995 0 0
1.27916666666666666661 .00012377651515151509 .00000877708333333330
1.37083333333333333327 .19716737689393939386 .00158348248106060596
1.46249999999999999993 7.24472064393939393990 .06375970643939393935
1.55416666666666666659 16.88134469696969697090 .11126467803030303022
1.64583333333333333325 24.43702651515151515319 .16414488636363636361
1.73749999999999999991 30.78148674242424242645 .28556818181818181816
1.82916666666666666657 35.74810606060606060863 .27258759469696969692
1.92083333333333333323 37.08735795454545454807 .15218063446969696964
2.01249999999999999989 37.35748106060606060868 .31210464015151515144
2.10416666666666666655 35.58688446969696969946 .27972774621212121209
2.19583333333333333321 32.01988636363636363869 .24918797348484848478
2.28749999999999999987 28.16358901515151515346 .17959161931818181812
2.37916666666666666653 24.02580492424242424407 .17023035037878787877
2.47083333333333333319 19.78648200757575757714 .14001349431818181819
2.56249999999999999985 15.97838541666666666781 .11824076704545454539
2.65416666666666666651 12.31328125000000000082 .12229521780303030295
2.74583333333333333317 9.20812026515151515216 .07312997159090909084
2.83749999999999999983 6.47601799242424242461 .03251136363636363632
2.92916666666666666649 4.08941761363636363666 .02785511363636363629
3.02083333333333333315 2.38179450757575757588 .01848423295454545451
3.11249999999999999981 1.10907433712121212124 .00619294507575757570
3.20416666666666666647 .27395359848484848481 .00167089725378787876
#sum is 34.93852143732638888878
