# dealing with file frec.sum.out
.54583333333333333333 0 0
.63749999999999999999 0 0
.72916666666666666665 0 0
.82083333333333333331 0 0
.91249999999999999997 0 0
1.00416666666666666663 0 0
1.09583333333333333329 0 0
1.18749999999999999995 0 0
1.27916666666666666661 .00011255042613636360 .00000677999526515149
1.37083333333333333327 .20082599431818181812 .00244879261363636363
1.46249999999999999993 7.03593750000000000051 .06798342803030303029
1.55416666666666666659 16.62182765151515151633 .13203314393939393935
1.64583333333333333325 24.91737689393939394115 .14576657196969696961
1.73749999999999999991 31.19981060606060606277 .17915293560606060601
1.82916666666666666657 35.76751893939393939652 .19609517045454545455
1.92083333333333333323 38.02178030303030303305 .31429214015151515151
2.01249999999999999989 37.09588068181818182080 .29397727272727272722
2.10416666666666666655 35.10037878787878788131 .26557528409090909085
2.19583333333333333321 32.18797348484848485081 .22320478219696969692
2.28749999999999999987 27.76775568181818182012 .27361505681818181816
2.37916666666666666653 23.23018465909090909259 .17995904356060606059
2.47083333333333333319 19.09431818181818181957 .17244436553030303030
2.56249999999999999985 15.28584280303030303136 .16044531249999999993
2.65416666666666666651 11.44275568181818181897 .10345951704545454546
2.74583333333333333317 8.35875946969696969751 .10203480113636363629
2.83749999999999999983 5.86567234848484848522 .05155918560606060600
2.92916666666666666649 3.77488162878787878812 .03212121212121212116
3.02083333333333333315 2.14050189393939393953 .02175480587121212116
3.11249999999999999981 1.01186079545454545461 .00653276515151515145
3.20416666666666666647 .25470643939393939387 .00226206202651515141
#sum is 34.50119410618489583326
