0.000000 0.000000
0.010000 0.000000
0.020000 0.000000
0.030000 0.000000
0.040000 0.000000
0.050000 0.000000
0.060000 0.000000
0.070000 0.000000
0.080000 0.000000
0.090000 0.000000
0.100000 0.000000
0.110000 0.000000
0.120000 0.000000
0.130000 0.000000
0.140000 0.000000
0.150000 0.000000
0.160000 0.000000
0.170000 0.000000
0.180000 0.000000
0.190000 0.000000
0.200000 0.000000
0.210000 0.000000
0.220000 0.000000
0.230000 0.000000
0.240000 0.000702
0.250000 0.104732
0.260000 1.131910
0.270000 2.749469
0.280000 2.885994
0.290000 2.051207
0.300000 1.368667
0.310000 1.016702
0.320000 0.876122
0.330000 0.831042
0.340000 0.834685
0.350000 0.848797
0.360000 0.870904
0.370000 0.900875
0.380000 0.926910
0.390000 0.959752
0.400000 0.989325
0.410000 1.022018
0.420000 1.052137
0.430000 1.076338
0.440000 1.089864
0.450000 1.099811
0.460000 1.098887
0.470000 1.087848
0.480000 1.076206
0.490000 1.053477
0.500000 1.031234
0.510000 1.004364
0.520000 0.980896
0.530000 0.955930
0.540000 0.936876
0.550000 0.919162
0.560000 0.909966
0.570000 0.907104
0.580000 0.914319
0.590000 0.929974
0.600000 0.945723
0.610000 0.964290
0.620000 0.980299
0.630000 0.999117
0.640000 1.011855
0.650000 1.021648
0.660000 1.032232
0.670000 1.037775
0.680000 1.042313
0.690000 1.040405
0.700000 1.042216
0.710000 1.034044
0.720000 1.030813
0.730000 1.021917
0.740000 1.014380
0.750000 1.007079
0.760000 0.998897
0.770000 0.995066
0.780000 0.990489
0.790000 0.988343
0.800000 0.986314
0.810000 0.988284
0.820000 0.990142
0.830000 0.991284
0.840000 0.995223
0.850000 0.996743
0.860000 0.997198
0.870000 0.999690
0.880000 0.998466
0.890000 0.997831
0.900000 0.996473
0.910000 0.997743
0.920000 0.998344
0.930000 0.997313
0.940000 0.997795
0.950000 0.996746
0.960000 0.997098
0.970000 0.996927
0.980000 0.998106
0.990000 0.999699
1.000000 0.999337
1.010000 0.998454
1.020000 0.999931
1.030000 1.000895
1.040000 1.002788
1.050000 1.001686
1.060000 1.003637
1.070000 1.002222
1.080000 1.003049
1.090000 1.002963
1.100000 1.003287
