0.000000 0.000000
0.010000 0.000000
0.020000 0.000000
0.030000 0.000000
0.040000 0.000000
0.050000 0.000000
0.060000 0.000000
0.070000 0.000000
0.080000 0.000000
0.090000 0.000000
0.100000 0.000000
0.110000 0.000000
0.120000 0.000000
0.130000 0.000000
0.140000 0.000000
0.150000 0.000000
0.160000 0.000000
0.170000 0.000000
0.180000 0.000000
0.190000 0.000000
0.200000 0.000000
0.210000 0.000000
0.220000 0.000000
0.230000 0.000000
0.240000 0.000736
0.250000 0.096724
0.260000 1.088684
0.270000 2.719502
0.280000 2.918885
0.290000 2.108255
0.300000 1.410493
0.310000 1.030853
0.320000 0.877207
0.330000 0.827912
0.340000 0.822191
0.350000 0.842111
0.360000 0.859002
0.370000 0.885822
0.380000 0.913441
0.390000 0.946134
0.400000 0.978049
0.410000 1.006965
0.420000 1.036710
0.430000 1.066285
0.440000 1.084383
0.450000 1.093786
0.460000 1.094332
0.470000 1.083644
0.480000 1.074679
0.490000 1.055095
0.500000 1.034086
0.510000 1.010362
0.520000 0.986928
0.530000 0.965592
0.540000 0.944488
0.550000 0.924072
0.560000 0.914691
0.570000 0.913592
0.580000 0.919978
0.590000 0.934109
0.600000 0.949039
0.610000 0.965237
0.620000 0.982199
0.630000 0.995895
0.640000 1.009363
0.650000 1.019523
0.660000 1.028715
0.670000 1.035595
0.680000 1.037765
0.690000 1.038761
0.700000 1.035190
0.710000 1.029902
0.720000 1.026199
0.730000 1.018466
0.740000 1.009714
0.750000 1.005464
0.760000 0.999179
0.770000 0.992007
0.780000 0.989333
0.790000 0.986629
0.800000 0.988038
0.810000 0.987265
0.820000 0.989140
0.830000 0.991586
0.840000 0.992731
0.850000 0.995358
0.860000 0.999783
0.870000 0.999468
0.880000 0.999221
0.890000 1.000232
0.900000 0.999307
0.910000 0.999315
0.920000 0.998241
0.930000 0.997731
0.940000 0.999172
0.950000 0.996901
0.960000 0.998463
0.970000 0.997440
0.980000 0.999294
0.990000 0.996910
1.000000 0.998065
1.010000 0.998537
1.020000 0.999818
1.030000 1.000592
1.040000 1.000544
1.050000 1.001539
1.060000 1.001452
1.070000 1.002974
1.080000 1.001953
1.090000 1.001211
1.100000 1.002167
