0.000000 0.000000
0.010000 0.000000
0.020000 0.000000
0.030000 0.000000
0.040000 0.000000
0.050000 0.000000
0.060000 0.000000
0.070000 0.000000
0.080000 0.000000
0.090000 0.000000
0.100000 0.000000
0.110000 0.000000
0.120000 0.000000
0.130000 0.000000
0.140000 0.000000
0.150000 0.000000
0.160000 0.000000
0.170000 0.000000
0.180000 0.000000
0.190000 0.000000
0.200000 0.000000
0.210000 0.000000
0.220000 0.000000
0.230000 0.000000
0.240000 0.000613
0.250000 0.097526
0.260000 1.081364
0.270000 2.723883
0.280000 2.923214
0.290000 2.115796
0.300000 1.404419
0.310000 1.030503
0.320000 0.872309
0.330000 0.825432
0.340000 0.820804
0.350000 0.833405
0.360000 0.857829
0.370000 0.883098
0.380000 0.913246
0.390000 0.943122
0.400000 0.976396
0.410000 1.008630
0.420000 1.041472
0.430000 1.064000
0.440000 1.085226
0.450000 1.096806
0.460000 1.098090
0.470000 1.090192
0.480000 1.075701
0.490000 1.058717
0.500000 1.033479
0.510000 1.009191
0.520000 0.986465
0.530000 0.966001
0.540000 0.941215
0.550000 0.927815
0.560000 0.916085
0.570000 0.912460
0.580000 0.919983
0.590000 0.933042
0.600000 0.947793
0.610000 0.966512
0.620000 0.982726
0.630000 0.998174
0.640000 1.010698
0.650000 1.020546
0.660000 1.029712
0.670000 1.033410
0.680000 1.038325
0.690000 1.039489
0.700000 1.037279
0.710000 1.032582
0.720000 1.026677
0.730000 1.018707
0.740000 1.011735
0.750000 1.005730
0.760000 0.999316
0.770000 0.992982
0.780000 0.990494
0.790000 0.988374
0.800000 0.987561
0.810000 0.988686
0.820000 0.989903
0.830000 0.993262
0.840000 0.995073
0.850000 0.997557
0.860000 0.999885
0.870000 1.001296
0.880000 1.000529
0.890000 1.001004
0.900000 1.000519
0.910000 0.999785
0.920000 0.999946
0.930000 1.000277
0.940000 0.999079
0.950000 0.999256
0.960000 0.998842
0.970000 1.000108
0.980000 0.998860
0.990000 0.999946
1.000000 1.000731
1.010000 1.001977
1.020000 1.001484
1.030000 1.002715
1.040000 1.001766
1.050000 1.003547
1.060000 1.004083
1.070000 1.004291
1.080000 1.003676
1.090000 1.003324
1.100000 1.004095
