0.000000 0.000000
0.010000 0.000000
0.020000 0.000000
0.030000 0.000000
0.040000 0.000000
0.050000 0.000000
0.060000 0.000000
0.070000 0.000000
0.080000 0.000000
0.090000 0.000000
0.100000 0.000000
0.110000 0.000000
0.120000 0.000000
0.130000 0.000000
0.140000 0.000000
0.150000 0.000000
0.160000 0.000000
0.170000 0.000000
0.180000 0.000000
0.190000 0.000000
0.200000 0.000000
0.210000 0.000000
0.220000 0.000000
0.230000 0.000000
0.240000 0.000597
0.250000 0.097662
0.260000 1.099942
0.270000 2.733926
0.280000 2.932311
0.290000 2.105616
0.300000 1.398426
0.310000 1.027821
0.320000 0.864360
0.330000 0.819393
0.340000 0.825370
0.350000 0.830199
0.360000 0.857183
0.370000 0.885420
0.380000 0.907905
0.390000 0.947592
0.400000 0.983633
0.410000 1.015397
0.420000 1.045455
0.430000 1.073601
0.440000 1.087635
0.450000 1.099941
0.460000 1.101979
0.470000 1.092712
0.480000 1.078551
0.490000 1.059461
0.500000 1.035714
0.510000 1.010059
0.520000 0.989521
0.530000 0.964931
0.540000 0.942474
0.550000 0.921364
0.560000 0.911896
0.570000 0.913412
0.580000 0.918531
0.590000 0.932372
0.600000 0.948912
0.610000 0.964534
0.620000 0.980115
0.630000 0.997955
0.640000 1.010977
0.650000 1.022850
0.660000 1.031335
0.670000 1.038884
0.680000 1.042087
0.690000 1.040557
0.700000 1.038870
0.710000 1.033420
0.720000 1.028145
0.730000 1.021788
0.740000 1.013765
0.750000 1.006929
0.760000 0.999179
0.770000 0.993694
0.780000 0.993084
0.790000 0.990755
0.800000 0.989605
0.810000 0.988994
0.820000 0.990356
0.830000 0.993459
0.840000 0.995321
0.850000 0.998062
0.860000 1.001541
0.870000 1.001626
0.880000 0.999070
0.890000 0.999637
0.900000 0.998290
0.910000 0.999865
0.920000 0.999053
0.930000 0.999213
0.940000 1.000090
0.950000 1.000468
0.960000 0.998702
0.970000 0.998677
0.980000 1.000857
0.990000 0.999731
1.000000 1.000852
1.010000 1.001161
1.020000 1.002425
1.030000 1.003891
1.040000 1.003200
1.050000 1.003886
1.060000 1.004587
1.070000 1.004720
1.080000 1.003947
1.090000 1.004966
1.100000 1.002951
