0.000000 0.000000
0.010000 0.000000
0.020000 0.000000
0.030000 0.000000
0.040000 0.000000
0.050000 0.000000
0.060000 0.000000
0.070000 0.000000
0.080000 0.000000
0.090000 0.000000
0.100000 0.000000
0.110000 0.000000
0.120000 0.000000
0.130000 0.000000
0.140000 0.000000
0.150000 0.000000
0.160000 0.000000
0.170000 0.000000
0.180000 0.000000
0.190000 0.000000
0.200000 0.000000
0.210000 0.000000
0.220000 0.000000
0.230000 0.000000
0.240000 0.000649
0.250000 0.098414
0.260000 1.091517
0.270000 2.725900
0.280000 2.927434
0.290000 2.108978
0.300000 1.404469
0.310000 1.031533
0.320000 0.876744
0.330000 0.828600
0.340000 0.826021
0.350000 0.833766
0.360000 0.863557
0.370000 0.888377
0.380000 0.916575
0.390000 0.946738
0.400000 0.977683
0.410000 1.007302
0.420000 1.044181
0.430000 1.066113
0.440000 1.085320
0.450000 1.095683
0.460000 1.096502
0.470000 1.088810
0.480000 1.076842
0.490000 1.059423
0.500000 1.036048
0.510000 1.010527
0.520000 0.984627
0.530000 0.964888
0.540000 0.941934
0.550000 0.930357
0.560000 0.917619
0.570000 0.916380
0.580000 0.920403
0.590000 0.933941
0.600000 0.948934
0.610000 0.968695
0.620000 0.982850
0.630000 0.996253
0.640000 1.012336
0.650000 1.023269
0.660000 1.029208
0.670000 1.037834
0.680000 1.039404
0.690000 1.040925
0.700000 1.036098
0.710000 1.033054
0.720000 1.027815
0.730000 1.020940
0.740000 1.012255
0.750000 1.003179
0.760000 1.000850
0.770000 0.993647
0.780000 0.991741
0.790000 0.988032
0.800000 0.988016
0.810000 0.989685
0.820000 0.990837
0.830000 0.992059
0.840000 0.995692
0.850000 0.999050
0.860000 1.001351
0.870000 1.000800
0.880000 1.000511
0.890000 1.000300
0.900000 1.001306
0.910000 0.999902
0.920000 0.999777
0.930000 0.999789
0.940000 0.999676
0.950000 0.999862
0.960000 1.000489
0.970000 1.000176
0.980000 0.999510
0.990000 1.000950
1.000000 1.002208
1.010000 1.001392
1.020000 1.001779
1.030000 1.001637
1.040000 1.003522
1.050000 1.002264
1.060000 1.003245
1.070000 1.002392
1.080000 1.002685
1.090000 1.003397
1.100000 1.002197
