0.000000 0.000000
0.010000 0.000000
0.020000 0.000000
0.030000 0.000000
0.040000 0.000000
0.050000 0.000000
0.060000 0.000000
0.070000 0.000000
0.080000 0.000000
0.090000 0.000000
0.100000 0.000000
0.110000 0.000000
0.120000 0.000000
0.130000 0.000000
0.140000 0.000000
0.150000 0.000000
0.160000 0.000000
0.170000 0.000000
0.180000 0.000000
0.190000 0.000000
0.200000 0.000000
0.210000 0.000000
0.220000 0.000000
0.230000 0.000000
0.240000 0.000749
0.250000 0.099967
0.260000 1.097617
0.270000 2.744906
0.280000 2.921809
0.290000 2.105629
0.300000 1.397163
0.310000 1.021274
0.320000 0.873989
0.330000 0.817552
0.340000 0.820703
0.350000 0.838445
0.360000 0.854838
0.370000 0.885120
0.380000 0.917185
0.390000 0.947565
0.400000 0.978290
0.410000 1.012421
0.420000 1.042191
0.430000 1.067710
0.440000 1.088656
0.450000 1.099004
0.460000 1.104298
0.470000 1.093646
0.480000 1.077290
0.490000 1.056826
0.500000 1.033758
0.510000 1.009649
0.520000 0.986330
0.530000 0.963506
0.540000 0.942388
0.550000 0.924817
0.560000 0.912568
0.570000 0.911175
0.580000 0.917672
0.590000 0.931401
0.600000 0.948129
0.610000 0.963916
0.620000 0.982078
0.630000 0.998462
0.640000 1.012045
0.650000 1.024788
0.660000 1.031819
0.670000 1.038387
0.680000 1.040156
0.690000 1.041848
0.700000 1.040046
0.710000 1.035016
0.720000 1.027870
0.730000 1.021333
0.740000 1.011643
0.750000 1.005309
0.760000 0.999993
0.770000 0.994735
0.780000 0.990138
0.790000 0.988707
0.800000 0.986588
0.810000 0.989318
0.820000 0.990584
0.830000 0.994172
0.840000 0.994327
0.850000 0.997138
0.860000 0.999145
0.870000 0.999219
0.880000 1.000894
0.890000 1.001965
0.900000 1.003325
0.910000 1.001319
0.920000 1.000752
0.930000 1.000195
0.940000 0.999593
0.950000 0.999581
0.960000 0.999419
0.970000 0.998829
0.980000 0.999821
0.990000 0.999836
1.000000 0.999372
1.010000 0.999721
1.020000 1.000738
1.030000 1.002373
1.040000 1.001668
1.050000 1.003527
1.060000 1.003827
1.070000 1.004240
1.080000 1.004123
1.090000 1.004062
1.100000 1.003089
