0.000000 0.000000
0.010000 0.000000
0.020000 0.000000
0.030000 0.000000
0.040000 0.000000
0.050000 0.000000
0.060000 0.000000
0.070000 0.000000
0.080000 0.000000
0.090000 0.000000
0.100000 0.000000
0.110000 0.000000
0.120000 0.000000
0.130000 0.000000
0.140000 0.000000
0.150000 0.000000
0.160000 0.000000
0.170000 0.000000
0.180000 0.000000
0.190000 0.000000
0.200000 0.000000
0.210000 0.000000
0.220000 0.000000
0.230000 0.000000
0.240000 0.000619
0.250000 0.084277
0.260000 1.005657
0.270000 2.641667
0.280000 2.931894
0.290000 2.167123
0.300000 1.455430
0.310000 1.078355
0.320000 0.916642
0.330000 0.859386
0.340000 0.848580
0.350000 0.859391
0.360000 0.876264
0.370000 0.896410
0.380000 0.914153
0.390000 0.942150
0.400000 0.973047
0.410000 0.995643
0.420000 1.022559
0.430000 1.044914
0.440000 1.062796
0.450000 1.072443
0.460000 1.080873
0.470000 1.074952
0.480000 1.067033
0.490000 1.049644
0.500000 1.037111
0.510000 1.011685
0.520000 0.994389
0.530000 0.974653
0.540000 0.956816
0.550000 0.939201
0.560000 0.929083
0.570000 0.923456
0.580000 0.927855
0.590000 0.941545
0.600000 0.954816
0.610000 0.966991
0.620000 0.983804
0.630000 0.999001
0.640000 1.007543
0.650000 1.018552
0.660000 1.027785
0.670000 1.031656
0.680000 1.034355
0.690000 1.037602
0.700000 1.036534
0.710000 1.031889
0.720000 1.024483
0.730000 1.020577
0.740000 1.013321
0.750000 1.006151
0.760000 1.001915
0.770000 0.996626
0.780000 0.990955
0.790000 0.988849
0.800000 0.989883
0.810000 0.989972
0.820000 0.991158
0.830000 0.992673
0.840000 0.995384
0.850000 0.997711
0.860000 0.998067
0.870000 1.000476
0.880000 1.000320
0.890000 0.999436
0.900000 0.999541
0.910000 1.000299
0.920000 1.001505
0.930000 1.001151
0.940000 1.002250
0.950000 1.000977
0.960000 1.000261
0.970000 0.999624
0.980000 0.997940
0.990000 0.999792
1.000000 0.999209
1.010000 0.999582
1.020000 1.000177
1.030000 1.000761
1.040000 1.001266
1.050000 1.002120
1.060000 1.003448
1.070000 1.002480
1.080000 1.004374
1.090000 1.003417
1.100000 1.003138
