0.000000 0.000000
0.010000 0.000000
0.020000 0.000000
0.030000 0.000000
0.040000 0.000000
0.050000 0.000000
0.060000 0.000000
0.070000 0.000000
0.080000 0.000000
0.090000 0.000000
0.100000 0.000000
0.110000 0.000000
0.120000 0.000000
0.130000 0.000000
0.140000 0.000000
0.150000 0.000000
0.160000 0.000000
0.170000 0.000000
0.180000 0.000000
0.190000 0.000000
0.200000 0.000000
0.210000 0.000000
0.220000 0.000000
0.230000 0.000000
0.240000 0.000726
0.250000 0.097065
0.260000 1.084653
0.270000 2.725934
0.280000 2.919155
0.290000 2.102588
0.300000 1.402564
0.310000 1.030133
0.320000 0.876681
0.330000 0.826350
0.340000 0.824454
0.350000 0.835827
0.360000 0.859345
0.370000 0.887326
0.380000 0.917722
0.390000 0.947659
0.400000 0.981777
0.410000 1.012736
0.420000 1.037527
0.430000 1.065506
0.440000 1.084451
0.450000 1.092497
0.460000 1.096629
0.470000 1.088921
0.480000 1.074343
0.490000 1.056416
0.500000 1.031106
0.510000 1.008618
0.520000 0.984975
0.530000 0.961602
0.540000 0.940974
0.550000 0.925610
0.560000 0.913138
0.570000 0.913670
0.580000 0.918519
0.590000 0.932264
0.600000 0.946903
0.610000 0.965586
0.620000 0.982832
0.630000 0.996980
0.640000 1.009768
0.650000 1.021992
0.660000 1.029560
0.670000 1.035710
0.680000 1.038031
0.690000 1.038395
0.700000 1.036365
0.710000 1.033223
0.720000 1.024691
0.730000 1.018977
0.740000 1.012833
0.750000 1.003265
0.760000 0.996960
0.770000 0.993169
0.780000 0.988127
0.790000 0.987635
0.800000 0.984659
0.810000 0.987486
0.820000 0.989809
0.830000 0.992319
0.840000 0.993561
0.850000 0.996652
0.860000 0.998258
0.870000 0.997518
0.880000 0.999182
0.890000 0.998049
0.900000 0.999399
0.910000 0.998997
0.920000 0.999509
0.930000 0.998280
0.940000 0.998156
0.950000 0.997844
0.960000 0.998636
0.970000 0.997473
0.980000 0.998791
0.990000 0.997814
1.000000 0.998960
1.010000 0.999572
1.020000 1.000899
1.030000 1.000349
1.040000 1.000627
1.050000 1.000235
1.060000 1.001883
1.070000 1.001615
1.080000 1.001626
1.090000 1.002926
1.100000 1.001972
