0.000000 0.000000
0.010000 0.000000
0.020000 0.000000
0.030000 0.000000
0.040000 0.000000
0.050000 0.000000
0.060000 0.000000
0.070000 0.000000
0.080000 0.000000
0.090000 0.000000
0.100000 0.000000
0.110000 0.000000
0.120000 0.000000
0.130000 0.000000
0.140000 0.000000
0.150000 0.000000
0.160000 0.000000
0.170000 0.000000
0.180000 0.000000
0.190000 0.000000
0.200000 0.000000
0.210000 0.000000
0.220000 0.000000
0.230000 0.000000
0.240000 0.000451
0.250000 0.086164
0.260000 1.071266
0.270000 2.729195
0.280000 2.929108
0.290000 2.121200
0.300000 1.411569
0.310000 1.037118
0.320000 0.878801
0.330000 0.829896
0.340000 0.825292
0.350000 0.839080
0.360000 0.859639
0.370000 0.885586
0.380000 0.913303
0.390000 0.944291
0.400000 0.977859
0.410000 1.007936
0.420000 1.039387
0.430000 1.062818
0.440000 1.082983
0.450000 1.093407
0.460000 1.097064
0.470000 1.091258
0.480000 1.074887
0.490000 1.056405
0.500000 1.033438
0.510000 1.010482
0.520000 0.986419
0.530000 0.963475
0.540000 0.942779
0.550000 0.924434
0.560000 0.914790
0.570000 0.914862
0.580000 0.921676
0.590000 0.931411
0.600000 0.949094
0.610000 0.967214
0.620000 0.982725
0.630000 0.997440
0.640000 1.010484
0.650000 1.022682
0.660000 1.030260
0.670000 1.036067
0.680000 1.039716
0.690000 1.040116
0.700000 1.037776
0.710000 1.032580
0.720000 1.026764
0.730000 1.021202
0.740000 1.012151
0.750000 1.006628
0.760000 0.999905
0.770000 0.993164
0.780000 0.990493
0.790000 0.988741
0.800000 0.987949
0.810000 0.988362
0.820000 0.989777
0.830000 0.991884
0.840000 0.994760
0.850000 0.997750
0.860000 0.998416
0.870000 1.000156
0.880000 0.999021
0.890000 1.000652
0.900000 0.999250
0.910000 1.000281
0.920000 0.999999
0.930000 0.999703
0.940000 0.999415
0.950000 0.999110
0.960000 0.998840
0.970000 0.999172
0.980000 0.999153
0.990000 0.999603
1.000000 1.000424
1.010000 1.000486
1.020000 1.000668
1.030000 1.002080
1.040000 1.002280
1.050000 1.003344
1.060000 1.003829
1.070000 1.003738
1.080000 1.003734
1.090000 1.003816
1.100000 1.003252
