0.000000 0.000000
0.010000 0.000000
0.020000 0.000000
0.030000 0.000000
0.040000 0.000000
0.050000 0.000000
0.060000 0.000000
0.070000 0.000000
0.080000 0.000000
0.090000 0.000000
0.100000 0.000000
0.110000 0.000000
0.120000 0.000000
0.130000 0.000000
0.140000 0.000000
0.150000 0.000000
0.160000 0.000000
0.170000 0.000000
0.180000 0.000000
0.190000 0.000000
0.200000 0.000000
0.210000 0.000000
0.220000 0.000000
0.230000 0.000000
0.240000 0.000757
0.250000 0.097338
0.260000 1.081380
0.270000 2.719056
0.280000 2.923682
0.290000 2.112216
0.300000 1.405583
0.310000 1.033440
0.320000 0.882275
0.330000 0.827844
0.340000 0.824087
0.350000 0.837832
0.360000 0.862951
0.370000 0.887450
0.380000 0.913424
0.390000 0.943884
0.400000 0.977652
0.410000 1.010599
0.420000 1.034068
0.430000 1.067787
0.440000 1.084292
0.450000 1.092309
0.460000 1.097158
0.470000 1.088490
0.480000 1.071276
0.490000 1.055586
0.500000 1.030003
0.510000 1.008276
0.520000 0.986631
0.530000 0.964426
0.540000 0.945190
0.550000 0.926518
0.560000 0.916710
0.570000 0.914729
0.580000 0.919798
0.590000 0.933103
0.600000 0.951498
0.610000 0.966014
0.620000 0.983463
0.630000 0.997487
0.640000 1.010476
0.650000 1.022239
0.660000 1.030411
0.670000 1.036676
0.680000 1.040162
0.690000 1.039603
0.700000 1.035734
0.710000 1.033009
0.720000 1.025201
0.730000 1.018506
0.740000 1.010587
0.750000 1.003755
0.760000 0.999556
0.770000 0.993056
0.780000 0.989604
0.790000 0.987675
0.800000 0.986968
0.810000 0.988854
0.820000 0.989090
0.830000 0.992317
0.840000 0.995175
0.850000 0.996872
0.860000 0.998416
0.870000 1.001361
0.880000 1.000240
0.890000 1.001103
0.900000 0.999577
0.910000 0.999866
0.920000 0.999438
0.930000 0.999664
0.940000 1.000376
0.950000 0.999316
0.960000 0.998306
0.970000 0.999158
0.980000 0.998277
0.990000 0.999640
1.000000 1.000719
1.010000 0.999667
1.020000 1.000517
1.030000 1.001393
1.040000 1.001441
1.050000 1.001693
1.060000 1.002706
1.070000 1.002782
1.080000 1.003165
1.090000 1.003379
1.100000 1.003203
