0.000000 0.000000
0.010000 0.000000
0.020000 0.000000
0.030000 0.000000
0.040000 0.000000
0.050000 0.000000
0.060000 0.000000
0.070000 0.000000
0.080000 0.000000
0.090000 0.000000
0.100000 0.000000
0.110000 0.000000
0.120000 0.000000
0.130000 0.000000
0.140000 0.000000
0.150000 0.000000
0.160000 0.000000
0.170000 0.000000
0.180000 0.000000
0.190000 0.000000
0.200000 0.000000
0.210000 0.000000
0.220000 0.000000
0.230000 0.000000
0.240000 0.000640
0.250000 0.096318
0.260000 1.082241
0.270000 2.716446
0.280000 2.920212
0.290000 2.106352
0.300000 1.403628
0.310000 1.038826
0.320000 0.878959
0.330000 0.831964
0.340000 0.827458
0.350000 0.842986
0.360000 0.866273
0.370000 0.892026
0.380000 0.912944
0.390000 0.944210
0.400000 0.977337
0.410000 1.008833
0.420000 1.034841
0.430000 1.064511
0.440000 1.084739
0.450000 1.096960
0.460000 1.096134
0.470000 1.088944
0.480000 1.072266
0.490000 1.054286
0.500000 1.033456
0.510000 1.008910
0.520000 0.984180
0.530000 0.961010
0.540000 0.941799
0.550000 0.925122
0.560000 0.914644
0.570000 0.916463
0.580000 0.921305
0.590000 0.933753
0.600000 0.952698
0.610000 0.967363
0.620000 0.985055
0.630000 0.996177
0.640000 1.011942
0.650000 1.018658
0.660000 1.031875
0.670000 1.035077
0.680000 1.039137
0.690000 1.041332
0.700000 1.036310
0.710000 1.031979
0.720000 1.025266
0.730000 1.019248
0.740000 1.009107
0.750000 1.005703
0.760000 0.998394
0.770000 0.993017
0.780000 0.988809
0.790000 0.988191
0.800000 0.986649
0.810000 0.985531
0.820000 0.990041
0.830000 0.992493
0.840000 0.992101
0.850000 0.996418
0.860000 0.999106
0.870000 0.999859
0.880000 1.002392
0.890000 1.000974
0.900000 0.999696
0.910000 1.001241
0.920000 1.001854
0.930000 1.000373
0.940000 1.000100
0.950000 1.000003
0.960000 0.999972
0.970000 0.997712
0.980000 0.997461
0.990000 0.996725
1.000000 0.997811
1.010000 0.998175
1.020000 0.998309
1.030000 0.999469
1.040000 1.000543
1.050000 1.002112
1.060000 1.003067
1.070000 1.002257
1.080000 1.003606
1.090000 1.002738
1.100000 1.002760
