0.000000 0.000000
0.010000 0.000000
0.020000 0.000000
0.030000 0.000000
0.040000 0.000000
0.050000 0.000000
0.060000 0.000000
0.070000 0.000000
0.080000 0.000000
0.090000 0.000000
0.100000 0.000000
0.110000 0.000000
0.120000 0.000000
0.130000 0.000000
0.140000 0.000000
0.150000 0.000000
0.160000 0.000000
0.170000 0.000000
0.180000 0.000000
0.190000 0.000000
0.200000 0.000000
0.210000 0.000000
0.220000 0.000000
0.230000 0.000000
0.240000 0.000625
0.250000 0.088258
0.260000 1.020108
0.270000 2.611658
0.280000 2.867783
0.290000 2.132135
0.300000 1.454301
0.310000 1.085176
0.320000 0.919577
0.330000 0.861844
0.340000 0.851573
0.350000 0.855466
0.360000 0.873066
0.370000 0.896577
0.380000 0.919580
0.390000 0.946931
0.400000 0.976576
0.410000 1.005895
0.420000 1.031576
0.430000 1.055771
0.440000 1.073136
0.450000 1.081051
0.460000 1.083397
0.470000 1.077602
0.480000 1.063127
0.490000 1.046205
0.500000 1.025124
0.510000 1.006657
0.520000 0.984086
0.530000 0.965116
0.540000 0.948059
0.550000 0.933428
0.560000 0.924349
0.570000 0.922054
0.580000 0.928026
0.590000 0.939480
0.600000 0.953288
0.610000 0.968477
0.620000 0.984056
0.630000 0.997161
0.640000 1.010085
0.650000 1.020453
0.660000 1.028721
0.670000 1.034583
0.680000 1.037561
0.690000 1.039255
0.700000 1.036134
0.710000 1.032505
0.720000 1.026811
0.730000 1.019298
0.740000 1.011539
0.750000 1.005700
0.760000 0.999384
0.770000 0.994781
0.780000 0.991731
0.790000 0.988488
0.800000 0.986429
0.810000 0.987080
0.820000 0.989340
0.830000 0.991118
0.840000 0.992697
0.850000 0.995290
0.860000 0.997589
0.870000 0.999370
0.880000 0.999770
0.890000 1.000311
0.900000 1.000159
0.910000 0.999835
0.920000 0.999791
0.930000 1.000236
0.940000 1.001107
0.950000 1.000230
0.960000 1.000326
0.970000 1.000432
0.980000 1.000062
0.990000 0.999573
1.000000 1.000242
1.010000 1.000802
1.020000 1.000584
1.030000 1.001428
1.040000 1.001684
1.050000 1.001933
1.060000 1.002978
1.070000 1.002602
1.080000 1.002415
1.090000 1.001983
1.100000 1.001976
