0.000000 0.000000
0.010000 0.000000
0.020000 0.000000
0.030000 0.000000
0.040000 0.000000
0.050000 0.000000
0.060000 0.000000
0.070000 0.000000
0.080000 0.000000
0.090000 0.000000
0.100000 0.000000
0.110000 0.000000
0.120000 0.000000
0.130000 0.000000
0.140000 0.000000
0.150000 0.000000
0.160000 0.000000
0.170000 0.000000
0.180000 0.000000
0.190000 0.000000
0.200000 0.000000
0.210000 0.000000
0.220000 0.000000
0.230000 0.000000
0.240000 0.000562
0.250000 0.095344
0.260000 1.071486
0.270000 2.707005
0.280000 2.911453
0.290000 2.109933
0.300000 1.397861
0.310000 1.028365
0.320000 0.880578
0.330000 0.828247
0.340000 0.827083
0.350000 0.837139
0.360000 0.863187
0.370000 0.890342
0.380000 0.917766
0.390000 0.943283
0.400000 0.982816
0.410000 1.012083
0.420000 1.043510
0.430000 1.068594
0.440000 1.089705
0.450000 1.100546
0.460000 1.100086
0.470000 1.087868
0.480000 1.081497
0.490000 1.062581
0.500000 1.036574
0.510000 1.012607
0.520000 0.986246
0.530000 0.965411
0.540000 0.942872
0.550000 0.929174
0.560000 0.913831
0.570000 0.913636
0.580000 0.921632
0.590000 0.935275
0.600000 0.949559
0.610000 0.965930
0.620000 0.980232
0.630000 0.996812
0.640000 1.012331
0.650000 1.023376
0.660000 1.031041
0.670000 1.037678
0.680000 1.039531
0.690000 1.038781
0.700000 1.038598
0.710000 1.034528
0.720000 1.027708
0.730000 1.021394
0.740000 1.015047
0.750000 1.005263
0.760000 0.999679
0.770000 0.996815
0.780000 0.992821
0.790000 0.988383
0.800000 0.989879
0.810000 0.989053
0.820000 0.993531
0.830000 0.994432
0.840000 0.995101
0.850000 0.999553
0.860000 1.002893
0.870000 1.002303
0.880000 1.003447
0.890000 1.001807
0.900000 1.003377
0.910000 1.002932
0.920000 1.001437
0.930000 1.001065
0.940000 1.001887
0.950000 0.999425
0.960000 1.000845
0.970000 1.001230
0.980000 0.998682
0.990000 1.001431
1.000000 1.000704
1.010000 1.002141
1.020000 1.000329
1.030000 1.003152
1.040000 1.004135
1.050000 1.002570
1.060000 1.003114
1.070000 1.005761
1.080000 1.006913
1.090000 1.006793
1.100000 1.005432
