0.000000 0.000000
0.010000 0.000000
0.020000 0.000000
0.030000 0.000000
0.040000 0.000000
0.050000 0.000000
0.060000 0.000000
0.070000 0.000000
0.080000 0.000000
0.090000 0.000000
0.100000 0.000000
0.110000 0.000000
0.120000 0.000000
0.130000 0.000000
0.140000 0.000000
0.150000 0.000000
0.160000 0.000000
0.170000 0.000000
0.180000 0.000000
0.190000 0.000000
0.200000 0.000000
0.210000 0.000000
0.220000 0.000000
0.230000 0.000000
0.240000 0.000107
0.250000 0.063018
0.260000 1.066826
0.270000 2.865625
0.280000 3.009019
0.290000 2.108164
0.300000 1.371043
0.310000 1.008319
0.320000 0.852859
0.330000 0.802650
0.340000 0.795767
0.350000 0.817291
0.360000 0.841079
0.370000 0.872065
0.380000 0.906944
0.390000 0.936261
0.400000 0.978654
0.410000 1.009915
0.420000 1.049395
0.430000 1.073030
0.440000 1.094105
0.450000 1.106168
0.460000 1.109009
0.470000 1.102964
0.480000 1.082503
0.490000 1.058109
0.500000 1.033327
0.510000 1.003323
0.520000 0.978137
0.530000 0.951154
0.540000 0.929965
0.550000 0.907152
0.560000 0.896895
0.570000 0.898321
0.580000 0.910551
0.590000 0.922789
0.600000 0.939464
0.610000 0.960480
0.620000 0.980682
0.630000 0.994027
0.640000 1.007465
0.650000 1.020316
0.660000 1.030288
0.670000 1.037485
0.680000 1.043369
0.690000 1.041082
0.700000 1.034552
0.710000 1.033916
0.720000 1.027574
0.730000 1.018566
0.740000 1.007569
0.750000 0.999525
0.760000 0.995412
0.770000 0.987462
0.780000 0.982178
0.790000 0.982675
0.800000 0.980092
0.810000 0.981858
0.820000 0.983655
0.830000 0.984302
0.840000 0.988779
0.850000 0.989696
0.860000 0.991625
0.870000 0.994305
0.880000 0.993020
0.890000 0.994083
0.900000 0.992802
0.910000 0.992570
0.920000 0.992764
0.930000 0.994001
0.940000 0.993377
0.950000 0.992389
0.960000 0.992130
0.970000 0.992476
0.980000 0.992662
0.990000 0.991722
1.000000 0.993703
1.010000 0.994238
1.020000 0.993369
1.030000 0.993571
1.040000 0.995190
1.050000 0.995897
1.060000 0.995963
1.070000 0.996441
1.080000 0.997577
1.090000 0.997859
1.100000 0.996449
