0.000000 0.000000
0.010000 0.000000
0.020000 0.000000
0.030000 0.000000
0.040000 0.000000
0.050000 0.000000
0.060000 0.000000
0.070000 0.000000
0.080000 0.000000
0.090000 0.000000
0.100000 0.000000
0.110000 0.000000
0.120000 0.000000
0.130000 0.000000
0.140000 0.000000
0.150000 0.000000
0.160000 0.000000
0.170000 0.000000
0.180000 0.000000
0.190000 0.000000
0.200000 0.000000
0.210000 0.000000
0.220000 0.000000
0.230000 0.000000
0.240000 0.000746
0.250000 0.094686
0.260000 1.090167
0.270000 2.755306
0.280000 2.926327
0.290000 2.100578
0.300000 1.396091
0.310000 1.028410
0.320000 0.865584
0.330000 0.821615
0.340000 0.817642
0.350000 0.834018
0.360000 0.858030
0.370000 0.885949
0.380000 0.918003
0.390000 0.945340
0.400000 0.974910
0.410000 1.009136
0.420000 1.044323
0.430000 1.071831
0.440000 1.089333
0.450000 1.099349
0.460000 1.102456
0.470000 1.095590
0.480000 1.077640
0.490000 1.061265
0.500000 1.032226
0.510000 1.006722
0.520000 0.984194
0.530000 0.960179
0.540000 0.939192
0.550000 0.920742
0.560000 0.908988
0.570000 0.911102
0.580000 0.917275
0.590000 0.931138
0.600000 0.947734
0.610000 0.965313
0.620000 0.984590
0.630000 0.999126
0.640000 1.012165
0.650000 1.023592
0.660000 1.030780
0.670000 1.037427
0.680000 1.042404
0.690000 1.040284
0.700000 1.038616
0.710000 1.035181
0.720000 1.028338
0.730000 1.022102
0.740000 1.015739
0.750000 1.005394
0.760000 0.999035
0.770000 0.992370
0.780000 0.990706
0.790000 0.986983
0.800000 0.988177
0.810000 0.989014
0.820000 0.990153
0.830000 0.993389
0.840000 0.994509
0.850000 0.997399
0.860000 1.000538
0.870000 1.001749
0.880000 1.001109
0.890000 1.000247
0.900000 1.000380
0.910000 0.999454
0.920000 1.000811
0.930000 0.998061
0.940000 0.999307
0.950000 0.999202
0.960000 0.998802
0.970000 0.998744
0.980000 0.999443
0.990000 0.998728
1.000000 1.000382
1.010000 1.000909
1.020000 1.001555
1.030000 1.001353
1.040000 1.002921
1.050000 1.003425
1.060000 1.003787
1.070000 1.003588
1.080000 1.004717
1.090000 1.005038
1.100000 1.003996
