0.000000 0.000000
0.010000 0.000000
0.020000 0.000000
0.030000 0.000000
0.040000 0.000000
0.050000 0.000000
0.060000 0.000000
0.070000 0.000000
0.080000 0.000000
0.090000 0.000000
0.100000 0.000000
0.110000 0.000000
0.120000 0.000000
0.130000 0.000000
0.140000 0.000000
0.150000 0.000000
0.160000 0.000000
0.170000 0.000000
0.180000 0.000000
0.190000 0.000000
0.200000 0.000000
0.210000 0.000000
0.220000 0.000000
0.230000 0.000000
0.240000 0.000696
0.250000 0.095520
0.260000 1.086766
0.270000 2.724850
0.280000 2.913276
0.290000 2.110727
0.300000 1.407527
0.310000 1.036901
0.320000 0.880484
0.330000 0.828759
0.340000 0.828339
0.350000 0.841131
0.360000 0.865982
0.370000 0.888129
0.380000 0.914463
0.390000 0.944192
0.400000 0.974601
0.410000 1.006927
0.420000 1.036399
0.430000 1.064692
0.440000 1.081096
0.450000 1.092294
0.460000 1.092219
0.470000 1.088834
0.480000 1.072735
0.490000 1.056053
0.500000 1.035009
0.510000 1.009063
0.520000 0.987116
0.530000 0.966323
0.540000 0.945841
0.550000 0.928359
0.560000 0.918898
0.570000 0.914164
0.580000 0.922512
0.590000 0.933176
0.600000 0.947566
0.610000 0.967233
0.620000 0.983495
0.630000 0.996359
0.640000 1.011659
0.650000 1.021002
0.660000 1.029923
0.670000 1.033201
0.680000 1.038370
0.690000 1.038047
0.700000 1.037465
0.710000 1.033824
0.720000 1.025493
0.730000 1.018973
0.740000 1.011947
0.750000 1.004263
0.760000 0.997470
0.770000 0.993764
0.780000 0.989606
0.790000 0.986421
0.800000 0.987591
0.810000 0.987803
0.820000 0.988484
0.830000 0.992089
0.840000 0.994408
0.850000 0.997868
0.860000 0.999015
0.870000 0.999305
0.880000 0.997921
0.890000 1.001025
0.900000 0.999537
0.910000 1.000419
0.920000 0.999707
0.930000 1.000690
0.940000 1.000776
0.950000 1.000083
0.960000 1.000184
0.970000 0.999828
0.980000 0.999195
0.990000 0.999181
1.000000 0.999499
1.010000 0.999249
1.020000 0.999812
1.030000 1.000758
1.040000 1.001808
1.050000 1.002772
1.060000 1.002841
1.070000 1.002274
1.080000 1.001803
1.090000 1.002740
1.100000 1.001942
