0.000000 0.000000
0.010000 0.000000
0.020000 0.000000
0.030000 0.000000
0.040000 0.000000
0.050000 0.000000
0.060000 0.000000
0.070000 0.000000
0.080000 0.000000
0.090000 0.000000
0.100000 0.000000
0.110000 0.000000
0.120000 0.000000
0.130000 0.000000
0.140000 0.000000
0.150000 0.000000
0.160000 0.000000
0.170000 0.000000
0.180000 0.000000
0.190000 0.000000
0.200000 0.000000
0.210000 0.000000
0.220000 0.000000
0.230000 0.000000
0.240000 0.000160
0.250000 0.054565
0.260000 0.928817
0.270000 2.670039
0.280000 3.004975
0.290000 2.204492
0.300000 1.466626
0.310000 1.075835
0.320000 0.908600
0.330000 0.848854
0.340000 0.837997
0.350000 0.846836
0.360000 0.867274
0.370000 0.888685
0.380000 0.915746
0.390000 0.938401
0.400000 0.968309
0.410000 0.996596
0.420000 1.026345
0.430000 1.048662
0.440000 1.070735
0.450000 1.081688
0.460000 1.081540
0.470000 1.077820
0.480000 1.065890
0.490000 1.049996
0.500000 1.030172
0.510000 1.006824
0.520000 0.986870
0.530000 0.964467
0.540000 0.949591
0.550000 0.931529
0.560000 0.921296
0.570000 0.920275
0.580000 0.924238
0.590000 0.939362
0.600000 0.954048
0.610000 0.969161
0.620000 0.987077
0.630000 0.997876
0.640000 1.009011
0.650000 1.020124
0.660000 1.029780
0.670000 1.034635
0.680000 1.037853
0.690000 1.037320
0.700000 1.034030
0.710000 1.032448
0.720000 1.025980
0.730000 1.019625
0.740000 1.011762
0.750000 1.004754
0.760000 0.998935
0.770000 0.993202
0.780000 0.991373
0.790000 0.988589
0.800000 0.986304
0.810000 0.987370
0.820000 0.989443
0.830000 0.990401
0.840000 0.992213
0.850000 0.995613
0.860000 0.996769
0.870000 0.998003
0.880000 0.997302
0.890000 0.998818
0.900000 0.997039
0.910000 0.997393
0.920000 0.997482
0.930000 0.999698
0.940000 0.998976
0.950000 0.998307
0.960000 0.996937
0.970000 0.998545
0.980000 0.995144
0.990000 0.997743
1.000000 0.999102
1.010000 0.999104
1.020000 0.998397
1.030000 1.000149
1.040000 1.000120
1.050000 1.001401
1.060000 1.001668
1.070000 1.000910
1.080000 1.002495
1.090000 1.002067
1.100000 1.001694
