0.000000 0.000000
0.010000 0.000000
0.020000 0.000000
0.030000 0.000000
0.040000 0.000000
0.050000 0.000000
0.060000 0.000000
0.070000 0.000000
0.080000 0.000000
0.090000 0.000000
0.100000 0.000000
0.110000 0.000000
0.120000 0.000000
0.130000 0.000000
0.140000 0.000000
0.150000 0.000000
0.160000 0.000000
0.170000 0.000000
0.180000 0.000000
0.190000 0.000000
0.200000 0.000000
0.210000 0.000000
0.220000 0.000000
0.230000 0.000000
0.240000 0.000730
0.250000 0.097709
0.260000 1.081049
0.270000 2.704239
0.280000 2.908799
0.290000 2.106634
0.300000 1.407000
0.310000 1.029073
0.320000 0.876968
0.330000 0.826126
0.340000 0.827088
0.350000 0.840393
0.360000 0.862397
0.370000 0.891780
0.380000 0.915070
0.390000 0.953096
0.400000 0.980624
0.410000 1.004337
0.420000 1.038983
0.430000 1.065489
0.440000 1.085113
0.450000 1.090607
0.460000 1.091078
0.470000 1.084562
0.480000 1.073189
0.490000 1.055305
0.500000 1.029606
0.510000 1.005310
0.520000 0.983176
0.530000 0.960928
0.540000 0.942411
0.550000 0.923660
0.560000 0.913970
0.570000 0.913531
0.580000 0.921046
0.590000 0.931828
0.600000 0.951573
0.610000 0.966025
0.620000 0.983752
0.630000 0.998091
0.640000 1.011797
0.650000 1.018678
0.660000 1.029532
0.670000 1.037146
0.680000 1.037583
0.690000 1.037411
0.700000 1.037161
0.710000 1.031830
0.720000 1.024645
0.730000 1.018368
0.740000 1.008215
0.750000 1.004934
0.760000 0.994641
0.770000 0.991128
0.780000 0.987860
0.790000 0.986282
0.800000 0.985633
0.810000 0.985420
0.820000 0.988795
0.830000 0.991029
0.840000 0.994298
0.850000 0.996000
0.860000 0.998975
0.870000 0.998686
0.880000 1.001845
0.890000 1.001666
0.900000 1.000155
0.910000 0.998518
0.920000 1.000139
0.930000 0.999712
0.940000 1.000207
0.950000 0.999102
0.960000 0.998302
0.970000 0.998259
0.980000 0.996983
0.990000 0.996825
1.000000 0.999009
1.010000 0.998991
1.020000 0.998255
1.030000 0.998616
1.040000 1.001712
1.050000 1.000445
1.060000 1.002464
1.070000 1.002085
1.080000 1.002304
1.090000 1.003262
1.100000 1.001661
