0.000000 0.000000
0.010000 0.000000
0.020000 0.000000
0.030000 0.000000
0.040000 0.000000
0.050000 0.000000
0.060000 0.000000
0.070000 0.000000
0.080000 0.000000
0.090000 0.000000
0.100000 0.000000
0.110000 0.000000
0.120000 0.000000
0.130000 0.000000
0.140000 0.000000
0.150000 0.000000
0.160000 0.000000
0.170000 0.000000
0.180000 0.000000
0.190000 0.000000
0.200000 0.000000
0.210000 0.000000
0.220000 0.000000
0.230000 0.000000
0.240000 0.000738
0.250000 0.093470
0.260000 1.065757
0.270000 2.701013
0.280000 2.921060
0.290000 2.115837
0.300000 1.415031
0.310000 1.044067
0.320000 0.883691
0.330000 0.836294
0.340000 0.828646
0.350000 0.843067
0.360000 0.869923
0.370000 0.896099
0.380000 0.914461
0.390000 0.946898
0.400000 0.979444
0.410000 1.009803
0.420000 1.036832
0.430000 1.064196
0.440000 1.081812
0.450000 1.089967
0.460000 1.095319
0.470000 1.087160
0.480000 1.072763
0.490000 1.053894
0.500000 1.034905
0.510000 1.006898
0.520000 0.987818
0.530000 0.963716
0.540000 0.943604
0.550000 0.930078
0.560000 0.918000
0.570000 0.915771
0.580000 0.925358
0.590000 0.935996
0.600000 0.954206
0.610000 0.969194
0.620000 0.988764
0.630000 1.001488
0.640000 1.011065
0.650000 1.022021
0.660000 1.030340
0.670000 1.036374
0.680000 1.040491
0.690000 1.039439
0.700000 1.037762
0.710000 1.034012
0.720000 1.026477
0.730000 1.020247
0.740000 1.012900
0.750000 1.005083
0.760000 0.999661
0.770000 0.995079
0.780000 0.992214
0.790000 0.990886
0.800000 0.987903
0.810000 0.990136
0.820000 0.991032
0.830000 0.993030
0.840000 0.995725
0.850000 0.999004
0.860000 0.999171
0.870000 1.001655
0.880000 1.003031
0.890000 1.001871
0.900000 1.002193
0.910000 1.000531
0.920000 1.003258
0.930000 1.002121
0.940000 1.003148
0.950000 1.001669
0.960000 1.002003
0.970000 0.999844
0.980000 1.000191
0.990000 0.999806
1.000000 1.000064
1.010000 1.001460
1.020000 1.001682
1.030000 1.002617
1.040000 1.003443
1.050000 1.003747
1.060000 1.003514
1.070000 1.004202
1.080000 1.006500
1.090000 1.003720
1.100000 1.004567
