0.000000 0.000000
0.010000 0.000000
0.020000 0.000000
0.030000 0.000000
0.040000 0.000000
0.050000 0.000000
0.060000 0.000000
0.070000 0.000000
0.080000 0.000000
0.090000 0.000000
0.100000 0.000000
0.110000 0.000000
0.120000 0.000000
0.130000 0.000000
0.140000 0.000000
0.150000 0.000000
0.160000 0.000000
0.170000 0.000000
0.180000 0.000000
0.190000 0.000000
0.200000 0.000000
0.210000 0.000000
0.220000 0.000000
0.230000 0.000000
0.240000 0.000816
0.250000 0.107204
0.260000 1.177138
0.270000 2.823507
0.280000 2.914915
0.290000 2.057797
0.300000 1.358562
0.310000 1.002031
0.320000 0.843383
0.330000 0.804533
0.340000 0.800854
0.350000 0.821296
0.360000 0.843515
0.370000 0.876347
0.380000 0.909108
0.390000 0.942788
0.400000 0.982521
0.410000 1.014662
0.420000 1.043681
0.430000 1.079475
0.440000 1.093196
0.450000 1.100798
0.460000 1.105668
0.470000 1.096266
0.480000 1.082200
0.490000 1.057357
0.500000 1.038948
0.510000 1.011354
0.520000 0.985491
0.530000 0.960072
0.540000 0.939308
0.550000 0.918618
0.560000 0.908936
0.570000 0.904358
0.580000 0.911572
0.590000 0.924548
0.600000 0.940371
0.610000 0.957075
0.620000 0.975804
0.630000 0.991730
0.640000 1.006639
0.650000 1.019378
0.660000 1.028302
0.670000 1.034390
0.680000 1.036839
0.690000 1.036936
0.700000 1.038671
0.710000 1.030680
0.720000 1.025156
0.730000 1.018470
0.740000 1.012993
0.750000 1.002482
0.760000 0.997155
0.770000 0.990008
0.780000 0.985517
0.790000 0.985791
0.800000 0.983887
0.810000 0.984839
0.820000 0.987015
0.830000 0.990719
0.840000 0.992692
0.850000 0.993825
0.860000 0.994858
0.870000 0.997257
0.880000 0.997649
0.890000 0.996752
0.900000 0.997863
0.910000 0.997336
0.920000 0.997476
0.930000 0.998254
0.940000 0.996275
0.950000 0.994527
0.960000 0.996109
0.970000 0.994998
0.980000 0.995513
0.990000 0.995808
1.000000 0.994880
1.010000 0.996219
1.020000 0.996843
1.030000 0.997554
1.040000 0.997483
1.050000 0.999834
1.060000 1.000225
1.070000 1.000274
1.080000 1.001167
1.090000 1.000346
1.100000 0.999231
