0.005000 0.000000e+00
0.015000 0.000000e+00
0.025000 0.000000e+00
0.035000 0.000000e+00
0.045000 0.000000e+00
0.055000 0.000000e+00
0.065000 0.000000e+00
0.075000 0.000000e+00
0.085000 0.000000e+00
0.095000 0.000000e+00
0.105000 0.000000e+00
0.115000 0.000000e+00
0.125000 0.000000e+00
0.135000 0.000000e+00
0.145000 0.000000e+00
0.155000 0.000000e+00
0.165000 0.000000e+00
0.175000 0.000000e+00
0.185000 0.000000e+00
0.195000 0.000000e+00
0.205000 3.006378e-01
0.215000 2.534881e-01
0.225000 -2.363342e-01
0.235000 -1.588592e+00
0.245000 -2.642865e+00
0.255000 -2.292663e+00
0.265000 -1.230054e+00
0.275000 -3.436437e-01
0.285000 -5.693795e-02
0.295000 1.823701e-01
0.305000 2.817594e-01
0.315000 3.037490e-01
0.325000 2.865973e-01
0.335000 2.213879e-01
0.345000 2.245670e-01
0.355000 2.082328e-01
0.365000 2.212585e-01
0.375000 2.121194e-01
0.385000 2.067467e-01
0.395000 1.800121e-01
0.405000 1.924682e-01
0.415000 1.755868e-01
0.425000 1.691511e-01
0.435000 1.369373e-01
0.445000 1.084822e-01
0.455000 8.567252e-02
0.465000 5.038880e-02
0.475000 1.277990e-02
0.485000 -3.656111e-02
0.495000 -7.551111e-02
0.505000 -8.411124e-02
0.515000 -1.079305e-01
0.525000 -1.070215e-01
0.535000 -1.067478e-01
0.545000 -9.813022e-02
0.555000 -9.503327e-02
0.565000 -4.702952e-02
0.575000 -4.102968e-02
0.585000 -1.861369e-02
0.595000 -2.775560e-02
0.605000 -5.701626e-03
0.615000 -3.023198e-03
0.625000 1.277323e-02
0.635000 2.267590e-02
0.645000 1.156360e-02
0.655000 3.121632e-02
0.665000 3.677456e-02
0.675000 3.537282e-02
0.685000 3.061858e-02
0.695000 2.981696e-02
0.705000 2.996444e-02
0.715000 1.625285e-02
0.725000 4.721954e-03
0.735000 1.231638e-02
0.745000 -3.260880e-03
0.755000 1.170451e-02
0.765000 -8.290147e-03
0.775000 -1.248041e-02
0.785000 -3.654921e-03
0.795000 -1.853214e-02
0.805000 -2.141871e-02
0.815000 5.877209e-03
0.825000 7.225438e-03
0.835000 -5.327490e-03
0.845000 -6.567756e-03
0.855000 4.542028e-03
0.865000 2.108436e-03
0.875000 -1.504427e-03
0.885000 4.279123e-03
0.895000 -3.830400e-03
0.905000 -4.493190e-03
0.915000 -3.907938e-03
0.925000 6.670881e-03
0.935000 -9.826293e-04
0.945000 -5.465384e-03
0.955000 8.346206e-03
0.965000 -6.890264e-03
0.975000 2.622599e-03
0.985000 -4.621290e-04
0.995000 1.175336e-03
1.005000 4.702757e-04
1.015000 -8.377882e-04
1.025000 3.395382e-04
1.035000 6.532457e-03
1.045000 1.046615e-03
1.055000 2.504091e-03
1.065000 9.102110e-03
1.075000 3.160565e-03
1.085000 -1.667427e-04
1.095000 -2.485207e-03
