0.005000 0.000000e+00
0.015000 0.000000e+00
0.025000 0.000000e+00
0.035000 0.000000e+00
0.045000 0.000000e+00
0.055000 0.000000e+00
0.065000 0.000000e+00
0.075000 0.000000e+00
0.085000 0.000000e+00
0.095000 0.000000e+00
0.105000 0.000000e+00
0.115000 0.000000e+00
0.125000 0.000000e+00
0.135000 0.000000e+00
0.145000 0.000000e+00
0.155000 0.000000e+00
0.165000 0.000000e+00
0.175000 0.000000e+00
0.185000 1.068454e+00
0.195000 9.479891e-02
0.205000 3.384646e-01
0.215000 1.547572e+00
0.225000 8.418266e-01
0.235000 1.490525e-01
0.245000 1.728257e-01
0.255000 -6.102018e-02
0.265000 -1.766644e-01
0.275000 8.137821e-02
0.285000 1.218010e-01
0.295000 1.186320e-01
0.305000 6.596442e-02
0.315000 9.259024e-03
0.325000 6.961475e-03
0.335000 -3.759989e-02
0.345000 -6.020617e-02
0.355000 -5.938154e-02
0.365000 -8.668135e-02
0.375000 -1.077254e-01
0.385000 -1.047583e-01
0.395000 -1.126452e-01
0.405000 -1.243673e-01
0.415000 -1.081255e-01
0.425000 -9.701403e-02
0.435000 -9.438694e-02
0.445000 -7.034450e-02
0.455000 -4.483154e-02
0.465000 -2.635300e-02
0.475000 -1.017571e-02
0.485000 -1.817021e-03
0.495000 2.929507e-02
0.505000 1.397170e-02
0.515000 2.326060e-02
0.525000 3.304426e-02
0.535000 4.063618e-02
0.545000 4.407473e-02
0.555000 4.484864e-02
0.565000 3.561897e-02
0.575000 2.471638e-02
0.585000 2.624982e-02
0.595000 1.956131e-02
0.605000 1.823667e-02
0.615000 2.533320e-03
0.625000 -3.037288e-03
0.635000 6.230483e-03
0.645000 -7.028347e-04
0.655000 -1.023465e-02
0.665000 -2.205376e-04
0.675000 -1.373685e-02
0.685000 -8.071867e-03
0.695000 4.838528e-04
0.705000 -8.316991e-03
0.715000 -7.134783e-03
0.725000 4.297346e-04
0.735000 -3.426187e-03
0.745000 -4.696180e-03
0.755000 -1.029043e-02
0.765000 -9.127613e-04
0.775000 -8.231393e-03
0.785000 8.365408e-03
0.795000 -5.163901e-03
0.805000 -8.901649e-03
0.815000 1.392799e-03
0.825000 -6.586680e-03
0.835000 -3.584661e-03
0.845000 -2.781573e-03
0.855000 3.624135e-03
0.865000 -6.557672e-03
0.875000 1.054158e-03
0.885000 1.035811e-02
0.895000 -9.009031e-03
0.905000 4.763126e-04
0.915000 -3.122887e-03
0.925000 2.663862e-04
0.935000 -1.519531e-03
0.945000 2.808329e-03
0.955000 3.596945e-03
0.965000 6.951358e-04
0.975000 9.354201e-03
0.985000 -1.587942e-03
0.995000 5.979185e-03
1.005000 3.186591e-03
1.015000 1.202874e-02
1.025000 -3.248847e-03
1.035000 -2.191461e-03
1.045000 2.241965e-03
1.055000 6.900746e-03
1.065000 -1.332611e-02
1.075000 -1.281884e-02
1.085000 -4.613527e-04
1.095000 -5.868706e-03
