0.005000 0.000000e+00
0.015000 0.000000e+00
0.025000 0.000000e+00
0.035000 0.000000e+00
0.045000 0.000000e+00
0.055000 0.000000e+00
0.065000 0.000000e+00
0.075000 0.000000e+00
0.085000 0.000000e+00
0.095000 0.000000e+00
0.105000 0.000000e+00
0.115000 0.000000e+00
0.125000 0.000000e+00
0.135000 0.000000e+00
0.145000 0.000000e+00
0.155000 0.000000e+00
0.165000 0.000000e+00
0.175000 0.000000e+00
0.185000 0.000000e+00
0.195000 0.000000e+00
0.205000 1.289689e+00
0.215000 1.272108e+00
0.225000 1.130074e+00
0.235000 6.490437e-01
0.245000 3.054356e-02
0.255000 -4.200477e-01
0.265000 -3.931164e-01
0.275000 -4.824802e-01
0.285000 -4.873265e-01
0.295000 -5.315174e-01
0.305000 -4.838108e-01
0.315000 -2.408797e-01
0.325000 -2.236423e-01
0.335000 -2.742805e-01
0.345000 -2.291654e-01
0.355000 -9.782689e-02
0.365000 1.066829e-03
0.375000 6.619392e-02
0.385000 1.115002e-01
0.395000 1.282281e-01
0.405000 1.842934e-01
0.415000 1.280618e-01
0.425000 1.989904e-01
0.435000 1.929047e-01
0.445000 1.762273e-01
0.455000 1.675049e-01
0.465000 1.638545e-01
0.475000 1.062398e-01
0.485000 9.350524e-02
0.495000 2.241058e-02
0.505000 3.275472e-02
0.515000 -2.687646e-02
0.525000 -5.095342e-02
0.535000 -1.067868e-01
0.545000 -5.639318e-02
0.555000 -8.055472e-02
0.565000 -1.183424e-01
0.575000 -9.060927e-02
0.585000 -7.115382e-02
0.595000 -9.817936e-02
0.605000 -1.004620e-01
0.615000 -7.062114e-02
0.625000 -4.487961e-02
0.635000 -2.784714e-02
0.645000 -1.556451e-02
0.655000 -2.113990e-02
0.665000 -1.630579e-02
0.675000 3.492127e-02
0.685000 3.639503e-02
0.695000 2.196644e-02
0.705000 4.628235e-02
0.715000 3.434206e-02
0.725000 6.700157e-02
0.735000 4.064925e-02
0.745000 5.003010e-02
0.755000 2.921756e-02
0.765000 2.916683e-02
0.775000 2.296294e-02
0.785000 2.414550e-03
0.795000 2.145325e-03
0.805000 -3.150065e-02
0.815000 -2.948773e-02
0.825000 1.520124e-02
0.835000 2.743832e-02
0.845000 -3.656283e-02
0.855000 -1.970727e-02
0.865000 -1.580327e-02
0.875000 -3.521296e-02
0.885000 3.310607e-03
0.895000 -3.938964e-02
0.905000 -1.389110e-03
0.915000 -4.565346e-02
0.925000 -5.512022e-03
0.935000 7.300763e-04
0.945000 -9.323308e-03
0.955000 -9.772326e-03
0.965000 -1.227876e-02
0.975000 3.268727e-02
0.985000 -8.012878e-03
0.995000 5.636091e-03
1.005000 1.263244e-02
1.015000 -6.208714e-03
1.025000 7.343745e-03
1.035000 -4.208592e-03
1.045000 -1.366765e-03
1.055000 2.818890e-02
1.065000 7.337134e-03
1.075000 -2.560060e-02
1.085000 -2.391899e-02
1.095000 3.415621e-04
