0.005000 -4.249070e-02
0.015000 -4.420737e-02
0.025000 -5.974330e-02
0.035000 -3.850555e-02
0.045000 -2.284429e-02
0.055000 -1.666252e-02
0.065000 -2.503810e-02
0.075000 -2.058134e-02
0.085000 -3.692275e-03
0.095000 -4.025312e-03
0.105000 6.661968e-03
0.115000 -1.218230e-02
0.125000 1.631677e-02
0.135000 2.911071e-03
0.145000 -3.071101e-04
0.155000 2.841190e-02
0.165000 1.240474e-02
0.175000 1.503242e-02
0.185000 9.908615e-03
0.195000 2.339488e-02
0.205000 1.274253e-02
0.215000 2.993376e-03
0.225000 -3.161646e-03
0.235000 -1.267939e-02
0.245000 -1.279556e-02
0.255000 -1.191987e-02
0.265000 -2.388817e-02
0.275000 -2.560273e-02
0.285000 -8.706358e-03
0.295000 -1.349211e-02
0.305000 -1.801001e-02
0.315000 -2.409689e-02
0.325000 -2.551804e-02
0.335000 1.139516e-03
0.345000 -1.385117e-02
0.355000 -1.024168e-02
0.365000 -2.299604e-03
0.375000 -9.739958e-04
0.385000 2.363518e-03
0.395000 1.263247e-02
0.405000 1.002006e-02
0.415000 2.209629e-02
0.425000 2.065823e-02
0.435000 1.290301e-02
0.445000 1.565106e-02
0.455000 2.810991e-02
0.465000 1.334114e-02
0.475000 5.776763e-03
0.485000 9.908264e-03
0.495000 1.733272e-02
0.505000 1.038036e-02
0.515000 4.170793e-04
0.525000 -3.604337e-04
0.535000 2.213473e-03
0.545000 2.789644e-03
0.555000 2.725646e-03
0.565000 -6.327699e-03
0.575000 -1.493789e-03
0.585000 -6.927603e-03
0.595000 -1.410029e-02
0.605000 -9.501105e-03
0.615000 -1.062969e-02
0.625000 -3.966395e-03
0.635000 -1.642945e-03
0.645000 -4.846795e-03
0.655000 -1.948379e-03
0.665000 -5.406460e-03
0.675000 -2.039408e-03
0.685000 7.246689e-04
0.695000 3.460218e-04
0.705000 1.681694e-03
0.715000 2.228784e-03
0.725000 1.577180e-03
0.735000 3.288778e-03
0.745000 -5.540794e-04
0.755000 2.471657e-03
0.765000 1.649414e-03
0.775000 6.220874e-04
0.785000 -1.656075e-03
0.795000 1.355905e-03
0.805000 2.414332e-03
0.815000 -6.277540e-04
0.825000 1.244116e-03
0.835000 2.847416e-03
0.845000 2.943151e-03
0.855000 -1.109297e-03
0.865000 -4.366432e-03
0.875000 2.510049e-03
0.885000 8.794240e-04
0.895000 -2.036873e-03
0.905000 1.675342e-03
0.915000 3.177204e-03
0.925000 -8.136209e-04
0.935000 2.986481e-03
0.945000 1.265256e-04
0.955000 3.977460e-03
0.965000 -1.499122e-03
0.975000 -3.813924e-05
0.985000 -2.961803e-03
0.995000 6.112334e-04
1.005000 -6.927125e-05
1.015000 -1.233700e-03
1.025000 -1.656602e-03
1.035000 1.248150e-03
1.045000 -1.253248e-03
1.055000 -2.286810e-03
1.065000 8.375984e-04
1.075000 1.171169e-03
1.085000 -3.565283e-04
1.095000 -4.213813e-03
