0.005000 0.000000e+00
0.015000 0.000000e+00
0.025000 0.000000e+00
0.035000 0.000000e+00
0.045000 0.000000e+00
0.055000 0.000000e+00
0.065000 0.000000e+00
0.075000 0.000000e+00
0.085000 0.000000e+00
0.095000 0.000000e+00
0.105000 0.000000e+00
0.115000 0.000000e+00
0.125000 0.000000e+00
0.135000 0.000000e+00
0.145000 0.000000e+00
0.155000 0.000000e+00
0.165000 0.000000e+00
0.175000 0.000000e+00
0.185000 6.775977e-01
0.195000 1.515045e-01
0.205000 1.640156e-01
0.215000 8.039724e-01
0.225000 9.413053e-01
0.235000 1.284888e+00
0.245000 1.566222e+00
0.255000 1.378007e+00
0.265000 1.030226e+00
0.275000 8.100811e-01
0.285000 6.246722e-01
0.295000 4.019970e-01
0.305000 2.729002e-01
0.315000 1.325964e-01
0.325000 2.764154e-02
0.335000 -3.272015e-02
0.345000 -5.746182e-02
0.355000 -9.245064e-02
0.365000 -1.253361e-01
0.375000 -1.299487e-01
0.385000 -1.227935e-01
0.395000 -1.373964e-01
0.405000 -1.379963e-01
0.415000 -1.390304e-01
0.425000 -1.450235e-01
0.435000 -1.282554e-01
0.445000 -1.321370e-01
0.455000 -1.253590e-01
0.465000 -1.132741e-01
0.475000 -9.589018e-02
0.485000 -8.401800e-02
0.495000 -5.559517e-02
0.505000 -2.319540e-02
0.515000 2.152196e-02
0.525000 3.394525e-02
0.535000 6.383676e-02
0.545000 8.553075e-02
0.555000 6.992739e-02
0.565000 8.554781e-02
0.575000 7.179430e-02
0.585000 7.068696e-02
0.595000 4.293107e-02
0.605000 3.786357e-02
0.615000 2.572141e-02
0.625000 2.100390e-02
0.635000 1.279506e-02
0.645000 2.055874e-03
0.655000 -6.180381e-03
0.665000 -3.420040e-03
0.675000 -1.343495e-02
0.685000 -2.287585e-02
0.695000 -2.479156e-02
0.705000 -2.143833e-02
0.715000 -2.213407e-02
0.725000 -1.631261e-02
0.735000 -3.096508e-02
0.745000 -3.691560e-02
0.755000 -2.343863e-02
0.765000 -6.802692e-03
0.775000 -1.216112e-02
0.785000 -4.596933e-03
0.795000 -5.796291e-03
0.805000 -8.781668e-03
0.815000 9.186998e-03
0.825000 4.496627e-03
0.835000 8.824320e-03
0.845000 1.163237e-02
0.855000 4.302016e-03
0.865000 5.501482e-03
0.875000 1.060016e-02
0.885000 -1.255086e-03
0.895000 5.932459e-03
0.905000 -2.527376e-03
0.915000 5.538553e-04
0.925000 7.258514e-03
0.935000 1.170413e-03
0.945000 4.135573e-03
0.955000 -5.053228e-03
0.965000 1.471121e-03
0.975000 -3.593474e-03
0.985000 -5.393049e-03
0.995000 -8.702044e-03
1.005000 -9.542403e-03
1.015000 -7.489906e-03
1.025000 -4.924253e-04
1.035000 -6.369241e-04
1.045000 -1.478883e-03
1.055000 -1.192390e-03
1.065000 4.895734e-03
1.075000 -1.913104e-04
1.085000 6.485574e-03
1.095000 3.183612e-03
