0.005000 0.000000e+00
0.015000 0.000000e+00
0.025000 0.000000e+00
0.035000 0.000000e+00
0.045000 0.000000e+00
0.055000 0.000000e+00
0.065000 0.000000e+00
0.075000 0.000000e+00
0.085000 0.000000e+00
0.095000 0.000000e+00
0.105000 0.000000e+00
0.115000 0.000000e+00
0.125000 0.000000e+00
0.135000 0.000000e+00
0.145000 0.000000e+00
0.155000 0.000000e+00
0.165000 0.000000e+00
0.175000 0.000000e+00
0.185000 0.000000e+00
0.195000 0.000000e+00
0.205000 -8.092776e-01
0.215000 -9.035769e-01
0.225000 -1.850647e+00
0.235000 -4.238690e+00
0.245000 -5.499992e+00
0.255000 -4.229668e+00
0.265000 -2.134799e+00
0.275000 -7.608670e-01
0.285000 -2.750101e-01
0.295000 1.139801e-01
0.305000 2.549419e-01
0.315000 2.737683e-01
0.325000 3.250405e-01
0.335000 3.437767e-01
0.345000 3.698989e-01
0.355000 3.683438e-01
0.365000 3.951292e-01
0.375000 4.278668e-01
0.385000 4.588103e-01
0.395000 4.902840e-01
0.405000 4.915354e-01
0.415000 5.155005e-01
0.425000 4.632461e-01
0.435000 4.428645e-01
0.445000 3.689079e-01
0.455000 2.883178e-01
0.465000 1.994588e-01
0.475000 1.103181e-01
0.485000 1.463135e-02
0.495000 -6.415840e-02
0.505000 -1.348299e-01
0.515000 -1.804297e-01
0.525000 -2.146499e-01
0.535000 -2.226357e-01
0.545000 -2.336810e-01
0.555000 -2.256112e-01
0.565000 -1.962386e-01
0.575000 -1.441374e-01
0.585000 -1.185987e-01
0.595000 -8.971951e-02
0.605000 -2.585646e-02
0.615000 -3.181518e-02
0.625000 2.815704e-02
0.635000 2.163827e-02
0.645000 5.701021e-02
0.655000 5.156886e-02
0.665000 8.057835e-02
0.675000 8.636899e-02
0.685000 9.150261e-02
0.695000 8.959576e-02
0.705000 4.535886e-02
0.715000 3.733999e-02
0.725000 3.405733e-02
0.735000 1.278118e-02
0.745000 8.879996e-03
0.755000 1.732411e-03
0.765000 -2.447341e-02
0.775000 -1.086722e-02
0.785000 -1.807476e-02
0.795000 -2.361050e-02
0.805000 -1.262596e-02
0.815000 -1.616302e-02
0.825000 3.351835e-03
0.835000 -8.863700e-03
0.845000 -5.025194e-03
0.855000 6.703235e-03
0.865000 -5.242508e-04
0.875000 -8.353012e-03
0.885000 -1.153843e-02
0.895000 1.040938e-03
0.905000 -3.152880e-03
0.915000 -8.321507e-03
0.925000 3.021637e-03
0.935000 -3.303173e-03
0.945000 -1.693488e-02
0.955000 -1.634950e-03
0.965000 6.962516e-04
0.975000 -1.106140e-02
0.985000 4.933759e-03
0.995000 -1.017624e-02
1.005000 1.114259e-02
1.015000 1.080837e-02
1.025000 1.215665e-02
1.035000 2.281650e-02
1.045000 1.950374e-03
1.055000 5.873193e-04
1.065000 2.391371e-03
1.075000 1.342778e-02
1.085000 1.231533e-02
1.095000 6.004191e-03
