0.005000 -1.435150e-01
0.015000 -4.634027e-02
0.025000 -6.861809e-02
0.035000 -3.973150e-02
0.045000 -3.281506e-02
0.055000 1.119343e-03
0.065000 -1.915847e-02
0.075000 -1.517048e-02
0.085000 7.444836e-03
0.095000 2.810523e-03
0.105000 1.785271e-02
0.115000 -6.861164e-04
0.125000 2.265470e-02
0.135000 1.430314e-02
0.145000 1.555612e-02
0.155000 3.742147e-02
0.165000 2.758459e-02
0.175000 3.104876e-02
0.185000 1.482833e-02
0.195000 1.590133e-02
0.205000 2.326289e-02
0.215000 1.656435e-02
0.225000 1.137346e-02
0.235000 -4.608924e-03
0.245000 2.071597e-03
0.255000 -1.023973e-02
0.265000 -1.533592e-02
0.275000 -1.609488e-02
0.285000 -9.870853e-03
0.295000 -6.509963e-03
0.305000 -1.433652e-02
0.315000 -1.892313e-02
0.325000 -2.807248e-02
0.335000 -2.951787e-03
0.345000 -1.565076e-02
0.355000 -1.369784e-02
0.365000 -5.068416e-03
0.375000 -5.498889e-03
0.385000 -5.078724e-03
0.395000 1.079010e-02
0.405000 5.168137e-03
0.415000 1.600395e-02
0.425000 1.932332e-02
0.435000 8.702862e-03
0.445000 1.291290e-02
0.455000 2.590668e-02
0.465000 1.506650e-02
0.475000 5.229800e-03
0.485000 9.696077e-03
0.495000 1.735924e-02
0.505000 2.196933e-02
0.515000 1.345855e-03
0.525000 1.447692e-03
0.535000 6.498018e-03
0.545000 5.161687e-03
0.555000 -5.482996e-03
0.565000 2.568398e-03
0.575000 -4.390854e-03
0.585000 3.285630e-03
0.595000 -8.338409e-03
0.605000 -7.266778e-03
0.615000 -7.049635e-03
0.625000 3.611670e-03
0.635000 -3.121765e-04
0.645000 -2.269183e-03
0.655000 -7.042495e-04
0.665000 -7.423780e-03
0.675000 2.107866e-03
0.685000 2.466324e-03
0.695000 2.758111e-03
0.705000 -1.483969e-03
0.715000 1.928765e-03
0.725000 3.395417e-03
0.735000 1.412035e-03
0.745000 6.195774e-03
0.755000 3.303805e-03
0.765000 -4.854776e-03
0.775000 -3.251945e-04
0.785000 -1.638258e-04
0.795000 3.760695e-03
0.805000 2.957712e-03
0.815000 -3.947456e-03
0.825000 -9.458702e-04
0.835000 3.379286e-03
0.845000 1.853627e-04
0.855000 -3.023370e-04
0.865000 -1.104212e-03
0.875000 1.419943e-03
0.885000 1.216845e-03
0.895000 8.365540e-04
0.905000 1.447127e-03
0.915000 2.054705e-03
0.925000 2.045739e-03
0.935000 4.503346e-03
0.945000 3.068384e-03
0.955000 2.372891e-03
0.965000 -2.409723e-03
0.975000 8.778345e-04
0.985000 2.881911e-03
0.995000 1.859252e-03
1.005000 -1.573981e-03
1.015000 1.367197e-03
1.025000 3.244560e-03
1.035000 -5.725949e-03
1.045000 9.471372e-04
1.055000 8.096668e-04
1.065000 2.152638e-03
1.075000 -5.234714e-03
1.085000 -1.177503e-03
1.095000 -5.358378e-03
