0.005000 0.000000e+00
0.015000 0.000000e+00
0.025000 0.000000e+00
0.035000 0.000000e+00
0.045000 0.000000e+00
0.055000 0.000000e+00
0.065000 0.000000e+00
0.075000 0.000000e+00
0.085000 0.000000e+00
0.095000 0.000000e+00
0.105000 0.000000e+00
0.115000 0.000000e+00
0.125000 0.000000e+00
0.135000 0.000000e+00
0.145000 0.000000e+00
0.155000 0.000000e+00
0.165000 0.000000e+00
0.175000 0.000000e+00
0.185000 0.000000e+00
0.195000 0.000000e+00
0.205000 1.313587e+00
0.215000 1.298612e+00
0.225000 1.161325e+00
0.235000 7.321274e-01
0.245000 9.620463e-02
0.255000 -3.490007e-01
0.265000 -5.645761e-01
0.275000 -5.088242e-01
0.285000 -6.045369e-01
0.295000 -5.168581e-01
0.305000 -4.418666e-01
0.315000 -3.429341e-01
0.325000 -1.837303e-01
0.335000 -3.175622e-01
0.345000 -1.681035e-01
0.355000 -7.459026e-02
0.365000 2.116956e-02
0.375000 7.724765e-02
0.385000 1.539014e-01
0.395000 1.598383e-01
0.405000 1.871956e-01
0.415000 1.991862e-01
0.425000 1.956985e-01
0.435000 2.276354e-01
0.445000 2.082940e-01
0.455000 1.938234e-01
0.465000 1.571232e-01
0.475000 1.165722e-01
0.485000 7.854489e-02
0.495000 7.644197e-02
0.505000 -8.538079e-03
0.515000 -5.154867e-02
0.525000 -5.243345e-02
0.535000 -7.432838e-02
0.545000 -7.483536e-02
0.555000 -1.041422e-01
0.565000 -8.417235e-02
0.575000 -9.071573e-02
0.585000 -9.065164e-02
0.595000 -9.736309e-02
0.605000 -5.984454e-02
0.615000 -5.305922e-02
0.625000 -3.712009e-02
0.635000 -6.103606e-02
0.645000 -9.725467e-03
0.655000 2.577734e-02
0.665000 4.173332e-03
0.675000 2.604578e-02
0.685000 5.470185e-02
0.695000 2.433503e-02
0.705000 2.592131e-02
0.715000 4.270906e-02
0.725000 5.562838e-02
0.735000 4.379962e-02
0.745000 4.083066e-02
0.755000 4.184768e-02
0.765000 2.850566e-02
0.775000 2.816282e-02
0.785000 1.220403e-02
0.795000 1.217845e-03
0.805000 -2.210482e-03
0.815000 2.058012e-03
0.825000 -1.297909e-02
0.835000 -4.222262e-02
0.845000 -3.292910e-02
0.855000 -1.392729e-02
0.865000 -3.455730e-02
0.875000 -2.368404e-02
0.885000 1.124819e-02
0.895000 -2.140229e-02
0.905000 -7.221489e-03
0.915000 -2.543939e-02
0.925000 3.167511e-03
0.935000 -4.890454e-03
0.945000 1.127885e-04
0.955000 1.607581e-02
0.965000 1.987059e-04
0.975000 2.211419e-02
0.985000 -3.548094e-03
0.995000 -1.394462e-02
1.005000 1.258064e-02
1.015000 1.604435e-02
1.025000 2.887498e-03
1.035000 1.709488e-03
1.045000 1.392657e-02
1.055000 2.895218e-03
1.065000 -2.947240e-02
1.075000 5.223225e-03
1.085000 -7.136656e-05
1.095000 -1.904725e-02
