0.005000 0.000000e+00
0.015000 0.000000e+00
0.025000 0.000000e+00
0.035000 0.000000e+00
0.045000 0.000000e+00
0.055000 0.000000e+00
0.065000 0.000000e+00
0.075000 0.000000e+00
0.085000 0.000000e+00
0.095000 0.000000e+00
0.105000 0.000000e+00
0.115000 0.000000e+00
0.125000 0.000000e+00
0.135000 0.000000e+00
0.145000 0.000000e+00
0.155000 0.000000e+00
0.165000 0.000000e+00
0.175000 0.000000e+00
0.185000 1.897724e-01
0.195000 2.203043e-02
0.205000 -2.693208e-02
0.215000 1.115110e-01
0.225000 5.371816e-01
0.235000 1.816471e+00
0.245000 3.050104e+00
0.255000 3.624042e+00
0.265000 3.540353e+00
0.275000 2.805497e+00
0.285000 2.172493e+00
0.295000 1.497413e+00
0.305000 1.027260e+00
0.315000 7.627507e-01
0.325000 3.479025e-01
0.335000 1.934375e-01
0.345000 1.080553e-02
0.355000 -1.071219e-01
0.365000 -1.447647e-01
0.375000 -2.505412e-01
0.385000 -2.284225e-01
0.395000 -2.688203e-01
0.405000 -3.091270e-01
0.415000 -3.071608e-01
0.425000 -2.803601e-01
0.435000 -3.284063e-01
0.445000 -3.222818e-01
0.455000 -3.260195e-01
0.465000 -3.303235e-01
0.475000 -3.048220e-01
0.485000 -2.818782e-01
0.495000 -2.196422e-01
0.505000 -1.118883e-01
0.515000 -7.480681e-02
0.525000 3.607115e-02
0.535000 1.692253e-01
0.545000 1.547607e-01
0.555000 2.708200e-01
0.565000 2.587724e-01
0.575000 2.911681e-01
0.585000 2.342217e-01
0.595000 2.302166e-01
0.605000 1.480625e-01
0.615000 1.129417e-01
0.625000 6.751323e-02
0.635000 7.035726e-02
0.645000 -7.123815e-03
0.655000 -4.953394e-04
0.665000 -4.265480e-02
0.675000 -8.199884e-02
0.685000 -6.918864e-02
0.695000 -8.273697e-02
0.705000 -8.465641e-02
0.715000 -7.112341e-02
0.725000 -9.143699e-02
0.735000 -9.787012e-02
0.745000 -8.159449e-02
0.755000 -6.374435e-02
0.765000 -6.803801e-02
0.775000 1.129801e-02
0.785000 -3.691944e-02
0.795000 4.742290e-03
0.805000 2.689904e-02
0.815000 1.776835e-02
0.825000 4.516539e-02
0.835000 3.412848e-02
0.845000 5.551142e-02
0.855000 4.584854e-02
0.865000 4.752100e-02
0.875000 6.529513e-02
0.885000 3.777695e-02
0.895000 2.091086e-02
0.905000 1.956826e-02
0.915000 -6.786014e-03
0.925000 1.901659e-02
0.935000 -2.188889e-02
0.945000 -1.002674e-02
0.955000 -2.327628e-02
0.965000 -4.194031e-02
0.975000 -2.625766e-02
0.985000 -4.101862e-02
0.995000 -2.228753e-02
1.005000 -2.553113e-02
1.015000 -9.291431e-03
1.025000 -2.144821e-02
1.035000 1.336791e-02
1.045000 3.360180e-03
1.055000 -3.259932e-02
1.065000 -6.439919e-04
1.075000 -1.408696e-02
1.085000 1.178835e-02
1.095000 1.776623e-02
