0.005000 0.000000e+00
0.015000 0.000000e+00
0.025000 0.000000e+00
0.035000 0.000000e+00
0.045000 0.000000e+00
0.055000 0.000000e+00
0.065000 0.000000e+00
0.075000 0.000000e+00
0.085000 0.000000e+00
0.095000 0.000000e+00
0.105000 0.000000e+00
0.115000 0.000000e+00
0.125000 0.000000e+00
0.135000 0.000000e+00
0.145000 0.000000e+00
0.155000 0.000000e+00
0.165000 0.000000e+00
0.175000 0.000000e+00
0.185000 1.865727e-01
0.195000 1.022259e-02
0.205000 -5.568139e-02
0.215000 1.203114e-01
0.225000 6.544208e-01
0.235000 1.780182e+00
0.245000 3.042513e+00
0.255000 3.549668e+00
0.265000 3.539580e+00
0.275000 2.770501e+00
0.285000 2.002166e+00
0.295000 1.586790e+00
0.305000 1.120942e+00
0.315000 7.942033e-01
0.325000 3.392194e-01
0.335000 1.777403e-01
0.345000 9.836550e-02
0.355000 -1.342762e-01
0.365000 -1.726400e-01
0.375000 -1.864125e-01
0.385000 -2.545323e-01
0.395000 -2.959699e-01
0.405000 -3.023972e-01
0.415000 -3.088794e-01
0.425000 -3.049108e-01
0.435000 -3.632208e-01
0.445000 -2.977905e-01
0.455000 -3.675894e-01
0.465000 -2.867124e-01
0.475000 -3.311131e-01
0.485000 -2.678457e-01
0.495000 -2.088902e-01
0.505000 -1.418599e-01
0.515000 2.060426e-02
0.525000 2.232658e-02
0.535000 1.555812e-01
0.545000 1.747042e-01
0.555000 2.616272e-01
0.565000 2.592668e-01
0.575000 2.970650e-01
0.585000 2.611348e-01
0.595000 2.312740e-01
0.605000 1.479784e-01
0.615000 1.069811e-01
0.625000 5.256112e-02
0.635000 3.517098e-02
0.645000 1.270567e-02
0.655000 -4.704556e-02
0.665000 -5.505170e-02
0.675000 -6.627481e-02
0.685000 -9.389832e-02
0.695000 -8.498491e-02
0.705000 -1.220109e-01
0.715000 -8.077512e-02
0.725000 -1.054027e-01
0.735000 -1.054767e-01
0.745000 -1.031447e-01
0.755000 -7.511626e-02
0.765000 -7.070871e-02
0.775000 -5.942768e-02
0.785000 -1.567337e-02
0.795000 -2.427215e-02
0.805000 1.663221e-02
0.815000 5.113295e-02
0.825000 8.384302e-03
0.835000 8.959764e-02
0.845000 9.171209e-02
0.855000 6.559317e-02
0.865000 7.734999e-02
0.875000 6.330805e-02
0.885000 2.210375e-02
0.895000 1.179331e-02
0.905000 3.159860e-02
0.915000 -5.349861e-03
0.925000 4.616505e-02
0.935000 -1.282338e-02
0.945000 2.102168e-02
0.955000 -1.379332e-04
0.965000 -3.211028e-02
0.975000 -2.298210e-02
0.985000 -3.177007e-02
0.995000 -4.235862e-02
1.005000 -5.401467e-02
1.015000 -1.036487e-02
1.025000 -8.338520e-03
1.035000 -1.305953e-02
1.045000 -1.205208e-02
1.055000 4.707963e-04
1.065000 3.638977e-02
1.075000 -4.946811e-02
1.085000 4.999044e-03
1.095000 5.051693e-02
