0.005000 0.000000e+00
0.015000 0.000000e+00
0.025000 0.000000e+00
0.035000 0.000000e+00
0.045000 0.000000e+00
0.055000 0.000000e+00
0.065000 0.000000e+00
0.075000 0.000000e+00
0.085000 0.000000e+00
0.095000 0.000000e+00
0.105000 0.000000e+00
0.115000 0.000000e+00
0.125000 0.000000e+00
0.135000 0.000000e+00
0.145000 0.000000e+00
0.155000 0.000000e+00
0.165000 0.000000e+00
0.175000 0.000000e+00
0.185000 0.000000e+00
0.195000 0.000000e+00
0.205000 -8.130253e-01
0.215000 -9.078154e-01
0.225000 -1.854642e+00
0.235000 -4.248662e+00
0.245000 -5.531662e+00
0.255000 -4.209631e+00
0.265000 -2.173020e+00
0.275000 -7.303292e-01
0.285000 -2.603721e-01
0.295000 1.073373e-01
0.305000 2.651839e-01
0.315000 3.108250e-01
0.325000 3.044198e-01
0.335000 3.501639e-01
0.345000 3.678452e-01
0.355000 3.829390e-01
0.365000 3.892851e-01
0.375000 4.146994e-01
0.385000 4.836098e-01
0.395000 4.871155e-01
0.405000 5.287401e-01
0.415000 5.256436e-01
0.425000 4.851863e-01
0.435000 4.235068e-01
0.445000 3.687313e-01
0.455000 2.683356e-01
0.465000 2.053499e-01
0.475000 1.053455e-01
0.485000 1.378464e-03
0.495000 -4.071557e-02
0.505000 -1.344843e-01
0.515000 -1.560923e-01
0.525000 -2.017310e-01
0.535000 -2.340514e-01
0.545000 -2.435347e-01
0.555000 -2.212450e-01
0.565000 -1.915162e-01
0.575000 -1.386062e-01
0.585000 -1.175864e-01
0.595000 -8.424426e-02
0.605000 -5.134985e-02
0.615000 -1.977359e-02
0.625000 3.989517e-02
0.635000 3.780375e-02
0.645000 6.359285e-02
0.655000 6.907839e-02
0.665000 1.105821e-01
0.675000 1.058216e-01
0.685000 1.072897e-01
0.695000 7.638853e-02
0.705000 5.212452e-02
0.715000 1.626109e-02
0.725000 1.561744e-02
0.735000 1.212235e-02
0.745000 2.764174e-03
0.755000 -1.079653e-02
0.765000 3.542121e-03
0.775000 -1.153484e-02
0.785000 -1.147940e-02
0.795000 -5.168952e-03
0.805000 -2.156686e-02
0.815000 -2.740895e-02
0.825000 -1.781211e-02
0.835000 1.367711e-02
0.845000 6.704659e-03
0.855000 1.097830e-03
0.865000 -5.170866e-04
0.875000 -4.404693e-03
0.885000 1.278320e-03
0.895000 -7.973486e-03
0.905000 3.362427e-03
0.915000 -1.241984e-02
0.925000 -1.390155e-02
0.935000 -6.896750e-03
0.945000 1.026862e-03
0.955000 5.716249e-03
0.965000 5.497295e-03
0.975000 -4.589678e-04
0.985000 -2.899624e-03
0.995000 2.584785e-02
1.005000 -8.576337e-03
1.015000 2.258427e-02
1.025000 -1.555886e-03
1.035000 2.358339e-02
1.045000 -2.696645e-04
1.055000 7.361714e-03
1.065000 6.538913e-03
1.075000 -1.044708e-04
1.085000 5.240232e-03
1.095000 7.597053e-03
