0.005000 3.438506e-02
0.015000 4.689896e-02
0.025000 -3.018665e-02
0.035000 -1.656438e-02
0.045000 -4.570388e-02
0.055000 7.082013e-03
0.065000 4.552847e-02
0.075000 2.962620e-02
0.085000 5.319793e-03
0.095000 6.215875e-02
0.105000 1.996904e-02
0.115000 5.150002e-02
0.125000 2.610225e-02
0.135000 5.926150e-02
0.145000 6.239693e-02
0.155000 3.615533e-02
0.165000 6.592639e-02
0.175000 5.790907e-02
0.185000 7.824388e-02
0.195000 6.744447e-02
0.205000 7.494317e-02
0.215000 7.731369e-02
0.225000 8.129744e-02
0.235000 6.695191e-02
0.245000 5.213514e-02
0.255000 4.459325e-02
0.265000 3.716038e-02
0.275000 7.142233e-02
0.285000 2.422703e-02
0.295000 2.806678e-02
0.305000 2.028117e-02
0.315000 2.193902e-02
0.325000 2.741885e-02
0.335000 -1.055079e-02
0.345000 -4.752072e-03
0.355000 1.958082e-02
0.365000 1.208696e-03
0.375000 1.565900e-02
0.385000 3.100158e-02
0.395000 7.921331e-03
0.405000 3.322295e-02
0.415000 3.590099e-02
0.425000 2.696099e-02
0.435000 2.003026e-02
0.445000 2.426777e-02
0.455000 1.489112e-02
0.465000 1.169566e-02
0.475000 9.977721e-03
0.485000 -6.699696e-04
0.495000 -2.875717e-02
0.505000 -1.773609e-02
0.515000 -1.781322e-03
0.525000 3.931035e-03
0.535000 -2.292448e-02
0.545000 -1.340646e-02
0.555000 -1.799638e-02
0.565000 -4.362653e-03
0.575000 2.295794e-03
0.585000 -7.535875e-03
0.595000 -1.910610e-03
0.605000 3.450534e-04
0.615000 2.636543e-04
0.625000 -1.495459e-03
0.635000 -9.203761e-03
0.645000 1.033074e-02
0.655000 2.958890e-03
0.665000 1.151146e-02
0.675000 2.244657e-02
0.685000 1.296444e-02
0.695000 -4.741007e-03
0.705000 2.712307e-04
0.715000 1.241651e-02
0.725000 7.929533e-03
0.735000 1.207753e-02
0.745000 7.898657e-03
0.755000 9.213363e-03
0.765000 7.149153e-03
0.775000 -1.698741e-03
0.785000 5.154651e-03
0.795000 -1.206391e-02
0.805000 -5.581744e-03
0.815000 -1.056141e-03
0.825000 -1.042580e-02
0.835000 -8.639014e-03
0.845000 -2.241828e-02
0.855000 -9.314934e-03
0.865000 -9.062867e-03
0.875000 -9.422560e-03
0.885000 -1.137993e-02
0.895000 -4.678871e-03
0.905000 3.876279e-03
0.915000 9.595618e-04
0.925000 -1.932966e-03
0.935000 4.576745e-03
0.945000 5.929476e-03
0.955000 -5.463442e-03
0.965000 -4.093427e-03
0.975000 -2.882334e-03
0.985000 1.061797e-03
0.995000 2.403622e-03
1.005000 7.997487e-03
1.015000 -2.002146e-03
1.025000 -1.630851e-03
1.035000 9.183324e-03
1.045000 1.401742e-02
1.055000 1.832511e-02
1.065000 8.786611e-03
1.075000 7.545059e-03
1.085000 1.566856e-02
1.095000 2.700359e-02
