0.005000 -1.370767e-02
0.015000 3.254602e-02
0.025000 -8.308821e-02
0.035000 5.124189e-03
0.045000 -4.454346e-02
0.055000 -1.559987e-02
0.065000 -4.893390e-03
0.075000 1.673911e-02
0.085000 5.121267e-03
0.095000 6.366680e-02
0.105000 3.403662e-02
0.115000 6.740550e-02
0.125000 4.053411e-02
0.135000 5.275385e-02
0.145000 7.124154e-02
0.155000 3.300121e-02
0.165000 5.767789e-02
0.175000 6.390390e-02
0.185000 5.368899e-02
0.195000 4.679421e-02
0.205000 5.595775e-02
0.215000 5.336664e-02
0.225000 4.599927e-02
0.235000 5.162862e-02
0.245000 4.354657e-02
0.255000 2.689328e-02
0.265000 6.718140e-02
0.275000 5.178154e-02
0.285000 1.498404e-02
0.295000 3.007304e-02
0.305000 2.459027e-02
0.315000 1.745288e-02
0.325000 2.706761e-02
0.335000 -1.160983e-02
0.345000 -8.360079e-03
0.355000 1.888937e-02
0.365000 -2.747802e-02
0.375000 1.784954e-02
0.385000 3.066930e-02
0.395000 1.325602e-02
0.405000 5.504814e-02
0.415000 4.360999e-02
0.425000 6.739454e-02
0.435000 1.830115e-02
0.445000 2.867778e-02
0.455000 1.888593e-02
0.465000 1.849984e-02
0.475000 2.341597e-02
0.485000 1.243536e-02
0.495000 -5.075444e-03
0.505000 -1.309193e-02
0.515000 -9.561531e-03
0.525000 1.727904e-02
0.535000 -2.817273e-02
0.545000 -1.034920e-02
0.555000 -5.324662e-03
0.565000 -1.447639e-02
0.575000 -2.130562e-03
0.585000 -1.350086e-02
0.595000 -6.611175e-04
0.605000 -2.085696e-02
0.615000 -8.772031e-04
0.625000 -9.599038e-03
0.635000 -1.512394e-02
0.645000 6.332704e-03
0.655000 1.043109e-02
0.665000 9.528830e-03
0.675000 5.672733e-03
0.685000 1.073398e-02
0.695000 2.526925e-03
0.705000 7.334998e-03
0.715000 1.833800e-02
0.725000 1.578415e-02
0.735000 1.508344e-02
0.745000 1.939367e-02
0.755000 3.838073e-03
0.765000 5.396539e-04
0.775000 3.379013e-03
0.785000 -9.286000e-04
0.795000 1.893388e-03
0.805000 -1.357249e-02
0.815000 -6.110831e-03
0.825000 -1.255316e-02
0.835000 -1.081677e-02
0.845000 -1.706001e-02
0.855000 3.559701e-03
0.865000 -1.549926e-02
0.875000 -8.282067e-03
0.885000 -1.038925e-02
0.895000 8.126056e-03
0.905000 -4.679451e-03
0.915000 8.046293e-03
0.925000 -4.160385e-03
0.935000 -2.367034e-03
0.945000 2.468476e-03
0.955000 -5.864126e-03
0.965000 -6.705039e-03
0.975000 4.230246e-03
0.985000 2.544994e-03
0.995000 2.539482e-04
1.005000 8.196699e-03
1.015000 5.118374e-04
1.025000 -4.166053e-04
1.035000 1.942559e-02
1.045000 1.779273e-02
1.055000 2.010437e-02
1.065000 2.455498e-02
1.075000 1.591798e-02
1.085000 7.376243e-03
1.095000 1.413385e-02
