0.005000 -4.545421e-02
0.015000 -2.812570e-02
0.025000 -3.625021e-02
0.035000 -1.020875e-02
0.045000 -7.625035e-03
0.055000 -1.062933e-02
0.065000 -5.011216e-03
0.075000 -4.305401e-03
0.085000 -1.103461e-02
0.095000 1.076393e-02
0.105000 1.738840e-02
0.115000 2.069710e-02
0.125000 1.568233e-02
0.135000 2.960817e-02
0.145000 2.249411e-02
0.155000 2.073468e-02
0.165000 2.716050e-02
0.175000 2.612261e-02
0.185000 2.610105e-02
0.195000 2.958967e-02
0.205000 2.826310e-02
0.215000 1.336341e-02
0.225000 1.893739e-02
0.235000 1.463350e-02
0.245000 1.384541e-02
0.255000 6.138762e-03
0.265000 1.094271e-02
0.275000 9.193079e-03
0.285000 -4.408242e-04
0.295000 -2.099915e-03
0.305000 2.201783e-03
0.315000 6.718221e-03
0.325000 3.405397e-03
0.335000 -7.765156e-03
0.345000 -9.823993e-04
0.355000 5.007300e-03
0.365000 -4.982548e-03
0.375000 -3.754500e-03
0.385000 8.054912e-03
0.395000 6.825134e-03
0.405000 9.401133e-03
0.415000 1.272065e-02
0.425000 1.473658e-02
0.435000 1.154199e-02
0.445000 1.157473e-02
0.455000 1.602101e-02
0.465000 9.506962e-03
0.475000 8.140672e-03
0.485000 5.848335e-03
0.495000 4.287885e-03
0.505000 5.557742e-03
0.515000 -2.478903e-03
0.525000 6.327486e-03
0.535000 1.324003e-03
0.545000 -1.812203e-03
0.555000 -3.962471e-03
0.565000 -8.112148e-03
0.575000 -6.609555e-04
0.585000 -3.659301e-03
0.595000 -7.954010e-03
0.605000 -4.329932e-03
0.615000 -1.019640e-02
0.625000 -3.367122e-03
0.635000 -3.627000e-03
0.645000 -3.510948e-03
0.655000 -2.837487e-03
0.665000 -2.850196e-03
0.675000 -1.444786e-04
0.685000 1.558542e-03
0.695000 6.741045e-03
0.705000 6.573054e-05
0.715000 3.611563e-03
0.725000 2.870908e-03
0.735000 7.561880e-03
0.745000 5.920960e-03
0.755000 1.839922e-03
0.765000 4.335097e-03
0.775000 6.125954e-03
0.785000 1.558833e-03
0.795000 1.605585e-03
0.805000 1.073293e-03
0.815000 1.483339e-04
0.825000 -3.074775e-03
0.835000 -3.190352e-04
0.845000 -2.723853e-03
0.855000 1.729978e-03
0.865000 -2.698264e-03
0.875000 1.655712e-03
0.885000 -6.561073e-04
0.895000 1.492677e-03
0.905000 -3.153074e-03
0.915000 -1.060024e-03
0.925000 -9.405004e-04
0.935000 -2.227124e-03
0.945000 -9.257826e-05
0.955000 -1.333730e-04
0.965000 -3.804303e-03
0.975000 3.155804e-03
0.985000 -4.952150e-04
0.995000 2.729176e-03
1.005000 -3.084067e-04
1.015000 4.586825e-04
1.025000 1.930743e-03
1.035000 4.625869e-03
1.045000 6.506009e-03
1.055000 6.697251e-03
1.065000 5.764610e-03
1.075000 2.689038e-03
1.085000 1.394239e-03
1.095000 1.426715e-03
