0.005000 0.000000e+00
0.015000 0.000000e+00
0.025000 0.000000e+00
0.035000 0.000000e+00
0.045000 0.000000e+00
0.055000 0.000000e+00
0.065000 0.000000e+00
0.075000 0.000000e+00
0.085000 0.000000e+00
0.095000 0.000000e+00
0.105000 0.000000e+00
0.115000 0.000000e+00
0.125000 0.000000e+00
0.135000 0.000000e+00
0.145000 0.000000e+00
0.155000 0.000000e+00
0.165000 0.000000e+00
0.175000 0.000000e+00
0.185000 1.071245e+00
0.195000 1.011860e-01
0.205000 3.317366e-01
0.215000 1.542002e+00
0.225000 8.317202e-01
0.235000 1.378243e-01
0.245000 1.484814e-01
0.255000 -5.432768e-02
0.265000 -1.936601e-01
0.275000 7.462358e-02
0.285000 1.362292e-01
0.295000 1.162584e-01
0.305000 6.848907e-02
0.315000 1.548288e-02
0.325000 5.502414e-03
0.335000 -2.505373e-02
0.345000 -6.035971e-02
0.355000 -4.869640e-02
0.365000 -8.008351e-02
0.375000 -9.819227e-02
0.385000 -1.172420e-01
0.395000 -1.309066e-01
0.405000 -1.241384e-01
0.415000 -1.180573e-01
0.425000 -8.910883e-02
0.435000 -8.822912e-02
0.445000 -7.786122e-02
0.455000 -6.079846e-02
0.465000 -3.439893e-02
0.475000 -1.790139e-02
0.485000 1.719869e-03
0.495000 1.395405e-02
0.505000 1.656290e-02
0.515000 2.857655e-02
0.525000 3.294994e-02
0.535000 4.228602e-02
0.545000 5.357264e-02
0.555000 4.781187e-02
0.565000 3.862625e-02
0.575000 3.221334e-02
0.585000 2.090050e-02
0.595000 1.914429e-02
0.605000 1.485736e-02
0.615000 7.273687e-03
0.625000 1.090282e-03
0.635000 8.573088e-03
0.645000 1.500486e-03
0.655000 -9.357320e-03
0.665000 7.878486e-04
0.675000 -6.358387e-03
0.685000 -9.839431e-03
0.695000 -1.673054e-02
0.705000 1.773007e-04
0.715000 -5.244012e-03
0.725000 -3.993334e-03
0.735000 -7.215545e-03
0.745000 -7.083430e-03
0.755000 1.784328e-03
0.765000 3.988529e-03
0.775000 1.224478e-04
0.785000 2.284363e-03
0.795000 2.463771e-03
0.805000 -4.356090e-03
0.815000 -3.677199e-03
0.825000 -1.336302e-03
0.835000 -6.711694e-03
0.845000 -3.205864e-03
0.855000 2.133621e-03
0.865000 -9.481221e-03
0.875000 -2.887696e-04
0.885000 -2.569907e-03
0.895000 3.095282e-03
0.905000 4.545017e-04
0.915000 -1.726702e-03
0.925000 6.923161e-03
0.935000 -2.107882e-03
0.945000 2.948454e-03
0.955000 2.975302e-03
0.965000 -4.474635e-04
0.975000 -3.942764e-04
0.985000 1.516134e-03
0.995000 -3.865446e-03
1.005000 -5.550463e-03
1.015000 1.550428e-04
1.025000 3.410608e-04
1.035000 -1.395026e-03
1.045000 -3.542882e-03
1.055000 3.631127e-04
1.065000 -6.503744e-03
1.075000 4.208876e-03
1.085000 3.167104e-03
1.095000 -3.734572e-03
