0.000000 0.000000
0.010000 0.000000
0.020000 0.000000
0.030000 0.000000
0.040000 0.000000
0.050000 0.000000
0.060000 0.000000
0.070000 0.000000
0.080000 0.000000
0.090000 0.000000
0.100000 0.000000
0.110000 0.000000
0.120000 0.000000
0.130000 0.000000
0.140000 0.000000
0.150000 0.000000
0.160000 0.000000
0.170000 0.000000
0.180000 0.000000
0.190000 0.000000
0.200000 0.000000
0.210000 0.000000
0.220000 0.000000
0.230000 0.000000
0.240000 0.000516
0.250000 0.085556
0.260000 1.007573
0.270000 2.637687
0.280000 2.912673
0.290000 2.164813
0.300000 1.458716
0.310000 1.073689
0.320000 0.915494
0.330000 0.858524
0.340000 0.849284
0.350000 0.861796
0.360000 0.874100
0.370000 0.891407
0.380000 0.919854
0.390000 0.942812
0.400000 0.968943
0.410000 0.994823
0.420000 1.026487
0.430000 1.047536
0.440000 1.060587
0.450000 1.075811
0.460000 1.077426
0.470000 1.076562
0.480000 1.066553
0.490000 1.050806
0.500000 1.031410
0.510000 1.010829
0.520000 0.986840
0.530000 0.970801
0.540000 0.950960
0.550000 0.936858
0.560000 0.929363
0.570000 0.924327
0.580000 0.927779
0.590000 0.938543
0.600000 0.953967
0.610000 0.968036
0.620000 0.982005
0.630000 0.996669
0.640000 1.007122
0.650000 1.017060
0.660000 1.028135
0.670000 1.030102
0.680000 1.034519
0.690000 1.035663
0.700000 1.032357
0.710000 1.028480
0.720000 1.027616
0.730000 1.017902
0.740000 1.009880
0.750000 1.004129
0.760000 0.999228
0.770000 0.993715
0.780000 0.989684
0.790000 0.987354
0.800000 0.987931
0.810000 0.987939
0.820000 0.989730
0.830000 0.992499
0.840000 0.994049
0.850000 0.996978
0.860000 0.999372
0.870000 1.000457
0.880000 0.999058
0.890000 0.999596
0.900000 0.997781
0.910000 0.999086
0.920000 0.997388
0.930000 0.999342
0.940000 0.999206
0.950000 0.998436
0.960000 0.997869
0.970000 0.997850
0.980000 0.997600
0.990000 0.997254
1.000000 0.997785
1.010000 0.997069
1.020000 0.999010
1.030000 0.998602
1.040000 0.999684
1.050000 1.000999
1.060000 1.001839
1.070000 1.001829
1.080000 1.001556
1.090000 1.001368
1.100000 1.000681
