0.000000 0.000000
0.010000 0.000000
0.020000 0.000000
0.030000 0.000000
0.040000 0.000000
0.050000 0.000000
0.060000 0.000000
0.070000 0.000000
0.080000 0.000000
0.090000 0.000000
0.100000 0.000000
0.110000 0.000000
0.120000 0.000000
0.130000 0.000000
0.140000 0.000000
0.150000 0.000000
0.160000 0.000000
0.170000 0.000000
0.180000 0.000000
0.190000 0.000000
0.200000 0.000000
0.210000 0.000000
0.220000 0.000000
0.230000 0.000000
0.240000 0.000677
0.250000 0.096736
0.260000 1.082728
0.270000 2.714945
0.280000 2.918237
0.290000 2.114062
0.300000 1.407990
0.310000 1.037706
0.320000 0.884453
0.330000 0.834320
0.340000 0.823591
0.350000 0.840674
0.360000 0.861109
0.370000 0.889847
0.380000 0.912173
0.390000 0.944751
0.400000 0.973727
0.410000 1.009030
0.420000 1.039463
0.430000 1.061443
0.440000 1.084143
0.450000 1.094091
0.460000 1.094934
0.470000 1.088692
0.480000 1.076180
0.490000 1.055792
0.500000 1.031493
0.510000 1.012592
0.520000 0.987467
0.530000 0.966713
0.540000 0.944632
0.550000 0.927037
0.560000 0.918670
0.570000 0.917975
0.580000 0.924169
0.590000 0.933057
0.600000 0.949881
0.610000 0.968621
0.620000 0.984005
0.630000 0.998301
0.640000 1.008010
0.650000 1.021427
0.660000 1.030020
0.670000 1.035916
0.680000 1.037738
0.690000 1.041311
0.700000 1.037485
0.710000 1.034668
0.720000 1.025202
0.730000 1.020470
0.740000 1.012776
0.750000 1.003701
0.760000 0.999073
0.770000 0.993878
0.780000 0.991525
0.790000 0.987761
0.800000 0.987113
0.810000 0.988873
0.820000 0.991117
0.830000 0.991776
0.840000 0.995918
0.850000 0.997891
0.860000 0.999175
0.870000 1.001629
0.880000 1.002200
0.890000 1.000171
0.900000 1.001173
0.910000 1.000218
0.920000 1.000512
0.930000 1.000508
0.940000 1.000663
0.950000 0.999421
0.960000 1.000435
0.970000 0.999607
0.980000 1.000180
0.990000 0.999059
1.000000 0.999407
1.010000 1.000562
1.020000 1.002229
1.030000 1.002467
1.040000 1.002123
1.050000 1.002816
1.060000 1.002108
1.070000 1.002328
1.080000 1.003717
1.090000 1.003849
1.100000 1.003279
