0.000000 0.000000
0.010000 0.000000
0.020000 0.000000
0.030000 0.000000
0.040000 0.000000
0.050000 0.000000
0.060000 0.000000
0.070000 0.000000
0.080000 0.000000
0.090000 0.000000
0.100000 0.000000
0.110000 0.000000
0.120000 0.000000
0.130000 0.000000
0.140000 0.000000
0.150000 0.000000
0.160000 0.000000
0.170000 0.000000
0.180000 0.000000
0.190000 0.000000
0.200000 0.000000
0.210000 0.000000
0.220000 0.000000
0.230000 0.000000
0.240000 0.000650
0.250000 0.094913
0.260000 1.068098
0.270000 2.689756
0.280000 2.909025
0.290000 2.117408
0.300000 1.413541
0.310000 1.039134
0.320000 0.886532
0.330000 0.835722
0.340000 0.829704
0.350000 0.848716
0.360000 0.865215
0.370000 0.897486
0.380000 0.915941
0.390000 0.949441
0.400000 0.977958
0.410000 1.008937
0.420000 1.038782
0.430000 1.060995
0.440000 1.079033
0.450000 1.090915
0.460000 1.087721
0.470000 1.087585
0.480000 1.071428
0.490000 1.052215
0.500000 1.032205
0.510000 1.004714
0.520000 0.984595
0.530000 0.965197
0.540000 0.941807
0.550000 0.928722
0.560000 0.917292
0.570000 0.916984
0.580000 0.922050
0.590000 0.936489
0.600000 0.954373
0.610000 0.968545
0.620000 0.985473
0.630000 0.998061
0.640000 1.013949
0.650000 1.020584
0.660000 1.029513
0.670000 1.036411
0.680000 1.038186
0.690000 1.038182
0.700000 1.036884
0.710000 1.033250
0.720000 1.026916
0.730000 1.018606
0.740000 1.009970
0.750000 1.005575
0.760000 0.997817
0.770000 0.993404
0.780000 0.991100
0.790000 0.986696
0.800000 0.987221
0.810000 0.987178
0.820000 0.990790
0.830000 0.992529
0.840000 0.995855
0.850000 0.997779
0.860000 0.999429
0.870000 0.999176
0.880000 1.001862
0.890000 1.002900
0.900000 1.001080
0.910000 0.999621
0.920000 1.000322
0.930000 1.000307
0.940000 0.999977
0.950000 0.998960
0.960000 1.000401
0.970000 0.999432
0.980000 0.999058
0.990000 0.999489
1.000000 0.999592
1.010000 0.998536
1.020000 0.999922
1.030000 1.000790
1.040000 1.001539
1.050000 1.003653
1.060000 1.003788
1.070000 1.003614
1.080000 1.004008
1.090000 1.002910
1.100000 1.003699
