0.000000 0.000000
0.010000 0.000000
0.020000 0.000000
0.030000 0.000000
0.040000 0.000000
0.050000 0.000000
0.060000 0.000000
0.070000 0.000000
0.080000 0.000000
0.090000 0.000000
0.100000 0.000000
0.110000 0.000000
0.120000 0.000000
0.130000 0.000000
0.140000 0.000000
0.150000 0.000000
0.160000 0.000000
0.170000 0.000000
0.180000 0.000000
0.190000 0.000000
0.200000 0.000000
0.210000 0.000000
0.220000 0.000000
0.230000 0.000000
0.240000 0.000875
0.250000 0.110605
0.260000 1.174919
0.270000 2.830302
0.280000 2.919281
0.290000 2.061820
0.300000 1.362782
0.310000 1.001577
0.320000 0.854261
0.330000 0.804387
0.340000 0.804485
0.350000 0.822481
0.360000 0.842697
0.370000 0.873704
0.380000 0.910373
0.390000 0.948562
0.400000 0.978835
0.410000 1.012121
0.420000 1.049218
0.430000 1.080045
0.440000 1.096189
0.450000 1.106680
0.460000 1.108149
0.470000 1.103859
0.480000 1.085203
0.490000 1.064681
0.500000 1.040208
0.510000 1.014698
0.520000 0.987057
0.530000 0.963814
0.540000 0.942093
0.550000 0.921069
0.560000 0.915248
0.570000 0.910012
0.580000 0.915155
0.590000 0.928288
0.600000 0.941066
0.610000 0.958460
0.620000 0.977048
0.630000 0.994147
0.640000 1.008107
0.650000 1.021436
0.660000 1.030949
0.670000 1.035800
0.680000 1.040122
0.690000 1.042661
0.700000 1.038485
0.710000 1.032048
0.720000 1.028847
0.730000 1.022008
0.740000 1.012563
0.750000 1.004842
0.760000 0.999153
0.770000 0.996119
0.780000 0.989975
0.790000 0.988783
0.800000 0.988642
0.810000 0.988739
0.820000 0.989556
0.830000 0.992724
0.840000 0.995265
0.850000 0.998407
0.860000 1.001674
0.870000 1.000968
0.880000 1.000550
0.890000 1.000517
0.900000 0.999651
0.910000 1.000318
0.920000 0.998135
0.930000 0.999491
0.940000 0.998485
0.950000 0.997917
0.960000 0.999125
0.970000 0.997770
0.980000 0.996908
0.990000 0.998170
1.000000 0.997599
1.010000 0.999483
1.020000 0.999959
1.030000 0.999896
1.040000 1.001759
1.050000 1.002547
1.060000 1.003406
1.070000 1.003045
1.080000 1.002516
1.090000 1.003939
1.100000 1.004183
