0.000000 0.000000
0.010000 0.000000
0.020000 0.000000
0.030000 0.000000
0.040000 0.000000
0.050000 0.000000
0.060000 0.000000
0.070000 0.000000
0.080000 0.000000
0.090000 0.000000
0.100000 0.000000
0.110000 0.000000
0.120000 0.000000
0.130000 0.000000
0.140000 0.000000
0.150000 0.000000
0.160000 0.000000
0.170000 0.000000
0.180000 0.000000
0.190000 0.000000
0.200000 0.000000
0.210000 0.000000
0.220000 0.000000
0.230000 0.000000
0.240000 0.000772
0.250000 0.097439
0.260000 1.098018
0.270000 2.738876
0.280000 2.925016
0.290000 2.104396
0.300000 1.394688
0.310000 1.024840
0.320000 0.866227
0.330000 0.813445
0.340000 0.815258
0.350000 0.828797
0.360000 0.848298
0.370000 0.881153
0.380000 0.911400
0.390000 0.942456
0.400000 0.976424
0.410000 1.011790
0.420000 1.039147
0.430000 1.066349
0.440000 1.087525
0.450000 1.099074
0.460000 1.106290
0.470000 1.094695
0.480000 1.077977
0.490000 1.056942
0.500000 1.034204
0.510000 1.011471
0.520000 0.983927
0.530000 0.960595
0.540000 0.940650
0.550000 0.922830
0.560000 0.913893
0.570000 0.910783
0.580000 0.915317
0.590000 0.927597
0.600000 0.943697
0.610000 0.965378
0.620000 0.980571
0.630000 0.993694
0.640000 1.007320
0.650000 1.023085
0.660000 1.031373
0.670000 1.035797
0.680000 1.038836
0.690000 1.040943
0.700000 1.038092
0.710000 1.033442
0.720000 1.025783
0.730000 1.019512
0.740000 1.010377
0.750000 1.002508
0.760000 0.998956
0.770000 0.992413
0.780000 0.989273
0.790000 0.987331
0.800000 0.987317
0.810000 0.989100
0.820000 0.990157
0.830000 0.991734
0.840000 0.994894
0.850000 0.997792
0.860000 0.999216
0.870000 1.002057
0.880000 1.001099
0.890000 1.000539
0.900000 1.000638
0.910000 1.000687
0.920000 0.998540
0.930000 0.999171
0.940000 0.999573
0.950000 0.998265
0.960000 0.998799
0.970000 0.996777
0.980000 0.997745
0.990000 0.997460
1.000000 0.999511
1.010000 0.998680
1.020000 1.000125
1.030000 1.001121
1.040000 1.000651
1.050000 1.002174
1.060000 1.003611
1.070000 1.002620
1.080000 1.004172
1.090000 1.004225
1.100000 1.004749
