0.000000 0.000000
0.010000 0.000000
0.020000 0.000000
0.030000 0.000000
0.040000 0.000000
0.050000 0.000000
0.060000 0.000000
0.070000 0.000000
0.080000 0.000000
0.090000 0.000000
0.100000 0.000000
0.110000 0.000000
0.120000 0.000000
0.130000 0.000000
0.140000 0.000000
0.150000 0.000000
0.160000 0.000000
0.170000 0.000000
0.180000 0.000000
0.190000 0.000000
0.200000 0.000000
0.210000 0.000000
0.220000 0.000000
0.230000 0.000000
0.240000 0.000579
0.250000 0.093620
0.260000 1.059544
0.270000 2.689185
0.280000 2.914802
0.290000 2.107827
0.300000 1.407474
0.310000 1.045575
0.320000 0.885074
0.330000 0.836751
0.340000 0.830287
0.350000 0.847598
0.360000 0.867638
0.370000 0.895116
0.380000 0.918614
0.390000 0.949682
0.400000 0.983861
0.410000 1.011935
0.420000 1.035397
0.430000 1.064124
0.440000 1.081378
0.450000 1.092945
0.460000 1.095737
0.470000 1.086223
0.480000 1.073712
0.490000 1.055558
0.500000 1.027615
0.510000 1.008682
0.520000 0.985153
0.530000 0.964093
0.540000 0.944658
0.550000 0.929207
0.560000 0.917592
0.570000 0.916949
0.580000 0.923986
0.590000 0.936880
0.600000 0.953074
0.610000 0.971339
0.620000 0.989504
0.630000 1.001431
0.640000 1.016121
0.650000 1.024847
0.660000 1.030267
0.670000 1.039123
0.680000 1.040268
0.690000 1.043276
0.700000 1.038796
0.710000 1.035577
0.720000 1.027687
0.730000 1.022967
0.740000 1.013746
0.750000 1.006164
0.760000 1.001339
0.770000 0.995274
0.780000 0.993305
0.790000 0.992120
0.800000 0.989578
0.810000 0.990977
0.820000 0.994750
0.830000 0.993995
0.840000 0.998378
0.850000 1.001319
0.860000 1.002757
0.870000 1.005310
0.880000 1.005515
0.890000 1.006499
0.900000 1.004724
0.910000 1.004837
0.920000 1.003949
0.930000 1.005171
0.940000 1.005115
0.950000 1.004340
0.960000 1.003651
0.970000 1.005187
0.980000 1.001699
0.990000 1.001754
1.000000 1.004270
1.010000 1.002911
1.020000 1.004580
1.030000 1.004943
1.040000 1.006813
1.050000 1.005647
1.060000 1.006587
1.070000 1.008024
1.080000 1.007799
1.090000 1.007970
1.100000 1.007602
