0.000000 0.000000
0.010000 0.000000
0.020000 0.000000
0.030000 0.000000
0.040000 0.000000
0.050000 0.000000
0.060000 0.000000
0.070000 0.000000
0.080000 0.000000
0.090000 0.000000
0.100000 0.000000
0.110000 0.000000
0.120000 0.000000
0.130000 0.000000
0.140000 0.000000
0.150000 0.000000
0.160000 0.000000
0.170000 0.000000
0.180000 0.000000
0.190000 0.000000
0.200000 0.000000
0.210000 0.000000
0.220000 0.000000
0.230000 0.000000
0.240000 0.000667
0.250000 0.094734
0.260000 1.080612
0.270000 2.728679
0.280000 2.939225
0.290000 2.127193
0.300000 1.412481
0.310000 1.023611
0.320000 0.868825
0.330000 0.815312
0.340000 0.809974
0.350000 0.829427
0.360000 0.850945
0.370000 0.877614
0.380000 0.907709
0.390000 0.940513
0.400000 0.974860
0.410000 1.008464
0.420000 1.040772
0.430000 1.066337
0.440000 1.087739
0.450000 1.101442
0.460000 1.108382
0.470000 1.096261
0.480000 1.086368
0.490000 1.062721
0.500000 1.040613
0.510000 1.014004
0.520000 0.990853
0.530000 0.969004
0.540000 0.949420
0.550000 0.928688
0.560000 0.917444
0.570000 0.912999
0.580000 0.921168
0.590000 0.930980
0.600000 0.950431
0.610000 0.965587
0.620000 0.984159
0.630000 0.996114
0.640000 1.010648
0.650000 1.022363
0.660000 1.030967
0.670000 1.038471
0.680000 1.038219
0.690000 1.040834
0.700000 1.036950
0.710000 1.034702
0.720000 1.029746
0.730000 1.021321
0.740000 1.015923
0.750000 1.007766
0.760000 1.002177
0.770000 0.996702
0.780000 0.994608
0.790000 0.992618
0.800000 0.990355
0.810000 0.993558
0.820000 0.993219
0.830000 0.996119
0.840000 0.998760
0.850000 1.001317
0.860000 1.003354
0.870000 1.005206
0.880000 1.005729
0.890000 1.005593
0.900000 1.004570
0.910000 1.002978
0.920000 1.003741
0.930000 1.002987
0.940000 1.002975
0.950000 1.003170
0.960000 1.002311
0.970000 1.002616
0.980000 1.002292
0.990000 1.003358
1.000000 1.003540
1.010000 1.004522
1.020000 1.004186
1.030000 1.005991
1.040000 1.005387
1.050000 1.007720
1.060000 1.007332
1.070000 1.008013
1.080000 1.006319
1.090000 1.008683
1.100000 1.009743
