0.000000 0.000000
0.010000 0.000000
0.020000 0.000000
0.030000 0.000000
0.040000 0.000000
0.050000 0.000000
0.060000 0.000000
0.070000 0.000000
0.080000 0.000000
0.090000 0.000000
0.100000 0.000000
0.110000 0.000000
0.120000 0.000000
0.130000 0.000000
0.140000 0.000000
0.150000 0.000000
0.160000 0.000000
0.170000 0.000000
0.180000 0.000000
0.190000 0.000000
0.200000 0.000000
0.210000 0.000000
0.220000 0.000000
0.230000 0.000000
0.240000 0.000811
0.250000 0.097446
0.260000 1.073336
0.270000 2.703220
0.280000 2.902721
0.290000 2.108039
0.300000 1.407040
0.310000 1.030761
0.320000 0.878555
0.330000 0.831514
0.340000 0.829051
0.350000 0.844281
0.360000 0.865159
0.370000 0.893357
0.380000 0.920479
0.390000 0.948744
0.400000 0.980585
0.410000 1.011207
0.420000 1.038547
0.430000 1.069011
0.440000 1.091119
0.450000 1.096673
0.460000 1.099595
0.470000 1.091556
0.480000 1.074903
0.490000 1.057352
0.500000 1.031030
0.510000 1.007868
0.520000 0.985255
0.530000 0.961334
0.540000 0.939975
0.550000 0.923062
0.560000 0.915519
0.570000 0.916009
0.580000 0.922587
0.590000 0.936819
0.600000 0.952029
0.610000 0.968318
0.620000 0.983060
0.630000 0.998865
0.640000 1.010852
0.650000 1.022329
0.660000 1.031384
0.670000 1.040600
0.680000 1.040820
0.690000 1.042714
0.700000 1.039387
0.710000 1.035047
0.720000 1.026532
0.730000 1.019585
0.740000 1.011721
0.750000 1.006247
0.760000 0.999866
0.770000 0.994602
0.780000 0.989206
0.790000 0.991626
0.800000 0.988864
0.810000 0.988688
0.820000 0.991657
0.830000 0.993787
0.840000 0.994898
0.850000 0.998115
0.860000 1.001270
0.870000 1.001039
0.880000 1.004115
0.890000 1.003484
0.900000 1.002083
0.910000 1.003476
0.920000 1.002281
0.930000 1.003461
0.940000 1.002415
0.950000 1.001879
0.960000 1.002381
0.970000 1.001039
0.980000 0.998430
0.990000 1.001477
1.000000 1.001689
1.010000 1.001133
1.020000 1.002654
1.030000 1.003351
1.040000 1.004220
1.050000 1.005950
1.060000 1.005673
1.070000 1.006171
1.080000 1.006956
1.090000 1.006529
1.100000 1.005315
