0.000000 0.000000
0.010000 0.000000
0.020000 0.000000
0.030000 0.000000
0.040000 0.000000
0.050000 0.000000
0.060000 0.000000
0.070000 0.000000
0.080000 0.000000
0.090000 0.000000
0.100000 0.000000
0.110000 0.000000
0.120000 0.000000
0.130000 0.000000
0.140000 0.000000
0.150000 0.000000
0.160000 0.000000
0.170000 0.000000
0.180000 0.000000
0.190000 0.000000
0.200000 0.000000
0.210000 0.000000
0.220000 0.000000
0.230000 0.000000
0.240000 0.000613
0.250000 0.089912
0.260000 1.033446
0.270000 2.663681
0.280000 2.916337
0.290000 2.135908
0.300000 1.433510
0.310000 1.058226
0.320000 0.895431
0.330000 0.844572
0.340000 0.840004
0.350000 0.853992
0.360000 0.873975
0.370000 0.893068
0.380000 0.916129
0.390000 0.947506
0.400000 0.974161
0.410000 1.003574
0.420000 1.028236
0.430000 1.053671
0.440000 1.074767
0.450000 1.084981
0.460000 1.084179
0.470000 1.080344
0.480000 1.068175
0.490000 1.049684
0.500000 1.030127
0.510000 1.006211
0.520000 0.985961
0.530000 0.967682
0.540000 0.945688
0.550000 0.929147
0.560000 0.919565
0.570000 0.918795
0.580000 0.924849
0.590000 0.937483
0.600000 0.955859
0.610000 0.968470
0.620000 0.984986
0.630000 0.996644
0.640000 1.010182
0.650000 1.018716
0.660000 1.027795
0.670000 1.034531
0.680000 1.037444
0.690000 1.036994
0.700000 1.035751
0.710000 1.032254
0.720000 1.024741
0.730000 1.017126
0.740000 1.010917
0.750000 1.004277
0.760000 0.997059
0.770000 0.993718
0.780000 0.989027
0.790000 0.987198
0.800000 0.986748
0.810000 0.988230
0.820000 0.988647
0.830000 0.990697
0.840000 0.991663
0.850000 0.996668
0.860000 0.999289
0.870000 1.000553
0.880000 1.000799
0.890000 1.000726
0.900000 0.998550
0.910000 1.000574
0.920000 0.999234
0.930000 0.999128
0.940000 1.000414
0.950000 0.998466
0.960000 0.999003
0.970000 0.999225
0.980000 0.996544
0.990000 0.997850
1.000000 0.997701
1.010000 0.997810
1.020000 0.998335
1.030000 0.999191
1.040000 0.999922
1.050000 1.000155
1.060000 1.001713
1.070000 1.001740
1.080000 1.002237
1.090000 1.001316
1.100000 1.001351
