0.000000 0.000000
0.010000 0.000000
0.020000 0.000000
0.030000 0.000000
0.040000 0.000000
0.050000 0.000000
0.060000 0.000000
0.070000 0.000000
0.080000 0.000000
0.090000 0.000000
0.100000 0.000000
0.110000 0.000000
0.120000 0.000000
0.130000 0.000000
0.140000 0.000000
0.150000 0.000000
0.160000 0.000000
0.170000 0.000000
0.180000 0.000000
0.190000 0.000000
0.200000 0.000000
0.210000 0.000000
0.220000 0.000000
0.230000 0.000000
0.240000 0.000588
0.250000 0.093809
0.260000 1.085224
0.270000 2.719533
0.280000 2.916109
0.290000 2.108142
0.300000 1.402891
0.310000 1.031727
0.320000 0.883298
0.330000 0.829843
0.340000 0.826169
0.350000 0.838296
0.360000 0.866666
0.370000 0.893975
0.380000 0.915098
0.390000 0.945710
0.400000 0.984794
0.410000 1.008022
0.420000 1.039327
0.430000 1.064774
0.440000 1.087633
0.450000 1.097387
0.460000 1.095412
0.470000 1.093523
0.480000 1.074618
0.490000 1.057787
0.500000 1.033510
0.510000 1.005647
0.520000 0.983771
0.530000 0.960933
0.540000 0.941514
0.550000 0.925318
0.560000 0.914507
0.570000 0.916659
0.580000 0.921277
0.590000 0.934389
0.600000 0.950230
0.610000 0.970058
0.620000 0.985736
0.630000 0.997412
0.640000 1.012565
0.650000 1.023261
0.660000 1.031693
0.670000 1.038957
0.680000 1.039870
0.690000 1.040086
0.700000 1.037810
0.710000 1.033850
0.720000 1.028013
0.730000 1.020477
0.740000 1.012850
0.750000 1.005792
0.760000 0.998477
0.770000 0.993139
0.780000 0.991610
0.790000 0.988566
0.800000 0.987805
0.810000 0.988594
0.820000 0.990367
0.830000 0.993092
0.840000 0.994172
0.850000 0.996340
0.860000 0.998808
0.870000 0.999902
0.880000 1.003345
0.890000 1.003520
0.900000 1.001866
0.910000 1.000763
0.920000 1.002452
0.930000 1.002062
0.940000 1.001497
0.950000 1.000214
0.960000 1.000320
0.970000 1.000854
0.980000 0.999787
0.990000 1.000518
1.000000 1.000093
1.010000 1.000865
1.020000 1.000798
1.030000 1.001599
1.040000 1.002547
1.050000 1.002769
1.060000 1.005089
1.070000 1.003985
1.080000 1.004989
1.090000 1.004745
1.100000 1.004970
