0.000000 0.000000
0.010000 0.000000
0.020000 0.000000
0.030000 0.000000
0.040000 0.000000
0.050000 0.000000
0.060000 0.000000
0.070000 0.000000
0.080000 0.000000
0.090000 0.000000
0.100000 0.000000
0.110000 0.000000
0.120000 0.000000
0.130000 0.000000
0.140000 0.000000
0.150000 0.000000
0.160000 0.000000
0.170000 0.000000
0.180000 0.000000
0.190000 0.000000
0.200000 0.000000
0.210000 0.000000
0.220000 0.000000
0.230000 0.000000
0.240000 0.000560
0.250000 0.088249
0.260000 1.037144
0.270000 2.650578
0.280000 2.906508
0.290000 2.121940
0.300000 1.428145
0.310000 1.061592
0.320000 0.904392
0.330000 0.848878
0.340000 0.843824
0.350000 0.855324
0.360000 0.874165
0.370000 0.898911
0.380000 0.921942
0.390000 0.949270
0.400000 0.976743
0.410000 1.004738
0.420000 1.032573
0.430000 1.057102
0.440000 1.074972
0.450000 1.080694
0.460000 1.083247
0.470000 1.079717
0.480000 1.065474
0.490000 1.046493
0.500000 1.026163
0.510000 1.004812
0.520000 0.983916
0.530000 0.963305
0.540000 0.944230
0.550000 0.928001
0.560000 0.918730
0.570000 0.918209
0.580000 0.924403
0.590000 0.937503
0.600000 0.953179
0.610000 0.970081
0.620000 0.984295
0.630000 0.998097
0.640000 1.010863
0.650000 1.022103
0.660000 1.029320
0.670000 1.034889
0.680000 1.036458
0.690000 1.037181
0.700000 1.035506
0.710000 1.031823
0.720000 1.024106
0.730000 1.017782
0.740000 1.010490
0.750000 1.003832
0.760000 0.997409
0.770000 0.992708
0.780000 0.991026
0.790000 0.988021
0.800000 0.987786
0.810000 0.987596
0.820000 0.988115
0.830000 0.990658
0.840000 0.994323
0.850000 0.995001
0.860000 0.996642
0.870000 0.999055
0.880000 1.000337
0.890000 1.000929
0.900000 0.998367
0.910000 0.998423
0.920000 1.000008
0.930000 0.999942
0.940000 0.999626
0.950000 0.997763
0.960000 0.998461
0.970000 0.997350
0.980000 0.997784
0.990000 0.998101
1.000000 0.997928
1.010000 0.999640
1.020000 0.999129
1.030000 1.000251
1.040000 1.001621
1.050000 0.999973
1.060000 1.001118
1.070000 1.001901
1.080000 1.002482
1.090000 1.002588
1.100000 1.001891
