0.000000 0.000000
0.010000 0.000000
0.020000 0.000000
0.030000 0.000000
0.040000 0.000000
0.050000 0.000000
0.060000 0.000000
0.070000 0.000000
0.080000 0.000000
0.090000 0.000000
0.100000 0.000000
0.110000 0.000000
0.120000 0.000000
0.130000 0.000000
0.140000 0.000000
0.150000 0.000000
0.160000 0.000000
0.170000 0.000000
0.180000 0.000000
0.190000 0.000000
0.200000 0.000000
0.210000 0.000000
0.220000 0.000000
0.230000 0.000000
0.240000 0.000682
0.250000 0.095728
0.260000 1.071088
0.270000 2.709246
0.280000 2.902691
0.290000 2.108144
0.300000 1.412532
0.310000 1.042615
0.320000 0.885182
0.330000 0.832889
0.340000 0.825063
0.350000 0.841534
0.360000 0.860622
0.370000 0.887912
0.380000 0.914954
0.390000 0.945049
0.400000 0.979862
0.410000 1.004990
0.420000 1.038126
0.430000 1.067018
0.440000 1.082095
0.450000 1.090970
0.460000 1.090011
0.470000 1.084102
0.480000 1.072914
0.490000 1.051903
0.500000 1.030490
0.510000 1.004784
0.520000 0.982205
0.530000 0.963880
0.540000 0.941936
0.550000 0.923832
0.560000 0.914288
0.570000 0.915435
0.580000 0.919384
0.590000 0.933695
0.600000 0.948539
0.610000 0.967276
0.620000 0.982146
0.630000 0.996425
0.640000 1.006792
0.650000 1.020344
0.660000 1.028282
0.670000 1.034064
0.680000 1.036957
0.690000 1.038608
0.700000 1.037384
0.710000 1.029848
0.720000 1.024066
0.730000 1.017449
0.740000 1.010248
0.750000 1.002902
0.760000 0.997939
0.770000 0.991909
0.780000 0.989209
0.790000 0.987971
0.800000 0.986532
0.810000 0.985800
0.820000 0.987337
0.830000 0.989399
0.840000 0.993215
0.850000 0.995449
0.860000 0.997992
0.870000 0.998159
0.880000 0.998719
0.890000 0.998306
0.900000 0.998750
0.910000 0.997089
0.920000 0.998831
0.930000 0.998412
0.940000 0.998945
0.950000 0.998699
0.960000 0.998205
0.970000 0.999093
0.980000 0.998247
0.990000 0.998321
1.000000 0.998173
1.010000 0.998444
1.020000 0.998498
1.030000 0.999959
1.040000 0.999925
1.050000 1.001633
1.060000 1.002148
1.070000 1.000761
1.080000 1.000514
1.090000 1.001439
1.100000 0.999097
