0.000000 0.000000
0.010000 0.000000
0.020000 0.000000
0.030000 0.000000
0.040000 0.000000
0.050000 0.000000
0.060000 0.000000
0.070000 0.000000
0.080000 0.000000
0.090000 0.000000
0.100000 0.000000
0.110000 0.000000
0.120000 0.000000
0.130000 0.000000
0.140000 0.000000
0.150000 0.000000
0.160000 0.000000
0.170000 0.000000
0.180000 0.000000
0.190000 0.000000
0.200000 0.000000
0.210000 0.000000
0.220000 0.000000
0.230000 0.000000
0.240000 0.000699
0.250000 0.096806
0.260000 1.080493
0.270000 2.719287
0.280000 2.927552
0.290000 2.113588
0.300000 1.405459
0.310000 1.027965
0.320000 0.876570
0.330000 0.831581
0.340000 0.824719
0.350000 0.840179
0.360000 0.862770
0.370000 0.885325
0.380000 0.913822
0.390000 0.948704
0.400000 0.979448
0.410000 1.009842
0.420000 1.039407
0.430000 1.066977
0.440000 1.081692
0.450000 1.091785
0.460000 1.096425
0.470000 1.089683
0.480000 1.074309
0.490000 1.056785
0.500000 1.031563
0.510000 1.009834
0.520000 0.985531
0.530000 0.962967
0.540000 0.946229
0.550000 0.926344
0.560000 0.917957
0.570000 0.916263
0.580000 0.922560
0.590000 0.934532
0.600000 0.947730
0.610000 0.967437
0.620000 0.984852
0.630000 0.997134
0.640000 1.009578
0.650000 1.021385
0.660000 1.032145
0.670000 1.035335
0.680000 1.037370
0.690000 1.040096
0.700000 1.038072
0.710000 1.032814
0.720000 1.026391
0.730000 1.020065
0.740000 1.013428
0.750000 1.004997
0.760000 0.999712
0.770000 0.993251
0.780000 0.989417
0.790000 0.988588
0.800000 0.988193
0.810000 0.988040
0.820000 0.989609
0.830000 0.992108
0.840000 0.997199
0.850000 0.996743
0.860000 0.999831
0.870000 1.001167
0.880000 1.000326
0.890000 1.000867
0.900000 1.000226
0.910000 0.999552
0.920000 0.999485
0.930000 0.999531
0.940000 0.998220
0.950000 0.998480
0.960000 1.000442
0.970000 0.999051
0.980000 0.999394
0.990000 0.999332
1.000000 0.999816
1.010000 0.999724
1.020000 1.001842
1.030000 1.001120
1.040000 1.004013
1.050000 1.002236
1.060000 1.003173
1.070000 1.004293
1.080000 1.003943
1.090000 1.003042
1.100000 1.002534
