0.000000 0.000000
0.010000 0.000000
0.020000 0.000000
0.030000 0.000000
0.040000 0.000000
0.050000 0.000000
0.060000 0.000000
0.070000 0.000000
0.080000 0.000000
0.090000 0.000000
0.100000 0.000000
0.110000 0.000000
0.120000 0.000000
0.130000 0.000000
0.140000 0.000000
0.150000 0.000000
0.160000 0.000000
0.170000 0.000000
0.180000 0.000000
0.190000 0.000000
0.200000 0.000000
0.210000 0.000000
0.220000 0.000000
0.230000 0.000000
0.240000 0.000524
0.250000 0.092514
0.260000 1.049341
0.270000 2.670726
0.280000 2.903798
0.290000 2.123927
0.300000 1.420919
0.310000 1.057613
0.320000 0.897597
0.330000 0.844495
0.340000 0.838015
0.350000 0.848869
0.360000 0.872954
0.370000 0.894467
0.380000 0.920054
0.390000 0.944145
0.400000 0.977587
0.410000 1.006863
0.420000 1.032081
0.430000 1.058425
0.440000 1.077291
0.450000 1.087933
0.460000 1.087729
0.470000 1.086225
0.480000 1.067787
0.490000 1.050199
0.500000 1.024725
0.510000 1.003432
0.520000 0.984095
0.530000 0.964892
0.540000 0.943803
0.550000 0.928345
0.560000 0.920677
0.570000 0.921239
0.580000 0.928583
0.590000 0.936538
0.600000 0.954746
0.610000 0.970460
0.620000 0.985530
0.630000 0.999001
0.640000 1.014253
0.650000 1.021630
0.660000 1.031121
0.670000 1.032852
0.680000 1.035560
0.690000 1.039308
0.700000 1.033131
0.710000 1.031275
0.720000 1.025883
0.730000 1.018088
0.740000 1.009844
0.750000 1.003388
0.760000 0.998499
0.770000 0.992719
0.780000 0.990081
0.790000 0.987616
0.800000 0.988319
0.810000 0.988238
0.820000 0.989751
0.830000 0.991569
0.840000 0.995300
0.850000 0.997734
0.860000 0.996951
0.870000 1.000120
0.880000 1.003008
0.890000 1.000709
0.900000 1.000058
0.910000 0.999891
0.920000 1.001969
0.930000 1.000842
0.940000 1.000666
0.950000 0.999600
0.960000 0.999568
0.970000 0.998950
0.980000 0.999421
0.990000 0.998811
1.000000 0.999540
1.010000 0.999003
1.020000 1.000913
1.030000 0.999711
1.040000 1.000506
1.050000 1.001910
1.060000 1.003165
1.070000 1.002116
1.080000 1.003113
1.090000 1.003633
1.100000 1.002534
