0.000000 0.000000
0.010000 0.000000
0.020000 0.000000
0.030000 0.000000
0.040000 0.000000
0.050000 0.000000
0.060000 0.000000
0.070000 0.000000
0.080000 0.000000
0.090000 0.000000
0.100000 0.000000
0.110000 0.000000
0.120000 0.000000
0.130000 0.000000
0.140000 0.000000
0.150000 0.000000
0.160000 0.000000
0.170000 0.000000
0.180000 0.000000
0.190000 0.000000
0.200000 0.000000
0.210000 0.000000
0.220000 0.000000
0.230000 0.000000
0.240000 0.000694
0.250000 0.095098
0.260000 1.063060
0.270000 2.703896
0.280000 2.894808
0.290000 2.103238
0.300000 1.403064
0.310000 1.023212
0.320000 0.877629
0.330000 0.828985
0.340000 0.822665
0.350000 0.840164
0.360000 0.861644
0.370000 0.889583
0.380000 0.918618
0.390000 0.948263
0.400000 0.985746
0.410000 1.014572
0.420000 1.043167
0.430000 1.066256
0.440000 1.085925
0.450000 1.097399
0.460000 1.096336
0.470000 1.087513
0.480000 1.078306
0.490000 1.054479
0.500000 1.032124
0.510000 1.007581
0.520000 0.983626
0.530000 0.961579
0.540000 0.942358
0.550000 0.924886
0.560000 0.915624
0.570000 0.913679
0.580000 0.922082
0.590000 0.936674
0.600000 0.951343
0.610000 0.966610
0.620000 0.981537
0.630000 0.997949
0.640000 1.013626
0.650000 1.022460
0.660000 1.030103
0.670000 1.033405
0.680000 1.038202
0.690000 1.038563
0.700000 1.036385
0.710000 1.033228
0.720000 1.026175
0.730000 1.019656
0.740000 1.014458
0.750000 1.007548
0.760000 0.999815
0.770000 0.995062
0.780000 0.992552
0.790000 0.989156
0.800000 0.990617
0.810000 0.990391
0.820000 0.992104
0.830000 0.996659
0.840000 0.998770
0.850000 1.001536
0.860000 1.002186
0.870000 1.004335
0.880000 1.004986
0.890000 1.004814
0.900000 1.004154
0.910000 1.004691
0.920000 1.003773
0.930000 1.004537
0.940000 1.004458
0.950000 1.004262
0.960000 1.003262
0.970000 1.003335
0.980000 1.003458
0.990000 1.003682
1.000000 1.003882
1.010000 1.005822
1.020000 1.005698
1.030000 1.007246
1.040000 1.007981
1.050000 1.009015
1.060000 1.010928
1.070000 1.010887
1.080000 1.011914
1.090000 1.013747
1.100000 1.012277
