0.000000 0.000000
0.010000 0.000000
0.020000 0.000000
0.030000 0.000000
0.040000 0.000000
0.050000 0.000000
0.060000 0.000000
0.070000 0.000000
0.080000 0.000000
0.090000 0.000000
0.100000 0.000000
0.110000 0.000000
0.120000 0.000000
0.130000 0.000000
0.140000 0.000000
0.150000 0.000000
0.160000 0.000000
0.170000 0.000000
0.180000 0.000000
0.190000 0.000000
0.200000 0.000000
0.210000 0.000000
0.220000 0.000000
0.230000 0.000000
0.240000 0.000033
0.250000 0.040066
0.260000 0.935433
0.270000 2.907172
0.280000 3.153140
0.290000 2.181633
0.300000 1.391705
0.310000 1.019412
0.320000 0.865657
0.330000 0.823806
0.340000 0.818093
0.350000 0.835109
0.360000 0.857078
0.370000 0.881431
0.380000 0.914651
0.390000 0.938873
0.400000 0.969541
0.410000 1.005042
0.420000 1.034571
0.430000 1.054972
0.440000 1.076128
0.450000 1.085037
0.460000 1.082522
0.470000 1.072773
0.480000 1.056615
0.490000 1.037602
0.500000 1.010065
0.510000 0.987040
0.520000 0.962529
0.530000 0.939404
0.540000 0.918267
0.550000 0.900619
0.560000 0.895169
0.570000 0.896643
0.580000 0.910189
0.590000 0.925632
0.600000 0.943538
0.610000 0.965527
0.620000 0.981780
0.630000 0.998869
0.640000 1.011952
0.650000 1.019480
0.660000 1.026617
0.670000 1.030319
0.680000 1.033631
0.690000 1.028738
0.700000 1.023991
0.710000 1.016662
0.720000 1.009987
0.730000 1.002313
0.740000 0.990356
0.750000 0.982103
0.760000 0.973241
0.770000 0.969147
0.780000 0.964469
0.790000 0.960223
0.800000 0.961585
0.810000 0.965454
0.820000 0.963215
0.830000 0.966782
0.840000 0.971739
0.850000 0.973136
0.860000 0.975278
0.870000 0.977691
0.880000 0.977154
0.890000 0.975572
0.900000 0.975428
0.910000 0.975847
0.920000 0.975033
0.930000 0.974218
0.940000 0.974630
0.950000 0.973026
0.960000 0.974886
0.970000 0.972791
0.980000 0.970885
0.990000 0.971807
1.000000 0.970644
1.010000 0.971886
1.020000 0.971618
1.030000 0.972592
1.040000 0.971730
1.050000 0.972363
1.060000 0.972042
1.070000 0.972134
1.080000 0.971366
1.090000 0.970655
1.100000 0.970700
