0.000000 0.000000
0.010000 0.000000
0.020000 0.000000
0.030000 0.000000
0.040000 0.000000
0.050000 0.000000
0.060000 0.000000
0.070000 0.000000
0.080000 0.000000
0.090000 0.000000
0.100000 0.000000
0.110000 0.000000
0.120000 0.000000
0.130000 0.000000
0.140000 0.000000
0.150000 0.000000
0.160000 0.000000
0.170000 0.000000
0.180000 0.000000
0.190000 0.000000
0.200000 0.000000
0.210000 0.000000
0.220000 0.000000
0.230000 0.000000
0.240000 0.000084
0.250000 0.041466
0.260000 0.871262
0.270000 2.796158
0.280000 3.203700
0.290000 2.322463
0.300000 1.492812
0.310000 1.078072
0.320000 0.902383
0.330000 0.843375
0.340000 0.829604
0.350000 0.835998
0.360000 0.851189
0.370000 0.864981
0.380000 0.888540
0.390000 0.911164
0.400000 0.936696
0.410000 0.964419
0.420000 0.991672
0.430000 1.016470
0.440000 1.037382
0.450000 1.049114
0.460000 1.059443
0.470000 1.053096
0.480000 1.047182
0.490000 1.029364
0.500000 1.015443
0.510000 0.997298
0.520000 0.981967
0.530000 0.960990
0.540000 0.945315
0.550000 0.928063
0.560000 0.916566
0.570000 0.913561
0.580000 0.918814
0.590000 0.931195
0.600000 0.944349
0.610000 0.960775
0.620000 0.973289
0.630000 0.986551
0.640000 0.999576
0.650000 1.006160
0.660000 1.013328
0.670000 1.015639
0.680000 1.019378
0.690000 1.016514
0.700000 1.013045
0.710000 1.009380
0.720000 1.000261
0.730000 0.995206
0.740000 0.986141
0.750000 0.978320
0.760000 0.969844
0.770000 0.966159
0.780000 0.961770
0.790000 0.958698
0.800000 0.959485
0.810000 0.959861
0.820000 0.960287
0.830000 0.963668
0.840000 0.965776
0.850000 0.968784
0.860000 0.971586
0.870000 0.972565
0.880000 0.973164
0.890000 0.971695
0.900000 0.970567
0.910000 0.971182
0.920000 0.971083
0.930000 0.970801
0.940000 0.969671
0.950000 0.968325
0.960000 0.967857
0.970000 0.967021
0.980000 0.966351
0.990000 0.966588
1.000000 0.965493
1.010000 0.964335
1.020000 0.966430
1.030000 0.965622
1.040000 0.966060
1.050000 0.964847
1.060000 0.964940
1.070000 0.965251
1.080000 0.964160
1.090000 0.964098
1.100000 0.964153
