0.000000 0.000000
0.010000 0.000000
0.020000 0.000000
0.030000 0.000000
0.040000 0.000000
0.050000 0.000000
0.060000 0.000000
0.070000 0.000000
0.080000 0.000000
0.090000 0.000000
0.100000 0.000000
0.110000 0.000000
0.120000 0.000000
0.130000 0.000000
0.140000 0.000000
0.150000 0.000000
0.160000 0.000000
0.170000 0.000000
0.180000 0.000000
0.190000 0.000000
0.200000 0.000000
0.210000 0.000000
0.220000 0.000000
0.230000 0.000000
0.240000 0.000625
0.250000 0.086687
0.260000 1.051239
0.270000 2.708525
0.280000 2.934856
0.290000 2.136499
0.300000 1.417171
0.310000 1.039302
0.320000 0.890243
0.330000 0.836438
0.340000 0.828390
0.350000 0.847576
0.360000 0.868136
0.370000 0.892546
0.380000 0.920906
0.390000 0.952170
0.400000 0.983981
0.410000 1.015423
0.420000 1.046552
0.430000 1.072782
0.440000 1.090801
0.450000 1.103274
0.460000 1.103760
0.470000 1.096112
0.480000 1.086129
0.490000 1.065110
0.500000 1.041408
0.510000 1.024138
0.520000 0.997019
0.530000 0.976045
0.540000 0.955382
0.550000 0.939394
0.560000 0.928700
0.570000 0.929357
0.580000 0.936862
0.590000 0.947716
0.600000 0.965000
0.610000 0.980793
0.620000 0.997364
0.630000 1.013061
0.640000 1.025970
0.650000 1.038304
0.660000 1.045736
0.670000 1.050440
0.680000 1.054601
0.690000 1.055746
0.700000 1.055531
0.710000 1.050110
0.720000 1.045155
0.730000 1.036887
0.740000 1.029798
0.750000 1.023585
0.760000 1.014747
0.770000 1.012325
0.780000 1.010860
0.790000 1.006633
0.800000 1.008650
0.810000 1.008234
0.820000 1.009386
0.830000 1.014394
0.840000 1.015949
0.850000 1.019272
0.860000 1.022462
0.870000 1.023157
0.880000 1.022948
0.890000 1.024607
0.900000 1.023253
0.910000 1.023280
0.920000 1.022906
0.930000 1.022453
0.940000 1.022901
0.950000 1.022365
0.960000 1.022227
0.970000 1.023445
0.980000 1.023265
0.990000 1.020742
1.000000 1.022380
1.010000 1.022394
1.020000 1.023714
1.030000 1.024962
1.040000 1.025560
1.050000 1.026779
1.060000 1.026863
1.070000 1.027627
1.080000 1.026999
1.090000 1.028981
1.100000 1.027737
