0.000000 0.000000
0.010000 0.000000
0.020000 0.000000
0.030000 0.000000
0.040000 0.000000
0.050000 0.000000
0.060000 0.000000
0.070000 0.000000
0.080000 0.000000
0.090000 0.000000
0.100000 0.000000
0.110000 0.000000
0.120000 0.000000
0.130000 0.000000
0.140000 0.000000
0.150000 0.000000
0.160000 0.000000
0.170000 0.000000
0.180000 0.000000
0.190000 0.000000
0.200000 0.000000
0.210000 0.000000
0.220000 0.000000
0.230000 0.000000
0.240000 0.000458
0.250000 0.079928
0.260000 1.044768
0.270000 2.739516
0.280000 2.955012
0.290000 2.130062
0.300000 1.410374
0.310000 1.036514
0.320000 0.878950
0.330000 0.830623
0.340000 0.823645
0.350000 0.835717
0.360000 0.860096
0.370000 0.886869
0.380000 0.913663
0.390000 0.944536
0.400000 0.978356
0.410000 1.007365
0.420000 1.036603
0.430000 1.063927
0.440000 1.082755
0.450000 1.093777
0.460000 1.096384
0.470000 1.088287
0.480000 1.075123
0.490000 1.055402
0.500000 1.030979
0.510000 1.009605
0.520000 0.986495
0.530000 0.962151
0.540000 0.941695
0.550000 0.925453
0.560000 0.913493
0.570000 0.913811
0.580000 0.919541
0.590000 0.933581
0.600000 0.950172
0.610000 0.966498
0.620000 0.983664
0.630000 0.998091
0.640000 1.011039
0.650000 1.022329
0.660000 1.029816
0.670000 1.037145
0.680000 1.037902
0.690000 1.039684
0.700000 1.036924
0.710000 1.033325
0.720000 1.027653
0.730000 1.019974
0.740000 1.011749
0.750000 1.004348
0.760000 0.999544
0.770000 0.995360
0.780000 0.990681
0.790000 0.988337
0.800000 0.987975
0.810000 0.987610
0.820000 0.989443
0.830000 0.991828
0.840000 0.993874
0.850000 0.995878
0.860000 0.997471
0.870000 0.999220
0.880000 0.999934
0.890000 0.999017
0.900000 0.998698
0.910000 0.998789
0.920000 0.999065
0.930000 0.999557
0.940000 0.999336
0.950000 0.999558
0.960000 0.998527
0.970000 0.999013
0.980000 0.998704
0.990000 0.998832
1.000000 0.999372
1.010000 1.000033
1.020000 1.000569
1.030000 1.000647
1.040000 1.001613
1.050000 1.002481
1.060000 1.003207
1.070000 1.003511
1.080000 1.002946
1.090000 1.003712
1.100000 1.002750
