0.005000 -1.439161e-01
0.015000 -7.088732e-02
0.025000 -4.657917e-02
0.035000 -4.353879e-02
0.045000 -1.733288e-02
0.055000 -3.608010e-02
0.065000 -1.304174e-02
0.075000 -7.865524e-03
0.085000 -2.986710e-03
0.095000 -1.611543e-02
0.105000 9.774101e-03
0.115000 -5.098042e-03
0.125000 3.595956e-02
0.135000 2.492815e-02
0.145000 1.531589e-02
0.155000 3.712530e-02
0.165000 2.665456e-02
0.175000 2.502023e-02
0.185000 1.305787e-02
0.195000 1.330621e-02
0.205000 2.150415e-02
0.215000 1.042220e-02
0.225000 1.792221e-02
0.235000 -5.781114e-03
0.245000 2.997531e-03
0.255000 -2.094327e-04
0.265000 -1.067287e-02
0.275000 -1.247255e-02
0.285000 2.642226e-03
0.295000 -2.923240e-03
0.305000 -1.089801e-02
0.315000 -1.825078e-02
0.325000 -1.954405e-02
0.335000 -5.850637e-03
0.345000 -1.059685e-02
0.355000 -8.943014e-03
0.365000 3.929548e-03
0.375000 -1.017748e-03
0.385000 -2.364064e-04
0.395000 4.636931e-03
0.405000 7.041782e-03
0.415000 1.998718e-02
0.425000 1.818264e-02
0.435000 1.844131e-02
0.445000 1.398836e-02
0.455000 2.504627e-02
0.465000 7.250362e-03
0.475000 8.137012e-04
0.485000 7.803521e-03
0.495000 1.342237e-02
0.505000 6.073507e-03
0.515000 6.253815e-03
0.525000 4.148537e-03
0.535000 5.539078e-03
0.545000 -5.892022e-03
0.555000 -3.703120e-03
0.565000 2.729493e-03
0.575000 1.261576e-03
0.585000 -6.612319e-03
0.595000 -5.319628e-03
0.605000 -2.962003e-03
0.615000 -1.008754e-02
0.625000 -3.030450e-03
0.635000 3.058069e-03
0.645000 -7.070399e-04
0.655000 -2.344545e-03
0.665000 -6.663466e-03
0.675000 4.660338e-03
0.685000 -3.357502e-03
0.695000 -2.031500e-03
0.705000 -2.721002e-03
0.715000 -9.257479e-03
0.725000 -5.854344e-03
0.735000 4.563170e-03
0.745000 3.530919e-03
0.755000 -1.687176e-03
0.765000 -2.073309e-03
0.775000 -3.505974e-03
0.785000 5.549897e-04
0.795000 -1.404498e-03
0.805000 2.068018e-03
0.815000 -2.057776e-03
0.825000 -1.659826e-03
0.835000 6.115522e-03
0.845000 -2.376867e-03
0.855000 1.040159e-03
0.865000 -1.638445e-03
0.875000 3.179114e-03
0.885000 1.679572e-04
0.895000 5.271589e-03
0.905000 6.173949e-03
0.915000 4.452477e-04
0.925000 6.212350e-03
0.935000 5.444506e-03
0.945000 -4.456624e-04
0.955000 -2.079980e-03
0.965000 1.094131e-03
0.975000 1.420032e-04
0.985000 -7.438082e-04
0.995000 5.000685e-03
1.005000 1.295598e-03
1.015000 -1.917156e-03
1.025000 -4.966453e-06
1.035000 -1.948947e-04
1.045000 -2.895351e-04
1.055000 3.131576e-03
1.065000 -5.279071e-04
1.075000 1.295984e-03
1.085000 3.963541e-04
1.095000 -7.168049e-03
