0.005000 0.000000e+00
0.015000 0.000000e+00
0.025000 0.000000e+00
0.035000 0.000000e+00
0.045000 0.000000e+00
0.055000 0.000000e+00
0.065000 0.000000e+00
0.075000 0.000000e+00
0.085000 0.000000e+00
0.095000 0.000000e+00
0.105000 0.000000e+00
0.115000 0.000000e+00
0.125000 0.000000e+00
0.135000 0.000000e+00
0.145000 0.000000e+00
0.155000 0.000000e+00
0.165000 0.000000e+00
0.175000 0.000000e+00
0.185000 1.073352e+00
0.195000 9.714039e-02
0.205000 3.203005e-01
0.215000 1.521489e+00
0.225000 8.199911e-01
0.235000 1.475581e-01
0.245000 1.245090e-01
0.255000 -4.467450e-02
0.265000 -1.718080e-01
0.275000 1.049613e-01
0.285000 1.407472e-01
0.295000 1.428768e-01
0.305000 7.667915e-02
0.315000 2.501976e-02
0.325000 6.553388e-03
0.335000 -1.264729e-02
0.345000 -6.381103e-02
0.355000 -7.297144e-02
0.365000 -7.678550e-02
0.375000 -1.038413e-01
0.385000 -1.076881e-01
0.395000 -1.180376e-01
0.405000 -1.120389e-01
0.415000 -1.129431e-01
0.425000 -1.190503e-01
0.435000 -8.416066e-02
0.445000 -8.896142e-02
0.455000 -3.846594e-02
0.465000 -3.784973e-02
0.475000 -1.693403e-02
0.485000 -8.254261e-04
0.495000 1.894017e-02
0.505000 1.241966e-02
0.515000 1.321899e-02
0.525000 4.046617e-02
0.535000 4.060777e-02
0.545000 3.986998e-02
0.555000 3.782686e-02
0.565000 4.973723e-02
0.575000 3.119801e-02
0.585000 3.520391e-02
0.595000 1.907194e-02
0.605000 1.929159e-02
0.615000 9.872064e-03
0.625000 2.084083e-02
0.635000 1.438609e-02
0.645000 -1.911119e-03
0.655000 -1.992554e-03
0.665000 -9.631393e-03
0.675000 -8.721527e-03
0.685000 -1.089621e-02
0.695000 5.003691e-03
0.705000 -1.002094e-02
0.715000 -4.975887e-04
0.725000 1.663037e-03
0.735000 -1.096825e-02
0.745000 -1.288120e-02
0.755000 -2.769877e-03
0.765000 -3.044915e-03
0.775000 -5.208498e-04
0.785000 2.789849e-03
0.795000 -4.198571e-04
0.805000 -1.803551e-02
0.815000 3.008865e-04
0.825000 8.732256e-03
0.835000 1.572729e-02
0.845000 7.443100e-04
0.855000 6.266412e-03
0.865000 3.068960e-04
0.875000 -6.444093e-03
0.885000 -6.831852e-03
0.895000 7.058154e-03
0.905000 -1.512986e-03
0.915000 -6.935539e-04
0.925000 4.291535e-03
0.935000 -1.413752e-03
0.945000 -1.685308e-03
0.955000 3.077260e-03
0.965000 -2.917155e-03
0.975000 1.295733e-02
0.985000 4.709119e-03
0.995000 -1.360105e-02
1.005000 4.823562e-03
1.015000 1.443125e-03
1.025000 5.200077e-03
1.035000 1.661782e-02
1.045000 -1.046355e-02
1.055000 -5.966277e-03
1.065000 2.496939e-03
1.075000 -3.765052e-03
1.085000 2.214161e-03
1.095000 -8.205270e-04
