0.005000 0.000000e+00
0.015000 0.000000e+00
0.025000 0.000000e+00
0.035000 0.000000e+00
0.045000 0.000000e+00
0.055000 0.000000e+00
0.065000 0.000000e+00
0.075000 0.000000e+00
0.085000 0.000000e+00
0.095000 0.000000e+00
0.105000 0.000000e+00
0.115000 0.000000e+00
0.125000 0.000000e+00
0.135000 0.000000e+00
0.145000 0.000000e+00
0.155000 0.000000e+00
0.165000 0.000000e+00
0.175000 0.000000e+00
0.185000 1.074036e+00
0.195000 1.021560e-01
0.205000 3.425627e-01
0.215000 1.597606e+00
0.225000 8.075164e-01
0.235000 1.581971e-01
0.245000 1.259350e-01
0.255000 -6.515638e-02
0.265000 -1.773325e-01
0.275000 8.773907e-02
0.285000 1.246042e-01
0.295000 1.151685e-01
0.305000 7.657009e-02
0.315000 2.380621e-02
0.325000 9.557157e-03
0.335000 -3.109850e-02
0.345000 -6.985480e-02
0.355000 -5.375096e-02
0.365000 -7.082989e-02
0.375000 -1.001597e-01
0.385000 -1.218401e-01
0.395000 -1.223319e-01
0.405000 -1.263472e-01
0.415000 -1.080028e-01
0.425000 -1.046193e-01
0.435000 -7.455326e-02
0.445000 -7.292246e-02
0.455000 -5.379971e-02
0.465000 -3.778336e-02
0.475000 -2.319312e-02
0.485000 -6.045569e-03
0.495000 1.731599e-02
0.505000 4.559220e-03
0.515000 2.576909e-02
0.525000 3.295055e-02
0.535000 4.361139e-02
0.545000 4.276322e-02
0.555000 4.333583e-02
0.565000 5.440495e-02
0.575000 3.175025e-02
0.585000 2.979356e-02
0.595000 2.092524e-02
0.605000 1.534241e-02
0.615000 2.227173e-02
0.625000 9.825507e-03
0.635000 -5.310829e-04
0.645000 3.969480e-03
0.655000 8.620534e-03
0.665000 -1.182268e-02
0.675000 -8.319092e-03
0.685000 -8.266335e-03
0.695000 -9.457354e-03
0.705000 -8.561180e-03
0.715000 -1.448117e-02
0.725000 -1.332350e-02
0.735000 -1.524772e-02
0.745000 -8.950951e-03
0.755000 -2.512826e-03
0.765000 5.099193e-03
0.775000 -1.025758e-03
0.785000 8.506995e-03
0.795000 -4.830230e-03
0.805000 -1.409913e-02
0.815000 2.961635e-03
0.825000 -4.065891e-03
0.835000 -3.708678e-03
0.845000 -1.288473e-02
0.855000 2.567988e-03
0.865000 1.181310e-03
0.875000 -2.135068e-03
0.885000 3.473122e-03
0.895000 5.542126e-03
0.905000 1.189853e-02
0.915000 5.107155e-03
0.925000 1.055238e-02
0.935000 1.183356e-02
0.945000 -1.171701e-03
0.955000 -4.247075e-04
0.965000 1.421007e-03
0.975000 -4.394521e-03
0.985000 -4.639987e-03
0.995000 -6.855100e-04
1.005000 -5.673092e-03
1.015000 1.587818e-03
1.025000 -6.917110e-03
1.035000 7.311131e-03
1.045000 3.342273e-03
1.055000 -4.111561e-05
1.065000 1.267030e-03
1.075000 -5.249057e-03
1.085000 -5.223416e-04
1.095000 -3.074649e-03
