0.005000 -3.720278e-02
0.015000 -8.477601e-02
0.025000 -4.734791e-02
0.035000 -4.776551e-02
0.045000 -1.437145e-02
0.055000 -8.518154e-03
0.065000 -2.320838e-02
0.075000 -1.950040e-02
0.085000 1.489326e-02
0.095000 -1.581357e-02
0.105000 2.339696e-02
0.115000 -3.526445e-03
0.125000 3.037640e-02
0.135000 1.744767e-04
0.145000 2.922371e-03
0.155000 2.839758e-02
0.165000 2.582350e-02
0.175000 2.675479e-02
0.185000 2.357961e-02
0.195000 2.455316e-02
0.205000 2.683993e-02
0.215000 9.187172e-03
0.225000 1.192899e-02
0.235000 -2.540234e-03
0.245000 5.537488e-04
0.255000 6.687656e-04
0.265000 -1.851778e-02
0.275000 -2.011711e-02
0.285000 -1.269363e-02
0.295000 -1.030474e-02
0.305000 -1.473997e-02
0.315000 -1.617118e-02
0.325000 -1.816591e-02
0.335000 -9.581964e-03
0.345000 -5.398669e-03
0.355000 -1.998796e-02
0.365000 -5.420828e-03
0.375000 8.880958e-04
0.385000 1.949689e-04
0.395000 1.193404e-02
0.405000 1.321386e-02
0.415000 1.244783e-02
0.425000 1.505377e-02
0.435000 7.208751e-03
0.445000 1.221419e-02
0.455000 2.505799e-02
0.465000 1.298565e-02
0.475000 4.172523e-03
0.485000 8.100907e-03
0.495000 1.878282e-02
0.505000 1.056557e-02
0.515000 8.534330e-03
0.525000 -7.150201e-04
0.535000 7.274640e-03
0.545000 1.468452e-03
0.555000 4.119500e-03
0.565000 -1.131095e-04
0.575000 9.376893e-03
0.585000 1.297855e-03
0.595000 -6.360352e-03
0.605000 -7.324002e-03
0.615000 1.005264e-03
0.625000 -1.537946e-03
0.635000 -2.859626e-03
0.645000 -9.096060e-03
0.655000 -3.293566e-03
0.665000 -3.482111e-03
0.675000 1.460814e-03
0.685000 1.019031e-03
0.695000 -2.178806e-03
0.705000 2.707692e-03
0.715000 2.474383e-03
0.725000 -1.311478e-03
0.735000 -5.130912e-03
0.745000 1.555437e-03
0.755000 1.506007e-03
0.765000 -4.387697e-04
0.775000 4.650794e-03
0.785000 4.803542e-03
0.795000 -4.977149e-03
0.805000 -6.979820e-04
0.815000 2.483221e-03
0.825000 -2.042892e-03
0.835000 2.543883e-03
0.845000 -2.290602e-03
0.855000 2.050890e-03
0.865000 -2.107276e-03
0.875000 3.561599e-03
0.885000 -1.743053e-04
0.895000 5.434102e-04
0.905000 -2.587156e-03
0.915000 -2.757244e-03
0.925000 -5.170952e-05
0.935000 -2.713065e-03
0.945000 -1.261993e-03
0.955000 -3.254867e-03
0.965000 1.655707e-03
0.975000 6.792100e-03
0.985000 -2.804187e-03
0.995000 2.363655e-03
1.005000 1.972970e-04
1.015000 -4.382390e-03
1.025000 5.548765e-04
1.035000 1.594389e-03
1.045000 1.132130e-03
1.055000 5.581543e-03
1.065000 -1.786471e-03
1.075000 -1.679046e-04
1.085000 -1.003926e-03
1.095000 -1.204397e-03
