0.005000 0.000000e+00
0.015000 0.000000e+00
0.025000 0.000000e+00
0.035000 0.000000e+00
0.045000 0.000000e+00
0.055000 0.000000e+00
0.065000 0.000000e+00
0.075000 0.000000e+00
0.085000 0.000000e+00
0.095000 0.000000e+00
0.105000 0.000000e+00
0.115000 0.000000e+00
0.125000 0.000000e+00
0.135000 0.000000e+00
0.145000 0.000000e+00
0.155000 0.000000e+00
0.165000 0.000000e+00
0.175000 0.000000e+00
0.185000 0.000000e+00
0.195000 0.000000e+00
0.205000 -8.141581e-01
0.215000 -9.081612e-01
0.225000 -1.855865e+00
0.235000 -4.223732e+00
0.245000 -5.538623e+00
0.255000 -4.218397e+00
0.265000 -2.149429e+00
0.275000 -7.608594e-01
0.285000 -2.304556e-01
0.295000 7.870290e-02
0.305000 2.400966e-01
0.315000 2.821666e-01
0.325000 3.169466e-01
0.335000 3.412860e-01
0.345000 3.557344e-01
0.355000 3.829791e-01
0.365000 3.826844e-01
0.375000 4.687199e-01
0.385000 4.600631e-01
0.395000 4.728913e-01
0.405000 4.789171e-01
0.415000 4.818570e-01
0.425000 4.706972e-01
0.435000 4.449980e-01
0.445000 3.343726e-01
0.455000 3.091048e-01
0.465000 1.927782e-01
0.475000 1.035450e-01
0.485000 3.266557e-02
0.495000 -5.662810e-02
0.505000 -1.370658e-01
0.515000 -1.822423e-01
0.525000 -2.413836e-01
0.535000 -2.177540e-01
0.545000 -2.358737e-01
0.555000 -2.329563e-01
0.565000 -1.893487e-01
0.575000 -1.657264e-01
0.585000 -1.355932e-01
0.595000 -7.104619e-02
0.605000 -3.997722e-02
0.615000 -2.526630e-02
0.625000 -6.601887e-03
0.635000 4.887692e-02
0.645000 7.083209e-02
0.655000 8.624742e-02
0.665000 9.724654e-02
0.675000 6.511896e-02
0.685000 9.402076e-02
0.695000 6.861815e-02
0.705000 4.871608e-02
0.715000 4.570776e-02
0.725000 4.639443e-02
0.735000 2.269063e-02
0.745000 -2.120599e-02
0.755000 -2.440505e-02
0.765000 -1.062782e-02
0.775000 -3.383381e-02
0.785000 -4.121456e-02
0.795000 -8.259048e-03
0.805000 -1.486291e-02
0.815000 -9.039412e-03
0.825000 -2.041168e-02
0.835000 5.542411e-03
0.845000 -8.696126e-03
0.855000 -2.160757e-02
0.865000 -6.440311e-03
0.875000 -4.276237e-03
0.885000 9.989333e-05
0.895000 2.929575e-03
0.905000 -6.980649e-03
0.915000 -1.444525e-02
0.925000 -2.055765e-02
0.935000 -2.005111e-02
0.945000 -7.690248e-03
0.955000 1.722270e-02
0.965000 -1.084458e-02
0.975000 -1.350982e-02
0.985000 -3.387861e-03
0.995000 5.314564e-03
1.005000 2.182918e-02
1.015000 -3.573772e-03
1.025000 1.263925e-02
1.035000 -1.070130e-02
1.045000 4.422696e-03
1.055000 1.652858e-02
1.065000 -4.631168e-03
1.075000 6.555517e-03
1.085000 -8.296159e-04
1.095000 1.056027e-02
