0.005000 0.000000e+00
0.015000 0.000000e+00
0.025000 0.000000e+00
0.035000 0.000000e+00
0.045000 0.000000e+00
0.055000 0.000000e+00
0.065000 0.000000e+00
0.075000 0.000000e+00
0.085000 0.000000e+00
0.095000 0.000000e+00
0.105000 0.000000e+00
0.115000 0.000000e+00
0.125000 0.000000e+00
0.135000 0.000000e+00
0.145000 0.000000e+00
0.155000 0.000000e+00
0.165000 0.000000e+00
0.175000 0.000000e+00
0.185000 0.000000e+00
0.195000 0.000000e+00
0.205000 -8.108477e-01
0.215000 -9.051791e-01
0.225000 -1.864064e+00
0.235000 -4.222974e+00
0.245000 -5.528723e+00
0.255000 -4.259751e+00
0.265000 -2.172213e+00
0.275000 -7.550289e-01
0.285000 -2.619143e-01
0.295000 8.061086e-02
0.305000 2.403627e-01
0.315000 2.969856e-01
0.325000 2.974108e-01
0.335000 3.989136e-01
0.345000 3.856848e-01
0.355000 4.071564e-01
0.365000 3.795644e-01
0.375000 4.005492e-01
0.385000 4.712954e-01
0.395000 4.718235e-01
0.405000 5.340815e-01
0.415000 5.435355e-01
0.425000 4.805729e-01
0.435000 4.243139e-01
0.445000 3.562327e-01
0.455000 2.943313e-01
0.465000 2.007790e-01
0.475000 8.348704e-02
0.485000 3.692056e-02
0.495000 -7.441871e-02
0.505000 -8.760264e-02
0.515000 -1.955023e-01
0.525000 -2.026498e-01
0.535000 -2.224025e-01
0.545000 -2.082310e-01
0.555000 -2.205900e-01
0.565000 -2.053401e-01
0.575000 -1.416912e-01
0.585000 -1.256293e-01
0.595000 -7.936446e-02
0.605000 -5.842999e-02
0.615000 -1.437841e-02
0.625000 2.179858e-02
0.635000 2.373011e-02
0.645000 5.928882e-02
0.655000 5.103819e-02
0.665000 7.472577e-02
0.675000 7.645737e-02
0.685000 9.567289e-02
0.695000 6.205011e-02
0.705000 6.661859e-02
0.715000 5.735249e-02
0.725000 1.522391e-02
0.735000 5.456403e-03
0.745000 -1.474484e-02
0.755000 -9.784065e-03
0.765000 -1.942039e-02
0.775000 -5.179134e-02
0.785000 -2.470463e-02
0.795000 -2.181512e-02
0.805000 -1.472633e-02
0.815000 -6.329494e-03
0.825000 -2.704694e-02
0.835000 -1.072210e-02
0.845000 -1.320827e-03
0.855000 5.351219e-03
0.865000 5.221700e-03
0.875000 -4.798496e-03
0.885000 -3.628719e-03
0.895000 -8.496570e-03
0.905000 -9.940198e-03
0.915000 1.853617e-02
0.925000 -2.260358e-02
0.935000 1.549516e-02
0.945000 -1.318962e-02
0.955000 -8.206996e-03
0.965000 -1.273378e-02
0.975000 3.962615e-03
0.985000 3.883128e-03
0.995000 -1.454238e-02
1.005000 -6.583941e-03
1.015000 1.271599e-03
1.025000 -2.036562e-02
1.035000 9.064442e-03
1.045000 -1.595372e-04
1.055000 8.061332e-03
1.065000 -1.924455e-02
1.075000 -8.512513e-03
1.085000 -7.494874e-03
1.095000 1.600620e-02
