0.000000 0.000000
0.010000 0.000000
0.020000 0.000000
0.030000 0.000000
0.040000 0.000000
0.050000 0.000000
0.060000 0.000000
0.070000 0.000000
0.080000 0.000000
0.090000 0.000000
0.100000 0.000000
0.110000 0.000000
0.120000 0.000000
0.130000 0.000000
0.140000 0.000000
0.150000 0.000000
0.160000 0.000000
0.170000 0.000000
0.180000 0.000000
0.190000 0.000000
0.200000 0.000000
0.210000 0.000000
0.220000 0.000000
0.230000 0.000000
0.240000 0.000080
0.250000 0.038880
0.260000 0.826658
0.270000 2.658773
0.280000 3.081591
0.290000 2.242881
0.300000 1.468180
0.310000 1.064452
0.320000 0.909214
0.330000 0.853016
0.340000 0.848405
0.350000 0.856893
0.360000 0.876854
0.370000 0.895131
0.380000 0.919530
0.390000 0.947407
0.400000 0.971711
0.410000 1.002271
0.420000 1.028396
0.430000 1.048649
0.440000 1.069598
0.450000 1.082023
0.460000 1.079675
0.470000 1.077811
0.480000 1.059177
0.490000 1.043611
0.500000 1.023574
0.510000 1.001373
0.520000 0.978932
0.530000 0.958725
0.540000 0.939402
0.550000 0.928488
0.560000 0.917385
0.570000 0.920299
0.580000 0.931489
0.590000 0.945779
0.600000 0.960829
0.610000 0.976334
0.620000 0.993129
0.630000 1.008533
0.640000 1.018909
0.650000 1.027909
0.660000 1.034598
0.670000 1.040229
0.680000 1.040977
0.690000 1.040157
0.700000 1.034313
0.710000 1.032236
0.720000 1.024638
0.730000 1.018444
0.740000 1.011473
0.750000 1.002482
0.760000 0.997387
0.770000 0.993755
0.780000 0.988161
0.790000 0.987402
0.800000 0.985919
0.810000 0.986386
0.820000 0.988279
0.830000 0.990436
0.840000 0.994415
0.850000 0.998165
0.860000 0.998404
0.870000 1.000434
0.880000 1.000686
0.890000 1.000343
0.900000 0.999987
0.910000 1.000372
0.920000 1.002201
0.930000 1.001723
0.940000 1.000712
0.950000 1.001149
0.960000 0.999623
0.970000 0.999444
0.980000 0.999533
0.990000 0.999417
1.000000 0.999816
1.010000 0.999611
1.020000 1.000925
1.030000 1.001691
1.040000 1.001328
1.050000 1.001189
1.060000 1.003642
1.070000 1.002166
1.080000 1.003190
1.090000 1.003037
1.100000 1.001675
