0.000000 0.000000
0.010000 0.000000
0.020000 0.000000
0.030000 0.000000
0.040000 0.000000
0.050000 0.000000
0.060000 0.000000
0.070000 0.000000
0.080000 0.000000
0.090000 0.000000
0.100000 0.000000
0.110000 0.000000
0.120000 0.000000
0.130000 0.000000
0.140000 0.000000
0.150000 0.000000
0.160000 0.000000
0.170000 0.000000
0.180000 0.000000
0.190000 0.000000
0.200000 0.000000
0.210000 0.000000
0.220000 0.000000
0.230000 0.000000
0.240000 0.000594
0.250000 0.083384
0.260000 0.964459
0.270000 2.519393
0.280000 2.834686
0.290000 2.151062
0.300000 1.491687
0.310000 1.124009
0.320000 0.954126
0.330000 0.889849
0.340000 0.874080
0.350000 0.876603
0.360000 0.889584
0.370000 0.904674
0.380000 0.926590
0.390000 0.950013
0.400000 0.975848
0.410000 0.998662
0.420000 1.025033
0.430000 1.045261
0.440000 1.061179
0.450000 1.070369
0.460000 1.070413
0.470000 1.065830
0.480000 1.053631
0.490000 1.037552
0.500000 1.019719
0.510000 0.998819
0.520000 0.980145
0.530000 0.962665
0.540000 0.948557
0.550000 0.936303
0.560000 0.930408
0.570000 0.929840
0.580000 0.936785
0.590000 0.947010
0.600000 0.959989
0.610000 0.974304
0.620000 0.988435
0.630000 0.999819
0.640000 1.011636
0.650000 1.019462
0.660000 1.028154
0.670000 1.033348
0.680000 1.035388
0.690000 1.035352
0.700000 1.033498
0.710000 1.030718
0.720000 1.024816
0.730000 1.017706
0.740000 1.010248
0.750000 1.004600
0.760000 0.997708
0.770000 0.994067
0.780000 0.990360
0.790000 0.988400
0.800000 0.989131
0.810000 0.987724
0.820000 0.988543
0.830000 0.991908
0.840000 0.994654
0.850000 0.995753
0.860000 0.997902
0.870000 0.998509
0.880000 0.999601
0.890000 1.000035
0.900000 0.999652
0.910000 1.000386
0.920000 0.999513
0.930000 0.999761
0.940000 1.000436
0.950000 1.000192
0.960000 1.000810
0.970000 1.000536
0.980000 1.000515
0.990000 1.000002
1.000000 0.999805
1.010000 0.999741
1.020000 1.001170
1.030000 1.000943
1.040000 1.001622
1.050000 1.001873
1.060000 1.001614
1.070000 1.002501
1.080000 1.002390
1.090000 1.001977
1.100000 1.002415
