0.000000 1.000000
0.500000 1.000000
0.502750 0.999998
0.505500 0.999990
0.508250 0.999978
0.511000 0.999961
0.513750 0.999938
0.516500 0.999911
0.519250 0.999879
0.522000 0.999842
0.524750 0.999800
0.527500 0.999753
0.530250 0.999701
0.533000 0.999645
0.535750 0.999583
0.538500 0.999516
0.541250 0.999445
0.544000 0.999368
0.546750 0.999287
0.549500 0.999201
0.552250 0.999110
0.555000 0.999013
0.557750 0.998912
0.560500 0.998806
0.563250 0.998695
0.566000 0.998579
0.568750 0.998459
0.571500 0.998333
0.574250 0.998202
0.577000 0.998067
0.579750 0.997926
0.582500 0.997781
0.585250 0.997631
0.588000 0.997476
0.590750 0.997315
0.593500 0.997150
0.596250 0.996980
0.599000 0.996806
0.601750 0.996626
0.604500 0.996441
0.607250 0.996252
0.610000 0.996057
0.612750 0.995858
0.615500 0.995654
0.618250 0.995445
0.621000 0.995231
0.623750 0.995012
0.626500 0.994788
0.629250 0.994559
0.632000 0.994326
0.634750 0.994087
0.637500 0.993844
0.640250 0.993596
0.643000 0.993343
0.645750 0.993085
0.648500 0.992822
0.651250 0.992555
0.654000 0.992282
0.656750 0.992005
0.659500 0.991723
0.662250 0.991436
0.665000 0.991144
0.667750 0.990847
0.670500 0.990545
0.673250 0.990239
0.676000 0.989928
0.678750 0.989611
0.681500 0.989290
0.684250 0.988965
0.687000 0.988634
0.689750 0.988299
0.692500 0.987958
0.695250 0.987613
0.698000 0.987263
0.700750 0.986909
0.703500 0.986549
0.706250 0.986185
0.709000 0.985816
0.711750 0.985442
0.714500 0.985063
0.717250 0.984680
0.720000 0.984292
0.722750 0.983899
0.725500 0.983501
0.728250 0.983098
0.731000 0.982691
0.733750 0.982279
0.736500 0.981862
0.739250 0.981440
0.742000 0.981014
0.744750 0.980583
0.747500 0.980147
0.750250 0.979706
0.753000 0.979261
0.755750 0.978811
0.758500 0.978356
0.761250 0.977897
0.764000 0.977432
0.766750 0.976963
0.769500 0.976490
0.772250 0.976011
0.775000 0.975528
0.777750 0.975041
0.780500 0.974548
0.783250 0.974051
0.786000 0.973549
0.788750 0.973043
0.791500 0.972532
0.794250 0.972016
0.797000 0.971495
0.799750 0.970970
0.802500 0.970440
0.805250 0.969906
0.808000 0.969367
0.810750 0.968823
0.813500 0.968275
0.816250 0.967722
0.819000 0.967164
0.821750 0.966602
0.824500 0.966036
0.827250 0.965464
0.830000 0.964888
0.832750 0.964308
0.835500 0.963723
0.838250 0.963133
0.841000 0.962539
0.843750 0.961940
0.846500 0.961336
0.849250 0.960728
0.852000 0.960116
0.854750 0.959499
0.857500 0.958877
0.860250 0.958251
0.863000 0.957621
0.865750 0.956985
0.868500 0.956346
0.871250 0.955702
0.874000 0.955053
0.876750 0.954400
0.879500 0.953742
0.882250 0.953080
0.885000 0.952414
0.887750 0.951742
0.890500 0.951067
0.893250 0.950387
0.896000 0.949703
0.898750 0.949014
0.901500 0.948321
0.904250 0.947623
0.907000 0.946921
0.909750 0.946214
0.912500 0.945503
0.915250 0.944788
0.918000 0.944068
0.920750 0.943344
0.923500 0.942616
0.926250 0.941883
0.929000 0.941146
0.931750 0.940404
0.934500 0.939658
0.937250 0.938908
0.940000 0.938153
0.942750 0.937394
0.945500 0.936631
0.948250 0.935864
0.951000 0.935092
0.953750 0.934316
0.956500 0.933535
0.959250 0.932751
0.962000 0.931962
0.964750 0.931168
0.967500 0.930371
0.970250 0.929569
0.973000 0.928763
0.975750 0.927953
0.978500 0.927139
0.981250 0.926320
0.984000 0.925497
0.986750 0.924670
0.989500 0.923839
0.992250 0.923004
0.995000 0.922164
0.997750 0.921320
1.000500 0.920472
1.003250 0.919620
1.006000 0.918764
1.008750 0.917904
1.011500 0.917039
1.014250 0.916171
1.017000 0.915298
1.019750 0.914421
1.022500 0.913540
1.025250 0.912655
1.028000 0.911766
1.030750 0.910873
1.033500 0.909976
1.036250 0.909075
1.039000 0.908170
1.041750 0.907260
1.044500 0.906347
1.047250 0.905430
1.050000 0.904508
1.052750 0.903583
1.055500 0.902654
1.058250 0.901721
1.061000 0.900783
1.063750 0.899842
1.066500 0.898897
1.069250 0.897948
1.072000 0.896995
1.074750 0.896038
1.077500 0.895078
1.080250 0.894113
1.083000 0.893144
1.085750 0.892172
1.088500 0.891195
1.091250 0.890215
1.094000 0.889231
1.096750 0.888243
1.099500 0.887252
1.102250 0.886256
1.105000 0.885257
1.107750 0.884253
1.110500 0.883247
1.113250 0.882236
1.116000 0.881221
1.118750 0.880203
1.121500 0.879181
1.124250 0.878155
1.127000 0.877126
1.129750 0.876092
1.132500 0.875056
1.135250 0.874015
1.138000 0.872971
1.140750 0.871923
1.143500 0.870871
1.146250 0.869816
1.149000 0.868757
1.151750 0.867694
1.154500 0.866628
1.157250 0.865558
1.160000 0.864484
1.162750 0.863407
1.165500 0.862327
1.168250 0.861242
1.171000 0.860155
1.173750 0.859063
1.176500 0.857968
1.179250 0.856870
1.182000 0.855768
1.184750 0.854662
1.187500 0.853553
1.190250 0.852441
1.193000 0.851325
1.195750 0.850206
1.198500 0.849083
1.201250 0.847956
1.204000 0.846827
1.206750 0.845693
1.209500 0.844557
1.212250 0.843417
1.215000 0.842274
1.217750 0.841127
1.220500 0.839977
1.223250 0.838823
1.226000 0.837666
1.228750 0.836506
1.231500 0.835343
1.234250 0.834176
1.237000 0.833006
1.239750 0.831833
1.242500 0.830656
1.245250 0.829476
1.248000 0.828293
1.250750 0.827106
1.253500 0.825917
1.256250 0.824724
1.259000 0.823528
1.261750 0.822329
1.264500 0.821126
1.267250 0.819921
1.270000 0.818712
1.272750 0.817500
1.275500 0.816285
1.278250 0.815067
1.281000 0.813846
1.283750 0.812621
1.286500 0.811394
1.289250 0.810163
1.292000 0.808930
1.294750 0.807693
1.297500 0.806454
1.300250 0.805211
1.303000 0.803965
1.305750 0.802716
1.308500 0.801465
1.311250 0.800210
1.314000 0.798952
1.316750 0.797692
1.319500 0.796428
1.322250 0.795162
1.325000 0.793893
1.327750 0.792620
1.330500 0.791345
1.333250 0.790067
1.336000 0.788786
1.338750 0.787503
1.341500 0.786216
1.344250 0.784927
1.347000 0.783634
1.349750 0.782339
1.352500 0.781042
1.355250 0.779741
1.358000 0.778438
1.360750 0.777132
1.363500 0.775823
1.366250 0.774511
1.369000 0.773197
1.371750 0.771880
1.374500 0.770561
1.377250 0.769238
1.380000 0.767913
1.382750 0.766586
1.385500 0.765256
1.388250 0.763923
1.391000 0.762587
1.393750 0.761249
1.396500 0.759909
1.399250 0.758565
1.402000 0.757220
1.404750 0.755872
1.407500 0.754521
1.410250 0.753167
1.413000 0.751812
1.415750 0.750453
1.418500 0.749093
1.421250 0.747729
1.424000 0.746364
1.426750 0.744996
1.429500 0.743625
1.432250 0.742252
1.435000 0.740877
1.437750 0.739499
1.440500 0.738119
1.443250 0.736737
1.446000 0.735352
1.448750 0.733965
1.451500 0.732576
1.454250 0.731184
1.457000 0.729790
1.459750 0.728394
1.462500 0.726995
1.465250 0.725595
1.468000 0.724192
1.470750 0.722786
1.473500 0.721379
1.476250 0.719970
1.479000 0.718558
1.481750 0.717144
1.484500 0.715728
1.487250 0.714310
1.490000 0.712890
1.492750 0.711467
1.495500 0.710043
1.498250 0.708616
1.501000 0.707188
1.503750 0.705757
1.506500 0.704325
1.509250 0.702890
1.512000 0.701453
1.514750 0.700015
1.517500 0.698574
1.520250 0.697131
1.523000 0.695687
1.525750 0.694240
1.528500 0.692792
1.531250 0.691342
1.534000 0.689890
1.536750 0.688436
1.539500 0.686980
1.542250 0.685522
1.545000 0.684062
1.547750 0.682601
1.550500 0.681138
1.553250 0.679673
1.556000 0.678206
1.558750 0.676737
1.561500 0.675267
1.564250 0.673795
1.567000 0.672321
1.569750 0.670846
1.572500 0.669369
1.575250 0.667890
1.578000 0.666410
1.580750 0.664928
1.583500 0.663444
1.586250 0.661959
1.589000 0.660472
1.591750 0.658983
1.594500 0.657493
1.597250 0.656002
1.600000 0.654508
1.602750 0.653014
1.605500 0.651518
1.608250 0.650020
1.611000 0.648521
1.613750 0.647020
1.616500 0.645518
1.619250 0.644015
1.622000 0.642510
1.624750 0.641003
1.627500 0.639496
1.630250 0.637986
1.633000 0.636476
1.635750 0.634964
1.638500 0.633451
1.641250 0.631937
1.644000 0.630421
1.646750 0.628904
1.649500 0.627385
1.652250 0.625866
1.655000 0.624345
1.657750 0.622823
1.660500 0.621300
1.663250 0.619775
1.666000 0.618249
1.668750 0.616723
1.671500 0.615195
1.674250 0.613666
1.677000 0.612135
1.679750 0.610604
1.682500 0.609072
1.685250 0.607538
1.688000 0.606004
1.690750 0.604468
1.693500 0.602931
1.696250 0.601394
1.699000 0.599855
1.701750 0.598315
1.704500 0.596775
1.707250 0.595233
1.710000 0.593691
1.712750 0.592147
1.715500 0.590603
1.718250 0.589058
1.721000 0.587512
1.723750 0.585965
1.726500 0.584417
1.729250 0.582868
1.732000 0.581319
1.734750 0.579768
1.737500 0.578217
1.740250 0.576665
1.743000 0.575113
1.745750 0.573559
1.748500 0.572005
1.751250 0.570451
1.754000 0.568895
1.756750 0.567339
1.759500 0.565782
1.762250 0.564225
1.765000 0.562667
1.767750 0.561108
1.770500 0.559549
1.773250 0.557989
1.776000 0.556428
1.778750 0.554867
1.781500 0.553306
1.784250 0.551743
1.787000 0.550181
1.789750 0.548618
1.792500 0.547054
1.795250 0.545490
1.798000 0.543926
1.800750 0.542361
1.803500 0.540795
1.806250 0.539230
1.809000 0.537663
1.811750 0.536097
1.814500 0.534530
1.817250 0.532963
1.820000 0.531395
1.822750 0.529827
1.825500 0.528259
1.828250 0.526691
1.831000 0.525122
1.833750 0.523553
1.836500 0.521984
1.839250 0.520415
1.842000 0.518845
1.844750 0.517275
1.847500 0.515705
1.850250 0.514135
1.853000 0.512565
1.855750 0.510995
1.858500 0.509424
1.861250 0.507854
1.864000 0.506283
1.866750 0.504712
1.869500 0.503142
1.872250 0.501571
1.875000 0.500000
1.877750 0.498429
1.880500 0.496858
1.883250 0.495288
1.886000 0.493717
1.888750 0.492146
1.891500 0.490576
1.894250 0.489005
1.897000 0.487435
1.899750 0.485865
1.902500 0.484295
1.905250 0.482725
1.908000 0.481155
1.910750 0.479585
1.913500 0.478016
1.916250 0.476447
1.919000 0.474878
1.921750 0.473309
1.924500 0.471741
1.927250 0.470173
1.930000 0.468605
1.932750 0.467037
1.935500 0.465470
1.938250 0.463903
1.941000 0.462337
1.943750 0.460770
1.946500 0.459205
1.949250 0.457639
1.952000 0.456074
1.954750 0.454510
1.957500 0.452946
1.960250 0.451382
1.963000 0.449819
1.965750 0.448257
1.968500 0.446694
1.971250 0.445133
1.974000 0.443572
1.976750 0.442011
1.979500 0.440451
1.982250 0.438892
1.985000 0.437333
1.987750 0.435775
1.990500 0.434218
1.993250 0.432661
1.996000 0.431105
1.998750 0.429549
2.001500 0.427995
2.004250 0.426441
2.007000 0.424887
2.009750 0.423335
2.012500 0.421783
2.015250 0.420232
2.018000 0.418681
2.020750 0.417132
2.023500 0.415583
2.026250 0.414035
2.029000 0.412488
2.031750 0.410942
2.034500 0.409397
2.037250 0.407853
2.040000 0.406309
2.042750 0.404767
2.045500 0.403225
2.048250 0.401685
2.051000 0.400145
2.053750 0.398606
2.056500 0.397069
2.059250 0.395532
2.062000 0.393996
2.064750 0.392462
2.067500 0.390928
2.070250 0.389396
2.073000 0.387865
2.075750 0.386334
2.078500 0.384805
2.081250 0.383277
2.084000 0.381751
2.086750 0.380225
2.089500 0.378700
2.092250 0.377177
2.095000 0.375655
2.097750 0.374134
2.100500 0.372615
2.103250 0.371096
2.106000 0.369579
2.108750 0.368063
2.111500 0.366549
2.114250 0.365036
2.117000 0.363524
2.119750 0.362014
2.122500 0.360504
2.125250 0.358997
2.128000 0.357490
2.130750 0.355985
2.133500 0.354482
2.136250 0.352980
2.139000 0.351479
2.141750 0.349980
2.144500 0.348482
2.147250 0.346986
2.150000 0.345492
2.152750 0.343998
2.155500 0.342507
2.158250 0.341017
2.161000 0.339528
2.163750 0.338041
2.166500 0.336556
2.169250 0.335072
2.172000 0.333590
2.174750 0.332110
2.177500 0.330631
2.180250 0.329154
2.183000 0.327679
2.185750 0.326205
2.188500 0.324733
2.191250 0.323263
2.194000 0.321794
2.196750 0.320327
2.199500 0.318862
2.202250 0.317399
2.205000 0.315938
2.207750 0.314478
2.210500 0.313020
2.213250 0.311564
2.216000 0.310110
2.218750 0.308658
2.221500 0.307208
2.224250 0.305760
2.227000 0.304313
2.229750 0.302869
2.232500 0.301426
2.235250 0.299985
2.238000 0.298547
2.240750 0.297110
2.243500 0.295675
2.246250 0.294243
2.249000 0.292812
2.251750 0.291384
2.254500 0.289957
2.257250 0.288533
2.260000 0.287110
2.262750 0.285690
2.265500 0.284272
2.268250 0.282856
2.271000 0.281442
2.273750 0.280030
2.276500 0.278621
2.279250 0.277214
2.282000 0.275808
2.284750 0.274405
2.287500 0.273005
2.290250 0.271606
2.293000 0.270210
2.295750 0.268816
2.298500 0.267424
2.301250 0.266035
2.304000 0.264648
2.306750 0.263263
2.309500 0.261881
2.312250 0.260501
2.315000 0.259123
2.317750 0.257748
2.320500 0.256375
2.323250 0.255004
2.326000 0.253636
2.328750 0.252271
2.331500 0.250907
2.334250 0.249547
2.337000 0.248188
2.339750 0.246833
2.342500 0.245479
2.345250 0.244128
2.348000 0.242780
2.350750 0.241435
2.353500 0.240091
2.356250 0.238751
2.359000 0.237413
2.361750 0.236077
2.364500 0.234744
2.367250 0.233414
2.370000 0.232087
2.372750 0.230762
2.375500 0.229439
2.378250 0.228120
2.381000 0.226803
2.383750 0.225489
2.386500 0.224177
2.389250 0.222868
2.392000 0.221562
2.394750 0.220259
2.397500 0.218958
2.400250 0.217661
2.403000 0.216366
2.405750 0.215073
2.408500 0.213784
2.411250 0.212497
2.414000 0.211214
2.416750 0.209933
2.419500 0.208655
2.422250 0.207380
2.425000 0.206107
2.427750 0.204838
2.430500 0.203572
2.433250 0.202308
2.436000 0.201048
2.438750 0.199790
2.441500 0.198535
2.444250 0.197284
2.447000 0.196035
2.449750 0.194789
2.452500 0.193546
2.455250 0.192307
2.458000 0.191070
2.460750 0.189837
2.463500 0.188606
2.466250 0.187379
2.469000 0.186154
2.471750 0.184933
2.474500 0.183715
2.477250 0.182500
2.480000 0.181288
2.482750 0.180079
2.485500 0.178874
2.488250 0.177671
2.491000 0.176472
2.493750 0.175276
2.496500 0.174083
2.499250 0.172894
2.502000 0.171707
2.504750 0.170524
2.507500 0.169344
2.510250 0.168167
2.513000 0.166994
2.515750 0.165824
2.518500 0.164657
2.521250 0.163494
2.524000 0.162334
2.526750 0.161177
2.529500 0.160023
2.532250 0.158873
2.535000 0.157726
2.537750 0.156583
2.540500 0.155443
2.543250 0.154307
2.546000 0.153173
2.548750 0.152044
2.551500 0.150917
2.554250 0.149794
2.557000 0.148675
2.559750 0.147559
2.562500 0.146447
2.565250 0.145338
2.568000 0.144232
2.570750 0.143130
2.573500 0.142032
2.576250 0.140937
2.579000 0.139845
2.581750 0.138758
2.584500 0.137673
2.587250 0.136593
2.590000 0.135516
2.592750 0.134442
2.595500 0.133372
2.598250 0.132306
2.601000 0.131243
2.603750 0.130184
2.606500 0.129129
2.609250 0.128077
2.612000 0.127029
2.614750 0.125985
2.617500 0.124944
2.620250 0.123908
2.623000 0.122874
2.625750 0.121845
2.628500 0.120819
2.631250 0.119797
2.634000 0.118779
2.636750 0.117764
2.639500 0.116753
2.642250 0.115747
2.645000 0.114743
2.647750 0.113744
2.650500 0.112748
2.653250 0.111757
2.656000 0.110769
2.658750 0.109785
2.661500 0.108805
2.664250 0.107828
2.667000 0.106856
2.669750 0.105887
2.672500 0.104922
2.675250 0.103962
2.678000 0.103005
2.680750 0.102052
2.683500 0.101103
2.686250 0.100158
2.689000 0.099217
2.691750 0.098279
2.694500 0.097346
2.697250 0.096417
2.700000 0.095492
2.702750 0.094570
2.705500 0.093653
2.708250 0.092740
2.711000 0.091830
2.713750 0.090925
2.716500 0.090024
2.719250 0.089127
2.722000 0.088234
2.724750 0.087345
2.727500 0.086460
2.730250 0.085579
2.733000 0.084702
2.735750 0.083829
2.738500 0.082961
2.741250 0.082096
2.744000 0.081236
2.746750 0.080380
2.749500 0.079528
2.752250 0.078680
2.755000 0.077836
2.757750 0.076996
2.760500 0.076161
2.763250 0.075330
2.766000 0.074503
2.768750 0.073680
2.771500 0.072861
2.774250 0.072047
2.777000 0.071237
2.779750 0.070431
2.782500 0.069629
2.785250 0.068832
2.788000 0.068038
2.790750 0.067249
2.793500 0.066465
2.796250 0.065684
2.799000 0.064908
2.801750 0.064136
2.804500 0.063369
2.807250 0.062606
2.810000 0.061847
2.812750 0.061092
2.815500 0.060342
2.818250 0.059596
2.821000 0.058854
2.823750 0.058117
2.826500 0.057384
2.829250 0.056656
2.832000 0.055932
2.834750 0.055212
2.837500 0.054497
2.840250 0.053786
2.843000 0.053079
2.845750 0.052377
2.848500 0.051679
2.851250 0.050986
2.854000 0.050297
2.856750 0.049613
2.859500 0.048933
2.862250 0.048258
2.865000 0.047586
2.867750 0.046920
2.870500 0.046258
2.873250 0.045600
2.876000 0.044947
2.878750 0.044298
2.881500 0.043654
2.884250 0.043015
2.887000 0.042379
2.889750 0.041749
2.892500 0.041123
2.895250 0.040501
2.898000 0.039884
2.900750 0.039272
2.903500 0.038664
2.906250 0.038060
2.909000 0.037461
2.911750 0.036867
2.914500 0.036277
2.917250 0.035692
2.920000 0.035112
2.922750 0.034536
2.925500 0.033964
2.928250 0.033398
2.931000 0.032836
2.933750 0.032278
2.936500 0.031725
2.939250 0.031177
2.942000 0.030633
2.944750 0.030094
2.947500 0.029560
2.950250 0.029030
2.953000 0.028505
2.955750 0.027984
2.958500 0.027468
2.961250 0.026957
2.964000 0.026451
2.966750 0.025949
2.969500 0.025452
2.972250 0.024959
2.975000 0.024472
2.977750 0.023989
2.980500 0.023510
2.983250 0.023037
2.986000 0.022568
2.988750 0.022103
2.991500 0.021644
2.994250 0.021189
2.997000 0.020739
2.999750 0.020294
3.002500 0.019853
3.005250 0.019417
3.008000 0.018986
3.010750 0.018560
3.013500 0.018138
3.016250 0.017721
3.019000 0.017309
3.021750 0.016902
3.024500 0.016499
3.027250 0.016101
3.030000 0.015708
3.032750 0.015320
3.035500 0.014937
3.038250 0.014558
3.041000 0.014184
3.043750 0.013815
3.046500 0.013451
3.049250 0.013091
3.052000 0.012737
3.054750 0.012387
3.057500 0.012042
3.060250 0.011701
3.063000 0.011366
3.065750 0.011035
3.068500 0.010710
3.071250 0.010389
3.074000 0.010072
3.076750 0.009761
3.079500 0.009455
3.082250 0.009153
3.085000 0.008856
3.087750 0.008564
3.090500 0.008277
3.093250 0.007995
3.096000 0.007718
3.098750 0.007445
3.101500 0.007178
3.104250 0.006915
3.107000 0.006657
3.109750 0.006404
3.112500 0.006156
3.115250 0.005913
3.118000 0.005674
3.120750 0.005441
3.123500 0.005212
3.126250 0.004988
3.129000 0.004769
3.131750 0.004555
3.134500 0.004346
3.137250 0.004142
3.140000 0.003943
3.142750 0.003748
3.145500 0.003559
3.148250 0.003374
3.151000 0.003194
3.153750 0.003020
3.156500 0.002850
3.159250 0.002685
3.162000 0.002524
3.164750 0.002369
3.167500 0.002219
3.170250 0.002074
3.173000 0.001933
3.175750 0.001798
3.178500 0.001667
3.181250 0.001541
3.184000 0.001421
3.186750 0.001305
3.189500 0.001194
3.192250 0.001088
3.195000 0.000987
3.197750 0.000890
3.200500 0.000799
3.203250 0.000713
3.206000 0.000632
3.208750 0.000555
3.211500 0.000484
3.214250 0.000417
3.217000 0.000355
3.219750 0.000299
3.222500 0.000247
3.225250 0.000200
3.228000 0.000158
3.230750 0.000121
3.233500 0.000089
3.236250 0.000062
3.239000 0.000039
3.241750 0.000022
3.244500 0.000010
3.247250 0.000002
3.250000 0.000000
3.750000 0.000000
