0.000000 0.000000
0.010000 0.000000
0.020000 0.000000
0.030000 0.000000
0.040000 0.000000
0.050000 0.000000
0.060000 0.000000
0.070000 0.000000
0.080000 0.000000
0.090000 0.000000
0.100000 0.000000
0.110000 0.000000
0.120000 0.000000
0.130000 0.000000
0.140000 0.000000
0.150000 0.000000
0.160000 0.000000
0.170000 0.000000
0.180000 0.000000
0.190000 0.000000
0.200000 0.000000
0.210000 0.000000
0.220000 0.000000
0.230000 0.000000
0.240000 0.000412
0.250000 0.079959
0.260000 1.044244
0.270000 2.731573
0.280000 2.951378
0.290000 2.126644
0.300000 1.413961
0.310000 1.040060
0.320000 0.880979
0.330000 0.831551
0.340000 0.827195
0.350000 0.841337
0.360000 0.861597
0.370000 0.886875
0.380000 0.915800
0.390000 0.945436
0.400000 0.978149
0.410000 1.006734
0.420000 1.036756
0.430000 1.063887
0.440000 1.080514
0.450000 1.094095
0.460000 1.094948
0.470000 1.088397
0.480000 1.073779
0.490000 1.054806
0.500000 1.031964
0.510000 1.008297
0.520000 0.985029
0.530000 0.963927
0.540000 0.942799
0.550000 0.924793
0.560000 0.914119
0.570000 0.913893
0.580000 0.920948
0.590000 0.934191
0.600000 0.949774
0.610000 0.966975
0.620000 0.982735
0.630000 0.998655
0.640000 1.012290
0.650000 1.022804
0.660000 1.030477
0.670000 1.037040
0.680000 1.039498
0.690000 1.040053
0.700000 1.037047
0.710000 1.033420
0.720000 1.026787
0.730000 1.020602
0.740000 1.012918
0.750000 1.005660
0.760000 0.999215
0.770000 0.994510
0.780000 0.990120
0.790000 0.988277
0.800000 0.987505
0.810000 0.987551
0.820000 0.989207
0.830000 0.990460
0.840000 0.994148
0.850000 0.996440
0.860000 0.997497
0.870000 1.000098
0.880000 0.999975
0.890000 0.998523
0.900000 0.999611
0.910000 0.999506
0.920000 0.999976
0.930000 0.999800
0.940000 0.999930
0.950000 0.999276
0.960000 0.999601
0.970000 0.999436
0.980000 0.998574
0.990000 0.999358
1.000000 0.999568
1.010000 1.000018
1.020000 1.001155
1.030000 1.001781
1.040000 1.001569
1.050000 1.002259
1.060000 1.002768
1.070000 1.003227
1.080000 1.003283
1.090000 1.002522
1.100000 1.002747
