0.000000 0.000000
0.010000 0.000000
0.020000 0.000000
0.030000 0.000000
0.040000 0.000000
0.050000 0.000000
0.060000 0.000000
0.070000 0.000000
0.080000 0.000000
0.090000 0.000000
0.100000 0.000000
0.110000 0.000000
0.120000 0.000000
0.130000 0.000000
0.140000 0.000000
0.150000 0.000000
0.160000 0.000000
0.170000 0.000000
0.180000 0.000000
0.190000 0.000000
0.200000 0.000000
0.210000 0.000000
0.220000 0.000000
0.230000 0.000000
0.240000 0.000609
0.250000 0.094327
0.260000 1.090777
0.270000 2.752847
0.280000 2.929882
0.290000 2.120101
0.300000 1.398552
0.310000 1.021458
0.320000 0.863147
0.330000 0.817796
0.340000 0.812872
0.350000 0.829563
0.360000 0.852977
0.370000 0.877940
0.380000 0.911340
0.390000 0.944087
0.400000 0.978403
0.410000 1.012733
0.420000 1.047387
0.430000 1.071047
0.440000 1.097256
0.450000 1.106390
0.460000 1.106216
0.470000 1.098632
0.480000 1.082374
0.490000 1.062115
0.500000 1.039895
0.510000 1.014533
0.520000 0.987400
0.530000 0.963251
0.540000 0.942143
0.550000 0.925978
0.560000 0.915295
0.570000 0.913547
0.580000 0.921682
0.590000 0.933036
0.600000 0.949891
0.610000 0.970407
0.620000 0.985821
0.630000 1.001187
0.640000 1.014627
0.650000 1.025715
0.660000 1.036617
0.670000 1.041806
0.680000 1.044616
0.690000 1.044529
0.700000 1.043511
0.710000 1.037438
0.720000 1.032522
0.730000 1.026763
0.740000 1.018211
0.750000 1.011352
0.760000 1.004082
0.770000 1.000726
0.780000 0.996524
0.790000 0.994901
0.800000 0.994341
0.810000 0.994187
0.820000 0.995420
0.830000 0.996793
0.840000 1.001698
0.850000 1.004396
0.860000 1.005842
0.870000 1.007735
0.880000 1.007119
0.890000 1.006125
0.900000 1.007009
0.910000 1.006107
0.920000 1.007187
0.930000 1.006942
0.940000 1.005148
0.950000 1.006274
0.960000 1.006123
0.970000 1.005109
0.980000 1.008193
0.990000 1.006686
1.000000 1.007419
1.010000 1.009684
1.020000 1.007469
1.030000 1.010268
1.040000 1.010758
1.050000 1.010116
1.060000 1.010574
1.070000 1.011226
1.080000 1.011350
1.090000 1.011050
1.100000 1.010828
