0.000000 0.000000
0.010000 0.000000
0.020000 0.000000
0.030000 0.000000
0.040000 0.000000
0.050000 0.000000
0.060000 0.000000
0.070000 0.000000
0.080000 0.000000
0.090000 0.000000
0.100000 0.000000
0.110000 0.000000
0.120000 0.000000
0.130000 0.000000
0.140000 0.000000
0.150000 0.000000
0.160000 0.000000
0.170000 0.000000
0.180000 0.000000
0.190000 0.000000
0.200000 0.000000
0.210000 0.000000
0.220000 0.000000
0.230000 0.000000
0.240000 0.000656
0.250000 0.094301
0.260000 1.055752
0.270000 2.684968
0.280000 2.891694
0.290000 2.097888
0.300000 1.402223
0.310000 1.028453
0.320000 0.882111
0.330000 0.824398
0.340000 0.823682
0.350000 0.838978
0.360000 0.859081
0.370000 0.889647
0.380000 0.918890
0.390000 0.948527
0.400000 0.976586
0.410000 1.013867
0.420000 1.045524
0.430000 1.066806
0.440000 1.088345
0.450000 1.096817
0.460000 1.100791
0.470000 1.089085
0.480000 1.077079
0.490000 1.057549
0.500000 1.029891
0.510000 1.009362
0.520000 0.985138
0.530000 0.964289
0.540000 0.940015
0.550000 0.924887
0.560000 0.913308
0.570000 0.911396
0.580000 0.916998
0.590000 0.930998
0.600000 0.950559
0.610000 0.965615
0.620000 0.980785
0.630000 0.996212
0.640000 1.008808
0.650000 1.021237
0.660000 1.027020
0.670000 1.034281
0.680000 1.039021
0.690000 1.036220
0.700000 1.035191
0.710000 1.031647
0.720000 1.024484
0.730000 1.018162
0.740000 1.013749
0.750000 1.004462
0.760000 0.998246
0.770000 0.995448
0.780000 0.990328
0.790000 0.987536
0.800000 0.990413
0.810000 0.988153
0.820000 0.990428
0.830000 0.992724
0.840000 0.997099
0.850000 0.997783
0.860000 0.999744
0.870000 1.000839
0.880000 1.001514
0.890000 1.002152
0.900000 1.000093
0.910000 0.999516
0.920000 0.999842
0.930000 1.000784
0.940000 1.000201
0.950000 0.998465
0.960000 1.000126
0.970000 0.999711
0.980000 0.998810
0.990000 0.999168
1.000000 0.998370
1.010000 1.000297
1.020000 1.001927
1.030000 1.001252
1.040000 1.002465
1.050000 1.003881
1.060000 1.004246
1.070000 1.005066
1.080000 1.005019
1.090000 1.004486
1.100000 1.006495
