0.000000 0.000000
0.010000 0.000000
0.020000 0.000000
0.030000 0.000000
0.040000 0.000000
0.050000 0.000000
0.060000 0.000000
0.070000 0.000000
0.080000 0.000000
0.090000 0.000000
0.100000 0.000000
0.110000 0.000000
0.120000 0.000000
0.130000 0.000000
0.140000 0.000000
0.150000 0.000000
0.160000 0.000000
0.170000 0.000000
0.180000 0.000000
0.190000 0.000000
0.200000 0.000000
0.210000 0.000000
0.220000 0.000000
0.230000 0.000000
0.240000 0.000679
0.250000 0.097270
0.260000 1.083029
0.270000 2.727130
0.280000 2.933516
0.290000 2.116414
0.300000 1.409854
0.310000 1.037680
0.320000 0.874728
0.330000 0.824095
0.340000 0.816498
0.350000 0.833810
0.360000 0.856453
0.370000 0.883238
0.380000 0.911449
0.390000 0.939536
0.400000 0.973058
0.410000 1.007731
0.420000 1.044340
0.430000 1.066405
0.440000 1.086717
0.450000 1.096882
0.460000 1.100371
0.470000 1.092431
0.480000 1.080975
0.490000 1.061308
0.500000 1.041165
0.510000 1.016198
0.520000 0.991612
0.530000 0.969228
0.540000 0.947125
0.550000 0.934471
0.560000 0.918635
0.570000 0.917031
0.580000 0.921410
0.590000 0.933786
0.600000 0.946591
0.610000 0.969327
0.620000 0.983882
0.630000 0.998977
0.640000 1.013167
0.650000 1.022863
0.660000 1.031083
0.670000 1.036332
0.680000 1.040661
0.690000 1.041655
0.700000 1.038714
0.710000 1.034852
0.720000 1.032607
0.730000 1.023045
0.740000 1.013324
0.750000 1.008902
0.760000 1.002406
0.770000 0.996523
0.780000 0.993477
0.790000 0.991974
0.800000 0.990361
0.810000 0.990609
0.820000 0.993630
0.830000 0.995126
0.840000 0.998315
0.850000 1.000966
0.860000 1.003390
0.870000 1.004843
0.880000 1.004842
0.890000 1.004675
0.900000 1.004622
0.910000 1.002829
0.920000 1.004006
0.930000 1.004238
0.940000 1.002200
0.950000 1.003355
0.960000 1.003302
0.970000 1.003615
0.980000 1.004768
0.990000 1.003766
1.000000 1.005127
1.010000 1.004121
1.020000 1.006493
1.030000 1.007083
1.040000 1.006451
1.050000 1.007322
1.060000 1.006287
1.070000 1.007613
1.080000 1.009097
1.090000 1.009079
1.100000 1.008307
