0.000000 0.000000
0.010000 0.000000
0.020000 0.000000
0.030000 0.000000
0.040000 0.000000
0.050000 0.000000
0.060000 0.000000
0.070000 0.000000
0.080000 0.000000
0.090000 0.000000
0.100000 0.000000
0.110000 0.000000
0.120000 0.000000
0.130000 0.000000
0.140000 0.000000
0.150000 0.000000
0.160000 0.000000
0.170000 0.000000
0.180000 0.000000
0.190000 0.000000
0.200000 0.000000
0.210000 0.000000
0.220000 0.000000
0.230000 0.000000
0.240000 0.000515
0.250000 0.088006
0.260000 1.051060
0.270000 2.677092
0.280000 2.900688
0.290000 2.118937
0.300000 1.403437
0.310000 1.040945
0.320000 0.883454
0.330000 0.834315
0.340000 0.830490
0.350000 0.843656
0.360000 0.866764
0.370000 0.893124
0.380000 0.920970
0.390000 0.951175
0.400000 0.984142
0.410000 1.013579
0.420000 1.046627
0.430000 1.069820
0.440000 1.092944
0.450000 1.101779
0.460000 1.099156
0.470000 1.093294
0.480000 1.081974
0.490000 1.060036
0.500000 1.035056
0.510000 1.012804
0.520000 0.988751
0.530000 0.965093
0.540000 0.945560
0.550000 0.929700
0.560000 0.919157
0.570000 0.920537
0.580000 0.925228
0.590000 0.938437
0.600000 0.956714
0.610000 0.972288
0.620000 0.987989
0.630000 1.001244
0.640000 1.015052
0.650000 1.027771
0.660000 1.036874
0.670000 1.041447
0.680000 1.044620
0.690000 1.044721
0.700000 1.042865
0.710000 1.036944
0.720000 1.031709
0.730000 1.026625
0.740000 1.020755
0.750000 1.012260
0.760000 1.007380
0.770000 1.003783
0.780000 0.996926
0.790000 0.995973
0.800000 0.996065
0.810000 0.995785
0.820000 0.998543
0.830000 1.001847
0.840000 1.002421
0.850000 1.005083
0.860000 1.008805
0.870000 1.009635
0.880000 1.008860
0.890000 1.009854
0.900000 1.008716
0.910000 1.008613
0.920000 1.008844
0.930000 1.007977
0.940000 1.008404
0.950000 1.009306
0.960000 1.008269
0.970000 1.007652
0.980000 1.008701
0.990000 1.008150
1.000000 1.007829
1.010000 1.008094
1.020000 1.010231
1.030000 1.012330
1.040000 1.012113
1.050000 1.013777
1.060000 1.013182
1.070000 1.012763
1.080000 1.013617
1.090000 1.013562
1.100000 1.014166
