0.000000 0.000000
0.010000 0.000000
0.020000 0.000000
0.030000 0.000000
0.040000 0.000000
0.050000 0.000000
0.060000 0.000000
0.070000 0.000000
0.080000 0.000000
0.090000 0.000000
0.100000 0.000000
0.110000 0.000000
0.120000 0.000000
0.130000 0.000000
0.140000 0.000000
0.150000 0.000000
0.160000 0.000000
0.170000 0.000000
0.180000 0.000000
0.190000 0.000000
0.200000 0.000000
0.210000 0.000000
0.220000 0.000000
0.230000 0.000000
0.240000 0.000356
0.250000 0.072314
0.260000 0.844926
0.270000 2.297691
0.280000 2.712104
0.290000 2.177778
0.300000 1.587475
0.310000 1.233364
0.320000 1.046266
0.330000 0.962588
0.340000 0.924481
0.350000 0.913913
0.360000 0.917682
0.370000 0.920874
0.380000 0.938498
0.390000 0.954107
0.400000 0.969097
0.410000 0.986092
0.420000 1.008397
0.430000 1.027492
0.440000 1.035994
0.450000 1.045823
0.460000 1.043470
0.470000 1.042716
0.480000 1.030978
0.490000 1.019212
0.500000 1.006660
0.510000 0.991356
0.520000 0.975889
0.530000 0.962478
0.540000 0.955500
0.550000 0.949679
0.560000 0.945316
0.570000 0.944462
0.580000 0.950941
0.590000 0.958025
0.600000 0.967652
0.610000 0.978130
0.620000 0.991012
0.630000 1.000340
0.640000 1.009419
0.650000 1.019469
0.660000 1.024112
0.670000 1.029032
0.680000 1.031111
0.690000 1.032437
0.700000 1.031404
0.710000 1.027138
0.720000 1.022413
0.730000 1.016558
0.740000 1.011008
0.750000 1.004995
0.760000 0.999251
0.770000 0.996775
0.780000 0.991242
0.790000 0.988581
0.800000 0.989348
0.810000 0.987732
0.820000 0.988841
0.830000 0.989770
0.840000 0.994432
0.850000 0.993236
0.860000 0.996968
0.870000 0.997065
0.880000 0.999767
0.890000 0.998550
0.900000 0.999231
0.910000 1.000628
0.920000 0.999379
0.930000 0.999961
0.940000 1.000880
0.950000 1.001526
0.960000 1.002046
0.970000 1.002279
0.980000 1.001328
0.990000 1.001216
1.000000 1.001411
1.010000 1.000231
1.020000 1.002352
1.030000 1.000190
1.040000 1.001257
1.050000 1.001567
1.060000 1.001558
1.070000 1.002432
1.080000 1.002068
1.090000 1.001512
1.100000 1.002541
