0.000000 0.000000
0.010000 0.000000
0.020000 0.000000
0.030000 0.000000
0.040000 0.000000
0.050000 0.000000
0.060000 0.000000
0.070000 0.000000
0.080000 0.000000
0.090000 0.000000
0.100000 0.000000
0.110000 0.000000
0.120000 0.000000
0.130000 0.000000
0.140000 0.000000
0.150000 0.000000
0.160000 0.000000
0.170000 0.000000
0.180000 0.000000
0.190000 0.000000
0.200000 0.000000
0.210000 0.000000
0.220000 0.000000
0.230000 0.000000
0.240000 0.000601
0.250000 0.095656
0.260000 1.079718
0.270000 2.714694
0.280000 2.915513
0.290000 2.106204
0.300000 1.409018
0.310000 1.031125
0.320000 0.877744
0.330000 0.828343
0.340000 0.825534
0.350000 0.837171
0.360000 0.859726
0.370000 0.884243
0.380000 0.916167
0.390000 0.943406
0.400000 0.972720
0.410000 1.006915
0.420000 1.037203
0.430000 1.065218
0.440000 1.081862
0.450000 1.094218
0.460000 1.094755
0.470000 1.089024
0.480000 1.073303
0.490000 1.055814
0.500000 1.031998
0.510000 1.008827
0.520000 0.987113
0.530000 0.964069
0.540000 0.941119
0.550000 0.924912
0.560000 0.913213
0.570000 0.912680
0.580000 0.918362
0.590000 0.931083
0.600000 0.949539
0.610000 0.963058
0.620000 0.979435
0.630000 0.997019
0.640000 1.009254
0.650000 1.019599
0.660000 1.028439
0.670000 1.034810
0.680000 1.038346
0.690000 1.037458
0.700000 1.033537
0.710000 1.033259
0.720000 1.027702
0.730000 1.018232
0.740000 1.011413
0.750000 1.005125
0.760000 0.997090
0.770000 0.992442
0.780000 0.987022
0.790000 0.986648
0.800000 0.986487
0.810000 0.986845
0.820000 0.989321
0.830000 0.991507
0.840000 0.994415
0.850000 0.997643
0.860000 0.998725
0.870000 0.999701
0.880000 0.999578
0.890000 0.999336
0.900000 0.998210
0.910000 0.998342
0.920000 0.997917
0.930000 0.997099
0.940000 0.998018
0.950000 0.997327
0.960000 0.997847
0.970000 0.998586
0.980000 0.998740
0.990000 0.997987
1.000000 0.999048
1.010000 0.998434
1.020000 0.999546
1.030000 1.000310
1.040000 1.000512
1.050000 1.001385
1.060000 1.002244
1.070000 1.002798
1.080000 1.002882
1.090000 1.002685
1.100000 1.001677
