0.000000 0.000000
0.010000 0.000000
0.020000 0.000000
0.030000 0.000000
0.040000 0.000000
0.050000 0.000000
0.060000 0.000000
0.070000 0.000000
0.080000 0.000000
0.090000 0.000000
0.100000 0.000000
0.110000 0.000000
0.120000 0.000000
0.130000 0.000000
0.140000 0.000000
0.150000 0.000000
0.160000 0.000000
0.170000 0.000000
0.180000 0.000000
0.190000 0.000000
0.200000 0.000000
0.210000 0.000000
0.220000 0.000000
0.230000 0.000000
0.240000 0.000611
0.250000 0.088714
0.260000 1.027463
0.270000 2.663325
0.280000 2.920872
0.290000 2.144573
0.300000 1.432991
0.310000 1.055716
0.320000 0.898997
0.330000 0.845970
0.340000 0.838663
0.350000 0.851173
0.360000 0.869286
0.370000 0.895593
0.380000 0.917677
0.390000 0.945312
0.400000 0.977186
0.410000 1.005670
0.420000 1.026624
0.430000 1.056914
0.440000 1.073446
0.450000 1.088162
0.460000 1.088645
0.470000 1.078719
0.480000 1.068849
0.490000 1.051108
0.500000 1.029229
0.510000 1.007917
0.520000 0.985640
0.530000 0.968234
0.540000 0.947392
0.550000 0.932898
0.560000 0.923545
0.570000 0.919544
0.580000 0.927461
0.590000 0.936525
0.600000 0.953199
0.610000 0.969229
0.620000 0.986448
0.630000 0.998628
0.640000 1.009939
0.650000 1.021373
0.660000 1.029791
0.670000 1.035408
0.680000 1.035596
0.690000 1.037724
0.700000 1.036344
0.710000 1.033256
0.720000 1.026160
0.730000 1.018124
0.740000 1.010716
0.750000 1.006053
0.760000 0.998355
0.770000 0.994184
0.780000 0.991061
0.790000 0.988558
0.800000 0.989041
0.810000 0.988152
0.820000 0.989797
0.830000 0.993555
0.840000 0.995230
0.850000 0.997869
0.860000 0.999016
0.870000 1.000290
0.880000 1.002489
0.890000 1.000997
0.900000 0.999974
0.910000 1.001126
0.920000 1.001243
0.930000 1.001484
0.940000 1.000541
0.950000 1.001179
0.960000 0.999842
0.970000 1.000685
0.980000 0.999625
0.990000 0.999504
1.000000 0.999187
1.010000 0.999322
1.020000 1.000104
1.030000 1.000384
1.040000 1.001715
1.050000 1.001956
1.060000 1.003544
1.070000 1.003684
1.080000 1.004114
1.090000 1.003647
1.100000 1.003401
