0.000000 0.000000
0.010000 0.000000
0.020000 0.000000
0.030000 0.000000
0.040000 0.000000
0.050000 0.000000
0.060000 0.000000
0.070000 0.000000
0.080000 0.000000
0.090000 0.000000
0.100000 0.000000
0.110000 0.000000
0.120000 0.000000
0.130000 0.000000
0.140000 0.000000
0.150000 0.000000
0.160000 0.000000
0.170000 0.000000
0.180000 0.000000
0.190000 0.000000
0.200000 0.000000
0.210000 0.000000
0.220000 0.000000
0.230000 0.000000
0.240000 0.000733
0.250000 0.103621
0.260000 1.141432
0.270000 2.787813
0.280000 2.922866
0.290000 2.093410
0.300000 1.388620
0.310000 1.020965
0.320000 0.862024
0.330000 0.820424
0.340000 0.812671
0.350000 0.828664
0.360000 0.852387
0.370000 0.880604
0.380000 0.911638
0.390000 0.937834
0.400000 0.973782
0.410000 1.007376
0.420000 1.043355
0.430000 1.068593
0.440000 1.085613
0.450000 1.102542
0.460000 1.104479
0.470000 1.091537
0.480000 1.081964
0.490000 1.059196
0.500000 1.037070
0.510000 1.015377
0.520000 0.988889
0.530000 0.966136
0.540000 0.945390
0.550000 0.928609
0.560000 0.917485
0.570000 0.913442
0.580000 0.917902
0.590000 0.930695
0.600000 0.946066
0.610000 0.963241
0.620000 0.978205
0.630000 0.996720
0.640000 1.007945
0.650000 1.020161
0.660000 1.027883
0.670000 1.035970
0.680000 1.039075
0.690000 1.039096
0.700000 1.038324
0.710000 1.029594
0.720000 1.027536
0.730000 1.020271
0.740000 1.012643
0.750000 1.002878
0.760000 0.997856
0.770000 0.993213
0.780000 0.989741
0.790000 0.988867
0.800000 0.988286
0.810000 0.989429
0.820000 0.989291
0.830000 0.992129
0.840000 0.993521
0.850000 0.997390
0.860000 0.999743
0.870000 0.999789
0.880000 0.999288
0.890000 0.998978
0.900000 0.998373
0.910000 0.999636
0.920000 0.999014
0.930000 0.998256
0.940000 0.998356
0.950000 0.998956
0.960000 0.998287
0.970000 0.998783
0.980000 0.997979
0.990000 0.997159
1.000000 0.997274
1.010000 0.998639
1.020000 0.998378
1.030000 1.000068
1.040000 1.000508
1.050000 1.002307
1.060000 1.001876
1.070000 1.002182
1.080000 1.001601
1.090000 1.002063
1.100000 1.002436
