0.000000 0.000000
0.010000 0.000000
0.020000 0.000000
0.030000 0.000000
0.040000 0.000000
0.050000 0.000000
0.060000 0.000000
0.070000 0.000000
0.080000 0.000000
0.090000 0.000000
0.100000 0.000000
0.110000 0.000000
0.120000 0.000000
0.130000 0.000000
0.140000 0.000000
0.150000 0.000000
0.160000 0.000000
0.170000 0.000000
0.180000 0.000000
0.190000 0.000000
0.200000 0.000000
0.210000 0.000000
0.220000 0.000000
0.230000 0.000000
0.240000 0.000676
0.250000 0.097530
0.260000 1.074521
0.270000 2.710372
0.280000 2.902918
0.290000 2.101198
0.300000 1.408446
0.310000 1.031041
0.320000 0.878429
0.330000 0.830890
0.340000 0.831122
0.350000 0.843064
0.360000 0.864653
0.370000 0.892653
0.380000 0.919616
0.390000 0.946227
0.400000 0.978490
0.410000 1.012060
0.420000 1.038662
0.430000 1.062438
0.440000 1.081067
0.450000 1.094131
0.460000 1.093494
0.470000 1.089419
0.480000 1.074187
0.490000 1.055305
0.500000 1.031736
0.510000 1.008490
0.520000 0.982216
0.530000 0.964897
0.540000 0.940853
0.550000 0.925763
0.560000 0.915286
0.570000 0.912919
0.580000 0.920543
0.590000 0.935063
0.600000 0.950429
0.610000 0.966622
0.620000 0.984426
0.630000 0.999440
0.640000 1.009751
0.650000 1.021573
0.660000 1.029249
0.670000 1.037625
0.680000 1.036035
0.690000 1.040936
0.700000 1.035357
0.710000 1.032625
0.720000 1.026623
0.730000 1.017939
0.740000 1.010293
0.750000 1.003445
0.760000 0.998268
0.770000 0.992817
0.780000 0.990817
0.790000 0.986448
0.800000 0.987178
0.810000 0.986661
0.820000 0.991004
0.830000 0.992020
0.840000 0.994157
0.850000 0.997782
0.860000 0.998941
0.870000 1.001953
0.880000 1.000479
0.890000 1.002789
0.900000 1.000772
0.910000 1.000204
0.920000 0.999620
0.930000 0.999604
0.940000 1.000381
0.950000 0.999464
0.960000 0.997825
0.970000 0.999484
0.980000 0.998756
0.990000 0.998026
1.000000 0.999463
1.010000 0.999038
1.020000 0.999335
1.030000 1.001115
1.040000 1.001890
1.050000 1.002107
1.060000 1.003145
1.070000 1.002593
1.080000 1.003062
1.090000 1.005324
1.100000 1.002754
