0.000000 1.000000
0.500000 1.000000
0.502750 1.000000
0.505500 1.000000
0.508250 1.000000
0.511000 1.000000
0.513750 1.000000
0.516500 1.000000
0.519250 1.000000
0.522000 1.000000
0.524750 1.000000
0.527500 1.000000
0.530250 1.000000
0.533000 1.000000
0.535750 1.000000
0.538500 1.000000
0.541250 1.000000
0.544000 1.000000
0.546750 1.000000
0.549500 1.000000
0.552250 1.000000
0.555000 1.000000
0.557750 1.000000
0.560500 1.000000
0.563250 1.000000
0.566000 1.000000
0.568750 1.000000
0.571500 1.000000
0.574250 1.000000
0.577000 1.000000
0.579750 1.000000
0.582500 1.000000
0.585250 1.000000
0.588000 1.000000
0.590750 1.000000
0.593500 1.000000
0.596250 1.000000
0.599000 1.000000
0.601750 1.000000
0.604500 1.000000
0.607250 1.000000
0.610000 1.000000
0.612750 1.000000
0.615500 1.000000
0.618250 1.000000
0.621000 1.000000
0.623750 1.000000
0.626500 1.000000
0.629250 1.000000
0.632000 1.000000
0.634750 1.000000
0.637500 1.000000
0.640250 1.000000
0.643000 1.000000
0.645750 1.000000
0.648500 1.000000
0.651250 1.000000
0.654000 1.000000
0.656750 1.000000
0.659500 1.000000
0.662250 1.000000
0.665000 1.000000
0.667750 1.000000
0.670500 1.000000
0.673250 1.000000
0.676000 1.000000
0.678750 1.000000
0.681500 1.000000
0.684250 1.000000
0.687000 1.000000
0.689750 1.000000
0.692500 1.000000
0.695250 1.000000
0.698000 1.000000
0.700750 1.000000
0.703500 1.000000
0.706250 1.000000
0.709000 1.000000
0.711750 1.000000
0.714500 1.000000
0.717250 1.000000
0.720000 1.000000
0.722750 1.000000
0.725500 1.000000
0.728250 1.000000
0.731000 1.000000
0.733750 1.000000
0.736500 1.000000
0.739250 1.000000
0.742000 1.000000
0.744750 1.000000
0.747500 1.000000
0.750250 1.000000
0.753000 1.000000
0.755750 1.000000
0.758500 1.000000
0.761250 1.000000
0.764000 1.000000
0.766750 1.000000
0.769500 1.000000
0.772250 1.000000
0.775000 1.000000
0.777750 1.000000
0.780500 1.000000
0.783250 1.000000
0.786000 1.000000
0.788750 1.000000
0.791500 1.000000
0.794250 1.000000
0.797000 1.000000
0.799750 1.000000
0.802500 1.000000
0.805250 1.000000
0.808000 1.000000
0.810750 1.000000
0.813500 1.000000
0.816250 1.000000
0.819000 1.000000
0.821750 1.000000
0.824500 1.000000
0.827250 1.000000
0.830000 1.000000
0.832750 1.000000
0.835500 1.000000
0.838250 1.000000
0.841000 1.000000
0.843750 1.000000
0.846500 1.000000
0.849250 1.000000
0.852000 1.000000
0.854750 1.000000
0.857500 1.000000
0.860250 1.000000
0.863000 1.000000
0.865750 1.000000
0.868500 1.000000
0.871250 1.000000
0.874000 1.000000
0.876750 1.000000
0.879500 1.000000
0.882250 1.000000
0.885000 1.000000
0.887750 1.000000
0.890500 1.000000
0.893250 1.000000
0.896000 1.000000
0.898750 1.000000
0.901500 1.000000
0.904250 1.000000
0.907000 1.000000
0.909750 1.000000
0.912500 1.000000
0.915250 1.000000
0.918000 1.000000
0.920750 1.000000
0.923500 1.000000
0.926250 1.000000
0.929000 1.000000
0.931750 1.000000
0.934500 1.000000
0.937250 1.000000
0.940000 1.000000
0.942750 1.000000
0.945500 1.000000
0.948250 1.000000
0.951000 1.000000
0.953750 1.000000
0.956500 1.000000
0.959250 1.000000
0.962000 1.000000
0.964750 1.000000
0.967500 1.000000
0.970250 1.000000
0.973000 1.000000
0.975750 1.000000
0.978500 1.000000
0.981250 1.000000
0.984000 1.000000
0.986750 1.000000
0.989500 1.000000
0.992250 1.000000
0.995000 1.000000
0.997750 1.000000
1.000500 1.000000
1.003250 1.000000
1.006000 1.000000
1.008750 1.000000
1.011500 1.000000
1.014250 1.000000
1.017000 1.000000
1.019750 1.000000
1.022500 1.000000
1.025250 1.000000
1.028000 1.000000
1.030750 1.000000
1.033500 1.000000
1.036250 1.000000
1.039000 1.000000
1.041750 1.000000
1.044500 1.000000
1.047250 1.000000
1.050000 1.000000
1.052750 1.000000
1.055500 1.000000
1.058250 1.000000
1.061000 1.000000
1.063750 1.000000
1.066500 1.000000
1.069250 1.000000
1.072000 1.000000
1.074750 1.000000
1.077500 1.000000
1.080250 1.000000
1.083000 1.000000
1.085750 1.000000
1.088500 1.000000
1.091250 1.000000
1.094000 1.000000
1.096750 1.000000
1.099500 1.000000
1.102250 1.000000
1.105000 1.000000
1.107750 1.000000
1.110500 1.000000
1.113250 1.000000
1.116000 1.000000
1.118750 1.000000
1.121500 1.000000
1.124250 1.000000
1.127000 1.000000
1.129750 1.000000
1.132500 1.000000
1.135250 1.000000
1.138000 1.000000
1.140750 1.000000
1.143500 1.000000
1.146250 1.000000
1.149000 1.000000
1.151750 1.000000
1.154500 1.000000
1.157250 1.000000
1.160000 1.000000
1.162750 1.000000
1.165500 1.000000
1.168250 1.000000
1.171000 1.000000
1.173750 1.000000
1.176500 1.000000
1.179250 1.000000
1.182000 1.000000
1.184750 1.000000
1.187500 1.000000
1.190250 1.000000
1.193000 1.000000
1.195750 1.000000
1.198500 1.000000
1.201250 1.000000
1.204000 1.000000
1.206750 1.000000
1.209500 1.000000
1.212250 1.000000
1.215000 1.000000
1.217750 1.000000
1.220500 1.000000
1.223250 1.000000
1.226000 1.000000
1.228750 1.000000
1.231500 1.000000
1.234250 1.000000
1.237000 1.000000
1.239750 1.000000
1.242500 1.000000
1.245250 1.000000
1.248000 1.000000
1.250750 1.000000
1.253500 1.000000
1.256250 1.000000
1.259000 1.000000
1.261750 1.000000
1.264500 1.000000
1.267250 1.000000
1.270000 1.000000
1.272750 1.000000
1.275500 1.000000
1.278250 1.000000
1.281000 1.000000
1.283750 1.000000
1.286500 1.000000
1.289250 1.000000
1.292000 1.000000
1.294750 1.000000
1.297500 1.000000
1.300250 1.000000
1.303000 1.000000
1.305750 1.000000
1.308500 1.000000
1.311250 1.000000
1.314000 1.000000
1.316750 1.000000
1.319500 1.000000
1.322250 1.000000
1.325000 1.000000
1.327750 1.000000
1.330500 1.000000
1.333250 1.000000
1.336000 1.000000
1.338750 1.000000
1.341500 1.000000
1.344250 1.000000
1.347000 1.000000
1.349750 1.000000
1.352500 1.000000
1.355250 1.000000
1.358000 1.000000
1.360750 1.000000
1.363500 1.000000
1.366250 1.000000
1.369000 1.000000
1.371750 1.000000
1.374500 1.000000
1.377250 1.000000
1.380000 1.000000
1.382750 1.000000
1.385500 1.000000
1.388250 1.000000
1.391000 1.000000
1.393750 1.000000
1.396500 1.000000
1.399250 1.000000
1.402000 0.999997
1.404750 0.999984
1.407500 0.999959
1.410250 0.999924
1.413000 0.999878
1.415750 0.999821
1.418500 0.999753
1.421250 0.999674
1.424000 0.999585
1.426750 0.999484
1.429500 0.999373
1.432250 0.999250
1.435000 0.999117
1.437750 0.998973
1.440500 0.998818
1.443250 0.998652
1.446000 0.998475
1.448750 0.998288
1.451500 0.998089
1.454250 0.997880
1.457000 0.997660
1.459750 0.997428
1.462500 0.997186
1.465250 0.996934
1.468000 0.996670
1.470750 0.996396
1.473500 0.996110
1.476250 0.995814
1.479000 0.995507
1.481750 0.995190
1.484500 0.994861
1.487250 0.994522
1.490000 0.994172
1.492750 0.993811
1.495500 0.993439
1.498250 0.993057
1.501000 0.992664
1.503750 0.992260
1.506500 0.991845
1.509250 0.991420
1.512000 0.990984
1.514750 0.990537
1.517500 0.990080
1.520250 0.989611
1.523000 0.989133
1.525750 0.988643
1.528500 0.988143
1.531250 0.987632
1.534000 0.987111
1.536750 0.986579
1.539500 0.986036
1.542250 0.985483
1.545000 0.984919
1.547750 0.984344
1.550500 0.983759
1.553250 0.983164
1.556000 0.982558
1.558750 0.981941
1.561500 0.981314
1.564250 0.980676
1.567000 0.980028
1.569750 0.979370
1.572500 0.978701
1.575250 0.978021
1.578000 0.977331
1.580750 0.976631
1.583500 0.975920
1.586250 0.975199
1.589000 0.974468
1.591750 0.973726
1.594500 0.972974
1.597250 0.972211
1.600000 0.971439
1.602750 0.970656
1.605500 0.969862
1.608250 0.969059
1.611000 0.968245
1.613750 0.967421
1.616500 0.966587
1.619250 0.965743
1.622000 0.964888
1.624750 0.964024
1.627500 0.963149
1.630250 0.962264
1.633000 0.961369
1.635750 0.960464
1.638500 0.959549
1.641250 0.958624
1.644000 0.957689
1.646750 0.956744
1.649500 0.955789
1.652250 0.954824
1.655000 0.953849
1.657750 0.952864
1.660500 0.951870
1.663250 0.950865
1.666000 0.949851
1.668750 0.948827
1.671500 0.947793
1.674250 0.946749
1.677000 0.945696
1.679750 0.944633
1.682500 0.943560
1.685250 0.942477
1.688000 0.941385
1.690750 0.940283
1.693500 0.939172
1.696250 0.938051
1.699000 0.936921
1.701750 0.935780
1.704500 0.934631
1.707250 0.933472
1.710000 0.932303
1.712750 0.931125
1.715500 0.929938
1.718250 0.928741
1.721000 0.927535
1.723750 0.926320
1.726500 0.925095
1.729250 0.923861
1.732000 0.922618
1.734750 0.921366
1.737500 0.920104
1.740250 0.918834
1.743000 0.917554
1.745750 0.916265
1.748500 0.914967
1.751250 0.913660
1.754000 0.912343
1.756750 0.911018
1.759500 0.909684
1.762250 0.908341
1.765000 0.906989
1.767750 0.905628
1.770500 0.904259
1.773250 0.902880
1.776000 0.901493
1.778750 0.900097
1.781500 0.898692
1.784250 0.897279
1.787000 0.895857
1.789750 0.894426
1.792500 0.892987
1.795250 0.891539
1.798000 0.890082
1.800750 0.888618
1.803500 0.887144
1.806250 0.885662
1.809000 0.884172
1.811750 0.882673
1.814500 0.881166
1.817250 0.879651
1.820000 0.878127
1.822750 0.876596
1.825500 0.875056
1.828250 0.873507
1.831000 0.871951
1.833750 0.870386
1.836500 0.868814
1.839250 0.867233
1.842000 0.865645
1.844750 0.864048
1.847500 0.862444
1.850250 0.860831
1.853000 0.859211
1.855750 0.857583
1.858500 0.855947
1.861250 0.854303
1.864000 0.852652
1.866750 0.850993
1.869500 0.849326
1.872250 0.847651
1.875000 0.845969
1.877750 0.844280
1.880500 0.842583
1.883250 0.840878
1.886000 0.839166
1.888750 0.837447
1.891500 0.835720
1.894250 0.833986
1.897000 0.832245
1.899750 0.830497
1.902500 0.828741
1.905250 0.826978
1.908000 0.825208
1.910750 0.823431
1.913500 0.821647
1.916250 0.819855
1.919000 0.818057
1.921750 0.816252
1.924500 0.814440
1.927250 0.812621
1.930000 0.810796
1.932750 0.808963
1.935500 0.807124
1.938250 0.805278
1.941000 0.803426
1.943750 0.801566
1.946500 0.799701
1.949250 0.797828
1.952000 0.795950
1.954750 0.794064
1.957500 0.792173
1.960250 0.790275
1.963000 0.788370
1.965750 0.786460
1.968500 0.784543
1.971250 0.782620
1.974000 0.780690
1.976750 0.778755
1.979500 0.776814
1.982250 0.774866
1.985000 0.772913
1.987750 0.770953
1.990500 0.768988
1.993250 0.767017
1.996000 0.765040
1.998750 0.763057
2.001500 0.761068
2.004250 0.759074
2.007000 0.757074
2.009750 0.755069
2.012500 0.753058
2.015250 0.751041
2.018000 0.749019
2.020750 0.746991
2.023500 0.744959
2.026250 0.742920
2.029000 0.740877
2.031750 0.738828
2.034500 0.736774
2.037250 0.734715
2.040000 0.732651
2.042750 0.730581
2.045500 0.728507
2.048250 0.726428
2.051000 0.724343
2.053750 0.722254
2.056500 0.720160
2.059250 0.718061
2.062000 0.715958
2.064750 0.713850
2.067500 0.711737
2.070250 0.709619
2.073000 0.707497
2.075750 0.705370
2.078500 0.703239
2.081250 0.701103
2.084000 0.698963
2.086750 0.696819
2.089500 0.694671
2.092250 0.692518
2.095000 0.690361
2.097750 0.688200
2.100500 0.686034
2.103250 0.683865
2.106000 0.681692
2.108750 0.679514
2.111500 0.677333
2.114250 0.675148
2.117000 0.672959
2.119750 0.670766
2.122500 0.668570
2.125250 0.666370
2.128000 0.664166
2.130750 0.661959
2.133500 0.659748
2.136250 0.657534
2.139000 0.655316
2.141750 0.653095
2.144500 0.650870
2.147250 0.648642
2.150000 0.646411
2.152750 0.644177
2.155500 0.641940
2.158250 0.639699
2.161000 0.637456
2.163750 0.635209
2.166500 0.632960
2.169250 0.630708
2.172000 0.628452
2.174750 0.626194
2.177500 0.623934
2.180250 0.621670
2.183000 0.619404
2.185750 0.617135
2.188500 0.614864
2.191250 0.612590
2.194000 0.610314
2.196750 0.608036
2.199500 0.605755
2.202250 0.603471
2.205000 0.601186
2.207750 0.598898
2.210500 0.596608
2.213250 0.594316
2.216000 0.592022
2.218750 0.589726
2.221500 0.587428
2.224250 0.585128
2.227000 0.582826
2.229750 0.580523
2.232500 0.578217
2.235250 0.575910
2.238000 0.573601
2.240750 0.571291
2.243500 0.568979
2.246250 0.566666
2.249000 0.564351
2.251750 0.562035
2.254500 0.559717
2.257250 0.557398
2.260000 0.555078
2.262750 0.552757
2.265500 0.550434
2.268250 0.548111
2.271000 0.545786
2.273750 0.543460
2.276500 0.541134
2.279250 0.538806
2.282000 0.536478
2.284750 0.534149
2.287500 0.531819
2.290250 0.529488
2.293000 0.527157
2.295750 0.524825
2.298500 0.522493
2.301250 0.520160
2.304000 0.517827
2.306750 0.515493
2.309500 0.513159
2.312250 0.510825
2.315000 0.508490
2.317750 0.506156
2.320500 0.503821
2.323250 0.501486
2.326000 0.499151
2.328750 0.496816
2.331500 0.494481
2.334250 0.492146
2.337000 0.489812
2.339750 0.487477
2.342500 0.485143
2.345250 0.482810
2.348000 0.480476
2.350750 0.478143
2.353500 0.475811
2.356250 0.473479
2.359000 0.471147
2.361750 0.468817
2.364500 0.466487
2.367250 0.464157
2.370000 0.461829
2.372750 0.459501
2.375500 0.457174
2.378250 0.454848
2.381000 0.452523
2.383750 0.450199
2.386500 0.447877
2.389250 0.445555
2.392000 0.443234
2.394750 0.440915
2.397500 0.438597
2.400250 0.436281
2.403000 0.433965
2.405750 0.431652
2.408500 0.429339
2.411250 0.427028
2.414000 0.424719
2.416750 0.422412
2.419500 0.420106
2.422250 0.417802
2.425000 0.415500
2.427750 0.413199
2.430500 0.410901
2.433250 0.408604
2.436000 0.406309
2.438750 0.404017
2.441500 0.401726
2.444250 0.399438
2.447000 0.397152
2.449750 0.394868
2.452500 0.392586
2.455250 0.390307
2.458000 0.388030
2.460750 0.385756
2.463500 0.383484
2.466250 0.381214
2.469000 0.378948
2.471750 0.376683
2.474500 0.374422
2.477250 0.372163
2.480000 0.369907
2.482750 0.367654
2.485500 0.365404
2.488250 0.363156
2.491000 0.360912
2.493750 0.358671
2.496500 0.356433
2.499250 0.354198
2.502000 0.351966
2.504750 0.349737
2.507500 0.347512
2.510250 0.345290
2.513000 0.343071
2.515750 0.340856
2.518500 0.338644
2.521250 0.336436
2.524000 0.334231
2.526750 0.332030
2.529500 0.329832
2.532250 0.327639
2.535000 0.325449
2.537750 0.323263
2.540500 0.321080
2.543250 0.318902
2.546000 0.316727
2.548750 0.314557
2.551500 0.312391
2.554250 0.310228
2.557000 0.308070
2.559750 0.305916
2.562500 0.303766
2.565250 0.301621
2.568000 0.299480
2.570750 0.297343
2.573500 0.295211
2.576250 0.293083
2.579000 0.290959
2.581750 0.288841
2.584500 0.286726
2.587250 0.284617
2.590000 0.282512
2.592750 0.280412
2.595500 0.278316
2.598250 0.276226
2.601000 0.274140
2.603750 0.272060
2.606500 0.269984
2.609250 0.267913
2.612000 0.265848
2.614750 0.263787
2.617500 0.261732
2.620250 0.259681
2.623000 0.257636
2.625750 0.255597
2.628500 0.253562
2.631250 0.251533
2.634000 0.249510
2.636750 0.247492
2.639500 0.245479
2.642250 0.243472
2.645000 0.241471
2.647750 0.239475
2.650500 0.237485
2.653250 0.235501
2.656000 0.233522
2.658750 0.231549
2.661500 0.229582
2.664250 0.227621
2.667000 0.225666
2.669750 0.223717
2.672500 0.221774
2.675250 0.219837
2.678000 0.217906
2.680750 0.215981
2.683500 0.214062
2.686250 0.212150
2.689000 0.210244
2.691750 0.208344
2.694500 0.206451
2.697250 0.204564
2.700000 0.202683
2.702750 0.200809
2.705500 0.198942
2.708250 0.197081
2.711000 0.195226
2.713750 0.193379
2.716500 0.191538
2.719250 0.189703
2.722000 0.187876
2.724750 0.186055
2.727500 0.184241
2.730250 0.182434
2.733000 0.180634
2.735750 0.178841
2.738500 0.177055
2.741250 0.175276
2.744000 0.173504
2.746750 0.171739
2.749500 0.169981
2.752250 0.168231
2.755000 0.166488
2.757750 0.164752
2.760500 0.163023
2.763250 0.161302
2.766000 0.159588
2.768750 0.157881
2.771500 0.156182
2.774250 0.154491
2.777000 0.152807
2.779750 0.151130
2.782500 0.149461
2.785250 0.147800
2.788000 0.146147
2.790750 0.144501
2.793500 0.142863
2.796250 0.141232
2.799000 0.139610
2.801750 0.137995
2.804500 0.136389
2.807250 0.134790
2.810000 0.133199
2.812750 0.131616
2.815500 0.130042
2.818250 0.128475
2.821000 0.126916
2.823750 0.125366
2.826500 0.123824
2.829250 0.122290
2.832000 0.120764
2.834750 0.119246
2.837500 0.117737
2.840250 0.116236
2.843000 0.114743
2.845750 0.113259
2.848500 0.111783
2.851250 0.110316
2.854000 0.108857
2.856750 0.107407
2.859500 0.105966
2.862250 0.104533
2.865000 0.103108
2.867750 0.101692
2.870500 0.100285
2.873250 0.098887
2.876000 0.097497
2.878750 0.096116
2.881500 0.094744
2.884250 0.093381
2.887000 0.092027
2.889750 0.090681
2.892500 0.089345
2.895250 0.088017
2.898000 0.086698
2.900750 0.085389
2.903500 0.084088
2.906250 0.082797
2.909000 0.081515
2.911750 0.080241
2.914500 0.078977
2.917250 0.077722
2.920000 0.076477
2.922750 0.075240
2.925500 0.074013
2.928250 0.072795
2.931000 0.071587
2.933750 0.070387
2.936500 0.069197
2.939250 0.068017
2.942000 0.066846
2.944750 0.065684
2.947500 0.064532
2.950250 0.063389
2.953000 0.062256
2.955750 0.061133
2.958500 0.060019
2.961250 0.058914
2.964000 0.057820
2.966750 0.056734
2.969500 0.055659
2.972250 0.054593
2.975000 0.053537
2.977750 0.052491
2.980500 0.051454
2.983250 0.050427
2.986000 0.049410
2.988750 0.048403
2.991500 0.047406
2.994250 0.046418
2.997000 0.045441
2.999750 0.044473
3.002500 0.043516
3.005250 0.042568
3.008000 0.041630
3.010750 0.040702
3.013500 0.039784
3.016250 0.038877
3.019000 0.037979
3.021750 0.037091
3.024500 0.036214
3.027250 0.035347
3.030000 0.034489
3.032750 0.033642
3.035500 0.032805
3.038250 0.031979
3.041000 0.031162
3.043750 0.030356
3.046500 0.029560
3.049250 0.028774
3.052000 0.027998
3.054750 0.027233
3.057500 0.026478
3.060250 0.025734
3.063000 0.024999
3.065750 0.024275
3.068500 0.023562
3.071250 0.022859
3.074000 0.022166
3.076750 0.021484
3.079500 0.020812
3.082250 0.020150
3.085000 0.019499
3.087750 0.018859
3.090500 0.018229
3.093250 0.017609
3.096000 0.017000
3.098750 0.016402
3.101500 0.015814
3.104250 0.015237
3.107000 0.014670
3.109750 0.014114
3.112500 0.013568
3.115250 0.013033
3.118000 0.012509
3.120750 0.011995
3.123500 0.011492
3.126250 0.011000
3.129000 0.010518
3.131750 0.010047
3.134500 0.009587
3.137250 0.009137
3.140000 0.008698
3.142750 0.008270
3.145500 0.007852
3.148250 0.007445
3.151000 0.007049
3.153750 0.006664
3.156500 0.006289
3.159250 0.005926
3.162000 0.005573
3.164750 0.005230
3.167500 0.004899
3.170250 0.004578
3.173000 0.004268
3.175750 0.003969
3.178500 0.003681
3.181250 0.003404
3.184000 0.003137
3.186750 0.002881
3.189500 0.002636
3.192250 0.002402
3.195000 0.002179
3.197750 0.001967
3.200500 0.001765
3.203250 0.001575
3.206000 0.001395
3.208750 0.001226
3.211500 0.001068
3.214250 0.000921
3.217000 0.000785
3.219750 0.000660
3.222500 0.000545
3.225250 0.000442
3.228000 0.000349
3.230750 0.000267
3.233500 0.000196
3.236250 0.000136
3.239000 0.000087
3.241750 0.000049
3.244500 0.000022
3.247250 0.000005
3.250000 0.000000
3.750000 0.000000
