0.000000 0.000000
0.010000 0.000000
0.020000 0.000000
0.030000 0.000000
0.040000 0.000000
0.050000 0.000000
0.060000 0.000000
0.070000 0.000000
0.080000 0.000000
0.090000 0.000000
0.100000 0.000000
0.110000 0.000000
0.120000 0.000000
0.130000 0.000000
0.140000 0.000000
0.150000 0.000000
0.160000 0.000000
0.170000 0.000000
0.180000 0.000000
0.190000 0.000000
0.200000 0.000000
0.210000 0.000000
0.220000 0.000000
0.230000 0.000000
0.240000 0.000421
0.250000 0.086786
0.260000 1.032530
0.270000 2.666249
0.280000 2.927620
0.290000 2.142584
0.300000 1.432744
0.310000 1.053006
0.320000 0.893593
0.330000 0.845144
0.340000 0.838678
0.350000 0.849964
0.360000 0.870133
0.370000 0.892617
0.380000 0.914855
0.390000 0.946087
0.400000 0.975157
0.410000 1.002685
0.420000 1.029057
0.430000 1.054153
0.440000 1.073799
0.450000 1.083597
0.460000 1.085790
0.470000 1.078989
0.480000 1.067581
0.490000 1.050147
0.500000 1.027091
0.510000 1.005354
0.520000 0.985790
0.530000 0.965576
0.540000 0.946495
0.550000 0.927893
0.560000 0.920487
0.570000 0.917100
0.580000 0.923147
0.590000 0.937132
0.600000 0.952893
0.610000 0.967347
0.620000 0.983955
0.630000 0.999096
0.640000 1.010577
0.650000 1.020106
0.660000 1.028663
0.670000 1.033876
0.680000 1.036398
0.690000 1.037105
0.700000 1.033993
0.710000 1.029896
0.720000 1.023525
0.730000 1.016445
0.740000 1.010664
0.750000 1.004780
0.760000 0.996275
0.770000 0.991341
0.780000 0.989868
0.790000 0.986724
0.800000 0.985978
0.810000 0.986979
0.820000 0.990256
0.830000 0.989989
0.840000 0.994611
0.850000 0.995469
0.860000 0.997545
0.870000 0.999414
0.880000 1.000672
0.890000 0.998279
0.900000 0.998075
0.910000 0.999205
0.920000 0.998552
0.930000 0.999241
0.940000 0.998171
0.950000 0.997506
0.960000 0.998198
0.970000 0.998236
0.980000 0.998230
0.990000 0.996322
1.000000 0.998057
1.010000 0.998568
1.020000 0.997932
1.030000 0.999802
1.040000 0.999729
1.050000 1.000021
1.060000 1.001811
1.070000 1.001814
1.080000 1.002839
1.090000 1.001984
1.100000 1.001311
