0.000000 0.000000
0.010000 0.000000
0.020000 0.000000
0.030000 0.000000
0.040000 0.000000
0.050000 0.000000
0.060000 0.000000
0.070000 0.000000
0.080000 0.000000
0.090000 0.000000
0.100000 0.000000
0.110000 0.000000
0.120000 0.000000
0.130000 0.000000
0.140000 0.000000
0.150000 0.000000
0.160000 0.000000
0.170000 0.000000
0.180000 0.000000
0.190000 0.000000
0.200000 0.000000
0.210000 0.000000
0.220000 0.000000
0.230000 0.000000
0.240000 0.000476
0.250000 0.089460
0.260000 1.129537
0.270000 2.797859
0.280000 2.936900
0.290000 2.096197
0.300000 1.389228
0.310000 1.022020
0.320000 0.862755
0.330000 0.816592
0.340000 0.808017
0.350000 0.822227
0.360000 0.849479
0.370000 0.877069
0.380000 0.911985
0.390000 0.941564
0.400000 0.980669
0.410000 1.013781
0.420000 1.043114
0.430000 1.070413
0.440000 1.090510
0.450000 1.103573
0.460000 1.103797
0.470000 1.095179
0.480000 1.083503
0.490000 1.059653
0.500000 1.034978
0.510000 1.014151
0.520000 0.989979
0.530000 0.964888
0.540000 0.942446
0.550000 0.922669
0.560000 0.911980
0.570000 0.908865
0.580000 0.914887
0.590000 0.929207
0.600000 0.945858
0.610000 0.963084
0.620000 0.980820
0.630000 0.996074
0.640000 1.010241
0.650000 1.023887
0.660000 1.030584
0.670000 1.037074
0.680000 1.042154
0.690000 1.041444
0.700000 1.040065
0.710000 1.033961
0.720000 1.027653
0.730000 1.021622
0.740000 1.015434
0.750000 1.007351
0.760000 1.001109
0.770000 0.995330
0.780000 0.990940
0.790000 0.987676
0.800000 0.987128
0.810000 0.988161
0.820000 0.990951
0.830000 0.992551
0.840000 0.996467
0.850000 0.996465
0.860000 0.999401
0.870000 1.001061
0.880000 0.999198
0.890000 1.000143
0.900000 0.999210
0.910000 0.999637
0.920000 0.998990
0.930000 0.999818
0.940000 1.000577
0.950000 0.999312
0.960000 0.999999
0.970000 0.999433
0.980000 0.999689
0.990000 0.999412
1.000000 0.999796
1.010000 1.000672
1.020000 1.000871
1.030000 1.002043
1.040000 1.002811
1.050000 1.003064
1.060000 1.003288
1.070000 1.004395
1.080000 1.005086
1.090000 1.005432
1.100000 1.004124
