0.000000 0.000000
0.010000 0.000000
0.020000 0.000000
0.030000 0.000000
0.040000 0.000000
0.050000 0.000000
0.060000 0.000000
0.070000 0.000000
0.080000 0.000000
0.090000 0.000000
0.100000 0.000000
0.110000 0.000000
0.120000 0.000000
0.130000 0.000000
0.140000 0.000000
0.150000 0.000000
0.160000 0.000000
0.170000 0.000000
0.180000 0.000000
0.190000 0.000000
0.200000 0.000000
0.210000 0.000000
0.220000 0.000000
0.230000 0.000000
0.240000 0.000371
0.250000 0.086851
0.260000 1.068599
0.270000 2.736200
0.280000 2.936140
0.290000 2.124964
0.300000 1.410247
0.310000 1.036720
0.320000 0.880481
0.330000 0.831581
0.340000 0.824981
0.350000 0.838826
0.360000 0.859910
0.370000 0.885275
0.380000 0.912120
0.390000 0.943292
0.400000 0.974163
0.410000 1.005711
0.420000 1.037563
0.430000 1.062936
0.440000 1.081347
0.450000 1.092510
0.460000 1.094276
0.470000 1.087012
0.480000 1.073335
0.490000 1.056267
0.500000 1.033070
0.510000 1.011479
0.520000 0.986038
0.530000 0.965187
0.540000 0.943880
0.550000 0.925936
0.560000 0.916570
0.570000 0.915268
0.580000 0.921501
0.590000 0.933498
0.600000 0.949659
0.610000 0.967026
0.620000 0.982622
0.630000 0.997208
0.640000 1.010231
0.650000 1.021550
0.660000 1.029390
0.670000 1.035979
0.680000 1.037680
0.690000 1.039343
0.700000 1.036010
0.710000 1.032147
0.720000 1.026124
0.730000 1.019644
0.740000 1.011972
0.750000 1.005198
0.760000 0.999586
0.770000 0.994704
0.780000 0.989908
0.790000 0.988227
0.800000 0.987646
0.810000 0.988104
0.820000 0.989715
0.830000 0.991546
0.840000 0.994185
0.850000 0.996620
0.860000 0.998336
0.870000 0.999867
0.880000 0.998749
0.890000 0.999331
0.900000 0.998952
0.910000 0.999202
0.920000 0.998996
0.930000 0.999739
0.940000 0.999102
0.950000 0.998509
0.960000 0.999437
0.970000 0.999116
0.980000 0.998523
0.990000 0.998705
1.000000 0.999498
1.010000 0.999626
1.020000 1.000783
1.030000 1.001375
1.040000 1.002204
1.050000 1.002359
1.060000 1.002229
1.070000 1.003362
1.080000 1.002618
1.090000 1.001745
1.100000 1.001688
