0.000000 0.000000
0.010000 0.000000
0.020000 0.000000
0.030000 0.000000
0.040000 0.000000
0.050000 0.000000
0.060000 0.000000
0.070000 0.000000
0.080000 0.000000
0.090000 0.000000
0.100000 0.000000
0.110000 0.000000
0.120000 0.000000
0.130000 0.000000
0.140000 0.000000
0.150000 0.000000
0.160000 0.000000
0.170000 0.000000
0.180000 0.000000
0.190000 0.000000
0.200000 0.000000
0.210000 0.000000
0.220000 0.000000
0.230000 0.000000
0.240000 0.000752
0.250000 0.097421
0.260000 1.083878
0.270000 2.727195
0.280000 2.920375
0.290000 2.109626
0.300000 1.401985
0.310000 1.035103
0.320000 0.881036
0.330000 0.828939
0.340000 0.825132
0.350000 0.837768
0.360000 0.863203
0.370000 0.887509
0.380000 0.916946
0.390000 0.944727
0.400000 0.979813
0.410000 1.007988
0.420000 1.039728
0.430000 1.066072
0.440000 1.086182
0.450000 1.093917
0.460000 1.097852
0.470000 1.090053
0.480000 1.076856
0.490000 1.056596
0.500000 1.028887
0.510000 1.010590
0.520000 0.987027
0.530000 0.963072
0.540000 0.944136
0.550000 0.926710
0.560000 0.916869
0.570000 0.914078
0.580000 0.919313
0.590000 0.933993
0.600000 0.949613
0.610000 0.966375
0.620000 0.982353
0.630000 0.997727
0.640000 1.010850
0.650000 1.021982
0.660000 1.029106
0.670000 1.038078
0.680000 1.038688
0.690000 1.039231
0.700000 1.038184
0.710000 1.033288
0.720000 1.027900
0.730000 1.020374
0.740000 1.011483
0.750000 1.006085
0.760000 1.000443
0.770000 0.993996
0.780000 0.991265
0.790000 0.988667
0.800000 0.987780
0.810000 0.988778
0.820000 0.989149
0.830000 0.993401
0.840000 0.994065
0.850000 0.996400
0.860000 0.998325
0.870000 1.000478
0.880000 1.000716
0.890000 1.000688
0.900000 0.999393
0.910000 0.999705
0.920000 0.998606
0.930000 0.998967
0.940000 0.998883
0.950000 0.999888
0.960000 0.998126
0.970000 0.999583
0.980000 0.999271
0.990000 0.999402
1.000000 1.000679
1.010000 1.000880
1.020000 1.001506
1.030000 1.001089
1.040000 1.002492
1.050000 1.003582
1.060000 1.003908
1.070000 1.002963
1.080000 1.003313
1.090000 1.003763
1.100000 1.002816
