0.000000 0.000000
0.010000 0.000000
0.020000 0.000000
0.030000 0.000000
0.040000 0.000000
0.050000 0.000000
0.060000 0.000000
0.070000 0.000000
0.080000 0.000000
0.090000 0.000000
0.100000 0.000000
0.110000 0.000000
0.120000 0.000000
0.130000 0.000000
0.140000 0.000000
0.150000 0.000000
0.160000 0.000000
0.170000 0.000000
0.180000 0.000000
0.190000 0.000000
0.200000 0.000000
0.210000 0.000000
0.220000 0.000000
0.230000 0.000000
0.240000 0.000717
0.250000 0.096454
0.260000 1.083404
0.270000 2.716079
0.280000 2.905925
0.290000 2.109666
0.300000 1.402412
0.310000 1.032199
0.320000 0.882664
0.330000 0.832713
0.340000 0.828874
0.350000 0.837330
0.360000 0.865014
0.370000 0.881682
0.380000 0.915835
0.390000 0.942679
0.400000 0.981937
0.410000 1.006924
0.420000 1.038222
0.430000 1.063710
0.440000 1.077966
0.450000 1.091293
0.460000 1.093033
0.470000 1.086997
0.480000 1.075377
0.490000 1.054051
0.500000 1.031395
0.510000 1.005202
0.520000 0.983599
0.530000 0.960857
0.540000 0.942548
0.550000 0.924393
0.560000 0.914649
0.570000 0.915164
0.580000 0.914846
0.590000 0.932868
0.600000 0.945376
0.610000 0.962876
0.620000 0.977676
0.630000 0.993908
0.640000 1.010791
0.650000 1.020562
0.660000 1.027755
0.670000 1.035041
0.680000 1.036544
0.690000 1.036110
0.700000 1.034746
0.710000 1.031375
0.720000 1.027059
0.730000 1.016221
0.740000 1.010568
0.750000 1.001105
0.760000 0.996426
0.770000 0.991199
0.780000 0.986556
0.790000 0.985194
0.800000 0.986056
0.810000 0.985244
0.820000 0.986676
0.830000 0.990661
0.840000 0.991814
0.850000 0.994305
0.860000 0.996284
0.870000 0.998293
0.880000 0.997965
0.890000 0.998392
0.900000 0.997067
0.910000 0.997316
0.920000 0.995543
0.930000 0.995562
0.940000 0.997188
0.950000 0.996251
0.960000 0.997394
0.970000 0.996792
0.980000 0.996080
0.990000 0.997339
1.000000 0.998158
1.010000 0.998351
1.020000 0.997836
1.030000 0.998169
1.040000 0.999791
1.050000 0.999744
1.060000 1.000072
1.070000 1.000657
1.080000 1.000395
1.090000 1.000017
1.100000 0.999995
