0.000000 0.000000
0.010000 0.000000
0.020000 0.000000
0.030000 0.000000
0.040000 0.000000
0.050000 0.000000
0.060000 0.000000
0.070000 0.000000
0.080000 0.000000
0.090000 0.000000
0.100000 0.000000
0.110000 0.000000
0.120000 0.000000
0.130000 0.000000
0.140000 0.000000
0.150000 0.000000
0.160000 0.000000
0.170000 0.000000
0.180000 0.000000
0.190000 0.000000
0.200000 0.000000
0.210000 0.000000
0.220000 0.000000
0.230000 0.000000
0.240000 0.000435
0.250000 0.078851
0.260000 1.008171
0.270000 2.671363
0.280000 2.947379
0.290000 2.146958
0.300000 1.435589
0.310000 1.054602
0.320000 0.895020
0.330000 0.846508
0.340000 0.836082
0.350000 0.845967
0.360000 0.872521
0.370000 0.893803
0.380000 0.914833
0.390000 0.946364
0.400000 0.975751
0.410000 1.004936
0.420000 1.025971
0.430000 1.056558
0.440000 1.074114
0.450000 1.083746
0.460000 1.088031
0.470000 1.080511
0.480000 1.067625
0.490000 1.048877
0.500000 1.029555
0.510000 1.007783
0.520000 0.983635
0.530000 0.963574
0.540000 0.944769
0.550000 0.929046
0.560000 0.916800
0.570000 0.919392
0.580000 0.924570
0.590000 0.937115
0.600000 0.953738
0.610000 0.968549
0.620000 0.986641
0.630000 0.999207
0.640000 1.010939
0.650000 1.021325
0.660000 1.028304
0.670000 1.034913
0.680000 1.036022
0.690000 1.038337
0.700000 1.034011
0.710000 1.032992
0.720000 1.025245
0.730000 1.018207
0.740000 1.010779
0.750000 1.002640
0.760000 0.997679
0.770000 0.993774
0.780000 0.989855
0.790000 0.988183
0.800000 0.988339
0.810000 0.986126
0.820000 0.989788
0.830000 0.990936
0.840000 0.993666
0.850000 0.995440
0.860000 0.997718
0.870000 0.999271
0.880000 1.000468
0.890000 0.998874
0.900000 0.999813
0.910000 0.999081
0.920000 0.999714
0.930000 0.999803
0.940000 0.999297
0.950000 0.999054
0.960000 0.998720
0.970000 0.997819
0.980000 0.998671
0.990000 0.999110
1.000000 0.998635
1.010000 0.999262
1.020000 0.999560
1.030000 0.999694
1.040000 1.000726
1.050000 1.001012
1.060000 1.001657
1.070000 1.003884
1.080000 1.002506
1.090000 1.003712
1.100000 1.001771
