0.000000 0.000000
0.010000 0.000000
0.020000 0.000000
0.030000 0.000000
0.040000 0.000000
0.050000 0.000000
0.060000 0.000000
0.070000 0.000000
0.080000 0.000000
0.090000 0.000000
0.100000 0.000000
0.110000 0.000000
0.120000 0.000000
0.130000 0.000000
0.140000 0.000000
0.150000 0.000000
0.160000 0.000000
0.170000 0.000000
0.180000 0.000000
0.190000 0.000000
0.200000 0.000000
0.210000 0.000000
0.220000 0.000000
0.230000 0.000000
0.240000 0.000191
0.250000 0.063702
0.260000 1.042655
0.270000 2.819812
0.280000 2.996900
0.290000 2.133390
0.300000 1.393472
0.310000 1.019832
0.320000 0.860826
0.330000 0.816413
0.340000 0.809746
0.350000 0.823446
0.360000 0.844606
0.370000 0.879305
0.380000 0.909245
0.390000 0.942521
0.400000 0.979520
0.410000 1.009176
0.420000 1.044137
0.430000 1.069171
0.440000 1.087999
0.450000 1.103663
0.460000 1.103280
0.470000 1.094309
0.480000 1.080903
0.490000 1.060742
0.500000 1.034470
0.510000 1.010452
0.520000 0.988829
0.530000 0.959817
0.540000 0.936209
0.550000 0.920619
0.560000 0.906849
0.570000 0.907969
0.580000 0.914742
0.590000 0.929643
0.600000 0.947162
0.610000 0.964570
0.620000 0.981986
0.630000 0.997336
0.640000 1.011326
0.650000 1.023677
0.660000 1.032029
0.670000 1.038454
0.680000 1.039003
0.690000 1.041478
0.700000 1.038589
0.710000 1.033696
0.720000 1.029815
0.730000 1.021344
0.740000 1.012982
0.750000 1.004337
0.760000 1.000518
0.770000 0.998294
0.780000 0.990929
0.790000 0.988165
0.800000 0.987804
0.810000 0.987938
0.820000 0.989388
0.830000 0.991162
0.840000 0.993893
0.850000 0.995801
0.860000 0.996380
0.870000 0.997926
0.880000 0.998626
0.890000 0.997507
0.900000 0.996896
0.910000 0.997592
0.920000 0.998872
0.930000 0.999894
0.940000 0.999822
0.950000 0.999736
0.960000 0.998729
0.970000 0.999644
0.980000 0.998176
0.990000 0.997991
1.000000 0.998815
1.010000 0.999965
1.020000 1.000649
1.030000 1.001163
1.040000 1.001629
1.050000 1.002860
1.060000 1.004063
1.070000 1.003681
1.080000 1.003023
1.090000 1.003661
1.100000 1.003664
