0.000000 0.000000
0.010000 0.000000
0.020000 0.000000
0.030000 0.000000
0.040000 0.000000
0.050000 0.000000
0.060000 0.000000
0.070000 0.000000
0.080000 0.000000
0.090000 0.000000
0.100000 0.000000
0.110000 0.000000
0.120000 0.000000
0.130000 0.000000
0.140000 0.000000
0.150000 0.000000
0.160000 0.000000
0.170000 0.000000
0.180000 0.000000
0.190000 0.000000
0.200000 0.000000
0.210000 0.000000
0.220000 0.000000
0.230000 0.000000
0.240000 0.000098
0.250000 0.064195
0.260000 1.074791
0.270000 2.875772
0.280000 3.008672
0.290000 2.110339
0.300000 1.375912
0.310000 1.009267
0.320000 0.856365
0.330000 0.808763
0.340000 0.805579
0.350000 0.823415
0.360000 0.849758
0.370000 0.872809
0.380000 0.911445
0.390000 0.941199
0.400000 0.977625
0.410000 1.004681
0.420000 1.042811
0.430000 1.066875
0.440000 1.089857
0.450000 1.100433
0.460000 1.103392
0.470000 1.093418
0.480000 1.073258
0.490000 1.052133
0.500000 1.026541
0.510000 1.001048
0.520000 0.977415
0.530000 0.948611
0.540000 0.930119
0.550000 0.906739
0.560000 0.898448
0.570000 0.898172
0.580000 0.907748
0.590000 0.922004
0.600000 0.939969
0.610000 0.958207
0.620000 0.977634
0.630000 0.994419
0.640000 1.007470
0.650000 1.018132
0.660000 1.026949
0.670000 1.033790
0.680000 1.037590
0.690000 1.037076
0.700000 1.029726
0.710000 1.025342
0.720000 1.022454
0.730000 1.010724
0.740000 1.003549
0.750000 0.996864
0.760000 0.988500
0.770000 0.983912
0.780000 0.979740
0.790000 0.977874
0.800000 0.977326
0.810000 0.978021
0.820000 0.978162
0.830000 0.978995
0.840000 0.983086
0.850000 0.983865
0.860000 0.986240
0.870000 0.987036
0.880000 0.988331
0.890000 0.985559
0.900000 0.986282
0.910000 0.986764
0.920000 0.987738
0.930000 0.988547
0.940000 0.987571
0.950000 0.986689
0.960000 0.987323
0.970000 0.986399
0.980000 0.986764
0.990000 0.985872
1.000000 0.985658
1.010000 0.988217
1.020000 0.988367
1.030000 0.987729
1.040000 0.989035
1.050000 0.989164
1.060000 0.989626
1.070000 0.988785
1.080000 0.990453
1.090000 0.990215
1.100000 0.987469
