0.000000 0.000000
0.010000 0.000000
0.020000 0.000000
0.030000 0.000000
0.040000 0.000000
0.050000 0.000000
0.060000 0.000000
0.070000 0.000000
0.080000 0.000000
0.090000 0.000000
0.100000 0.000000
0.110000 0.000000
0.120000 0.000000
0.130000 0.000000
0.140000 0.000000
0.150000 0.000000
0.160000 0.000000
0.170000 0.000000
0.180000 0.000000
0.190000 0.000000
0.200000 0.000000
0.210000 0.000000
0.220000 0.000000
0.230000 0.000000
0.240000 0.000583
0.250000 0.096930
0.260000 1.083987
0.270000 2.707853
0.280000 2.915318
0.290000 2.116677
0.300000 1.405684
0.310000 1.030930
0.320000 0.874022
0.330000 0.830421
0.340000 0.820402
0.350000 0.837039
0.360000 0.858071
0.370000 0.884866
0.380000 0.913682
0.390000 0.940097
0.400000 0.974349
0.410000 1.007141
0.420000 1.039068
0.430000 1.058438
0.440000 1.080294
0.450000 1.095102
0.460000 1.089340
0.470000 1.084387
0.480000 1.072979
0.490000 1.054571
0.500000 1.033011
0.510000 1.007608
0.520000 0.985098
0.530000 0.961584
0.540000 0.940453
0.550000 0.925086
0.560000 0.913077
0.570000 0.910206
0.580000 0.916534
0.590000 0.927337
0.600000 0.945427
0.610000 0.963871
0.620000 0.981311
0.630000 0.993606
0.640000 1.006101
0.650000 1.016541
0.660000 1.026001
0.670000 1.030407
0.680000 1.035619
0.690000 1.034597
0.700000 1.033027
0.710000 1.028549
0.720000 1.025213
0.730000 1.016910
0.740000 1.007915
0.750000 1.001123
0.760000 0.996487
0.770000 0.991551
0.780000 0.987998
0.790000 0.983460
0.800000 0.983242
0.810000 0.984680
0.820000 0.986346
0.830000 0.988354
0.840000 0.992703
0.850000 0.992841
0.860000 0.995054
0.870000 0.996982
0.880000 0.996087
0.890000 0.996376
0.900000 0.996596
0.910000 0.995632
0.920000 0.995023
0.930000 0.994778
0.940000 0.994823
0.950000 0.994172
0.960000 0.994745
0.970000 0.995597
0.980000 0.994699
0.990000 0.996375
1.000000 0.997161
1.010000 0.996206
1.020000 0.997516
1.030000 0.997775
1.040000 0.997233
1.050000 0.998171
1.060000 0.998665
1.070000 0.998601
1.080000 0.999034
1.090000 0.999712
1.100000 0.998459
