0.000000 0.000000
0.010000 0.000000
0.020000 0.000000
0.030000 0.000000
0.040000 0.000000
0.050000 0.000000
0.060000 0.000000
0.070000 0.000000
0.080000 0.000000
0.090000 0.000000
0.100000 0.000000
0.110000 0.000000
0.120000 0.000000
0.130000 0.000000
0.140000 0.000000
0.150000 0.000000
0.160000 0.000000
0.170000 0.000000
0.180000 0.000000
0.190000 0.000000
0.200000 0.000000
0.210000 0.000000
0.220000 0.000000
0.230000 0.000000
0.240000 0.000149
0.250000 0.056245
0.260000 0.937781
0.270000 2.678401
0.280000 3.017685
0.290000 2.219029
0.300000 1.470926
0.310000 1.067019
0.320000 0.914806
0.330000 0.848226
0.340000 0.839276
0.350000 0.848381
0.360000 0.866511
0.370000 0.885028
0.380000 0.911521
0.390000 0.930423
0.400000 0.959196
0.410000 0.986501
0.420000 1.018832
0.430000 1.041539
0.440000 1.063261
0.450000 1.076539
0.460000 1.078333
0.470000 1.075842
0.480000 1.065587
0.490000 1.047547
0.500000 1.025045
0.510000 1.007503
0.520000 0.984204
0.530000 0.965847
0.540000 0.949115
0.550000 0.929865
0.560000 0.921388
0.570000 0.916817
0.580000 0.921890
0.590000 0.934492
0.600000 0.950656
0.610000 0.966493
0.620000 0.983098
0.630000 0.995716
0.640000 1.008968
0.650000 1.017538
0.660000 1.023064
0.670000 1.030523
0.680000 1.032796
0.690000 1.034402
0.700000 1.030721
0.710000 1.025803
0.720000 1.021510
0.730000 1.013034
0.740000 1.006449
0.750000 1.000219
0.760000 0.994648
0.770000 0.989014
0.780000 0.985179
0.790000 0.981722
0.800000 0.982608
0.810000 0.982490
0.820000 0.982924
0.830000 0.983515
0.840000 0.987962
0.850000 0.988780
0.860000 0.990949
0.870000 0.991564
0.880000 0.992155
0.890000 0.991235
0.900000 0.989506
0.910000 0.991464
0.920000 0.993007
0.930000 0.991250
0.940000 0.993212
0.950000 0.991429
0.960000 0.991966
0.970000 0.990591
0.980000 0.990845
0.990000 0.991559
1.000000 0.991411
1.010000 0.992665
1.020000 0.992108
1.030000 0.992449
1.040000 0.993351
1.050000 0.993740
1.060000 0.993815
1.070000 0.993806
1.080000 0.994924
1.090000 0.993513
1.100000 0.993129
