0.000000 0.000000
0.010000 0.000000
0.020000 0.000000
0.030000 0.000000
0.040000 0.000000
0.050000 0.000000
0.060000 0.000000
0.070000 0.000000
0.080000 0.000000
0.090000 0.000000
0.100000 0.000000
0.110000 0.000000
0.120000 0.000000
0.130000 0.000000
0.140000 0.000000
0.150000 0.000000
0.160000 0.000000
0.170000 0.000000
0.180000 0.000000
0.190000 0.000000
0.200000 0.000000
0.210000 0.000000
0.220000 0.000000
0.230000 0.000000
0.240000 0.000549
0.250000 0.094362
0.260000 1.083233
0.270000 2.726151
0.280000 2.931210
0.290000 2.125187
0.300000 1.404621
0.310000 1.037209
0.320000 0.872496
0.330000 0.826854
0.340000 0.823214
0.350000 0.840175
0.360000 0.859418
0.370000 0.887470
0.380000 0.914966
0.390000 0.947224
0.400000 0.980490
0.410000 1.010846
0.420000 1.039473
0.430000 1.063655
0.440000 1.083827
0.450000 1.094847
0.460000 1.100518
0.470000 1.094750
0.480000 1.080620
0.490000 1.065125
0.500000 1.037647
0.510000 1.011660
0.520000 0.990942
0.530000 0.964738
0.540000 0.947932
0.550000 0.930372
0.560000 0.916186
0.570000 0.915620
0.580000 0.921268
0.590000 0.934228
0.600000 0.950149
0.610000 0.966932
0.620000 0.982885
0.630000 1.002247
0.640000 1.014193
0.650000 1.022647
0.660000 1.029667
0.670000 1.039963
0.680000 1.042248
0.690000 1.040063
0.700000 1.040315
0.710000 1.036276
0.720000 1.029263
0.730000 1.021660
0.740000 1.014923
0.750000 1.009879
0.760000 1.002399
0.770000 0.995647
0.780000 0.991914
0.790000 0.990544
0.800000 0.989353
0.810000 0.989317
0.820000 0.992856
0.830000 0.994350
0.840000 0.996607
0.850000 0.998795
0.860000 1.001970
0.870000 1.003863
0.880000 1.004021
0.890000 1.003344
0.900000 1.002529
0.910000 1.001238
0.920000 1.001806
0.930000 1.000494
0.940000 1.000929
0.950000 1.000969
0.960000 1.000308
0.970000 1.001699
0.980000 1.000899
0.990000 1.001527
1.000000 1.002141
1.010000 1.002074
1.020000 1.002901
1.030000 1.004378
1.040000 1.003993
1.050000 1.005545
1.060000 1.005252
1.070000 1.006872
1.080000 1.007319
1.090000 1.006872
1.100000 1.005663
