0.000000 0.000000
0.010000 0.000000
0.020000 0.000000
0.030000 0.000000
0.040000 0.000000
0.050000 0.000000
0.060000 0.000000
0.070000 0.000000
0.080000 0.000000
0.090000 0.000000
0.100000 0.000000
0.110000 0.000000
0.120000 0.000000
0.130000 0.000000
0.140000 0.000000
0.150000 0.000000
0.160000 0.000000
0.170000 0.000000
0.180000 0.000000
0.190000 0.000000
0.200000 0.000000
0.210000 0.000000
0.220000 0.000000
0.230000 0.000000
0.240000 0.000407
0.250000 0.074942
0.260000 0.995663
0.270000 2.646211
0.280000 2.950079
0.290000 2.176883
0.300000 1.465793
0.310000 1.072487
0.320000 0.911852
0.330000 0.855497
0.340000 0.845616
0.350000 0.852244
0.360000 0.871862
0.370000 0.891407
0.380000 0.913218
0.390000 0.937492
0.400000 0.964930
0.410000 0.996499
0.420000 1.019670
0.430000 1.044480
0.440000 1.065282
0.450000 1.075446
0.460000 1.079609
0.470000 1.076951
0.480000 1.063856
0.490000 1.046738
0.500000 1.025541
0.510000 1.008389
0.520000 0.990210
0.530000 0.970489
0.540000 0.954656
0.550000 0.935450
0.560000 0.928105
0.570000 0.923731
0.580000 0.926707
0.590000 0.937378
0.600000 0.951814
0.610000 0.969547
0.620000 0.983283
0.630000 0.996433
0.640000 1.008473
0.650000 1.019232
0.660000 1.026413
0.670000 1.032752
0.680000 1.035900
0.690000 1.037068
0.700000 1.034663
0.710000 1.027962
0.720000 1.024386
0.730000 1.019300
0.740000 1.011165
0.750000 1.004240
0.760000 0.998171
0.770000 0.995802
0.780000 0.989955
0.790000 0.988422
0.800000 0.989014
0.810000 0.988549
0.820000 0.987981
0.830000 0.990412
0.840000 0.994241
0.850000 0.995275
0.860000 0.997630
0.870000 0.998112
0.880000 0.999270
0.890000 0.997218
0.900000 0.998766
0.910000 0.997619
0.920000 0.998353
0.930000 0.999401
0.940000 0.999859
0.950000 0.999411
0.960000 0.997552
0.970000 0.999452
0.980000 0.998234
0.990000 0.998504
1.000000 0.997897
1.010000 0.998269
1.020000 0.999113
1.030000 1.000332
1.040000 1.000498
1.050000 1.000427
1.060000 1.001382
1.070000 1.001119
1.080000 1.002052
1.090000 1.001332
1.100000 1.000990
