0.000000 0.000000
0.010000 0.000000
0.020000 0.000000
0.030000 0.000000
0.040000 0.000000
0.050000 0.000000
0.060000 0.000000
0.070000 0.000000
0.080000 0.000000
0.090000 0.000000
0.100000 0.000000
0.110000 0.000000
0.120000 0.000000
0.130000 0.000000
0.140000 0.000000
0.150000 0.000000
0.160000 0.000000
0.170000 0.000000
0.180000 0.000000
0.190000 0.000000
0.200000 0.000000
0.210000 0.000000
0.220000 0.000000
0.230000 0.000000
0.240000 0.000384
0.250000 0.096429
0.260000 1.083873
0.270000 2.717558
0.280000 2.919798
0.290000 2.107962
0.300000 1.405911
0.310000 1.038142
0.320000 0.874991
0.330000 0.829462
0.340000 0.828674
0.350000 0.840802
0.360000 0.862857
0.370000 0.892004
0.380000 0.918717
0.390000 0.944180
0.400000 0.974502
0.410000 1.009393
0.420000 1.036881
0.430000 1.064396
0.440000 1.081603
0.450000 1.091724
0.460000 1.097473
0.470000 1.089941
0.480000 1.072605
0.490000 1.055125
0.500000 1.033681
0.510000 1.008366
0.520000 0.983515
0.530000 0.963396
0.540000 0.943737
0.550000 0.927213
0.560000 0.918746
0.570000 0.912538
0.580000 0.921246
0.590000 0.931612
0.600000 0.950992
0.610000 0.965047
0.620000 0.982409
0.630000 0.998046
0.640000 1.010102
0.650000 1.019314
0.660000 1.027537
0.670000 1.036467
0.680000 1.038784
0.690000 1.039608
0.700000 1.035509
0.710000 1.030792
0.720000 1.026059
0.730000 1.018528
0.740000 1.009668
0.750000 1.005443
0.760000 0.997355
0.770000 0.991713
0.780000 0.989579
0.790000 0.988374
0.800000 0.987404
0.810000 0.988993
0.820000 0.990813
0.830000 0.992389
0.840000 0.992153
0.850000 0.995029
0.860000 0.998455
0.870000 0.998631
0.880000 1.001114
0.890000 1.000505
0.900000 1.001313
0.910000 0.999494
0.920000 1.000708
0.930000 0.998042
0.940000 0.998865
0.950000 0.998104
0.960000 0.997743
0.970000 0.999536
0.980000 0.999270
0.990000 0.999033
1.000000 1.000009
1.010000 0.999000
1.020000 1.000298
1.030000 1.000900
1.040000 1.002077
1.050000 1.002960
1.060000 1.002184
1.070000 1.001812
1.080000 1.002382
1.090000 1.002929
1.100000 1.001837
