0.005000 -2.559601e-02
0.015000 -7.160250e-02
0.025000 -1.194492e-01
0.035000 -4.531307e-02
0.045000 -5.319990e-02
0.055000 -5.445462e-02
0.065000 -7.003840e-02
0.075000 5.553797e-03
0.085000 -4.026377e-03
0.095000 1.258652e-02
0.105000 2.106140e-02
0.115000 -1.543951e-02
0.125000 4.479698e-02
0.135000 1.882511e-02
0.145000 2.501783e-03
0.155000 3.054322e-02
0.165000 4.537715e-02
0.175000 4.357395e-02
0.185000 8.370425e-03
0.195000 1.364061e-02
0.205000 3.814709e-03
0.215000 1.094953e-02
0.225000 1.350730e-02
0.235000 9.610803e-03
0.245000 -4.577214e-04
0.255000 8.186341e-03
0.265000 -6.673597e-03
0.275000 -2.309416e-02
0.285000 -1.605011e-02
0.295000 -1.536159e-02
0.305000 -1.307090e-02
0.315000 -1.740589e-02
0.325000 -5.571591e-03
0.335000 -1.988362e-02
0.345000 -4.799206e-03
0.355000 -3.562030e-02
0.365000 -4.172467e-03
0.375000 -1.014542e-03
0.385000 9.033504e-03
0.395000 1.074222e-02
0.405000 3.553810e-03
0.415000 -1.104492e-02
0.425000 1.868331e-02
0.435000 1.784149e-02
0.445000 3.004013e-02
0.455000 1.518350e-02
0.465000 2.966393e-02
0.475000 1.780154e-02
0.485000 1.659110e-02
0.495000 1.544550e-02
0.505000 7.623462e-03
0.515000 1.465176e-03
0.525000 6.388256e-03
0.535000 -3.406073e-03
0.545000 -1.391725e-02
0.555000 -2.084620e-03
0.565000 6.005231e-03
0.575000 -8.270664e-04
0.585000 -6.334588e-03
0.595000 -2.460264e-02
0.605000 -2.336994e-03
0.615000 3.939085e-03
0.625000 -1.419616e-02
0.635000 1.202829e-02
0.645000 -4.679548e-03
0.655000 -2.599324e-04
0.665000 -2.675237e-03
0.675000 5.779139e-03
0.685000 8.487754e-04
0.695000 -2.601952e-02
0.705000 8.102578e-03
0.715000 -1.017619e-02
0.725000 -3.490568e-03
0.735000 7.765507e-04
0.745000 3.625336e-03
0.755000 -1.838128e-03
0.765000 1.240961e-02
0.775000 -1.139017e-03
0.785000 3.379300e-03
0.795000 9.209126e-03
0.805000 2.319534e-03
0.815000 -8.018230e-03
0.825000 -9.435186e-03
0.835000 2.125595e-03
0.845000 1.324345e-02
0.855000 3.937691e-03
0.865000 1.464987e-04
0.875000 -1.442331e-02
0.885000 8.567816e-03
0.895000 4.577879e-04
0.905000 5.072812e-03
0.915000 -2.680285e-03
0.925000 6.708214e-03
0.935000 -1.078342e-02
0.945000 2.638015e-03
0.955000 -1.226551e-02
0.965000 4.472265e-03
0.975000 8.380430e-03
0.985000 -1.330973e-02
0.995000 -1.195938e-02
1.005000 7.206733e-04
1.015000 6.917666e-03
1.025000 2.748859e-03
1.035000 2.461518e-03
1.045000 1.242453e-02
1.055000 5.100254e-03
1.065000 -4.062810e-03
1.075000 -4.966815e-03
1.085000 5.697903e-04
1.095000 -1.315360e-02
