0.005000 0.000000e+00
0.015000 0.000000e+00
0.025000 0.000000e+00
0.035000 0.000000e+00
0.045000 0.000000e+00
0.055000 0.000000e+00
0.065000 0.000000e+00
0.075000 0.000000e+00
0.085000 0.000000e+00
0.095000 0.000000e+00
0.105000 0.000000e+00
0.115000 0.000000e+00
0.125000 0.000000e+00
0.135000 0.000000e+00
0.145000 0.000000e+00
0.155000 0.000000e+00
0.165000 0.000000e+00
0.175000 0.000000e+00
0.185000 1.065678e+00
0.195000 1.516265e-01
0.205000 6.520316e-01
0.215000 2.543483e+00
0.225000 1.736368e+00
0.235000 3.667622e-01
0.245000 -1.060104e-01
0.255000 -4.666155e-01
0.265000 -4.918301e-01
0.275000 -1.568702e-01
0.285000 5.830294e-02
0.295000 1.172920e-01
0.305000 7.376379e-02
0.315000 6.362315e-02
0.325000 7.228378e-02
0.335000 6.208085e-02
0.345000 5.866277e-02
0.355000 7.637382e-02
0.365000 6.565676e-02
0.375000 1.943819e-02
0.385000 2.302906e-02
0.395000 3.265018e-02
0.405000 -3.113083e-03
0.415000 -3.545655e-02
0.425000 -1.313917e-02
0.435000 -6.498210e-02
0.445000 -5.714437e-02
0.455000 -1.614138e-02
0.465000 -2.255252e-02
0.475000 -3.164532e-02
0.485000 -1.204616e-02
0.495000 3.109490e-03
0.505000 -8.502539e-03
0.515000 7.920855e-03
0.525000 -1.322086e-02
0.535000 7.616217e-03
0.545000 3.583290e-02
0.555000 2.942657e-02
0.565000 1.769302e-02
0.575000 1.513062e-02
0.585000 3.142950e-02
0.595000 1.290062e-02
0.605000 2.259402e-02
0.615000 5.376526e-03
0.625000 8.608515e-03
0.635000 1.205089e-03
0.645000 1.908133e-03
0.655000 -1.417558e-02
0.665000 -3.573326e-04
0.675000 -4.177751e-02
0.685000 -1.849569e-03
0.695000 4.263583e-04
0.705000 -2.878905e-02
0.715000 -7.955226e-03
0.725000 -7.047402e-03
0.735000 -1.900627e-02
0.745000 1.087329e-02
0.755000 -1.037596e-02
0.765000 2.892516e-02
0.775000 5.041781e-03
0.785000 9.855471e-03
0.795000 -1.377040e-02
0.805000 5.315687e-03
0.815000 -8.063146e-03
0.825000 -6.649887e-03
0.835000 -5.122299e-03
0.845000 3.661146e-03
0.855000 7.425992e-03
0.865000 -1.994139e-02
0.875000 -1.633358e-03
0.885000 -4.231896e-03
0.895000 -4.785136e-04
0.905000 7.520028e-03
0.915000 -1.425315e-03
0.925000 1.886362e-02
0.935000 5.089552e-03
0.945000 9.507338e-03
0.955000 4.918680e-03
0.965000 -1.417711e-02
0.975000 1.754681e-02
0.985000 2.250335e-02
0.995000 3.061003e-03
1.005000 6.005531e-03
1.015000 -4.295957e-03
1.025000 -1.160929e-02
1.035000 -1.432786e-02
1.045000 1.114582e-02
1.055000 -2.232923e-03
1.065000 -6.488554e-03
1.075000 -4.673290e-03
1.085000 4.323718e-03
1.095000 8.039831e-03
