0.005000 0.000000e+00
0.015000 0.000000e+00
0.025000 0.000000e+00
0.035000 0.000000e+00
0.045000 0.000000e+00
0.055000 0.000000e+00
0.065000 0.000000e+00
0.075000 0.000000e+00
0.085000 0.000000e+00
0.095000 0.000000e+00
0.105000 0.000000e+00
0.115000 0.000000e+00
0.125000 0.000000e+00
0.135000 0.000000e+00
0.145000 0.000000e+00
0.155000 0.000000e+00
0.165000 0.000000e+00
0.175000 0.000000e+00
0.185000 0.000000e+00
0.195000 0.000000e+00
0.205000 -8.040607e-01
0.215000 -7.201207e-01
0.225000 2.324752e+00
0.235000 9.745132e+00
0.245000 1.021902e+01
0.255000 4.648376e+00
0.265000 1.174200e+00
0.275000 -1.719572e-01
0.285000 -6.612616e-01
0.295000 -6.310851e-01
0.305000 -5.693114e-01
0.315000 -5.097718e-01
0.325000 -4.811728e-01
0.335000 -2.632422e-01
0.345000 -2.105318e-01
0.355000 -8.526593e-02
0.365000 9.081610e-04
0.375000 1.667611e-01
0.385000 2.015077e-01
0.395000 5.195972e-01
0.405000 5.790682e-01
0.415000 4.777234e-01
0.425000 4.479854e-01
0.435000 4.931097e-01
0.445000 4.756582e-01
0.455000 3.672497e-01
0.465000 2.940036e-01
0.475000 7.470745e-02
0.485000 4.488944e-02
0.495000 -8.146942e-02
0.505000 -8.324983e-02
0.515000 -1.541949e-01
0.525000 -2.807764e-01
0.535000 -1.934652e-01
0.545000 -2.977304e-01
0.555000 -2.839911e-01
0.565000 -2.569905e-01
0.575000 -2.632957e-01
0.585000 -1.203219e-01
0.595000 -1.644551e-01
0.605000 -5.406473e-02
0.615000 -4.865180e-02
0.625000 1.146225e-01
0.635000 9.584285e-02
0.645000 6.893686e-02
0.655000 8.189530e-02
0.665000 1.260236e-01
0.675000 1.550003e-01
0.685000 1.279269e-01
0.695000 9.819503e-02
0.705000 7.277522e-02
0.715000 8.752382e-02
0.725000 3.011671e-02
0.735000 8.871156e-03
0.745000 4.905176e-03
0.755000 -2.114250e-02
0.765000 7.063096e-03
0.775000 -5.301692e-02
0.785000 -6.535519e-02
0.795000 -5.229995e-02
0.805000 -2.807071e-02
0.815000 -4.335059e-02
0.825000 4.129727e-03
0.835000 4.347847e-02
0.845000 2.892902e-02
0.855000 7.974086e-03
0.865000 -1.838749e-02
0.875000 -1.669674e-02
0.885000 6.360379e-02
0.895000 9.790477e-03
0.905000 -1.543582e-02
0.915000 1.113582e-02
0.925000 -2.103723e-02
0.935000 6.919449e-02
0.945000 6.942427e-02
0.955000 3.965226e-03
0.965000 -2.994447e-02
0.975000 -1.313180e-02
0.985000 -1.668822e-02
0.995000 -6.293689e-02
1.005000 -3.877737e-02
1.015000 -5.964118e-03
1.025000 -1.410998e-02
1.035000 3.488883e-02
1.045000 -2.335556e-02
1.055000 6.727592e-02
1.065000 1.455430e-02
1.075000 -3.803121e-02
1.085000 -5.575330e-03
1.095000 -1.966079e-03
