0.005000 0.000000e+00
0.015000 0.000000e+00
0.025000 0.000000e+00
0.035000 0.000000e+00
0.045000 0.000000e+00
0.055000 0.000000e+00
0.065000 0.000000e+00
0.075000 0.000000e+00
0.085000 0.000000e+00
0.095000 0.000000e+00
0.105000 0.000000e+00
0.115000 0.000000e+00
0.125000 0.000000e+00
0.135000 0.000000e+00
0.145000 0.000000e+00
0.155000 0.000000e+00
0.165000 0.000000e+00
0.175000 0.000000e+00
0.185000 0.000000e+00
0.195000 0.000000e+00
0.205000 -8.214948e-01
0.215000 -9.170235e-01
0.225000 -1.868097e+00
0.235000 -4.279004e+00
0.245000 -5.532735e+00
0.255000 -4.193048e+00
0.265000 -2.189600e+00
0.275000 -7.458698e-01
0.285000 -3.107899e-01
0.295000 6.928293e-02
0.305000 2.288894e-01
0.315000 2.798039e-01
0.325000 3.027132e-01
0.335000 2.853500e-01
0.345000 3.275828e-01
0.355000 4.731806e-01
0.365000 3.658433e-01
0.375000 4.237843e-01
0.385000 5.011787e-01
0.395000 5.042627e-01
0.405000 5.100351e-01
0.415000 5.383541e-01
0.425000 5.004741e-01
0.435000 4.011599e-01
0.445000 3.375740e-01
0.455000 2.529828e-01
0.465000 2.484361e-01
0.475000 1.336949e-01
0.485000 -1.973322e-02
0.495000 -3.612045e-02
0.505000 -1.290750e-01
0.515000 -2.113955e-01
0.525000 -2.191621e-01
0.535000 -2.798463e-01
0.545000 -2.508773e-01
0.555000 -2.135417e-01
0.565000 -2.159085e-01
0.575000 -1.448161e-01
0.585000 -1.318478e-01
0.595000 -1.333899e-01
0.605000 -4.330959e-02
0.615000 3.827762e-02
0.625000 2.990610e-03
0.635000 1.737134e-02
0.645000 2.911919e-02
0.655000 9.367576e-02
0.665000 5.744548e-02
0.675000 1.219701e-01
0.685000 1.271099e-01
0.695000 9.069493e-02
0.705000 3.586332e-02
0.715000 5.887853e-02
0.725000 2.989545e-02
0.735000 5.644417e-02
0.745000 1.492904e-02
0.755000 -1.554394e-02
0.765000 -7.288480e-03
0.775000 -2.255252e-02
0.785000 -7.670966e-02
0.795000 -1.629148e-02
0.805000 4.736026e-03
0.815000 -2.327228e-02
0.825000 -9.362752e-03
0.835000 -1.790867e-02
0.845000 4.069480e-02
0.855000 -2.721338e-02
0.865000 4.021409e-02
0.875000 -1.254125e-02
0.885000 1.430141e-02
0.895000 1.233713e-02
0.905000 -2.215491e-02
0.915000 4.506905e-02
0.925000 -5.018304e-02
0.935000 -1.942594e-02
0.945000 -7.825986e-03
0.955000 -3.809597e-04
0.965000 1.099976e-02
0.975000 1.204721e-02
0.985000 -2.757603e-02
0.995000 -1.283928e-02
1.005000 1.175755e-02
1.015000 6.456514e-03
1.025000 1.123813e-02
1.035000 -5.493032e-03
1.045000 -2.519201e-03
1.055000 4.286703e-02
1.065000 1.080966e-02
1.075000 3.453295e-03
1.085000 -2.132421e-02
1.095000 2.355123e-02
