0.005000 -1.387701e-01
0.015000 -9.988291e-02
0.025000 -2.539526e-03
0.035000 -7.049353e-02
0.045000 -2.336298e-02
0.055000 -1.731893e-02
0.065000 -4.020239e-02
0.075000 2.381189e-02
0.085000 2.074224e-02
0.095000 -1.196375e-02
0.105000 1.647303e-02
0.115000 1.021679e-02
0.125000 4.920432e-02
0.135000 5.794065e-02
0.145000 -3.547409e-03
0.155000 2.284994e-02
0.165000 2.865536e-02
0.175000 1.437043e-02
0.185000 2.838285e-02
0.195000 1.984702e-02
0.205000 1.264307e-02
0.215000 2.990296e-02
0.225000 5.304879e-03
0.235000 5.833705e-03
0.245000 1.358911e-02
0.255000 -3.800082e-03
0.265000 -9.927854e-04
0.275000 -1.703887e-02
0.285000 -7.642503e-03
0.295000 -9.280137e-03
0.305000 -4.081145e-03
0.315000 -2.879146e-02
0.325000 -1.543943e-02
0.335000 -3.756022e-03
0.345000 -1.861545e-02
0.355000 -1.215438e-02
0.365000 -8.649879e-03
0.375000 -2.470534e-03
0.385000 5.653932e-03
0.395000 1.861575e-02
0.405000 8.617999e-04
0.415000 3.002535e-03
0.425000 2.265688e-02
0.435000 2.996062e-02
0.445000 1.247272e-02
0.455000 3.358300e-02
0.465000 1.910408e-02
0.475000 1.318760e-02
0.485000 3.301907e-03
0.495000 2.840101e-02
0.505000 6.687929e-03
0.515000 1.065392e-02
0.525000 -2.283082e-03
0.535000 -2.108320e-03
0.545000 1.344181e-02
0.555000 5.976061e-03
0.565000 -4.620916e-03
0.575000 2.141003e-03
0.585000 -1.695303e-02
0.595000 -1.490162e-03
0.605000 8.510180e-03
0.615000 7.584503e-03
0.625000 -6.231520e-03
0.635000 1.137716e-02
0.645000 -2.845253e-05
0.655000 -9.093485e-03
0.665000 -6.296841e-03
0.675000 -5.196162e-03
0.685000 1.799218e-03
0.695000 -1.696117e-03
0.705000 -1.404423e-03
0.715000 9.351329e-03
0.725000 -2.592568e-03
0.735000 -2.642474e-03
0.745000 -2.333736e-03
0.755000 7.559000e-04
0.765000 3.779140e-03
0.775000 4.619678e-03
0.785000 3.779019e-03
0.795000 1.778200e-03
0.805000 -1.895109e-04
0.815000 -6.207131e-03
0.825000 -5.243169e-03
0.835000 -2.696672e-03
0.845000 3.847682e-03
0.855000 9.963098e-04
0.865000 -8.446909e-03
0.875000 2.579721e-03
0.885000 1.577022e-03
0.895000 -3.087613e-03
0.905000 -7.246676e-03
0.915000 -3.396554e-03
0.925000 3.485834e-03
0.935000 1.299090e-02
0.945000 -3.932817e-03
0.955000 3.742817e-03
0.965000 9.532330e-03
0.975000 1.565967e-03
0.985000 1.754957e-03
0.995000 -4.806428e-04
1.005000 -1.237165e-03
1.015000 -2.693591e-03
1.025000 5.402312e-03
1.035000 -4.806455e-03
1.045000 -5.852199e-03
1.055000 2.227249e-03
1.065000 -3.166670e-03
1.075000 -7.586501e-04
1.085000 1.102056e-03
1.095000 1.760271e-03
