0.005000 0.000000e+00
0.015000 0.000000e+00
0.025000 0.000000e+00
0.035000 0.000000e+00
0.045000 0.000000e+00
0.055000 0.000000e+00
0.065000 0.000000e+00
0.075000 0.000000e+00
0.085000 0.000000e+00
0.095000 0.000000e+00
0.105000 0.000000e+00
0.115000 0.000000e+00
0.125000 0.000000e+00
0.135000 0.000000e+00
0.145000 0.000000e+00
0.155000 0.000000e+00
0.165000 0.000000e+00
0.175000 0.000000e+00
0.185000 0.000000e+00
0.195000 0.000000e+00
0.205000 -8.249691e-01
0.215000 -9.213250e-01
0.225000 -1.871412e+00
0.235000 -4.275237e+00
0.245000 -5.517566e+00
0.255000 -4.231232e+00
0.265000 -2.203665e+00
0.275000 -7.861328e-01
0.285000 -2.659589e-01
0.295000 8.751975e-02
0.305000 2.803629e-01
0.315000 2.721219e-01
0.325000 3.437802e-01
0.335000 3.642773e-01
0.345000 3.895404e-01
0.355000 3.419395e-01
0.365000 4.480087e-01
0.375000 4.173492e-01
0.385000 4.745948e-01
0.395000 4.539947e-01
0.405000 4.656939e-01
0.415000 5.393592e-01
0.425000 4.609483e-01
0.435000 4.027063e-01
0.445000 3.775101e-01
0.455000 2.239066e-01
0.465000 2.320853e-01
0.475000 1.254852e-01
0.485000 9.916939e-02
0.495000 -6.315444e-02
0.505000 -1.328787e-01
0.515000 -1.660650e-01
0.525000 -1.722219e-01
0.535000 -2.801228e-01
0.545000 -1.952177e-01
0.555000 -2.807035e-01
0.565000 -2.387358e-01
0.575000 -1.302425e-01
0.585000 -6.499295e-02
0.595000 -4.731610e-02
0.605000 -7.758040e-02
0.615000 -8.522004e-03
0.625000 1.000925e-01
0.635000 5.562880e-02
0.645000 3.922386e-02
0.655000 1.092699e-01
0.665000 1.146463e-01
0.675000 1.432643e-01
0.685000 1.052784e-01
0.695000 1.379935e-01
0.705000 9.814336e-02
0.715000 4.278498e-02
0.725000 3.259514e-02
0.735000 2.002020e-03
0.745000 9.378912e-02
0.755000 -3.649129e-02
0.765000 1.364075e-02
0.775000 -4.823233e-02
0.785000 1.789408e-02
0.795000 4.690069e-04
0.805000 -2.250595e-02
0.815000 -8.687850e-03
0.825000 1.492497e-02
0.835000 1.961262e-02
0.845000 -1.159297e-02
0.855000 5.227714e-03
0.865000 -1.478555e-02
0.875000 -2.235806e-02
0.885000 1.664530e-02
0.895000 2.019369e-02
0.905000 -4.151567e-02
0.915000 -1.630118e-02
0.925000 1.854202e-03
0.935000 1.339920e-02
0.945000 -2.468270e-03
0.955000 -2.527395e-02
0.965000 2.896754e-02
0.975000 -4.486811e-02
0.985000 5.450309e-02
0.995000 3.527935e-02
1.005000 -1.078660e-02
1.015000 -1.924664e-02
1.025000 -1.972185e-03
1.035000 2.878912e-02
1.045000 2.632648e-02
1.055000 2.033771e-02
1.065000 -1.318517e-02
1.075000 3.278679e-02
1.085000 -2.425237e-02
1.095000 -1.769378e-03
