0.005000 -4.904690e-02
0.015000 -5.029662e-02
0.025000 -5.204622e-02
0.035000 1.834457e-03
0.045000 1.510527e-02
0.055000 1.162121e-02
0.065000 -8.874001e-04
0.075000 6.122610e-04
0.085000 3.087013e-02
0.095000 1.806817e-02
0.105000 9.959105e-03
0.115000 2.055821e-02
0.125000 1.559628e-02
0.135000 3.364812e-02
0.145000 5.257739e-02
0.155000 3.315186e-02
0.165000 3.784831e-02
0.175000 2.210954e-02
0.185000 2.151652e-02
0.195000 2.050843e-02
0.205000 2.158468e-02
0.215000 1.016261e-02
0.225000 1.125670e-02
0.235000 1.658833e-02
0.245000 -1.033625e-02
0.255000 -1.294968e-03
0.265000 -3.176332e-02
0.275000 -1.631218e-02
0.285000 -3.553287e-03
0.295000 -2.531007e-03
0.305000 -1.943648e-02
0.315000 -1.062945e-02
0.325000 -2.352561e-02
0.335000 -3.835576e-03
0.345000 -2.757192e-03
0.355000 -2.175686e-02
0.365000 -9.151009e-03
0.375000 -1.095323e-02
0.385000 -1.722520e-02
0.395000 -3.456932e-03
0.405000 4.490239e-03
0.415000 1.015293e-02
0.425000 6.763494e-03
0.435000 4.100900e-03
0.445000 1.789978e-02
0.455000 1.064575e-02
0.465000 2.761557e-02
0.475000 -1.032452e-02
0.485000 6.160500e-03
0.495000 1.057626e-02
0.505000 4.424511e-03
0.515000 3.574180e-03
0.525000 -6.619495e-03
0.535000 -3.578385e-03
0.545000 6.875302e-03
0.555000 1.434656e-02
0.565000 -9.053224e-03
0.575000 8.028738e-03
0.585000 -1.342332e-02
0.595000 1.117016e-03
0.605000 -7.378617e-03
0.615000 5.139604e-03
0.625000 -1.123238e-02
0.635000 8.245968e-04
0.645000 -1.155478e-03
0.655000 -8.612999e-03
0.665000 3.787096e-03
0.675000 -9.069958e-03
0.685000 -2.312849e-03
0.695000 5.804046e-03
0.705000 1.411524e-03
0.715000 1.073612e-02
0.725000 1.215441e-02
0.735000 8.953254e-04
0.745000 1.967974e-03
0.755000 -3.500801e-03
0.765000 5.503945e-04
0.775000 -2.392536e-03
0.785000 6.273768e-03
0.795000 6.773749e-03
0.805000 1.371826e-02
0.815000 -3.800675e-03
0.825000 1.574368e-03
0.835000 -7.591919e-03
0.845000 -1.242478e-03
0.855000 -7.164264e-03
0.865000 -3.146164e-03
0.875000 -3.229675e-03
0.885000 -1.449475e-02
0.895000 5.445536e-03
0.905000 -4.536004e-03
0.915000 5.897840e-03
0.925000 8.989525e-03
0.935000 -9.264914e-04
0.945000 -4.462373e-03
0.955000 2.815084e-03
0.965000 -3.666956e-03
0.975000 -1.412575e-03
0.985000 2.489614e-03
0.995000 -2.843103e-03
1.005000 -8.770747e-03
1.015000 1.621919e-03
1.025000 -1.932344e-03
1.035000 2.550270e-03
1.045000 1.494538e-03
1.055000 8.240964e-04
1.065000 2.419257e-03
1.075000 7.420010e-03
1.085000 -2.391592e-03
1.095000 -6.357459e-03
