0.005000 0.000000e+00
0.015000 0.000000e+00
0.025000 0.000000e+00
0.035000 0.000000e+00
0.045000 0.000000e+00
0.055000 0.000000e+00
0.065000 0.000000e+00
0.075000 0.000000e+00
0.085000 0.000000e+00
0.095000 0.000000e+00
0.105000 0.000000e+00
0.115000 0.000000e+00
0.125000 0.000000e+00
0.135000 0.000000e+00
0.145000 0.000000e+00
0.155000 0.000000e+00
0.165000 0.000000e+00
0.175000 0.000000e+00
0.185000 1.083637e+00
0.195000 8.168959e-02
0.205000 5.010897e-01
0.215000 2.133937e+00
0.225000 1.262576e+00
0.235000 2.633746e-01
0.245000 1.043899e-02
0.255000 -2.113788e-01
0.265000 -3.052858e-01
0.275000 -1.100850e-02
0.285000 8.381466e-02
0.295000 1.148098e-01
0.305000 8.050800e-02
0.315000 5.415940e-02
0.325000 6.009387e-02
0.335000 1.989595e-02
0.345000 -1.958272e-02
0.355000 -1.094337e-02
0.365000 -7.844218e-03
0.375000 -4.528439e-02
0.385000 -5.486922e-02
0.395000 -8.081642e-02
0.405000 -1.018791e-01
0.415000 -9.328781e-02
0.425000 -5.135984e-02
0.435000 -7.236766e-02
0.445000 -3.646696e-02
0.455000 -8.225223e-02
0.465000 -4.048761e-02
0.475000 -2.894514e-02
0.485000 1.592129e-02
0.495000 1.652293e-02
0.505000 -3.364863e-03
0.515000 1.873775e-02
0.525000 3.512074e-02
0.535000 3.487948e-02
0.545000 5.856682e-02
0.555000 3.329624e-02
0.565000 5.963365e-02
0.575000 2.865772e-02
0.585000 1.547546e-02
0.595000 2.682716e-02
0.605000 1.870048e-02
0.615000 1.673992e-02
0.625000 -1.352943e-03
0.635000 5.082906e-03
0.645000 -9.250877e-03
0.655000 -2.474307e-02
0.665000 -1.901186e-02
0.675000 -1.120380e-03
0.685000 -3.933997e-03
0.695000 -1.380125e-02
0.705000 -8.288657e-03
0.715000 -3.610372e-02
0.725000 -1.991262e-02
0.735000 1.487027e-02
0.745000 -1.659679e-02
0.755000 2.725411e-02
0.765000 2.783988e-03
0.775000 -9.052740e-03
0.785000 1.142917e-02
0.795000 1.871385e-02
0.805000 1.777818e-03
0.815000 -1.057396e-03
0.825000 -2.796907e-02
0.835000 9.889072e-03
0.845000 2.593616e-02
0.855000 -2.281919e-02
0.865000 7.266610e-03
0.875000 -1.697000e-03
0.885000 1.646327e-02
0.895000 -2.288629e-02
0.905000 -6.698385e-03
0.915000 -5.134502e-03
0.925000 -1.586413e-02
0.935000 -1.033555e-02
0.945000 -1.140787e-02
0.955000 -8.489995e-03
0.965000 -1.647879e-02
0.975000 1.563992e-03
0.985000 1.001815e-02
0.995000 1.716850e-02
1.005000 4.667421e-03
1.015000 2.091685e-04
1.025000 -5.308981e-03
1.035000 3.457692e-03
1.045000 -1.495687e-02
1.055000 -1.708797e-02
1.065000 2.138984e-02
1.075000 -1.372515e-02
1.085000 -1.148106e-02
1.095000 -1.365160e-02
