0.005000 -1.023388e-02
0.015000 -5.646867e-03
0.025000 3.104925e-02
0.035000 5.463961e-02
0.045000 1.233655e-03
0.055000 4.543580e-02
0.065000 -1.240542e-02
0.075000 2.644306e-02
0.085000 -9.171302e-04
0.095000 1.774722e-03
0.105000 2.229558e-02
0.115000 6.086894e-02
0.125000 3.579991e-02
0.135000 4.201598e-02
0.145000 2.857666e-02
0.155000 2.236964e-02
0.165000 4.715936e-02
0.175000 1.994277e-02
0.185000 5.373385e-03
0.195000 1.635457e-02
0.205000 1.758237e-02
0.215000 2.335929e-03
0.225000 3.621125e-02
0.235000 7.603841e-03
0.245000 -1.551174e-02
0.255000 -2.184297e-02
0.265000 -3.323771e-02
0.275000 -6.054466e-03
0.285000 8.250820e-04
0.295000 -4.967681e-03
0.305000 -3.284917e-02
0.315000 -2.818974e-02
0.325000 -1.766857e-02
0.335000 -3.673829e-03
0.345000 -5.451164e-03
0.355000 -6.873062e-03
0.365000 1.145794e-03
0.375000 5.662088e-03
0.385000 1.299989e-02
0.395000 3.724452e-03
0.405000 1.371921e-02
0.415000 7.019249e-03
0.425000 2.531782e-02
0.435000 3.012189e-02
0.445000 2.421011e-02
0.455000 1.709596e-02
0.465000 2.179011e-02
0.475000 -1.327469e-02
0.485000 9.100061e-03
0.495000 2.076190e-02
0.505000 2.940427e-02
0.515000 -6.126354e-03
0.525000 7.783319e-03
0.535000 -4.504721e-03
0.545000 8.274682e-03
0.555000 -1.272009e-03
0.565000 6.969146e-03
0.575000 2.631632e-03
0.585000 -6.677940e-03
0.595000 -1.372422e-02
0.605000 -7.630230e-03
0.615000 -4.402833e-03
0.625000 -7.626148e-03
0.635000 1.510772e-02
0.645000 -4.988253e-03
0.655000 7.560252e-03
0.665000 1.012936e-02
0.675000 -2.128887e-03
0.685000 -4.131368e-04
0.695000 4.991022e-03
0.705000 6.445814e-04
0.715000 -1.268887e-02
0.725000 1.126114e-02
0.735000 1.743947e-02
0.745000 8.079491e-03
0.755000 6.797291e-03
0.765000 2.008399e-03
0.775000 9.969234e-04
0.785000 -6.680824e-03
0.795000 -2.338698e-03
0.805000 2.237517e-03
0.815000 -9.458645e-03
0.825000 6.531291e-03
0.835000 1.038023e-03
0.845000 -1.487622e-03
0.855000 -7.254544e-03
0.865000 -8.583510e-03
0.875000 -1.894801e-03
0.885000 -9.928702e-03
0.895000 1.169617e-03
0.905000 6.832146e-03
0.915000 8.743906e-03
0.925000 9.219385e-03
0.935000 -7.721146e-03
0.945000 -5.292121e-03
0.955000 -1.298416e-02
0.965000 -5.406008e-03
0.975000 2.853292e-03
0.985000 -4.778419e-03
0.995000 -7.150539e-03
1.005000 9.725975e-03
1.015000 -1.786951e-03
1.025000 5.128668e-03
1.035000 8.497493e-03
1.045000 -2.516740e-04
1.055000 7.805838e-04
1.065000 4.991446e-03
1.075000 -6.557224e-03
1.085000 -3.846604e-03
1.095000 -1.468254e-03
