0.005000 0.000000e+00
0.015000 0.000000e+00
0.025000 0.000000e+00
0.035000 0.000000e+00
0.045000 0.000000e+00
0.055000 0.000000e+00
0.065000 0.000000e+00
0.075000 0.000000e+00
0.085000 0.000000e+00
0.095000 0.000000e+00
0.105000 0.000000e+00
0.115000 0.000000e+00
0.125000 0.000000e+00
0.135000 0.000000e+00
0.145000 0.000000e+00
0.155000 0.000000e+00
0.165000 0.000000e+00
0.175000 0.000000e+00
0.185000 0.000000e+00
0.195000 0.000000e+00
0.205000 -8.950257e-01
0.215000 -9.624236e-01
0.225000 -1.190303e+00
0.235000 -1.022607e+00
0.245000 -1.037672e+00
0.255000 -9.655386e-01
0.265000 -6.304915e-01
0.275000 -3.744799e-01
0.285000 -4.713301e-01
0.295000 -2.489450e-01
0.305000 -1.476095e-01
0.315000 -9.749597e-02
0.325000 2.490516e-02
0.335000 1.133355e-01
0.345000 1.565224e-01
0.355000 1.730549e-01
0.365000 3.571099e-01
0.375000 3.595627e-01
0.385000 4.453354e-01
0.395000 4.918475e-01
0.405000 5.666454e-01
0.415000 5.195654e-01
0.425000 5.536047e-01
0.435000 5.359822e-01
0.445000 4.703507e-01
0.455000 3.925928e-01
0.465000 3.184628e-01
0.475000 1.539860e-01
0.485000 4.390794e-02
0.495000 -1.672487e-02
0.505000 -1.103204e-01
0.515000 -1.576670e-01
0.525000 -2.925210e-01
0.535000 -3.133686e-01
0.545000 -3.187473e-01
0.555000 -2.964093e-01
0.565000 -2.471292e-01
0.575000 -2.069737e-01
0.585000 -1.353645e-01
0.595000 -8.186384e-02
0.605000 -5.706437e-02
0.615000 -5.417417e-02
0.625000 -1.005468e-02
0.635000 9.516179e-02
0.645000 9.090964e-02
0.655000 1.291275e-01
0.665000 1.051226e-01
0.675000 1.413635e-01
0.685000 1.203994e-01
0.695000 6.807795e-02
0.705000 9.583653e-02
0.715000 4.668737e-02
0.725000 5.538659e-02
0.735000 -5.947346e-03
0.745000 -1.488378e-02
0.755000 -1.385632e-02
0.765000 -3.914285e-03
0.775000 -2.232280e-02
0.785000 -2.134067e-02
0.795000 -2.170342e-02
0.805000 -2.386719e-02
0.815000 -6.947009e-04
0.825000 -5.485161e-03
0.835000 -3.967588e-02
0.845000 -3.982546e-02
0.855000 3.019054e-02
0.865000 -2.629094e-03
0.875000 -3.811760e-02
0.885000 -7.332957e-03
0.895000 -2.758864e-02
0.905000 2.902343e-02
0.915000 -2.708996e-02
0.925000 2.668757e-03
0.935000 -1.633088e-02
0.945000 2.367275e-02
0.955000 -4.180464e-02
0.965000 -2.443945e-02
0.975000 -8.978077e-03
0.985000 -2.491249e-02
0.995000 -3.269211e-02
1.005000 9.960962e-03
1.015000 -2.676234e-02
1.025000 3.245713e-03
1.035000 7.022126e-02
1.045000 -1.406046e-02
1.055000 -4.355901e-03
1.065000 3.159206e-02
1.075000 2.435151e-03
1.085000 -4.640255e-03
1.095000 -6.498827e-03
