0.005000 -9.567659e-02
0.015000 -5.328747e-02
0.025000 -5.079399e-02
0.035000 3.897120e-02
0.045000 9.465051e-03
0.055000 -1.951218e-02
0.065000 1.920723e-03
0.075000 -8.666967e-03
0.085000 -2.050365e-02
0.095000 -1.835178e-02
0.105000 1.372596e-02
0.115000 -2.000733e-02
0.125000 1.862423e-02
0.135000 1.649405e-02
0.145000 1.887519e-02
0.155000 3.808800e-02
0.165000 2.014420e-02
0.175000 1.305866e-02
0.185000 1.920221e-02
0.195000 2.456759e-02
0.205000 2.591434e-02
0.215000 1.089725e-02
0.225000 1.127075e-02
0.235000 -9.629519e-03
0.245000 3.816203e-03
0.255000 1.927201e-02
0.265000 -1.890095e-02
0.275000 -3.937020e-02
0.285000 4.590364e-03
0.295000 6.346188e-03
0.305000 -2.809985e-02
0.315000 -1.329129e-02
0.325000 -3.291990e-02
0.335000 -1.338848e-02
0.345000 4.127388e-03
0.355000 -6.920495e-03
0.365000 -7.045045e-03
0.375000 -9.310689e-03
0.385000 -1.201165e-02
0.395000 3.630180e-03
0.405000 8.986556e-03
0.415000 1.456602e-02
0.425000 4.199855e-03
0.435000 2.334212e-02
0.445000 5.235679e-03
0.455000 3.186985e-02
0.465000 1.835735e-02
0.475000 3.317748e-03
0.485000 2.170316e-02
0.495000 2.327668e-02
0.505000 1.433946e-02
0.515000 9.294608e-03
0.525000 -1.305708e-02
0.535000 6.979199e-03
0.545000 9.169029e-03
0.555000 9.614271e-04
0.565000 7.344208e-03
0.575000 -2.545703e-04
0.585000 -5.460283e-03
0.595000 -7.952095e-03
0.605000 -2.110001e-02
0.615000 -3.837716e-03
0.625000 -3.396912e-03
0.635000 1.989866e-03
0.645000 -1.031923e-02
0.655000 1.591331e-03
0.665000 -1.451869e-02
0.675000 1.477379e-03
0.685000 -4.695697e-03
0.695000 2.006917e-02
0.705000 -3.284832e-03
0.715000 7.678615e-03
0.725000 -8.306742e-04
0.735000 -1.615385e-03
0.745000 2.535536e-03
0.755000 -3.776208e-03
0.765000 2.207832e-03
0.775000 -9.873025e-03
0.785000 -1.240451e-02
0.795000 5.316239e-03
0.805000 1.094235e-02
0.815000 6.501402e-03
0.825000 -1.084569e-02
0.835000 1.945122e-03
0.845000 -9.486264e-03
0.855000 -8.911241e-03
0.865000 -2.987488e-03
0.875000 6.498671e-03
0.885000 -3.181096e-03
0.895000 -1.269893e-02
0.905000 3.042904e-03
0.915000 -1.300676e-02
0.925000 2.300736e-03
0.935000 2.003899e-03
0.945000 -1.030263e-02
0.955000 7.045602e-03
0.965000 -7.738590e-03
0.975000 9.778521e-04
0.985000 -2.176842e-03
0.995000 -8.299269e-03
1.005000 3.402070e-03
1.015000 -5.159615e-03
1.025000 2.010127e-04
1.035000 -4.589086e-04
1.045000 8.066821e-03
1.055000 -3.001926e-03
1.065000 -4.011817e-03
1.075000 -3.854760e-03
1.085000 -4.183206e-03
1.095000 6.520878e-04
