0.005000 0.000000e+00
0.015000 0.000000e+00
0.025000 0.000000e+00
0.035000 0.000000e+00
0.045000 0.000000e+00
0.055000 0.000000e+00
0.065000 0.000000e+00
0.075000 0.000000e+00
0.085000 0.000000e+00
0.095000 0.000000e+00
0.105000 0.000000e+00
0.115000 0.000000e+00
0.125000 0.000000e+00
0.135000 0.000000e+00
0.145000 0.000000e+00
0.155000 0.000000e+00
0.165000 0.000000e+00
0.175000 0.000000e+00
0.185000 1.074529e+00
0.195000 8.545474e-02
0.205000 3.770980e-01
0.215000 1.543311e+00
0.225000 7.747556e-01
0.235000 1.791754e-01
0.245000 1.086011e-01
0.255000 -1.067988e-01
0.265000 -2.170863e-01
0.275000 1.287676e-01
0.285000 1.704302e-01
0.295000 1.209662e-01
0.305000 7.338722e-02
0.315000 5.276744e-02
0.325000 2.637234e-02
0.335000 -7.923208e-03
0.345000 -9.339911e-02
0.355000 -5.503936e-02
0.365000 -8.139887e-02
0.375000 -1.014557e-01
0.385000 -1.479849e-01
0.395000 -1.488689e-01
0.405000 -1.439161e-01
0.415000 -1.462329e-01
0.425000 -1.168059e-01
0.435000 -1.121714e-01
0.445000 -9.217502e-02
0.455000 -1.007660e-01
0.465000 -3.085971e-02
0.475000 6.454160e-03
0.485000 -1.140327e-02
0.495000 8.301925e-03
0.505000 -6.379718e-03
0.515000 2.920178e-02
0.525000 8.738538e-04
0.535000 6.325871e-02
0.545000 5.920005e-02
0.555000 5.361966e-02
0.565000 2.083238e-02
0.575000 -5.825929e-03
0.585000 1.840280e-02
0.595000 1.423874e-02
0.605000 1.377393e-02
0.615000 1.767079e-02
0.625000 -1.883595e-02
0.635000 1.290576e-02
0.645000 -3.316657e-03
0.655000 -9.912439e-03
0.665000 -1.491027e-02
0.675000 -2.487486e-02
0.685000 -2.666463e-02
0.695000 -2.222926e-03
0.705000 1.573193e-02
0.715000 -2.963842e-02
0.725000 -2.915255e-02
0.735000 -6.767679e-03
0.745000 1.124952e-02
0.755000 -8.288219e-03
0.765000 5.900102e-04
0.775000 7.991850e-03
0.785000 1.279023e-03
0.795000 -8.868933e-03
0.805000 2.811851e-03
0.815000 -6.595242e-03
0.825000 -1.186481e-02
0.835000 1.765150e-02
0.845000 -1.805201e-02
0.855000 1.377103e-02
0.865000 1.914223e-02
0.875000 -7.203879e-03
0.885000 -9.955027e-03
0.895000 -2.733524e-02
0.905000 2.537579e-02
0.915000 -2.993601e-02
0.925000 1.435634e-02
0.935000 3.217391e-02
0.945000 8.314204e-03
0.955000 -1.329989e-02
0.965000 -7.536781e-03
0.975000 3.444750e-03
0.985000 -1.594340e-02
0.995000 -1.398492e-02
1.005000 -3.737564e-03
1.015000 -1.228619e-02
1.025000 -5.171712e-03
1.035000 -6.535798e-03
1.045000 1.133143e-02
1.055000 2.096623e-02
1.065000 -2.128522e-04
1.075000 -8.275967e-04
1.085000 -6.369742e-03
1.095000 -6.719940e-03
