0.005000 0.000000e+00
0.015000 0.000000e+00
0.025000 0.000000e+00
0.035000 0.000000e+00
0.045000 0.000000e+00
0.055000 0.000000e+00
0.065000 0.000000e+00
0.075000 0.000000e+00
0.085000 0.000000e+00
0.095000 0.000000e+00
0.105000 0.000000e+00
0.115000 0.000000e+00
0.125000 0.000000e+00
0.135000 0.000000e+00
0.145000 0.000000e+00
0.155000 0.000000e+00
0.165000 0.000000e+00
0.175000 0.000000e+00
0.185000 1.070546e+00
0.195000 1.230458e-01
0.205000 7.294466e-01
0.215000 2.517543e+00
0.225000 1.608794e+00
0.235000 2.134641e-01
0.245000 -1.631969e-01
0.255000 -4.243618e-01
0.265000 -5.358889e-01
0.275000 -1.259672e-01
0.285000 1.227198e-02
0.295000 7.885229e-02
0.305000 1.077925e-01
0.315000 9.804345e-02
0.325000 1.156222e-01
0.335000 8.421621e-02
0.345000 1.135374e-01
0.355000 7.152037e-02
0.365000 6.535506e-02
0.375000 7.386179e-02
0.385000 4.969480e-02
0.395000 2.052603e-02
0.405000 -1.332510e-02
0.415000 -2.648862e-02
0.425000 -6.148029e-02
0.435000 -2.206616e-02
0.445000 -5.539490e-02
0.455000 -3.986814e-02
0.465000 -4.102198e-02
0.475000 -1.842395e-02
0.485000 -3.502784e-02
0.495000 3.257594e-02
0.505000 2.810148e-03
0.515000 9.641670e-03
0.525000 -2.892123e-03
0.535000 2.740993e-02
0.545000 3.536863e-02
0.555000 2.056831e-02
0.565000 3.236469e-02
0.575000 3.138885e-02
0.585000 9.250015e-03
0.595000 -4.846924e-03
0.605000 3.131346e-02
0.615000 2.953859e-03
0.625000 -1.480446e-02
0.635000 -4.684113e-03
0.645000 3.800932e-03
0.655000 -1.160372e-02
0.665000 -4.218068e-03
0.675000 -1.339441e-02
0.685000 2.023572e-03
0.695000 -2.308604e-02
0.705000 -3.599338e-02
0.715000 2.271388e-02
0.725000 1.701508e-02
0.735000 -1.824653e-03
0.745000 -2.878255e-02
0.755000 5.365298e-03
0.765000 -3.119544e-02
0.775000 -3.471821e-03
0.785000 -2.338446e-02
0.795000 -1.150193e-02
0.805000 4.302144e-03
0.815000 -1.984858e-02
0.825000 -4.923379e-03
0.835000 3.497012e-02
0.845000 4.726665e-03
0.855000 2.148884e-02
0.865000 -1.451273e-02
0.875000 -8.222556e-03
0.885000 1.976285e-02
0.895000 -1.537345e-03
0.905000 1.656665e-02
0.915000 6.701042e-03
0.925000 1.898622e-02
0.935000 -1.173337e-02
0.945000 5.321806e-03
0.955000 3.272858e-03
0.965000 -1.070487e-02
0.975000 7.837278e-03
0.985000 8.408308e-03
0.995000 -2.486625e-03
1.005000 2.847483e-03
1.015000 1.608727e-03
1.025000 8.207801e-04
1.035000 2.903724e-02
1.045000 -2.953772e-02
1.055000 -1.258495e-03
1.065000 -1.734323e-02
1.075000 -4.157012e-03
1.085000 9.541282e-03
1.095000 1.897327e-02
