0.005000 0.000000e+00
0.015000 0.000000e+00
0.025000 0.000000e+00
0.035000 0.000000e+00
0.045000 0.000000e+00
0.055000 0.000000e+00
0.065000 0.000000e+00
0.075000 0.000000e+00
0.085000 0.000000e+00
0.095000 0.000000e+00
0.105000 0.000000e+00
0.115000 0.000000e+00
0.125000 0.000000e+00
0.135000 0.000000e+00
0.145000 0.000000e+00
0.155000 0.000000e+00
0.165000 0.000000e+00
0.175000 0.000000e+00
0.185000 0.000000e+00
0.195000 0.000000e+00
0.205000 -7.560040e-01
0.215000 -6.790064e-01
0.225000 1.968306e+00
0.235000 9.213808e+00
0.245000 9.780436e+00
0.255000 4.695293e+00
0.265000 1.211145e+00
0.275000 -9.596011e-02
0.285000 -6.477764e-01
0.295000 -6.164711e-01
0.305000 -5.389436e-01
0.315000 -4.470903e-01
0.325000 -3.471727e-01
0.335000 -2.822083e-01
0.345000 -1.550340e-01
0.355000 -6.182627e-02
0.365000 1.489396e-02
0.375000 1.670536e-01
0.385000 2.481978e-01
0.395000 2.978022e-01
0.405000 4.050829e-01
0.415000 5.042305e-01
0.425000 4.604752e-01
0.435000 5.082935e-01
0.445000 3.670673e-01
0.455000 3.199654e-01
0.465000 2.347258e-01
0.475000 1.129318e-01
0.485000 2.710526e-02
0.495000 -7.949887e-02
0.505000 -9.030129e-02
0.515000 -1.385282e-01
0.525000 -2.726568e-01
0.535000 -2.726609e-01
0.545000 -3.031358e-01
0.555000 -2.387324e-01
0.565000 -2.528855e-01
0.575000 -1.513863e-01
0.585000 -1.521439e-01
0.595000 -8.327021e-02
0.605000 -2.147581e-02
0.615000 3.946876e-02
0.625000 2.282694e-03
0.635000 1.199413e-01
0.645000 9.117338e-02
0.655000 8.028661e-02
0.665000 1.154136e-01
0.675000 1.274888e-01
0.685000 1.136597e-01
0.695000 8.476295e-02
0.705000 8.912324e-02
0.715000 -1.647028e-02
0.725000 -1.811227e-03
0.735000 4.667025e-02
0.745000 3.343433e-02
0.755000 7.955612e-03
0.765000 -1.854122e-02
0.775000 -5.304798e-02
0.785000 2.415505e-02
0.795000 1.208107e-02
0.805000 -4.766731e-02
0.815000 9.994864e-03
0.825000 -3.046040e-02
0.835000 1.151668e-02
0.845000 -3.819970e-04
0.855000 1.769772e-02
0.865000 4.439687e-02
0.875000 2.096748e-02
0.885000 5.593978e-03
0.895000 1.323232e-02
0.905000 2.652024e-02
0.915000 -4.490590e-02
0.925000 5.469255e-02
0.935000 2.860231e-03
0.945000 5.006397e-02
0.955000 -3.934700e-02
0.965000 -2.718039e-02
0.975000 1.595519e-02
0.985000 -2.055637e-02
0.995000 -1.138891e-02
1.005000 4.075055e-03
1.015000 3.279911e-02
1.025000 1.729018e-02
1.035000 -2.146517e-02
1.045000 -3.108411e-03
1.055000 -3.199486e-02
1.065000 2.375068e-02
1.075000 -9.021249e-03
1.085000 -6.368544e-03
1.095000 -2.024359e-02
