0.005000 0.000000e+00
0.015000 0.000000e+00
0.025000 0.000000e+00
0.035000 0.000000e+00
0.045000 0.000000e+00
0.055000 0.000000e+00
0.065000 0.000000e+00
0.075000 0.000000e+00
0.085000 0.000000e+00
0.095000 0.000000e+00
0.105000 0.000000e+00
0.115000 0.000000e+00
0.125000 0.000000e+00
0.135000 0.000000e+00
0.145000 0.000000e+00
0.155000 0.000000e+00
0.165000 0.000000e+00
0.175000 0.000000e+00
0.185000 1.076473e+00
0.195000 9.206669e-02
0.205000 3.627226e-01
0.215000 1.453827e+00
0.225000 8.333098e-01
0.235000 1.281305e-01
0.245000 8.468006e-02
0.255000 -9.823778e-02
0.265000 -2.154727e-01
0.275000 7.226816e-02
0.285000 1.737955e-01
0.295000 1.274693e-01
0.305000 6.045878e-02
0.315000 4.327352e-02
0.325000 1.103606e-03
0.335000 -5.190935e-04
0.345000 -7.178219e-02
0.355000 -6.507811e-02
0.365000 -6.088497e-02
0.375000 -1.247206e-01
0.385000 -1.128769e-01
0.395000 -1.173661e-01
0.405000 -1.345785e-01
0.415000 -9.315970e-02
0.425000 -8.565406e-02
0.435000 -1.175991e-01
0.445000 -6.522133e-02
0.455000 -5.973627e-02
0.465000 -1.829879e-02
0.475000 -1.971605e-02
0.485000 -2.220997e-02
0.495000 1.285641e-02
0.505000 2.340278e-02
0.515000 5.826408e-02
0.525000 3.750163e-02
0.535000 4.775883e-02
0.545000 4.572387e-02
0.555000 4.247057e-02
0.565000 2.868157e-02
0.575000 3.947052e-02
0.585000 3.104934e-02
0.595000 4.062921e-02
0.605000 4.409253e-02
0.615000 1.027884e-02
0.625000 9.167982e-03
0.635000 -4.434728e-04
0.645000 7.745653e-03
0.655000 2.382211e-02
0.665000 5.901748e-04
0.675000 6.175763e-03
0.685000 1.533512e-02
0.695000 -5.787112e-03
0.705000 2.488948e-05
0.715000 4.171316e-03
0.725000 7.065228e-03
0.735000 4.780370e-03
0.745000 2.956320e-03
0.755000 2.732551e-03
0.765000 2.008564e-02
0.775000 -2.243032e-03
0.785000 1.624660e-03
0.795000 -4.639861e-03
0.805000 1.705721e-03
0.815000 2.682512e-03
0.825000 -1.427454e-02
0.835000 -3.318234e-03
0.845000 7.278400e-03
0.855000 -1.791152e-04
0.865000 -9.237045e-03
0.875000 1.696283e-02
0.885000 4.440051e-03
0.895000 -3.382431e-03
0.905000 -1.301103e-03
0.915000 6.817033e-03
0.925000 6.999946e-03
0.935000 1.814344e-02
0.945000 2.394041e-03
0.955000 2.494208e-03
0.965000 -2.600372e-03
0.975000 -7.777658e-03
0.985000 -1.206505e-02
0.995000 1.930846e-02
1.005000 1.544446e-02
1.015000 9.595819e-03
1.025000 5.973632e-03
1.035000 8.417644e-03
1.045000 -1.595416e-02
1.055000 4.097133e-03
1.065000 8.421539e-03
1.075000 -3.350022e-03
1.085000 5.383116e-03
1.095000 3.910768e-03
