0.000000 0.000000
0.010000 0.000000
0.020000 0.000000
0.030000 0.000000
0.040000 0.000000
0.050000 0.000000
0.060000 0.000000
0.070000 0.000000
0.080000 0.000000
0.090000 0.000000
0.100000 0.000000
0.110000 0.000000
0.120000 0.000000
0.130000 0.000000
0.140000 0.000000
0.150000 0.000000
0.160000 0.000000
0.170000 0.000000
0.180000 0.000000
0.190000 0.000000
0.200000 0.000000
0.210000 0.000000
0.220000 0.000000
0.230000 0.000000
0.240000 0.000740
0.250000 0.109649
0.260000 1.169693
0.270000 2.816520
0.280000 2.899230
0.290000 2.054726
0.300000 1.348126
0.310000 1.002645
0.320000 0.858785
0.330000 0.807146
0.340000 0.807607
0.350000 0.826721
0.360000 0.850907
0.370000 0.878616
0.380000 0.911562
0.390000 0.946103
0.400000 0.982814
0.410000 1.014894
0.420000 1.043343
0.430000 1.073276
0.440000 1.087598
0.450000 1.095700
0.460000 1.102447
0.470000 1.092406
0.480000 1.079038
0.490000 1.056650
0.500000 1.034994
0.510000 1.008076
0.520000 0.983205
0.530000 0.960928
0.540000 0.937763
0.550000 0.914600
0.560000 0.908406
0.570000 0.904438
0.580000 0.911437
0.590000 0.924329
0.600000 0.940443
0.610000 0.958627
0.620000 0.974891
0.630000 0.989349
0.640000 1.004611
0.650000 1.019686
0.660000 1.026951
0.670000 1.033577
0.680000 1.036628
0.690000 1.036600
0.700000 1.035597
0.710000 1.029202
0.720000 1.024893
0.730000 1.015160
0.740000 1.008317
0.750000 1.001310
0.760000 0.993219
0.770000 0.988422
0.780000 0.984089
0.790000 0.982481
0.800000 0.984069
0.810000 0.983569
0.820000 0.981669
0.830000 0.988780
0.840000 0.991248
0.850000 0.993639
0.860000 0.996276
0.870000 0.996887
0.880000 0.995624
0.890000 0.994646
0.900000 0.994523
0.910000 0.994944
0.920000 0.993217
0.930000 0.993723
0.940000 0.993190
0.950000 0.994127
0.960000 0.993479
0.970000 0.992908
0.980000 0.993943
0.990000 0.993064
1.000000 0.992117
1.010000 0.993510
1.020000 0.993985
1.030000 0.995915
1.040000 0.996867
1.050000 0.996186
1.060000 0.997799
1.070000 0.997715
1.080000 0.997970
1.090000 0.997797
1.100000 0.998765
