0.000000 0.000000
0.010000 0.000000
0.020000 0.000000
0.030000 0.000000
0.040000 0.000000
0.050000 0.000000
0.060000 0.000000
0.070000 0.000000
0.080000 0.000000
0.090000 0.000000
0.100000 0.000000
0.110000 0.000000
0.120000 0.000000
0.130000 0.000000
0.140000 0.000000
0.150000 0.000000
0.160000 0.000000
0.170000 0.000000
0.180000 0.000000
0.190000 0.000000
0.200000 0.000000
0.210000 0.000000
0.220000 0.000000
0.230000 0.000000
0.240000 0.000569
0.250000 0.083925
0.260000 1.005251
0.270000 2.642165
0.280000 2.920488
0.290000 2.155285
0.300000 1.454222
0.310000 1.078638
0.320000 0.918305
0.330000 0.864015
0.340000 0.857007
0.350000 0.864742
0.360000 0.876577
0.370000 0.895982
0.380000 0.923219
0.390000 0.948526
0.400000 0.972006
0.410000 0.999466
0.420000 1.025042
0.430000 1.049388
0.440000 1.065572
0.450000 1.073157
0.460000 1.079021
0.470000 1.073896
0.480000 1.064750
0.490000 1.049825
0.500000 1.031048
0.510000 1.014887
0.520000 0.990025
0.530000 0.972793
0.540000 0.953612
0.550000 0.936479
0.560000 0.927707
0.570000 0.925131
0.580000 0.929945
0.590000 0.943024
0.600000 0.957005
0.610000 0.971207
0.620000 0.988867
0.630000 0.998052
0.640000 1.013267
0.650000 1.023814
0.660000 1.029468
0.670000 1.032732
0.680000 1.038382
0.690000 1.037881
0.700000 1.037008
0.710000 1.031798
0.720000 1.026480
0.730000 1.018878
0.740000 1.012711
0.750000 1.007649
0.760000 1.000811
0.770000 0.995121
0.780000 0.994073
0.790000 0.990824
0.800000 0.990321
0.810000 0.991698
0.820000 0.990849
0.830000 0.994120
0.840000 0.997302
0.850000 1.000755
0.860000 1.001232
0.870000 1.001038
0.880000 1.002670
0.890000 1.001075
0.900000 1.000352
0.910000 1.002133
0.920000 1.001433
0.930000 1.000685
0.940000 1.003990
0.950000 1.000881
0.960000 1.001532
0.970000 1.000767
0.980000 1.000267
0.990000 1.000959
1.000000 1.000376
1.010000 1.000648
1.020000 1.001778
1.030000 1.003916
1.040000 1.002637
1.050000 1.003983
1.060000 1.005030
1.070000 1.004859
1.080000 1.005062
1.090000 1.004168
1.100000 1.004408
