0.000000 0.000000
0.010000 0.000000
0.020000 0.000000
0.030000 0.000000
0.040000 0.000000
0.050000 0.000000
0.060000 0.000000
0.070000 0.000000
0.080000 0.000000
0.090000 0.000000
0.100000 0.000000
0.110000 0.000000
0.120000 0.000000
0.130000 0.000000
0.140000 0.000000
0.150000 0.000000
0.160000 0.000000
0.170000 0.000000
0.180000 0.000000
0.190000 0.000000
0.200000 0.000000
0.210000 0.000000
0.220000 0.000000
0.230000 0.000000
0.240000 0.000607
0.250000 0.093045
0.260000 1.063704
0.270000 2.690789
0.280000 2.912424
0.290000 2.117566
0.300000 1.409373
0.310000 1.043718
0.320000 0.883608
0.330000 0.836418
0.340000 0.834365
0.350000 0.844722
0.360000 0.865623
0.370000 0.892336
0.380000 0.920769
0.390000 0.949631
0.400000 0.977005
0.410000 1.010629
0.420000 1.039967
0.430000 1.064381
0.440000 1.082123
0.450000 1.093807
0.460000 1.091628
0.470000 1.084184
0.480000 1.074096
0.490000 1.046271
0.500000 1.032112
0.510000 1.006500
0.520000 0.982046
0.530000 0.964677
0.540000 0.945428
0.550000 0.930785
0.560000 0.917281
0.570000 0.917079
0.580000 0.923732
0.590000 0.935038
0.600000 0.952682
0.610000 0.969079
0.620000 0.986481
0.630000 1.000254
0.640000 1.012193
0.650000 1.021867
0.660000 1.030763
0.670000 1.038745
0.680000 1.040144
0.690000 1.037569
0.700000 1.036720
0.710000 1.032503
0.720000 1.024672
0.730000 1.018825
0.740000 1.010444
0.750000 1.004486
0.760000 0.998878
0.770000 0.992200
0.780000 0.989278
0.790000 0.990898
0.800000 0.987744
0.810000 0.988122
0.820000 0.989369
0.830000 0.993066
0.840000 0.995228
0.850000 0.998488
0.860000 1.000088
0.870000 1.001222
0.880000 1.002756
0.890000 1.002465
0.900000 1.000439
0.910000 1.000595
0.920000 1.001613
0.930000 1.000992
0.940000 1.003257
0.950000 1.001294
0.960000 1.001194
0.970000 0.999266
0.980000 0.998776
0.990000 0.999005
1.000000 0.999072
1.010000 1.000004
1.020000 0.999951
1.030000 1.002243
1.040000 1.002074
1.050000 1.002824
1.060000 1.003054
1.070000 1.004727
1.080000 1.004724
1.090000 1.003305
1.100000 1.004754
