0.000000 0.000000
0.010000 0.000000
0.020000 0.000000
0.030000 0.000000
0.040000 0.000000
0.050000 0.000000
0.060000 0.000000
0.070000 0.000000
0.080000 0.000000
0.090000 0.000000
0.100000 0.000000
0.110000 0.000000
0.120000 0.000000
0.130000 0.000000
0.140000 0.000000
0.150000 0.000000
0.160000 0.000000
0.170000 0.000000
0.180000 0.000000
0.190000 0.000000
0.200000 0.000000
0.210000 0.000000
0.220000 0.000000
0.230000 0.000000
0.240000 0.000626
0.250000 0.095562
0.260000 1.084543
0.270000 2.721323
0.280000 2.925041
0.290000 2.109125
0.300000 1.400365
0.310000 1.027468
0.320000 0.873547
0.330000 0.826790
0.340000 0.821044
0.350000 0.830775
0.360000 0.855225
0.370000 0.887495
0.380000 0.913049
0.390000 0.939339
0.400000 0.980337
0.410000 1.008704
0.420000 1.038784
0.430000 1.064295
0.440000 1.080870
0.450000 1.094815
0.460000 1.095769
0.470000 1.090987
0.480000 1.076353
0.490000 1.057467
0.500000 1.035108
0.510000 1.010128
0.520000 0.986310
0.530000 0.964834
0.540000 0.941728
0.550000 0.924987
0.560000 0.916207
0.570000 0.913246
0.580000 0.918940
0.590000 0.930241
0.600000 0.948928
0.610000 0.963412
0.620000 0.979539
0.630000 0.996468
0.640000 1.008800
0.650000 1.018486
0.660000 1.028977
0.670000 1.033582
0.680000 1.039281
0.690000 1.038949
0.700000 1.036244
0.710000 1.032674
0.720000 1.026936
0.730000 1.020331
0.740000 1.010319
0.750000 1.004960
0.760000 0.998163
0.770000 0.994360
0.780000 0.992490
0.790000 0.988189
0.800000 0.987374
0.810000 0.988860
0.820000 0.989300
0.830000 0.993148
0.840000 0.994447
0.850000 0.995892
0.860000 1.000688
0.870000 1.000154
0.880000 0.999312
0.890000 1.001102
0.900000 1.000693
0.910000 0.999679
0.920000 0.998096
0.930000 0.999135
0.940000 0.999923
0.950000 0.998947
0.960000 0.997238
0.970000 0.999265
0.980000 0.998968
0.990000 0.999648
1.000000 0.998950
1.010000 1.000029
1.020000 1.000104
1.030000 1.001938
1.040000 1.003504
1.050000 1.001031
1.060000 1.002326
1.070000 1.003665
1.080000 1.003170
1.090000 1.003791
1.100000 1.002817
