0.000000 0.000000
0.010000 0.000000
0.020000 0.000000
0.030000 0.000000
0.040000 0.000000
0.050000 0.000000
0.060000 0.000000
0.070000 0.000000
0.080000 0.000000
0.090000 0.000000
0.100000 0.000000
0.110000 0.000000
0.120000 0.000000
0.130000 0.000000
0.140000 0.000000
0.150000 0.000000
0.160000 0.000000
0.170000 0.000000
0.180000 0.000000
0.190000 0.000000
0.200000 0.000000
0.210000 0.000000
0.220000 0.000000
0.230000 0.000000
0.240000 0.000608
0.250000 0.092670
0.260000 1.063137
0.270000 2.687131
0.280000 2.882811
0.290000 2.093255
0.300000 1.398286
0.310000 1.034225
0.320000 0.875947
0.330000 0.831420
0.340000 0.825212
0.350000 0.837955
0.360000 0.863557
0.370000 0.893517
0.380000 0.921861
0.390000 0.944254
0.400000 0.983208
0.410000 1.015058
0.420000 1.040226
0.430000 1.068382
0.440000 1.090275
0.450000 1.100004
0.460000 1.100468
0.470000 1.091780
0.480000 1.076494
0.490000 1.055082
0.500000 1.030671
0.510000 1.008880
0.520000 0.983201
0.530000 0.960802
0.540000 0.941495
0.550000 0.923260
0.560000 0.910144
0.570000 0.912610
0.580000 0.920559
0.590000 0.934790
0.600000 0.950635
0.610000 0.964756
0.620000 0.982598
0.630000 0.995601
0.640000 1.008435
0.650000 1.019606
0.660000 1.027658
0.670000 1.037490
0.680000 1.035924
0.690000 1.038233
0.700000 1.036146
0.710000 1.032170
0.720000 1.025055
0.730000 1.017403
0.740000 1.012440
0.750000 1.004867
0.760000 0.999825
0.770000 0.994626
0.780000 0.990837
0.790000 0.987488
0.800000 0.988681
0.810000 0.990080
0.820000 0.990474
0.830000 0.994423
0.840000 0.995757
0.850000 0.996527
0.860000 0.999027
0.870000 1.001953
0.880000 1.001379
0.890000 1.000446
0.900000 1.000639
0.910000 1.000709
0.920000 1.000642
0.930000 0.999858
0.940000 1.001563
0.950000 1.000168
0.960000 1.000439
0.970000 0.999292
0.980000 1.000425
0.990000 0.999744
1.000000 0.999849
1.010000 1.000173
1.020000 1.002009
1.030000 1.003280
1.040000 1.002771
1.050000 1.003650
1.060000 1.003726
1.070000 1.005561
1.080000 1.005639
1.090000 1.005666
1.100000 1.005871
