0.000000 0.000000
0.010000 0.000000
0.020000 0.000000
0.030000 0.000000
0.040000 0.000000
0.050000 0.000000
0.060000 0.000000
0.070000 0.000000
0.080000 0.000000
0.090000 0.000000
0.100000 0.000000
0.110000 0.000000
0.120000 0.000000
0.130000 0.000000
0.140000 0.000000
0.150000 0.000000
0.160000 0.000000
0.170000 0.000000
0.180000 0.000000
0.190000 0.000000
0.200000 0.000000
0.210000 0.000000
0.220000 0.000000
0.230000 0.000000
0.240000 0.000568
0.250000 0.086701
0.260000 1.035561
0.270000 2.677822
0.280000 2.908320
0.290000 2.114032
0.300000 1.412575
0.310000 1.040223
0.320000 0.884589
0.330000 0.832971
0.340000 0.830987
0.350000 0.844726
0.360000 0.867618
0.370000 0.897057
0.380000 0.922204
0.390000 0.950580
0.400000 0.984275
0.410000 1.016893
0.420000 1.045682
0.430000 1.073105
0.440000 1.092150
0.450000 1.101792
0.460000 1.101542
0.470000 1.092181
0.480000 1.080486
0.490000 1.058144
0.500000 1.040376
0.510000 1.014618
0.520000 0.988664
0.530000 0.965015
0.540000 0.944782
0.550000 0.928133
0.560000 0.921682
0.570000 0.919175
0.580000 0.928384
0.590000 0.938028
0.600000 0.956912
0.610000 0.973564
0.620000 0.988493
0.630000 1.003973
0.640000 1.019485
0.650000 1.028911
0.660000 1.038777
0.670000 1.044353
0.680000 1.047069
0.690000 1.046262
0.700000 1.045940
0.710000 1.039646
0.720000 1.032215
0.730000 1.026564
0.740000 1.023982
0.750000 1.013771
0.760000 1.008168
0.770000 1.003632
0.780000 0.999800
0.790000 0.996967
0.800000 0.996669
0.810000 0.999105
0.820000 1.000862
0.830000 1.003470
0.840000 1.004162
0.850000 1.008188
0.860000 1.011153
0.870000 1.012065
0.880000 1.011017
0.890000 1.012066
0.900000 1.010667
0.910000 1.011221
0.920000 1.009278
0.930000 1.010443
0.940000 1.010723
0.950000 1.011862
0.960000 1.011720
0.970000 1.009938
0.980000 1.010701
0.990000 1.009403
1.000000 1.010714
1.010000 1.012153
1.020000 1.012648
1.030000 1.012881
1.040000 1.014693
1.050000 1.014921
1.060000 1.014321
1.070000 1.015595
1.080000 1.017455
1.090000 1.016653
1.100000 1.017043
