0.000000 0.000000
0.010000 0.000000
0.020000 0.000000
0.030000 0.000000
0.040000 0.000000
0.050000 0.000000
0.060000 0.000000
0.070000 0.000000
0.080000 0.000000
0.090000 0.000000
0.100000 0.000000
0.110000 0.000000
0.120000 0.000000
0.130000 0.000000
0.140000 0.000000
0.150000 0.000000
0.160000 0.000000
0.170000 0.000000
0.180000 0.000000
0.190000 0.000000
0.200000 0.000000
0.210000 0.000000
0.220000 0.000000
0.230000 0.000016
0.240000 0.000569
0.250000 0.095375
0.260000 1.087279
0.270000 2.721604
0.280000 2.916456
0.290000 2.115460
0.300000 1.411330
0.310000 1.037160
0.320000 0.879266
0.330000 0.832464
0.340000 0.823199
0.350000 0.839241
0.360000 0.863484
0.370000 0.882657
0.380000 0.919706
0.390000 0.945215
0.400000 0.973837
0.410000 1.006899
0.420000 1.040499
0.430000 1.066166
0.440000 1.080038
0.450000 1.094964
0.460000 1.096227
0.470000 1.090227
0.480000 1.076437
0.490000 1.060909
0.500000 1.037822
0.510000 1.012959
0.520000 0.988760
0.530000 0.965191
0.540000 0.946449
0.550000 0.930529
0.560000 0.918658
0.570000 0.915082
0.580000 0.921466
0.590000 0.936465
0.600000 0.948728
0.610000 0.967017
0.620000 0.985594
0.630000 1.000098
0.640000 1.013531
0.650000 1.023902
0.660000 1.032299
0.670000 1.036827
0.680000 1.038952
0.690000 1.039340
0.700000 1.037815
0.710000 1.035101
0.720000 1.027567
0.730000 1.020881
0.740000 1.014490
0.750000 1.005614
0.760000 0.998815
0.770000 0.994480
0.780000 0.992723
0.790000 0.989782
0.800000 0.988222
0.810000 0.989990
0.820000 0.992078
0.830000 0.994240
0.840000 0.997947
0.850000 1.001191
0.860000 1.002695
0.870000 1.003538
0.880000 1.002017
0.890000 1.001443
0.900000 1.002140
0.910000 1.001433
0.920000 1.002822
0.930000 0.998796
0.940000 1.001427
0.950000 1.001667
0.960000 1.001324
0.970000 1.000427
0.980000 1.002230
0.990000 1.001132
1.000000 1.001175
1.010000 1.002815
1.020000 1.003813
1.030000 1.003343
1.040000 1.004965
1.050000 1.005042
1.060000 1.005691
1.070000 1.005609
1.080000 1.005924
1.090000 1.006882
1.100000 1.006044
