0.000000 0.000000
0.010000 0.000000
0.020000 0.000000
0.030000 0.000000
0.040000 0.000000
0.050000 0.000000
0.060000 0.000000
0.070000 0.000000
0.080000 0.000000
0.090000 0.000000
0.100000 0.000000
0.110000 0.000000
0.120000 0.000000
0.130000 0.000000
0.140000 0.000000
0.150000 0.000000
0.160000 0.000000
0.170000 0.000000
0.180000 0.000000
0.190000 0.000000
0.200000 0.000000
0.210000 0.000000
0.220000 0.000000
0.230000 0.000000
0.240000 0.000605
0.250000 0.088130
0.260000 1.043217
0.270000 2.684232
0.280000 2.914243
0.290000 2.120277
0.300000 1.411007
0.310000 1.034841
0.320000 0.879272
0.330000 0.827446
0.340000 0.829334
0.350000 0.839458
0.360000 0.866384
0.370000 0.885871
0.380000 0.919272
0.390000 0.945749
0.400000 0.980898
0.410000 1.013659
0.420000 1.042560
0.430000 1.064928
0.440000 1.088422
0.450000 1.096887
0.460000 1.093432
0.470000 1.089030
0.480000 1.075816
0.490000 1.054981
0.500000 1.033799
0.510000 1.009147
0.520000 0.987833
0.530000 0.965486
0.540000 0.942787
0.550000 0.926724
0.560000 0.915423
0.570000 0.916392
0.580000 0.921683
0.590000 0.936597
0.600000 0.953491
0.610000 0.967510
0.620000 0.984749
0.630000 0.999479
0.640000 1.010295
0.650000 1.023741
0.660000 1.031212
0.670000 1.034159
0.680000 1.041134
0.690000 1.040048
0.700000 1.037443
0.710000 1.032927
0.720000 1.026661
0.730000 1.019425
0.740000 1.014647
0.750000 1.007323
0.760000 1.002119
0.770000 0.995695
0.780000 0.993473
0.790000 0.990505
0.800000 0.990196
0.810000 0.991420
0.820000 0.993293
0.830000 0.996378
0.840000 0.997453
0.850000 1.000159
0.860000 1.003184
0.870000 1.004656
0.880000 1.004394
0.890000 1.002311
0.900000 1.004289
0.910000 1.003333
0.920000 1.002316
0.930000 1.001639
0.940000 1.003205
0.950000 1.001372
0.960000 1.001450
0.970000 1.001387
0.980000 1.000803
0.990000 1.001204
1.000000 1.001726
1.010000 1.003078
1.020000 1.003308
1.030000 1.004611
1.040000 1.004199
1.050000 1.005962
1.060000 1.005681
1.070000 1.007422
1.080000 1.007049
1.090000 1.007748
1.100000 1.007082
