0.000000 0.000000
0.010000 0.000000
0.020000 0.000000
0.030000 0.000000
0.040000 0.000000
0.050000 0.000000
0.060000 0.000000
0.070000 0.000000
0.080000 0.000000
0.090000 0.000000
0.100000 0.000000
0.110000 0.000000
0.120000 0.000000
0.130000 0.000000
0.140000 0.000000
0.150000 0.000000
0.160000 0.000000
0.170000 0.000000
0.180000 0.000000
0.190000 0.000000
0.200000 0.000000
0.210000 0.000000
0.220000 0.000000
0.230000 0.000000
0.240000 0.000567
0.250000 0.095784
0.260000 1.088326
0.270000 2.716920
0.280000 2.923812
0.290000 2.104490
0.300000 1.408055
0.310000 1.039969
0.320000 0.884478
0.330000 0.832428
0.340000 0.830544
0.350000 0.844722
0.360000 0.862476
0.370000 0.891875
0.380000 0.916636
0.390000 0.947798
0.400000 0.978179
0.410000 1.007886
0.420000 1.042265
0.430000 1.065133
0.440000 1.080125
0.450000 1.096238
0.460000 1.097454
0.470000 1.090944
0.480000 1.077219
0.490000 1.056862
0.500000 1.032788
0.510000 1.011344
0.520000 0.985981
0.530000 0.968588
0.540000 0.944708
0.550000 0.930742
0.560000 0.915975
0.570000 0.915836
0.580000 0.921885
0.590000 0.934620
0.600000 0.951680
0.610000 0.968257
0.620000 0.983688
0.630000 1.000424
0.640000 1.011829
0.650000 1.022354
0.660000 1.032250
0.670000 1.038916
0.680000 1.042075
0.690000 1.041178
0.700000 1.038480
0.710000 1.033589
0.720000 1.027685
0.730000 1.022207
0.740000 1.015418
0.750000 1.007385
0.760000 0.999848
0.770000 0.995904
0.780000 0.992527
0.790000 0.990185
0.800000 0.990022
0.810000 0.990930
0.820000 0.991406
0.830000 0.993819
0.840000 0.996120
0.850000 0.999561
0.860000 0.999721
0.870000 1.003276
0.880000 1.002088
0.890000 1.001651
0.900000 1.002079
0.910000 1.002382
0.920000 1.002323
0.930000 1.001313
0.940000 1.001545
0.950000 1.000378
0.960000 1.002067
0.970000 1.001268
0.980000 1.000914
0.990000 1.001892
1.000000 1.001557
1.010000 1.002277
1.020000 1.004568
1.030000 1.004866
1.040000 1.004062
1.050000 1.004744
1.060000 1.005989
1.070000 1.006858
1.080000 1.005229
1.090000 1.004860
1.100000 1.006692
