0.000000 0.000000
0.010000 0.000000
0.020000 0.000000
0.030000 0.000000
0.040000 0.000000
0.050000 0.000000
0.060000 0.000000
0.070000 0.000000
0.080000 0.000000
0.090000 0.000000
0.100000 0.000000
0.110000 0.000000
0.120000 0.000000
0.130000 0.000000
0.140000 0.000000
0.150000 0.000000
0.160000 0.000000
0.170000 0.000000
0.180000 0.000000
0.190000 0.000000
0.200000 0.000000
0.210000 0.000000
0.220000 0.000000
0.230000 0.000000
0.240000 0.000853
0.250000 0.098131
0.260000 1.068182
0.270000 2.699610
0.280000 2.911332
0.290000 2.093233
0.300000 1.405536
0.310000 1.030733
0.320000 0.880611
0.330000 0.832997
0.340000 0.824097
0.350000 0.842781
0.360000 0.868581
0.370000 0.892861
0.380000 0.918732
0.390000 0.953207
0.400000 0.979908
0.410000 1.015626
0.420000 1.041439
0.430000 1.067910
0.440000 1.086150
0.450000 1.095831
0.460000 1.097277
0.470000 1.090321
0.480000 1.070318
0.490000 1.054396
0.500000 1.033087
0.510000 1.006296
0.520000 0.983191
0.530000 0.961044
0.540000 0.940951
0.550000 0.924778
0.560000 0.911734
0.570000 0.914020
0.580000 0.918645
0.590000 0.933602
0.600000 0.949189
0.610000 0.968246
0.620000 0.986325
0.630000 0.996843
0.640000 1.012521
0.650000 1.022274
0.660000 1.032168
0.670000 1.035647
0.680000 1.038301
0.690000 1.039419
0.700000 1.036640
0.710000 1.033247
0.720000 1.026362
0.730000 1.018158
0.740000 1.013268
0.750000 1.004264
0.760000 0.999724
0.770000 0.991483
0.780000 0.988943
0.790000 0.988708
0.800000 0.988633
0.810000 0.987071
0.820000 0.989786
0.830000 0.990088
0.840000 0.993719
0.850000 0.996880
0.860000 0.997287
0.870000 1.001202
0.880000 1.001882
0.890000 1.002356
0.900000 1.000444
0.910000 0.999689
0.920000 1.000722
0.930000 1.000703
0.940000 1.001009
0.950000 1.000292
0.960000 0.997964
0.970000 0.999041
0.980000 0.997897
0.990000 0.997386
1.000000 0.998905
1.010000 0.998882
1.020000 0.999906
1.030000 1.000724
1.040000 1.001764
1.050000 1.001709
1.060000 1.003554
1.070000 1.003619
1.080000 1.003994
1.090000 1.003926
1.100000 1.004092
