0.000000 0.000000
0.010000 0.000000
0.020000 0.000000
0.030000 0.000000
0.040000 0.000000
0.050000 0.000000
0.060000 0.000000
0.070000 0.000000
0.080000 0.000000
0.090000 0.000000
0.100000 0.000000
0.110000 0.000000
0.120000 0.000000
0.130000 0.000000
0.140000 0.000000
0.150000 0.000000
0.160000 0.000000
0.170000 0.000000
0.180000 0.000000
0.190000 0.000000
0.200000 0.000000
0.210000 0.000000
0.220000 0.000000
0.230000 0.000000
0.240000 0.000498
0.250000 0.090454
0.260000 1.081920
0.270000 2.733070
0.280000 2.933336
0.290000 2.119363
0.300000 1.406830
0.310000 1.036538
0.320000 0.877429
0.330000 0.828869
0.340000 0.824644
0.350000 0.836918
0.360000 0.858309
0.370000 0.884377
0.380000 0.913320
0.390000 0.944023
0.400000 0.975581
0.410000 1.009590
0.420000 1.036700
0.430000 1.061606
0.440000 1.082055
0.450000 1.094405
0.460000 1.095901
0.470000 1.090538
0.480000 1.075751
0.490000 1.057438
0.500000 1.031611
0.510000 1.009246
0.520000 0.987233
0.530000 0.964778
0.540000 0.946130
0.550000 0.927422
0.560000 0.916426
0.570000 0.913685
0.580000 0.919276
0.590000 0.932504
0.600000 0.947745
0.610000 0.965678
0.620000 0.981988
0.630000 0.997134
0.640000 1.010504
0.650000 1.021099
0.660000 1.028721
0.670000 1.035813
0.680000 1.038827
0.690000 1.039266
0.700000 1.037693
0.710000 1.033002
0.720000 1.027243
0.730000 1.020329
0.740000 1.011990
0.750000 1.005873
0.760000 0.999920
0.770000 0.994766
0.780000 0.989538
0.790000 0.988292
0.800000 0.987778
0.810000 0.987937
0.820000 0.990042
0.830000 0.992302
0.840000 0.995155
0.850000 0.996884
0.860000 0.998125
0.870000 1.000086
0.880000 1.000777
0.890000 0.999634
0.900000 0.999434
0.910000 0.998712
0.920000 0.998882
0.930000 0.999454
0.940000 0.999057
0.950000 0.999231
0.960000 0.998559
0.970000 0.999040
0.980000 0.998934
0.990000 0.999298
1.000000 0.999064
1.010000 0.999376
1.020000 1.000108
1.030000 1.001419
1.040000 1.001421
1.050000 1.002258
1.060000 1.002979
1.070000 1.003140
1.080000 1.003693
1.090000 1.003530
1.100000 1.002971
