0.000000 0.000000
0.010000 0.000000
0.020000 0.000000
0.030000 0.000000
0.040000 0.000000
0.050000 0.000000
0.060000 0.000000
0.070000 0.000000
0.080000 0.000000
0.090000 0.000000
0.100000 0.000000
0.110000 0.000000
0.120000 0.000000
0.130000 0.000000
0.140000 0.000000
0.150000 0.000000
0.160000 0.000000
0.170000 0.000000
0.180000 0.000000
0.190000 0.000000
0.200000 0.000000
0.210000 0.000000
0.220000 0.000000
0.230000 0.000000
0.240000 0.000714
0.250000 0.106177
0.260000 1.147257
0.270000 2.764024
0.280000 2.901069
0.290000 2.067385
0.300000 1.373740
0.310000 1.023192
0.320000 0.877152
0.330000 0.828264
0.340000 0.831987
0.350000 0.844613
0.360000 0.866422
0.370000 0.889406
0.380000 0.924645
0.390000 0.952794
0.400000 0.982914
0.410000 1.015379
0.420000 1.043929
0.430000 1.065923
0.440000 1.082462
0.450000 1.091976
0.460000 1.094137
0.470000 1.086128
0.480000 1.074315
0.490000 1.049344
0.500000 1.029313
0.510000 1.002516
0.520000 0.979863
0.530000 0.957908
0.540000 0.938795
0.550000 0.919074
0.560000 0.908140
0.570000 0.907324
0.580000 0.914332
0.590000 0.927346
0.600000 0.943239
0.610000 0.960030
0.620000 0.976969
0.630000 0.995861
0.640000 1.007316
0.650000 1.018233
0.660000 1.028825
0.670000 1.036822
0.680000 1.037741
0.690000 1.039568
0.700000 1.034151
0.710000 1.029881
0.720000 1.025036
0.730000 1.017528
0.740000 1.009408
0.750000 1.001684
0.760000 0.996426
0.770000 0.989195
0.780000 0.984612
0.790000 0.984433
0.800000 0.981560
0.810000 0.983713
0.820000 0.983715
0.830000 0.985374
0.840000 0.989023
0.850000 0.991238
0.860000 0.992402
0.870000 0.993850
0.880000 0.992362
0.890000 0.992817
0.900000 0.992153
0.910000 0.991719
0.920000 0.993325
0.930000 0.993010
0.940000 0.991671
0.950000 0.992015
0.960000 0.992689
0.970000 0.992029
0.980000 0.991850
0.990000 0.992011
1.000000 0.992531
1.010000 0.993073
1.020000 0.992908
1.030000 0.993817
1.040000 0.995399
1.050000 0.996568
1.060000 0.996028
1.070000 0.995670
1.080000 0.996389
1.090000 0.995608
1.100000 0.996183
