0.000000 0.000000
0.010000 0.000000
0.020000 0.000000
0.030000 0.000000
0.040000 0.000000
0.050000 0.000000
0.060000 0.000000
0.070000 0.000000
0.080000 0.000000
0.090000 0.000000
0.100000 0.000000
0.110000 0.000000
0.120000 0.000000
0.130000 0.000000
0.140000 0.000000
0.150000 0.000000
0.160000 0.000000
0.170000 0.000000
0.180000 0.000000
0.190000 0.000000
0.200000 0.000000
0.210000 0.000000
0.220000 0.000000
0.230000 0.000000
0.240000 0.000452
0.250000 0.090257
0.260000 1.047143
0.270000 2.679766
0.280000 2.923787
0.290000 2.138829
0.300000 1.442766
0.310000 1.056180
0.320000 0.904424
0.330000 0.850730
0.340000 0.847164
0.350000 0.857314
0.360000 0.879960
0.370000 0.897967
0.380000 0.917494
0.390000 0.947444
0.400000 0.976279
0.410000 1.002902
0.420000 1.025366
0.430000 1.051517
0.440000 1.071475
0.450000 1.083287
0.460000 1.080417
0.470000 1.078422
0.480000 1.065645
0.490000 1.048870
0.500000 1.026061
0.510000 1.006599
0.520000 0.985745
0.530000 0.970241
0.540000 0.948142
0.550000 0.933870
0.560000 0.923805
0.570000 0.923296
0.580000 0.928917
0.590000 0.939159
0.600000 0.957084
0.610000 0.970172
0.620000 0.988158
0.630000 1.004380
0.640000 1.011867
0.650000 1.020906
0.660000 1.031351
0.670000 1.037865
0.680000 1.040071
0.690000 1.039828
0.700000 1.035498
0.710000 1.035245
0.720000 1.027929
0.730000 1.019526
0.740000 1.013714
0.750000 1.005800
0.760000 0.997712
0.770000 0.994044
0.780000 0.991352
0.790000 0.988313
0.800000 0.987774
0.810000 0.987652
0.820000 0.990989
0.830000 0.993089
0.840000 0.995205
0.850000 0.999192
0.860000 0.999604
0.870000 1.000325
0.880000 1.001173
0.890000 1.002080
0.900000 1.000536
0.910000 1.000050
0.920000 1.001507
0.930000 1.001219
0.940000 1.000494
0.950000 1.000059
0.960000 1.000682
0.970000 0.999605
0.980000 0.998681
0.990000 0.999499
1.000000 0.998342
1.010000 0.998408
1.020000 0.999100
1.030000 1.000498
1.040000 1.001230
1.050000 1.002351
1.060000 1.003018
1.070000 1.001515
1.080000 1.002888
1.090000 1.001859
1.100000 1.002336
