0.000000 0.000000
0.010000 0.000000
0.020000 0.000000
0.030000 0.000000
0.040000 0.000000
0.050000 0.000000
0.060000 0.000000
0.070000 0.000000
0.080000 0.000000
0.090000 0.000000
0.100000 0.000000
0.110000 0.000000
0.120000 0.000000
0.130000 0.000000
0.140000 0.000000
0.150000 0.000000
0.160000 0.000000
0.170000 0.000000
0.180000 0.000000
0.190000 0.000000
0.200000 0.000000
0.210000 0.000000
0.220000 0.000000
0.230000 0.000000
0.240000 0.000622
0.250000 0.095224
0.260000 1.078280
0.270000 2.733632
0.280000 2.949663
0.290000 2.127703
0.300000 1.412104
0.310000 1.031938
0.320000 0.863318
0.330000 0.808969
0.340000 0.801041
0.350000 0.818147
0.360000 0.839024
0.370000 0.869152
0.380000 0.902943
0.390000 0.936762
0.400000 0.973377
0.410000 1.006170
0.420000 1.037443
0.430000 1.069209
0.440000 1.090764
0.450000 1.104051
0.460000 1.108064
0.470000 1.103366
0.480000 1.086350
0.490000 1.067028
0.500000 1.042073
0.510000 1.017650
0.520000 0.993408
0.530000 0.970692
0.540000 0.946656
0.550000 0.928549
0.560000 0.913379
0.570000 0.912914
0.580000 0.918753
0.590000 0.927615
0.600000 0.946026
0.610000 0.961616
0.620000 0.979958
0.630000 0.995033
0.640000 1.007594
0.650000 1.020651
0.660000 1.027981
0.670000 1.037559
0.680000 1.039156
0.690000 1.042097
0.700000 1.040038
0.710000 1.036142
0.720000 1.029289
0.730000 1.024206
0.740000 1.014739
0.750000 1.007741
0.760000 1.000392
0.770000 0.998027
0.780000 0.994407
0.790000 0.992530
0.800000 0.991711
0.810000 0.992378
0.820000 0.993307
0.830000 0.995417
0.840000 0.998934
0.850000 1.000673
0.860000 1.003261
0.870000 1.005333
0.880000 1.004861
0.890000 1.004458
0.900000 1.003458
0.910000 1.004466
0.920000 1.003494
0.930000 1.003330
0.940000 1.003530
0.950000 1.003837
0.960000 1.004612
0.970000 1.003596
0.980000 1.002876
0.990000 1.004812
1.000000 1.004222
1.010000 1.004841
1.020000 1.005440
1.030000 1.006930
1.040000 1.007561
1.050000 1.009315
1.060000 1.009083
1.070000 1.010200
1.080000 1.010698
1.090000 1.009438
1.100000 1.009759
