0.000000 0.000000
0.010000 0.000000
0.020000 0.000000
0.030000 0.000000
0.040000 0.000000
0.050000 0.000000
0.060000 0.000000
0.070000 0.000000
0.080000 0.000000
0.090000 0.000000
0.100000 0.000000
0.110000 0.000000
0.120000 0.000000
0.130000 0.000000
0.140000 0.000000
0.150000 0.000000
0.160000 0.000000
0.170000 0.000000
0.180000 0.000000
0.190000 0.000000
0.200000 0.000000
0.210000 0.000000
0.220000 0.000000
0.230000 0.000000
0.240000 0.000483
0.250000 0.091252
0.260000 1.075598
0.270000 2.739158
0.280000 2.945692
0.290000 2.120337
0.300000 1.400355
0.310000 1.024583
0.320000 0.873945
0.330000 0.819375
0.340000 0.815230
0.350000 0.831221
0.360000 0.855110
0.370000 0.885687
0.380000 0.919601
0.390000 0.947660
0.400000 0.982681
0.410000 1.015005
0.420000 1.048792
0.430000 1.072238
0.440000 1.094196
0.450000 1.103944
0.460000 1.105947
0.470000 1.101577
0.480000 1.081427
0.490000 1.063514
0.500000 1.037172
0.510000 1.013878
0.520000 0.987299
0.530000 0.963703
0.540000 0.943815
0.550000 0.924209
0.560000 0.913507
0.570000 0.914576
0.580000 0.918738
0.590000 0.934309
0.600000 0.952927
0.610000 0.970199
0.620000 0.987058
0.630000 1.002488
0.640000 1.018943
0.650000 1.027735
0.660000 1.039213
0.670000 1.047177
0.680000 1.049151
0.690000 1.048731
0.700000 1.045682
0.710000 1.043036
0.720000 1.034932
0.730000 1.026235
0.740000 1.018532
0.750000 1.010743
0.760000 1.006217
0.770000 1.000025
0.780000 0.996211
0.790000 0.995405
0.800000 0.993509
0.810000 0.994339
0.820000 0.996278
0.830000 1.000201
0.840000 1.000860
0.850000 1.005111
0.860000 1.007320
0.870000 1.007211
0.880000 1.007869
0.890000 1.008410
0.900000 1.007799
0.910000 1.006070
0.920000 1.006482
0.930000 1.008655
0.940000 1.008598
0.950000 1.009232
0.960000 1.008540
0.970000 1.006473
0.980000 1.006907
0.990000 1.006706
1.000000 1.008817
1.010000 1.009531
1.020000 1.009761
1.030000 1.010378
1.040000 1.011935
1.050000 1.011488
1.060000 1.012182
1.070000 1.012321
1.080000 1.011987
1.090000 1.012316
1.100000 1.012420
