0.000000 0.000000
0.010000 0.000000
0.020000 0.000000
0.030000 0.000000
0.040000 0.000000
0.050000 0.000000
0.060000 0.000000
0.070000 0.000000
0.080000 0.000000
0.090000 0.000000
0.100000 0.000000
0.110000 0.000000
0.120000 0.000000
0.130000 0.000000
0.140000 0.000000
0.150000 0.000000
0.160000 0.000000
0.170000 0.000000
0.180000 0.000000
0.190000 0.000000
0.200000 0.000000
0.210000 0.000000
0.220000 0.000000
0.230000 0.000000
0.240000 0.000120
0.250000 0.039595
0.260000 0.839744
0.270000 2.692043
0.280000 3.113189
0.290000 2.258807
0.300000 1.474873
0.310000 1.070161
0.320000 0.899497
0.330000 0.850925
0.340000 0.839319
0.350000 0.848322
0.360000 0.864351
0.370000 0.884363
0.380000 0.909448
0.390000 0.933857
0.400000 0.962878
0.410000 0.992031
0.420000 1.023779
0.430000 1.047796
0.440000 1.063225
0.450000 1.078305
0.460000 1.077869
0.470000 1.068447
0.480000 1.057762
0.490000 1.039930
0.500000 1.020754
0.510000 1.000522
0.520000 0.978472
0.530000 0.956831
0.540000 0.938260
0.550000 0.925099
0.560000 0.918720
0.570000 0.916568
0.580000 0.925461
0.590000 0.937871
0.600000 0.955933
0.610000 0.972651
0.620000 0.987289
0.630000 1.001639
0.640000 1.011726
0.650000 1.023878
0.660000 1.030825
0.670000 1.033205
0.680000 1.034687
0.690000 1.035120
0.700000 1.030303
0.710000 1.023994
0.720000 1.018621
0.730000 1.010054
0.740000 1.004009
0.750000 0.996091
0.760000 0.989118
0.770000 0.984524
0.780000 0.980882
0.790000 0.977704
0.800000 0.978806
0.810000 0.980711
0.820000 0.981492
0.830000 0.984543
0.840000 0.986438
0.850000 0.988988
0.860000 0.992494
0.870000 0.992567
0.880000 0.991465
0.890000 0.992479
0.900000 0.990461
0.910000 0.991392
0.920000 0.990837
0.930000 0.992198
0.940000 0.991048
0.950000 0.993309
0.960000 0.991158
0.970000 0.989391
0.980000 0.990141
0.990000 0.989277
1.000000 0.991405
1.010000 0.990287
1.020000 0.990527
1.030000 0.991150
1.040000 0.991648
1.050000 0.993522
1.060000 0.991958
1.070000 0.992298
1.080000 0.992721
1.090000 0.991949
1.100000 0.991577
