0.000000 0.000000
0.010000 0.000000
0.020000 0.000000
0.030000 0.000000
0.040000 0.000000
0.050000 0.000000
0.060000 0.000000
0.070000 0.000000
0.080000 0.000000
0.090000 0.000000
0.100000 0.000000
0.110000 0.000000
0.120000 0.000000
0.130000 0.000000
0.140000 0.000000
0.150000 0.000000
0.160000 0.000000
0.170000 0.000000
0.180000 0.000000
0.190000 0.000000
0.200000 0.000000
0.210000 0.000000
0.220000 0.000000
0.230000 0.000000
0.240000 0.000726
0.250000 0.094383
0.260000 1.081076
0.270000 2.724731
0.280000 2.937198
0.290000 2.119312
0.300000 1.408480
0.310000 1.034433
0.320000 0.873299
0.330000 0.821248
0.340000 0.815814
0.350000 0.832855
0.360000 0.851324
0.370000 0.880688
0.380000 0.908078
0.390000 0.940931
0.400000 0.975036
0.410000 1.006085
0.420000 1.040646
0.430000 1.063640
0.440000 1.083974
0.450000 1.099718
0.460000 1.097644
0.470000 1.095145
0.480000 1.082680
0.490000 1.063224
0.500000 1.037993
0.510000 1.018172
0.520000 0.992231
0.530000 0.968116
0.540000 0.948712
0.550000 0.926760
0.560000 0.918592
0.570000 0.915363
0.580000 0.919619
0.590000 0.932240
0.600000 0.949243
0.610000 0.966652
0.620000 0.984121
0.630000 0.997364
0.640000 1.010612
0.650000 1.021495
0.660000 1.030890
0.670000 1.035966
0.680000 1.039043
0.690000 1.039454
0.700000 1.039787
0.710000 1.035009
0.720000 1.028263
0.730000 1.020929
0.740000 1.012579
0.750000 1.006534
0.760000 1.001848
0.770000 0.996844
0.780000 0.993462
0.790000 0.992921
0.800000 0.989879
0.810000 0.991532
0.820000 0.993132
0.830000 0.996597
0.840000 0.996660
0.850000 1.000623
0.860000 1.000634
0.870000 1.002549
0.880000 1.006177
0.890000 1.003700
0.900000 1.002188
0.910000 1.001330
0.920000 1.001474
0.930000 1.003431
0.940000 1.002776
0.950000 1.002011
0.960000 1.003373
0.970000 1.002708
0.980000 1.002034
0.990000 1.002138
1.000000 1.002623
1.010000 1.005405
1.020000 1.005440
1.030000 1.006599
1.040000 1.007725
1.050000 1.007318
1.060000 1.009205
1.070000 1.008234
1.080000 1.007669
1.090000 1.009080
1.100000 1.006916
