0.000000 0.000000
0.010000 0.000000
0.020000 0.000000
0.030000 0.000000
0.040000 0.000000
0.050000 0.000000
0.060000 0.000000
0.070000 0.000000
0.080000 0.000000
0.090000 0.000000
0.100000 0.000000
0.110000 0.000000
0.120000 0.000000
0.130000 0.000000
0.140000 0.000000
0.150000 0.000000
0.160000 0.000000
0.170000 0.000000
0.180000 0.000000
0.190000 0.000000
0.200000 0.000000
0.210000 0.000000
0.220000 0.000000
0.230000 0.000000
0.240000 0.000104
0.250000 0.039242
0.260000 0.931015
0.270000 2.878241
0.280000 3.125804
0.290000 2.163041
0.300000 1.370118
0.310000 0.998918
0.320000 0.848252
0.330000 0.805901
0.340000 0.808218
0.350000 0.827480
0.360000 0.851874
0.370000 0.881503
0.380000 0.919260
0.390000 0.940131
0.400000 0.979876
0.410000 1.009321
0.420000 1.047343
0.430000 1.068976
0.440000 1.086030
0.450000 1.101568
0.460000 1.098047
0.470000 1.086930
0.480000 1.070128
0.490000 1.043227
0.500000 1.016528
0.510000 0.993238
0.520000 0.965280
0.530000 0.938121
0.540000 0.915193
0.550000 0.897308
0.560000 0.893429
0.570000 0.892438
0.580000 0.906627
0.590000 0.923178
0.600000 0.946304
0.610000 0.964387
0.620000 0.984286
0.630000 0.998190
0.640000 1.011063
0.650000 1.021187
0.660000 1.029936
0.670000 1.035224
0.680000 1.037509
0.690000 1.038568
0.700000 1.029951
0.710000 1.022317
0.720000 1.017978
0.730000 1.010278
0.740000 0.999352
0.750000 0.989939
0.760000 0.984116
0.770000 0.977710
0.780000 0.974222
0.790000 0.970243
0.800000 0.969965
0.810000 0.973258
0.820000 0.973351
0.830000 0.975723
0.840000 0.980485
0.850000 0.982948
0.860000 0.984592
0.870000 0.984874
0.880000 0.984764
0.890000 0.984078
0.900000 0.983542
0.910000 0.983236
0.920000 0.983663
0.930000 0.985216
0.940000 0.983279
0.950000 0.985951
0.960000 0.983152
0.970000 0.982406
0.980000 0.982907
0.990000 0.983527
1.000000 0.984301
1.010000 0.984114
1.020000 0.985342
1.030000 0.985185
1.040000 0.985117
1.050000 0.986179
1.060000 0.986834
1.070000 0.984819
1.080000 0.985656
1.090000 0.984307
1.100000 0.985102
