0.000000 0.000000
0.010000 0.000000
0.020000 0.000000
0.030000 0.000000
0.040000 0.000000
0.050000 0.000000
0.060000 0.000000
0.070000 0.000000
0.080000 0.000000
0.090000 0.000000
0.100000 0.000000
0.110000 0.000000
0.120000 0.000000
0.130000 0.000000
0.140000 0.000000
0.150000 0.000000
0.160000 0.000000
0.170000 0.000000
0.180000 0.000000
0.190000 0.000000
0.200000 0.000000
0.210000 0.000000
0.220000 0.000000
0.230000 0.000000
0.240000 0.000779
0.250000 0.095181
0.260000 1.079633
0.270000 2.717849
0.280000 2.931224
0.290000 2.122083
0.300000 1.415483
0.310000 1.031540
0.320000 0.875147
0.330000 0.822112
0.340000 0.816484
0.350000 0.825531
0.360000 0.849580
0.370000 0.878177
0.380000 0.909118
0.390000 0.941427
0.400000 0.978275
0.410000 1.005262
0.420000 1.034417
0.430000 1.064548
0.440000 1.078390
0.450000 1.093583
0.460000 1.098709
0.470000 1.094125
0.480000 1.080721
0.490000 1.063371
0.500000 1.033041
0.510000 1.011987
0.520000 0.991252
0.530000 0.969014
0.540000 0.943569
0.550000 0.927476
0.560000 0.916052
0.570000 0.912502
0.580000 0.917619
0.590000 0.931600
0.600000 0.943225
0.610000 0.963443
0.620000 0.980332
0.630000 0.994073
0.640000 1.009184
0.650000 1.018419
0.660000 1.027794
0.670000 1.033430
0.680000 1.036989
0.690000 1.036783
0.700000 1.035690
0.710000 1.030721
0.720000 1.026525
0.730000 1.018215
0.740000 1.011862
0.750000 1.003938
0.760000 0.999013
0.770000 0.993138
0.780000 0.988713
0.790000 0.989545
0.800000 0.986053
0.810000 0.989238
0.820000 0.988560
0.830000 0.991770
0.840000 0.992514
0.850000 0.997276
0.860000 1.000746
0.870000 1.001474
0.880000 0.999651
0.890000 1.000976
0.900000 0.998699
0.910000 0.997691
0.920000 0.999054
0.930000 0.997810
0.940000 0.998773
0.950000 0.997659
0.960000 0.997867
0.970000 0.997152
0.980000 0.997573
0.990000 0.997807
1.000000 0.996743
1.010000 0.999185
1.020000 0.999205
1.030000 1.000220
1.040000 1.001808
1.050000 1.001984
1.060000 1.002614
1.070000 1.002231
1.080000 1.001679
1.090000 1.002973
1.100000 1.002187
