0.000000 0.000000
0.010000 0.000000
0.020000 0.000000
0.030000 0.000000
0.040000 0.000000
0.050000 0.000000
0.060000 0.000000
0.070000 0.000000
0.080000 0.000000
0.090000 0.000000
0.100000 0.000000
0.110000 0.000000
0.120000 0.000000
0.130000 0.000000
0.140000 0.000000
0.150000 0.000000
0.160000 0.000000
0.170000 0.000000
0.180000 0.000000
0.190000 0.000000
0.200000 0.000000
0.210000 0.000000
0.220000 0.000000
0.230000 0.000000
0.240000 0.000392
0.250000 0.070829
0.260000 0.968505
0.270000 2.659447
0.280000 2.950278
0.290000 2.163700
0.300000 1.435152
0.310000 1.052442
0.320000 0.898643
0.330000 0.841715
0.340000 0.841094
0.350000 0.850340
0.360000 0.875163
0.370000 0.896666
0.380000 0.922789
0.390000 0.951585
0.400000 0.978952
0.410000 1.009941
0.420000 1.034838
0.430000 1.058981
0.440000 1.079080
0.450000 1.090591
0.460000 1.087481
0.470000 1.085126
0.480000 1.067519
0.490000 1.051139
0.500000 1.027488
0.510000 1.005308
0.520000 0.981714
0.530000 0.961615
0.540000 0.941055
0.550000 0.928007
0.560000 0.918192
0.570000 0.919663
0.580000 0.929801
0.590000 0.941429
0.600000 0.956782
0.610000 0.973207
0.620000 0.991079
0.630000 1.004868
0.640000 1.016572
0.650000 1.023338
0.660000 1.032726
0.670000 1.040857
0.680000 1.041360
0.690000 1.040297
0.700000 1.036367
0.710000 1.034132
0.720000 1.027496
0.730000 1.021413
0.740000 1.012717
0.750000 1.004592
0.760000 1.000783
0.770000 0.997118
0.780000 0.992379
0.790000 0.990627
0.800000 0.988735
0.810000 0.989903
0.820000 0.991829
0.830000 0.994755
0.840000 0.997206
0.850000 1.000656
0.860000 1.001331
0.870000 1.003011
0.880000 1.004306
0.890000 1.003972
0.900000 1.002138
0.910000 1.003657
0.920000 1.004757
0.930000 1.004270
0.940000 1.002909
0.950000 1.003717
0.960000 1.002949
0.970000 1.001821
0.980000 1.001810
0.990000 1.002753
1.000000 1.002870
1.010000 1.003205
1.020000 1.004444
1.030000 1.004961
1.040000 1.004763
1.050000 1.004697
1.060000 1.006668
1.070000 1.006598
1.080000 1.006336
1.090000 1.006032
1.100000 1.006014
