0.000000 0.000000
0.010000 0.000000
0.020000 0.000000
0.030000 0.000000
0.040000 0.000000
0.050000 0.000000
0.060000 0.000000
0.070000 0.000000
0.080000 0.000000
0.090000 0.000000
0.100000 0.000000
0.110000 0.000000
0.120000 0.000000
0.130000 0.000000
0.140000 0.000000
0.150000 0.000000
0.160000 0.000000
0.170000 0.000000
0.180000 0.000000
0.190000 0.000000
0.200000 0.000000
0.210000 0.000000
0.220000 0.000000
0.230000 0.000001
0.240000 0.000583
0.250000 0.086053
0.260000 0.994058
0.270000 2.576988
0.280000 2.856673
0.290000 2.142267
0.300000 1.471525
0.310000 1.097879
0.320000 0.933006
0.330000 0.873722
0.340000 0.859093
0.350000 0.864603
0.360000 0.880770
0.370000 0.899175
0.380000 0.922665
0.390000 0.946527
0.400000 0.972338
0.410000 1.000520
0.420000 1.027459
0.430000 1.049062
0.440000 1.067478
0.450000 1.077073
0.460000 1.078520
0.470000 1.070739
0.480000 1.060634
0.490000 1.042567
0.500000 1.023961
0.510000 1.004030
0.520000 0.982519
0.530000 0.964442
0.540000 0.948167
0.550000 0.935449
0.560000 0.926571
0.570000 0.926912
0.580000 0.932179
0.590000 0.942685
0.600000 0.956737
0.610000 0.971224
0.620000 0.984840
0.630000 0.998468
0.640000 1.010605
0.650000 1.020601
0.660000 1.026910
0.670000 1.033060
0.680000 1.035212
0.690000 1.035967
0.700000 1.033767
0.710000 1.022768
0.720000 0.994556
0.730000 0.967495
0.740000 0.941523
0.750000 0.916584
0.760000 0.892622
0.770000 0.869588
0.780000 0.847434
0.790000 0.826116
0.800000 0.805593
0.810000 0.785825
0.820000 0.766775
0.830000 0.748410
0.840000 0.730697
0.850000 0.713606
0.860000 0.697107
0.870000 0.681174
0.880000 0.665781
0.890000 0.650903
0.900000 0.636519
0.910000 0.622607
0.920000 0.609146
0.930000 0.596116
0.940000 0.583501
0.950000 0.571281
0.960000 0.559442
0.970000 0.547966
0.980000 0.536840
0.990000 0.526050
1.000000 0.515582
1.010000 0.505423
1.020000 0.495561
1.030000 0.485985
1.040000 0.476685
1.050000 0.467648
1.060000 0.458866
1.070000 0.450330
1.080000 0.442029
1.090000 0.433955
1.100000 0.426101
