0.000000 0.000000
0.010000 0.000000
0.020000 0.000000
0.030000 0.000000
0.040000 0.000000
0.050000 0.000000
0.060000 0.000000
0.070000 0.000000
0.080000 0.000000
0.090000 0.000000
0.100000 0.000000
0.110000 0.000000
0.120000 0.000000
0.130000 0.000000
0.140000 0.000000
0.150000 0.000000
0.160000 0.000000
0.170000 0.000000
0.180000 0.000000
0.190000 0.000000
0.200000 0.000000
0.210000 0.000000
0.220000 0.000000
0.230000 0.000009
0.240000 0.000504
0.250000 0.080176
0.260000 0.951407
0.270000 2.532979
0.280000 2.852954
0.290000 2.161951
0.300000 1.491026
0.310000 1.109056
0.320000 0.944991
0.330000 0.884813
0.340000 0.868865
0.350000 0.873624
0.360000 0.890872
0.370000 0.903075
0.380000 0.925468
0.390000 0.947332
0.400000 0.971619
0.410000 0.998258
0.420000 1.025432
0.430000 1.043423
0.440000 1.063631
0.450000 1.067632
0.460000 1.072444
0.470000 1.062422
0.480000 1.052556
0.490000 1.036213
0.500000 1.019636
0.510000 0.998338
0.520000 0.982097
0.530000 0.963088
0.540000 0.949792
0.550000 0.938061
0.560000 0.928454
0.570000 0.931679
0.580000 0.937415
0.590000 0.948421
0.600000 0.959321
0.610000 0.973919
0.620000 0.985165
0.630000 0.999946
0.640000 1.010973
0.650000 1.020461
0.660000 1.026127
0.670000 1.031893
0.680000 1.032395
0.690000 1.033559
0.700000 1.032696
0.710000 1.028727
0.720000 1.020779
0.730000 1.015685
0.740000 1.010805
0.750000 1.002622
0.760000 0.998899
0.770000 0.993254
0.780000 0.990635
0.790000 0.987816
0.800000 0.987950
0.810000 0.987291
0.820000 0.989994
0.830000 0.990769
0.840000 0.992942
0.850000 0.995822
0.860000 0.998177
0.870000 0.997938
0.880000 0.999301
0.890000 1.000296
0.900000 0.999413
0.910000 0.998942
0.920000 1.000558
0.930000 0.999701
0.940000 0.998534
0.950000 1.000319
0.960000 0.999420
0.970000 0.999491
0.980000 0.998537
0.990000 0.997887
1.000000 0.999103
1.010000 0.999258
1.020000 1.000661
1.030000 1.000314
1.040000 1.000940
1.050000 1.001218
1.060000 1.002305
1.070000 1.000799
1.080000 1.001853
1.090000 1.002077
1.100000 1.000785
