0.000000 0.000000
0.010000 0.000000
0.020000 0.000000
0.030000 0.000000
0.040000 0.000000
0.050000 0.000000
0.060000 0.000000
0.070000 0.000000
0.080000 0.000000
0.090000 0.000000
0.100000 0.000000
0.110000 0.000000
0.120000 0.000000
0.130000 0.000000
0.140000 0.000000
0.150000 0.000000
0.160000 0.000000
0.170000 0.000000
0.180000 0.000000
0.190000 0.000000
0.200000 0.000000
0.210000 0.000000
0.220000 0.000000
0.230000 0.000000
0.240000 0.000623
0.250000 0.098201
0.260000 1.078585
0.270000 2.722029
0.280000 2.919340
0.290000 2.103066
0.300000 1.413899
0.310000 1.036751
0.320000 0.880562
0.330000 0.830831
0.340000 0.829991
0.350000 0.839633
0.360000 0.862441
0.370000 0.893370
0.380000 0.917510
0.390000 0.946569
0.400000 0.976287
0.410000 1.008560
0.420000 1.039623
0.430000 1.059548
0.440000 1.080338
0.450000 1.093893
0.460000 1.092687
0.470000 1.084251
0.480000 1.076903
0.490000 1.053186
0.500000 1.034347
0.510000 1.007723
0.520000 0.987357
0.530000 0.964723
0.540000 0.943733
0.550000 0.928544
0.560000 0.917042
0.570000 0.918352
0.580000 0.921946
0.590000 0.932148
0.600000 0.948796
0.610000 0.968599
0.620000 0.982988
0.630000 0.997443
0.640000 1.011120
0.650000 1.021792
0.660000 1.029327
0.670000 1.034937
0.680000 1.037938
0.690000 1.039881
0.700000 1.035345
0.710000 1.033242
0.720000 1.026929
0.730000 1.019649
0.740000 1.012072
0.750000 1.004894
0.760000 0.997826
0.770000 0.994180
0.780000 0.990940
0.790000 0.987540
0.800000 0.987177
0.810000 0.988765
0.820000 0.988965
0.830000 0.991217
0.840000 0.994206
0.850000 0.996278
0.860000 0.997364
0.870000 0.999185
0.880000 1.000236
0.890000 1.001051
0.900000 0.998356
0.910000 0.999637
0.920000 0.998509
0.930000 0.999844
0.940000 1.000415
0.950000 0.997995
0.960000 0.999772
0.970000 1.000106
0.980000 0.998683
0.990000 0.998840
1.000000 1.000411
1.010000 1.000398
1.020000 1.000498
1.030000 1.001674
1.040000 1.002023
1.050000 1.001999
1.060000 1.002558
1.070000 1.002184
1.080000 1.001554
1.090000 1.002207
1.100000 1.002565
