0.000000 0.000000
0.010000 0.000000
0.020000 0.000000
0.030000 0.000000
0.040000 0.000000
0.050000 0.000000
0.060000 0.000000
0.070000 0.000000
0.080000 0.000000
0.090000 0.000000
0.100000 0.000000
0.110000 0.000000
0.120000 0.000000
0.130000 0.000000
0.140000 0.000000
0.150000 0.000000
0.160000 0.000000
0.170000 0.000000
0.180000 0.000000
0.190000 0.000000
0.200000 0.000000
0.210000 0.000000
0.220000 0.000000
0.230000 0.000000
0.240000 0.000564
0.250000 0.094804
0.260000 1.081091
0.270000 2.714725
0.280000 2.922188
0.290000 2.111561
0.300000 1.410121
0.310000 1.035952
0.320000 0.884017
0.330000 0.831837
0.340000 0.824505
0.350000 0.839487
0.360000 0.859348
0.370000 0.886836
0.380000 0.915890
0.390000 0.945918
0.400000 0.974588
0.410000 1.004985
0.420000 1.038032
0.430000 1.061438
0.440000 1.079199
0.450000 1.094284
0.460000 1.096528
0.470000 1.088628
0.480000 1.076808
0.490000 1.054521
0.500000 1.034275
0.510000 1.011762
0.520000 0.986711
0.530000 0.965524
0.540000 0.946499
0.550000 0.929032
0.560000 0.916792
0.570000 0.915082
0.580000 0.921880
0.590000 0.934744
0.600000 0.949609
0.610000 0.968759
0.620000 0.982353
0.630000 0.997860
0.640000 1.008956
0.650000 1.023196
0.660000 1.027802
0.670000 1.034788
0.680000 1.038767
0.690000 1.039478
0.700000 1.034970
0.710000 1.032113
0.720000 1.027117
0.730000 1.018939
0.740000 1.012531
0.750000 1.004926
0.760000 0.998679
0.770000 0.994425
0.780000 0.990375
0.790000 0.988513
0.800000 0.987176
0.810000 0.989608
0.820000 0.991165
0.830000 0.993234
0.840000 0.994693
0.850000 0.997888
0.860000 0.999491
0.870000 1.000784
0.880000 1.001683
0.890000 1.000948
0.900000 1.001142
0.910000 1.000901
0.920000 0.999388
0.930000 0.999240
0.940000 0.999694
0.950000 0.999508
0.960000 1.000293
0.970000 1.000022
0.980000 1.000107
0.990000 0.999878
1.000000 1.000326
1.010000 1.000148
1.020000 1.001116
1.030000 1.002225
1.040000 1.003015
1.050000 1.003049
1.060000 1.003814
1.070000 1.003254
1.080000 1.002880
1.090000 1.003903
1.100000 1.002879
