0.000000 0.000000
0.010000 0.000000
0.020000 0.000000
0.030000 0.000000
0.040000 0.000000
0.050000 0.000000
0.060000 0.000000
0.070000 0.000000
0.080000 0.000000
0.090000 0.000000
0.100000 0.000000
0.110000 0.000000
0.120000 0.000000
0.130000 0.000000
0.140000 0.000000
0.150000 0.000000
0.160000 0.000000
0.170000 0.000000
0.180000 0.000000
0.190000 0.000000
0.200000 0.000000
0.210000 0.000000
0.220000 0.000000
0.230000 0.000000
0.240000 0.000453
0.250000 0.070684
0.260000 0.856971
0.270000 2.330701
0.280000 2.733715
0.290000 2.188909
0.300000 1.577143
0.310000 1.212220
0.320000 1.028190
0.330000 0.952384
0.340000 0.918306
0.350000 0.907471
0.360000 0.911553
0.370000 0.921246
0.380000 0.935869
0.390000 0.949864
0.400000 0.968948
0.410000 0.990708
0.420000 1.012199
0.430000 1.026746
0.440000 1.041119
0.450000 1.048987
0.460000 1.051551
0.470000 1.043620
0.480000 1.034390
0.490000 1.020584
0.500000 1.007365
0.510000 0.991791
0.520000 0.976665
0.530000 0.964568
0.540000 0.954670
0.550000 0.947619
0.560000 0.943586
0.570000 0.946804
0.580000 0.949115
0.590000 0.957255
0.600000 0.968142
0.610000 0.981045
0.620000 0.990171
0.630000 1.001734
0.640000 1.010128
0.650000 1.016303
0.660000 1.024846
0.670000 1.030560
0.680000 1.032371
0.690000 1.032845
0.700000 1.030689
0.710000 1.027724
0.720000 1.022519
0.730000 1.015980
0.740000 1.009536
0.750000 1.002928
0.760000 0.999151
0.770000 0.995695
0.780000 0.991852
0.790000 0.987847
0.800000 0.989023
0.810000 0.988350
0.820000 0.990829
0.830000 0.991659
0.840000 0.992917
0.850000 0.994380
0.860000 0.996811
0.870000 0.997745
0.880000 0.999329
0.890000 0.998923
0.900000 0.998631
0.910000 0.998629
0.920000 1.000212
0.930000 1.000806
0.940000 1.000852
0.950000 1.000175
0.960000 1.000873
0.970000 1.001445
0.980000 1.000208
0.990000 1.000804
1.000000 1.001249
1.010000 1.000612
1.020000 1.001188
1.030000 1.001152
1.040000 1.000575
1.050000 1.001091
1.060000 1.002273
1.070000 1.001732
1.080000 1.002604
1.090000 1.002159
1.100000 1.000785
