0.000000 0.000000
0.010000 0.000000
0.020000 0.000000
0.030000 0.000000
0.040000 0.000000
0.050000 0.000000
0.060000 0.000000
0.070000 0.000000
0.080000 0.000000
0.090000 0.000000
0.100000 0.000000
0.110000 0.000000
0.120000 0.000000
0.130000 0.000000
0.140000 0.000000
0.150000 0.000000
0.160000 0.000000
0.170000 0.000000
0.180000 0.000000
0.190000 0.000000
0.200000 0.000000
0.210000 0.000000
0.220000 0.000000
0.230000 0.000000
0.240000 0.000551
0.250000 0.091170
0.260000 1.081062
0.270000 2.727637
0.280000 2.929417
0.290000 2.117061
0.300000 1.409239
0.310000 1.036194
0.320000 0.879560
0.330000 0.829894
0.340000 0.823621
0.350000 0.836697
0.360000 0.860866
0.370000 0.885721
0.380000 0.913425
0.390000 0.943850
0.400000 0.977823
0.410000 1.009008
0.420000 1.035406
0.430000 1.064092
0.440000 1.082848
0.450000 1.093146
0.460000 1.095561
0.470000 1.087536
0.480000 1.074117
0.490000 1.055120
0.500000 1.030687
0.510000 1.009257
0.520000 0.987467
0.530000 0.964967
0.540000 0.944713
0.550000 0.925696
0.560000 0.916400
0.570000 0.913569
0.580000 0.919284
0.590000 0.933156
0.600000 0.950086
0.610000 0.965485
0.620000 0.982748
0.630000 0.997557
0.640000 1.010433
0.650000 1.022075
0.660000 1.029884
0.670000 1.035871
0.680000 1.039565
0.690000 1.039380
0.700000 1.036596
0.710000 1.032283
0.720000 1.025458
0.730000 1.018855
0.740000 1.012231
0.750000 1.005300
0.760000 0.998975
0.770000 0.993241
0.780000 0.990139
0.790000 0.987358
0.800000 0.986691
0.810000 0.987995
0.820000 0.990103
0.830000 0.991615
0.840000 0.995418
0.850000 0.996267
0.860000 0.998454
0.870000 1.000609
0.880000 1.000039
0.890000 0.999837
0.900000 0.998952
0.910000 0.999569
0.920000 0.998993
0.930000 0.999575
0.940000 0.999705
0.950000 0.998709
0.960000 0.998836
0.970000 0.998942
0.980000 0.998734
0.990000 0.998452
1.000000 0.999519
1.010000 0.999635
1.020000 0.999769
1.030000 1.001077
1.040000 1.001325
1.050000 1.001591
1.060000 1.002601
1.070000 1.002997
1.080000 1.003698
1.090000 1.003597
1.100000 1.002877
