0.000000 0.000000
0.010000 0.000000
0.020000 0.000000
0.030000 0.000000
0.040000 0.000000
0.050000 0.000000
0.060000 0.000000
0.070000 0.000000
0.080000 0.000000
0.090000 0.000000
0.100000 0.000000
0.110000 0.000000
0.120000 0.000000
0.130000 0.000000
0.140000 0.000000
0.150000 0.000000
0.160000 0.000000
0.170000 0.000000
0.180000 0.000000
0.190000 0.000000
0.200000 0.000000
0.210000 0.000000
0.220000 0.000000
0.230000 0.000000
0.240000 0.000705
0.250000 0.095649
0.260000 1.076636
0.270000 2.706527
0.280000 2.916104
0.290000 2.109193
0.300000 1.412316
0.310000 1.035294
0.320000 0.882476
0.330000 0.830022
0.340000 0.833030
0.350000 0.839583
0.360000 0.860707
0.370000 0.886537
0.380000 0.915698
0.390000 0.942357
0.400000 0.969879
0.410000 1.004779
0.420000 1.034761
0.430000 1.062975
0.440000 1.080232
0.450000 1.093468
0.460000 1.092409
0.470000 1.088927
0.480000 1.072085
0.490000 1.056882
0.500000 1.033024
0.510000 1.010125
0.520000 0.990356
0.530000 0.966738
0.540000 0.943237
0.550000 0.928861
0.560000 0.915119
0.570000 0.913312
0.580000 0.920834
0.590000 0.931868
0.600000 0.951522
0.610000 0.963652
0.620000 0.979786
0.630000 0.997963
0.640000 1.009082
0.650000 1.019470
0.660000 1.027993
0.670000 1.034602
0.680000 1.039473
0.690000 1.037125
0.700000 1.033951
0.710000 1.033747
0.720000 1.027359
0.730000 1.017757
0.740000 1.012021
0.750000 1.004785
0.760000 0.997912
0.770000 0.992051
0.780000 0.987945
0.790000 0.986199
0.800000 0.986377
0.810000 0.987502
0.820000 0.989755
0.830000 0.991590
0.840000 0.994874
0.850000 0.997722
0.860000 0.998933
0.870000 1.000948
0.880000 1.001101
0.890000 1.000549
0.900000 0.999189
0.910000 0.999615
0.920000 0.998983
0.930000 0.997180
0.940000 0.999091
0.950000 0.997236
0.960000 0.998475
0.970000 0.998844
0.980000 0.999515
0.990000 0.997253
1.000000 0.998993
1.010000 0.998245
1.020000 0.999467
1.030000 1.000487
1.040000 1.000792
1.050000 1.001023
1.060000 1.002037
1.070000 1.003349
1.080000 1.003146
1.090000 1.003083
1.100000 1.002154
