0.000000 0.000000
0.010000 0.000000
0.020000 0.000000
0.030000 0.000000
0.040000 0.000000
0.050000 0.000000
0.060000 0.000000
0.070000 0.000000
0.080000 0.000000
0.090000 0.000000
0.100000 0.000000
0.110000 0.000000
0.120000 0.000000
0.130000 0.000000
0.140000 0.000000
0.150000 0.000000
0.160000 0.000000
0.170000 0.000000
0.180000 0.000000
0.190000 0.000000
0.200000 0.000000
0.210000 0.000000
0.220000 0.000000
0.230000 0.000000
0.240000 0.000723
0.250000 0.098936
0.260000 1.083681
0.270000 2.720677
0.280000 2.919449
0.290000 2.118054
0.300000 1.405452
0.310000 1.038040
0.320000 0.883875
0.330000 0.835340
0.340000 0.829586
0.350000 0.841380
0.360000 0.866761
0.370000 0.886782
0.380000 0.918478
0.390000 0.946900
0.400000 0.977514
0.410000 1.010331
0.420000 1.038137
0.430000 1.065816
0.440000 1.084471
0.450000 1.093747
0.460000 1.094928
0.470000 1.088469
0.480000 1.076015
0.490000 1.058217
0.500000 1.034000
0.510000 1.013659
0.520000 0.988088
0.530000 0.966527
0.540000 0.948266
0.550000 0.931129
0.560000 0.917330
0.570000 0.918530
0.580000 0.924348
0.590000 0.935258
0.600000 0.950979
0.610000 0.969895
0.620000 0.985432
0.630000 1.000534
0.640000 1.010145
0.650000 1.021372
0.660000 1.030903
0.670000 1.036273
0.680000 1.038193
0.690000 1.037361
0.700000 1.037440
0.710000 1.034388
0.720000 1.028757
0.730000 1.020115
0.740000 1.014483
0.750000 1.006521
0.760000 1.001119
0.770000 0.994868
0.780000 0.992714
0.790000 0.989860
0.800000 0.987677
0.810000 0.990134
0.820000 0.992057
0.830000 0.993825
0.840000 0.997530
0.850000 0.997133
0.860000 1.001594
0.870000 1.001772
0.880000 1.001570
0.890000 1.002536
0.900000 1.000563
0.910000 1.000969
0.920000 1.000423
0.930000 1.001423
0.940000 1.000668
0.950000 1.000184
0.960000 1.000017
0.970000 1.000453
0.980000 1.000997
0.990000 0.999959
1.000000 1.000255
1.010000 1.001375
1.020000 1.001767
1.030000 1.003550
1.040000 1.003267
1.050000 1.004015
1.060000 1.004587
1.070000 1.004499
1.080000 1.004005
1.090000 1.005377
1.100000 1.002747
