0.000000 0.000000
0.010000 0.000000
0.020000 0.000000
0.030000 0.000000
0.040000 0.000000
0.050000 0.000000
0.060000 0.000000
0.070000 0.000000
0.080000 0.000000
0.090000 0.000000
0.100000 0.000000
0.110000 0.000000
0.120000 0.000000
0.130000 0.000000
0.140000 0.000000
0.150000 0.000000
0.160000 0.000000
0.170000 0.000000
0.180000 0.000000
0.190000 0.000000
0.200000 0.000000
0.210000 0.000000
0.220000 0.000000
0.230000 0.000000
0.240000 0.000758
0.250000 0.109941
0.260000 1.177914
0.270000 2.821138
0.280000 2.911678
0.290000 2.063287
0.300000 1.367065
0.310000 1.002610
0.320000 0.849222
0.330000 0.810668
0.340000 0.803676
0.350000 0.822092
0.360000 0.845832
0.370000 0.875283
0.380000 0.911210
0.390000 0.936217
0.400000 0.973742
0.410000 1.008257
0.420000 1.046784
0.430000 1.072438
0.440000 1.088521
0.450000 1.105786
0.460000 1.108399
0.470000 1.092184
0.480000 1.082987
0.490000 1.058222
0.500000 1.036024
0.510000 1.013289
0.520000 0.986771
0.530000 0.963005
0.540000 0.942627
0.550000 0.924546
0.560000 0.912595
0.570000 0.909924
0.580000 0.914969
0.590000 0.926686
0.600000 0.943440
0.610000 0.960396
0.620000 0.975977
0.630000 0.994126
0.640000 1.005497
0.650000 1.018204
0.660000 1.025723
0.670000 1.034414
0.680000 1.037710
0.690000 1.037689
0.700000 1.037621
0.710000 1.028401
0.720000 1.025956
0.730000 1.018858
0.740000 1.010905
0.750000 1.001066
0.760000 0.996463
0.770000 0.991739
0.780000 0.987697
0.790000 0.986766
0.800000 0.987210
0.810000 0.988486
0.820000 0.987463
0.830000 0.990182
0.840000 0.992005
0.850000 0.995951
0.860000 0.998524
0.870000 0.997612
0.880000 0.996688
0.890000 0.997296
0.900000 0.996701
0.910000 0.997415
0.920000 0.996593
0.930000 0.995856
0.940000 0.995331
0.950000 0.996578
0.960000 0.996062
0.970000 0.996479
0.980000 0.996031
0.990000 0.995174
1.000000 0.995905
1.010000 0.996263
1.020000 0.996701
1.030000 0.998104
1.040000 0.998581
1.050000 1.000594
1.060000 1.000669
1.070000 1.000342
1.080000 0.999256
1.090000 1.000175
1.100000 1.000344
