0.000000 0.000000
0.010000 0.000000
0.020000 0.000000
0.030000 0.000000
0.040000 0.000000
0.050000 0.000000
0.060000 0.000000
0.070000 0.000000
0.080000 0.000000
0.090000 0.000000
0.100000 0.000000
0.110000 0.000000
0.120000 0.000000
0.130000 0.000000
0.140000 0.000000
0.150000 0.000000
0.160000 0.000000
0.170000 0.000000
0.180000 0.000000
0.190000 0.000000
0.200000 0.000000
0.210000 0.000000
0.220000 0.000000
0.230000 0.000000
0.240000 0.000665
0.250000 0.104535
0.260000 1.147727
0.270000 2.788502
0.280000 2.914854
0.290000 2.082872
0.300000 1.377289
0.310000 1.023833
0.320000 0.871425
0.330000 0.824691
0.340000 0.819185
0.350000 0.835550
0.360000 0.856596
0.370000 0.882773
0.380000 0.911721
0.390000 0.945390
0.400000 0.975009
0.410000 1.006376
0.420000 1.037209
0.430000 1.062904
0.440000 1.080495
0.450000 1.092734
0.460000 1.095570
0.470000 1.086281
0.480000 1.072477
0.490000 1.048957
0.500000 1.032184
0.510000 1.009073
0.520000 0.983142
0.530000 0.961263
0.540000 0.942086
0.550000 0.922484
0.560000 0.912428
0.570000 0.910086
0.580000 0.916510
0.590000 0.928174
0.600000 0.943765
0.610000 0.959531
0.620000 0.978818
0.630000 0.991589
0.640000 1.006242
0.650000 1.018883
0.660000 1.026024
0.670000 1.030566
0.680000 1.034284
0.690000 1.034638
0.700000 1.030907
0.710000 1.026874
0.720000 1.021977
0.730000 1.014658
0.740000 1.006074
0.750000 0.997178
0.760000 0.993558
0.770000 0.988061
0.780000 0.983962
0.790000 0.981628
0.800000 0.981161
0.810000 0.982738
0.820000 0.982905
0.830000 0.985905
0.840000 0.988788
0.850000 0.991500
0.860000 0.992932
0.870000 0.995136
0.880000 0.993702
0.890000 0.993039
0.900000 0.993297
0.910000 0.993330
0.920000 0.992217
0.930000 0.992218
0.940000 0.991058
0.950000 0.992170
0.960000 0.990429
0.970000 0.989581
0.980000 0.988884
0.990000 0.990712
1.000000 0.990488
1.010000 0.990405
1.020000 0.991360
1.030000 0.992927
1.040000 0.992250
1.050000 0.993052
1.060000 0.994279
1.070000 0.993940
1.080000 0.995045
1.090000 0.995196
1.100000 0.994263
