0.000000 0.000000
0.010000 0.000000
0.020000 0.000000
0.030000 0.000000
0.040000 0.000000
0.050000 0.000000
0.060000 0.000000
0.070000 0.000000
0.080000 0.000000
0.090000 0.000000
0.100000 0.000000
0.110000 0.000000
0.120000 0.000000
0.130000 0.000000
0.140000 0.000000
0.150000 0.000000
0.160000 0.000000
0.170000 0.000000
0.180000 0.000000
0.190000 0.000000
0.200000 0.000000
0.210000 0.000000
0.220000 0.000000
0.230000 0.000000
0.240000 0.000678
0.250000 0.094830
0.260000 1.082337
0.270000 2.729668
0.280000 2.938070
0.290000 2.122767
0.300000 1.405715
0.310000 1.025244
0.320000 0.870715
0.330000 0.820497
0.340000 0.814042
0.350000 0.829798
0.360000 0.853209
0.370000 0.878982
0.380000 0.907598
0.390000 0.942010
0.400000 0.975806
0.410000 1.008176
0.420000 1.041459
0.430000 1.067970
0.440000 1.088577
0.450000 1.100691
0.460000 1.105423
0.470000 1.097230
0.480000 1.084617
0.490000 1.061103
0.500000 1.039493
0.510000 1.013445
0.520000 0.990020
0.530000 0.967720
0.540000 0.947979
0.550000 0.927752
0.560000 0.916914
0.570000 0.912878
0.580000 0.921174
0.590000 0.931507
0.600000 0.949322
0.610000 0.966713
0.620000 0.984146
0.630000 0.996861
0.640000 1.011372
0.650000 1.023553
0.660000 1.031567
0.670000 1.038202
0.680000 1.039332
0.690000 1.041832
0.700000 1.037940
0.710000 1.035024
0.720000 1.029430
0.730000 1.020999
0.740000 1.015262
0.750000 1.007659
0.760000 1.001431
0.770000 0.996858
0.780000 0.993910
0.790000 0.991820
0.800000 0.990859
0.810000 0.994090
0.820000 0.993343
0.830000 0.995853
0.840000 0.999165
0.850000 1.002282
0.860000 1.003918
0.870000 1.005350
0.880000 1.005762
0.890000 1.005306
0.900000 1.004834
0.910000 1.003774
0.920000 1.003875
0.930000 1.003502
0.940000 1.003040
0.950000 1.003237
0.960000 1.002703
0.970000 1.002354
0.980000 1.002434
0.990000 1.003094
1.000000 1.003934
1.010000 1.004603
1.020000 1.004255
1.030000 1.006083
1.040000 1.006157
1.050000 1.007837
1.060000 1.007480
1.070000 1.007978
1.080000 1.007444
1.090000 1.008781
1.100000 1.009432
