0.000000 0.000000
0.010000 0.000000
0.020000 0.000000
0.030000 0.000000
0.040000 0.000000
0.050000 0.000000
0.060000 0.000000
0.070000 0.000000
0.080000 0.000000
0.090000 0.000000
0.100000 0.000000
0.110000 0.000000
0.120000 0.000000
0.130000 0.000000
0.140000 0.000000
0.150000 0.000000
0.160000 0.000000
0.170000 0.000000
0.180000 0.000000
0.190000 0.000000
0.200000 0.000000
0.210000 0.000000
0.220000 0.000000
0.230000 0.000000
0.240000 0.000596
0.250000 0.097288
0.260000 1.091402
0.270000 2.726128
0.280000 2.924756
0.290000 2.111239
0.300000 1.409655
0.310000 1.037352
0.320000 0.882139
0.330000 0.829866
0.340000 0.827394
0.350000 0.840611
0.360000 0.862410
0.370000 0.885988
0.380000 0.915432
0.390000 0.946007
0.400000 0.977769
0.410000 1.008359
0.420000 1.035715
0.430000 1.062245
0.440000 1.081549
0.450000 1.093050
0.460000 1.094094
0.470000 1.089184
0.480000 1.075380
0.490000 1.054993
0.500000 1.032443
0.510000 1.008892
0.520000 0.986339
0.530000 0.966330
0.540000 0.944627
0.550000 0.927270
0.560000 0.915277
0.570000 0.914677
0.580000 0.920842
0.590000 0.931591
0.600000 0.948980
0.610000 0.964132
0.620000 0.981878
0.630000 0.998647
0.640000 1.009109
0.650000 1.020073
0.660000 1.029575
0.670000 1.037574
0.680000 1.039147
0.690000 1.040627
0.700000 1.036650
0.710000 1.033864
0.720000 1.027537
0.730000 1.020498
0.740000 1.012731
0.750000 1.005173
0.760000 0.998286
0.770000 0.993817
0.780000 0.990183
0.790000 0.988490
0.800000 0.987066
0.810000 0.987972
0.820000 0.989403
0.830000 0.991356
0.840000 0.994442
0.850000 0.997108
0.860000 0.998471
0.870000 0.999872
0.880000 0.999502
0.890000 0.999836
0.900000 0.998766
0.910000 0.998774
0.920000 0.999507
0.930000 0.999249
0.940000 0.998610
0.950000 0.998678
0.960000 0.999366
0.970000 0.998451
0.980000 0.997846
0.990000 0.998797
1.000000 0.998393
1.010000 0.998798
1.020000 0.999169
1.030000 1.000429
1.040000 1.001419
1.050000 1.002759
1.060000 1.002727
1.070000 1.002451
1.080000 1.003321
1.090000 1.002303
1.100000 1.002764
