0.000000 0.000000
0.010000 0.000000
0.020000 0.000000
0.030000 0.000000
0.040000 0.000000
0.050000 0.000000
0.060000 0.000000
0.070000 0.000000
0.080000 0.000000
0.090000 0.000000
0.100000 0.000000
0.110000 0.000000
0.120000 0.000000
0.130000 0.000000
0.140000 0.000000
0.150000 0.000000
0.160000 0.000000
0.170000 0.000000
0.180000 0.000000
0.190000 0.000000
0.200000 0.000000
0.210000 0.000000
0.220000 0.000000
0.230000 0.000000
0.240000 0.000610
0.250000 0.096440
0.260000 1.088363
0.270000 2.728983
0.280000 2.924766
0.290000 2.112834
0.300000 1.404818
0.310000 1.036929
0.320000 0.879863
0.330000 0.831538
0.340000 0.824943
0.350000 0.839781
0.360000 0.860550
0.370000 0.886131
0.380000 0.912115
0.390000 0.945139
0.400000 0.976043
0.410000 1.006175
0.420000 1.036193
0.430000 1.062526
0.440000 1.081023
0.450000 1.092705
0.460000 1.096385
0.470000 1.087663
0.480000 1.074989
0.490000 1.054216
0.500000 1.033213
0.510000 1.010593
0.520000 0.986875
0.530000 0.965187
0.540000 0.945982
0.550000 0.927839
0.560000 0.917104
0.570000 0.914725
0.580000 0.921389
0.590000 0.933007
0.600000 0.949102
0.610000 0.965920
0.620000 0.983752
0.630000 0.996301
0.640000 1.010467
0.650000 1.022090
0.660000 1.028921
0.670000 1.034768
0.680000 1.037435
0.690000 1.038830
0.700000 1.035072
0.710000 1.032019
0.720000 1.025628
0.730000 1.018697
0.740000 1.011102
0.750000 1.003390
0.760000 0.998495
0.770000 0.993120
0.780000 0.990096
0.790000 0.987983
0.800000 0.987046
0.810000 0.989005
0.820000 0.989576
0.830000 0.991551
0.840000 0.994818
0.850000 0.997929
0.860000 0.999002
0.870000 1.000863
0.880000 1.000968
0.890000 1.000683
0.900000 1.000073
0.910000 0.999818
0.920000 0.999165
0.930000 0.999635
0.940000 0.998864
0.950000 0.999023
0.960000 0.997984
0.970000 0.998122
0.980000 0.997015
0.990000 0.997682
1.000000 0.998391
1.010000 0.998437
1.020000 0.999163
1.030000 1.000527
1.040000 1.000676
1.050000 1.001246
1.060000 1.001805
1.070000 1.002340
1.080000 1.002441
1.090000 1.002780
1.100000 1.002735
