0.000000 0.000000
0.010000 0.000000
0.020000 0.000000
0.030000 0.000000
0.040000 0.000000
0.050000 0.000000
0.060000 0.000000
0.070000 0.000000
0.080000 0.000000
0.090000 0.000000
0.100000 0.000000
0.110000 0.000000
0.120000 0.000000
0.130000 0.000000
0.140000 0.000000
0.150000 0.000000
0.160000 0.000000
0.170000 0.000000
0.180000 0.000000
0.190000 0.000000
0.200000 0.000000
0.210000 0.000000
0.220000 0.000000
0.230000 0.000000
0.240000 0.000870
0.250000 0.095945
0.260000 1.080601
0.270000 2.721386
0.280000 2.918989
0.290000 2.109657
0.300000 1.404915
0.310000 1.028014
0.320000 0.877142
0.330000 0.832680
0.340000 0.824316
0.350000 0.837288
0.360000 0.858168
0.370000 0.887204
0.380000 0.918652
0.390000 0.946436
0.400000 0.976278
0.410000 1.006662
0.420000 1.035222
0.430000 1.061576
0.440000 1.083155
0.450000 1.092345
0.460000 1.094093
0.470000 1.087541
0.480000 1.072803
0.490000 1.054694
0.500000 1.031696
0.510000 1.008330
0.520000 0.987696
0.530000 0.964379
0.540000 0.942791
0.550000 0.923766
0.560000 0.915120
0.570000 0.909723
0.580000 0.918337
0.590000 0.932269
0.600000 0.949348
0.610000 0.966122
0.620000 0.983908
0.630000 0.995360
0.640000 1.008338
0.650000 1.018013
0.660000 1.029218
0.670000 1.031728
0.680000 1.036671
0.690000 1.038012
0.700000 1.035026
0.710000 1.029290
0.720000 1.023915
0.730000 1.016541
0.740000 1.011893
0.750000 1.001794
0.760000 0.999343
0.770000 0.990765
0.780000 0.988437
0.790000 0.987352
0.800000 0.985425
0.810000 0.986109
0.820000 0.987305
0.830000 0.990055
0.840000 0.992102
0.850000 0.996762
0.860000 0.996918
0.870000 0.997916
0.880000 0.999247
0.890000 0.998916
0.900000 0.998272
0.910000 0.998744
0.920000 0.997891
0.930000 0.996735
0.940000 0.998820
0.950000 0.997341
0.960000 0.996692
0.970000 0.996886
0.980000 0.997951
0.990000 0.997593
1.000000 0.998214
1.010000 0.997966
1.020000 0.998996
1.030000 0.999519
1.040000 1.000154
1.050000 1.000087
1.060000 1.000205
1.070000 1.000584
1.080000 1.001454
1.090000 1.000265
1.100000 1.000619
