0.000000 0.000000
0.010000 0.000000
0.020000 0.000000
0.030000 0.000000
0.040000 0.000000
0.050000 0.000000
0.060000 0.000000
0.070000 0.000000
0.080000 0.000000
0.090000 0.000000
0.100000 0.000000
0.110000 0.000000
0.120000 0.000000
0.130000 0.000000
0.140000 0.000000
0.150000 0.000000
0.160000 0.000000
0.170000 0.000000
0.180000 0.000000
0.190000 0.000000
0.200000 0.000000
0.210000 0.000000
0.220000 0.000000
0.230000 0.000000
0.240000 0.000501
0.250000 0.097372
0.260000 1.078899
0.270000 2.718926
0.280000 2.919764
0.290000 2.108574
0.300000 1.409557
0.310000 1.035449
0.320000 0.879741
0.330000 0.835316
0.340000 0.826318
0.350000 0.840052
0.360000 0.864256
0.370000 0.886198
0.380000 0.913727
0.390000 0.940423
0.400000 0.974517
0.410000 1.008049
0.420000 1.037829
0.430000 1.065825
0.440000 1.081632
0.450000 1.094601
0.460000 1.092746
0.470000 1.086665
0.480000 1.074157
0.490000 1.054275
0.500000 1.032452
0.510000 1.010201
0.520000 0.984846
0.530000 0.965126
0.540000 0.944425
0.550000 0.925079
0.560000 0.918529
0.570000 0.916080
0.580000 0.920667
0.590000 0.933338
0.600000 0.949534
0.610000 0.965438
0.620000 0.983394
0.630000 0.998142
0.640000 1.010733
0.650000 1.021084
0.660000 1.029526
0.670000 1.036142
0.680000 1.037419
0.690000 1.038791
0.700000 1.036503
0.710000 1.030062
0.720000 1.026220
0.730000 1.018125
0.740000 1.011882
0.750000 1.004092
0.760000 0.998989
0.770000 0.992938
0.780000 0.988715
0.790000 0.986885
0.800000 0.987765
0.810000 0.988652
0.820000 0.988721
0.830000 0.992276
0.840000 0.994444
0.850000 0.997402
0.860000 0.997864
0.870000 0.998234
0.880000 0.999871
0.890000 0.999837
0.900000 0.999435
0.910000 0.999724
0.920000 0.998005
0.930000 0.998796
0.940000 0.997718
0.950000 0.997850
0.960000 0.998683
0.970000 0.998215
0.980000 0.998922
0.990000 0.998377
1.000000 0.999815
1.010000 0.999758
1.020000 1.000648
1.030000 1.001439
1.040000 1.002244
1.050000 1.001623
1.060000 1.001123
1.070000 1.002610
1.080000 1.001940
1.090000 1.000485
1.100000 1.000302
