0.000000 0.000000
0.010000 0.000000
0.020000 0.000000
0.030000 0.000000
0.040000 0.000000
0.050000 0.000000
0.060000 0.000000
0.070000 0.000000
0.080000 0.000000
0.090000 0.000000
0.100000 0.000000
0.110000 0.000000
0.120000 0.000000
0.130000 0.000000
0.140000 0.000000
0.150000 0.000000
0.160000 0.000000
0.170000 0.000000
0.180000 0.000000
0.190000 0.000000
0.200000 0.000000
0.210000 0.000000
0.220000 0.000000
0.230000 0.000000
0.240000 0.000717
0.250000 0.098059
0.260000 1.081284
0.270000 2.719443
0.280000 2.917741
0.290000 2.115126
0.300000 1.400840
0.310000 1.037648
0.320000 0.879457
0.330000 0.830698
0.340000 0.826271
0.350000 0.840594
0.360000 0.862240
0.370000 0.889515
0.380000 0.912888
0.390000 0.945143
0.400000 0.977303
0.410000 1.007305
0.420000 1.041757
0.430000 1.063784
0.440000 1.084717
0.450000 1.094923
0.460000 1.094819
0.470000 1.089875
0.480000 1.076737
0.490000 1.053373
0.500000 1.033566
0.510000 1.010392
0.520000 0.986384
0.530000 0.966074
0.540000 0.944607
0.550000 0.927580
0.560000 0.917798
0.570000 0.915992
0.580000 0.921617
0.590000 0.934328
0.600000 0.949536
0.610000 0.968194
0.620000 0.983873
0.630000 0.998345
0.640000 1.011938
0.650000 1.024624
0.660000 1.034134
0.670000 1.038196
0.680000 1.040545
0.690000 1.040647
0.700000 1.038842
0.710000 1.035574
0.720000 1.026728
0.730000 1.020462
0.740000 1.012355
0.750000 1.005370
0.760000 1.001016
0.770000 0.995126
0.780000 0.990499
0.790000 0.990073
0.800000 0.990362
0.810000 0.989642
0.820000 0.992614
0.830000 0.993676
0.840000 0.996606
0.850000 0.998769
0.860000 1.001413
0.870000 1.004265
0.880000 1.003185
0.890000 1.002421
0.900000 1.003284
0.910000 1.002952
0.920000 1.003140
0.930000 1.002519
0.940000 1.002506
0.950000 1.000673
0.960000 1.000623
0.970000 1.001997
0.980000 1.000952
0.990000 1.001617
1.000000 1.002621
1.010000 1.003637
1.020000 1.003254
1.030000 1.004554
1.040000 1.003956
1.050000 1.005560
1.060000 1.006101
1.070000 1.005623
1.080000 1.007153
1.090000 1.005806
1.100000 1.005808
