0.000000 0.000000
0.010000 0.000000
0.020000 0.000000
0.030000 0.000000
0.040000 0.000000
0.050000 0.000000
0.060000 0.000000
0.070000 0.000000
0.080000 0.000000
0.090000 0.000000
0.100000 0.000000
0.110000 0.000000
0.120000 0.000000
0.130000 0.000000
0.140000 0.000000
0.150000 0.000000
0.160000 0.000000
0.170000 0.000000
0.180000 0.000000
0.190000 0.000000
0.200000 0.000000
0.210000 0.000000
0.220000 0.000000
0.230000 0.000000
0.240000 0.001036
0.250000 0.099530
0.260000 1.083293
0.270000 2.704634
0.280000 2.914847
0.290000 2.115415
0.300000 1.407510
0.310000 1.036588
0.320000 0.880145
0.330000 0.831768
0.340000 0.829529
0.350000 0.840354
0.360000 0.862825
0.370000 0.890225
0.380000 0.918840
0.390000 0.944632
0.400000 0.976638
0.410000 1.009632
0.420000 1.038080
0.430000 1.061465
0.440000 1.080381
0.450000 1.093489
0.460000 1.095832
0.470000 1.088682
0.480000 1.074314
0.490000 1.052490
0.500000 1.031132
0.510000 1.007145
0.520000 0.982932
0.530000 0.962532
0.540000 0.944456
0.550000 0.928779
0.560000 0.912925
0.570000 0.914174
0.580000 0.919396
0.590000 0.934290
0.600000 0.950334
0.610000 0.965512
0.620000 0.984121
0.630000 0.997736
0.640000 1.010145
0.650000 1.021869
0.660000 1.028992
0.670000 1.034544
0.680000 1.035995
0.690000 1.038522
0.700000 1.034612
0.710000 1.032738
0.720000 1.022755
0.730000 1.021363
0.740000 1.011156
0.750000 1.005280
0.760000 0.998442
0.770000 0.992718
0.780000 0.989107
0.790000 0.988257
0.800000 0.986467
0.810000 0.986921
0.820000 0.989221
0.830000 0.991297
0.840000 0.993638
0.850000 0.992879
0.860000 0.996999
0.870000 0.999515
0.880000 0.998754
0.890000 1.000656
0.900000 0.998774
0.910000 0.997906
0.920000 0.998547
0.930000 0.997037
0.940000 0.998387
0.950000 0.997270
0.960000 0.998165
0.970000 0.998419
0.980000 0.997303
0.990000 0.997827
1.000000 0.998488
1.010000 0.999843
1.020000 0.999968
1.030000 1.001130
1.040000 0.999537
1.050000 1.001824
1.060000 1.002400
1.070000 1.001639
1.080000 1.001268
1.090000 1.002252
1.100000 1.002098
