0.000000 0.000000
0.010000 0.000000
0.020000 0.000000
0.030000 0.000000
0.040000 0.000000
0.050000 0.000000
0.060000 0.000000
0.070000 0.000000
0.080000 0.000000
0.090000 0.000000
0.100000 0.000000
0.110000 0.000000
0.120000 0.000000
0.130000 0.000000
0.140000 0.000000
0.150000 0.000000
0.160000 0.000000
0.170000 0.000000
0.180000 0.000000
0.190000 0.000000
0.200000 0.000000
0.210000 0.000000
0.220000 0.000000
0.230000 0.000000
0.240000 0.000154
0.250000 0.047695
0.260000 0.923271
0.270000 2.828869
0.280000 3.089887
0.290000 2.162109
0.300000 1.395942
0.310000 1.008677
0.320000 0.860171
0.330000 0.818928
0.340000 0.813541
0.350000 0.833145
0.360000 0.857686
0.370000 0.885288
0.380000 0.912909
0.390000 0.949981
0.400000 0.980616
0.410000 1.010798
0.420000 1.044353
0.430000 1.066157
0.440000 1.089478
0.450000 1.100089
0.460000 1.097013
0.470000 1.087318
0.480000 1.070233
0.490000 1.049392
0.500000 1.021190
0.510000 0.998979
0.520000 0.974274
0.530000 0.948244
0.540000 0.924311
0.550000 0.907674
0.560000 0.900811
0.570000 0.903059
0.580000 0.915409
0.590000 0.932418
0.600000 0.950354
0.610000 0.966973
0.620000 0.986488
0.630000 1.003043
0.640000 1.015652
0.650000 1.027749
0.660000 1.035586
0.670000 1.039836
0.680000 1.040922
0.690000 1.039876
0.700000 1.036547
0.710000 1.029886
0.720000 1.023177
0.730000 1.015149
0.740000 1.005957
0.750000 0.997773
0.760000 0.991117
0.770000 0.986670
0.780000 0.980532
0.790000 0.979919
0.800000 0.977546
0.810000 0.980010
0.820000 0.982318
0.830000 0.984667
0.840000 0.988230
0.850000 0.990225
0.860000 0.993188
0.870000 0.995897
0.880000 0.993345
0.890000 0.992123
0.900000 0.994081
0.910000 0.994434
0.920000 0.995002
0.930000 0.994210
0.940000 0.993991
0.950000 0.994215
0.960000 0.993258
0.970000 0.993178
0.980000 0.993362
0.990000 0.992615
1.000000 0.993931
1.010000 0.993592
1.020000 0.994079
1.030000 0.995146
1.040000 0.994702
1.050000 0.995714
1.060000 0.997519
1.070000 0.996063
1.080000 0.996893
1.090000 0.996342
1.100000 0.994669
