0.000000 0.000000
0.010000 0.000000
0.020000 0.000000
0.030000 0.000000
0.040000 0.000000
0.050000 0.000000
0.060000 0.000000
0.070000 0.000000
0.080000 0.000000
0.090000 0.000000
0.100000 0.000000
0.110000 0.000000
0.120000 0.000000
0.130000 0.000000
0.140000 0.000000
0.150000 0.000000
0.160000 0.000000
0.170000 0.000000
0.180000 0.000000
0.190000 0.000000
0.200000 0.000000
0.210000 0.000000
0.220000 0.000000
0.230000 0.000003
0.240000 0.000507
0.250000 0.081832
0.260000 0.962646
0.270000 2.525339
0.280000 2.835932
0.290000 2.154325
0.300000 1.493111
0.310000 1.119420
0.320000 0.952683
0.330000 0.889919
0.340000 0.870752
0.350000 0.873671
0.360000 0.887378
0.370000 0.903789
0.380000 0.925783
0.390000 0.947711
0.400000 0.971705
0.410000 0.997953
0.420000 1.025166
0.430000 1.043793
0.440000 1.061242
0.450000 1.070197
0.460000 1.073408
0.470000 1.064787
0.480000 1.054488
0.490000 1.037031
0.500000 1.020365
0.510000 1.000581
0.520000 0.981803
0.530000 0.964387
0.540000 0.950336
0.550000 0.938276
0.560000 0.929663
0.570000 0.931256
0.580000 0.936198
0.590000 0.946858
0.600000 0.959063
0.610000 0.974598
0.620000 0.985910
0.630000 0.999854
0.640000 1.010024
0.650000 1.019972
0.660000 1.026251
0.670000 1.032402
0.680000 1.034491
0.690000 1.035274
0.700000 1.032775
0.710000 1.029509
0.720000 1.023453
0.730000 1.016858
0.740000 1.010950
0.750000 1.003485
0.760000 0.998910
0.770000 0.994457
0.780000 0.990955
0.790000 0.988056
0.800000 0.988052
0.810000 0.988409
0.820000 0.990659
0.830000 0.991880
0.840000 0.993511
0.850000 0.996021
0.860000 0.998153
0.870000 0.998813
0.880000 1.000096
0.890000 1.000051
0.900000 0.999722
0.910000 0.999484
0.920000 1.000055
0.930000 0.999918
0.940000 0.999692
0.950000 1.000002
0.960000 1.000193
0.970000 1.000319
0.980000 0.999613
0.990000 0.999520
1.000000 1.000224
1.010000 1.000004
1.020000 1.000987
1.030000 1.001225
1.040000 1.001503
1.050000 1.001779
1.060000 1.002792
1.070000 1.001921
1.080000 1.002442
1.090000 1.002707
1.100000 1.001476
