0.000000 0.000000
0.010000 0.000000
0.020000 0.000000
0.030000 0.000000
0.040000 0.000000
0.050000 0.000000
0.060000 0.000000
0.070000 0.000000
0.080000 0.000000
0.090000 0.000000
0.100000 0.000000
0.110000 0.000000
0.120000 0.000000
0.130000 0.000000
0.140000 0.000000
0.150000 0.000000
0.160000 0.000000
0.170000 0.000000
0.180000 0.000000
0.190000 0.000000
0.200000 0.000000
0.210000 0.000000
0.220000 0.000000
0.230000 0.000000
0.240000 0.000644
0.250000 0.096205
0.260000 1.088834
0.270000 2.726483
0.280000 2.924897
0.290000 2.115945
0.300000 1.408350
0.310000 1.039254
0.320000 0.877482
0.330000 0.828766
0.340000 0.823682
0.350000 0.837756
0.360000 0.859761
0.370000 0.886812
0.380000 0.917317
0.390000 0.945488
0.400000 0.978084
0.410000 1.009805
0.420000 1.039277
0.430000 1.068947
0.440000 1.086693
0.450000 1.095627
0.460000 1.096599
0.470000 1.089052
0.480000 1.078576
0.490000 1.062170
0.500000 1.035335
0.510000 1.015114
0.520000 0.991131
0.530000 0.968502
0.540000 0.947313
0.550000 0.929169
0.560000 0.917865
0.570000 0.914184
0.580000 0.923604
0.590000 0.933892
0.600000 0.952057
0.610000 0.966039
0.620000 0.985503
0.630000 1.000261
0.640000 1.010335
0.650000 1.024363
0.660000 1.030873
0.670000 1.039904
0.680000 1.042807
0.690000 1.042929
0.700000 1.037547
0.710000 1.034497
0.720000 1.029585
0.730000 1.021729
0.740000 1.013706
0.750000 1.006826
0.760000 1.001347
0.770000 0.997322
0.780000 0.993778
0.790000 0.989732
0.800000 0.990055
0.810000 0.990767
0.820000 0.993281
0.830000 0.995069
0.840000 0.997059
0.850000 0.997953
0.860000 1.002814
0.870000 1.003038
0.880000 1.003308
0.890000 1.003419
0.900000 1.003812
0.910000 1.002368
0.920000 1.002364
0.930000 1.002210
0.940000 1.000364
0.950000 1.001908
0.960000 1.002712
0.970000 1.000572
0.980000 0.999332
0.990000 1.002448
1.000000 1.002134
1.010000 1.001888
1.020000 1.002675
1.030000 1.004430
1.040000 1.005113
1.050000 1.005340
1.060000 1.005614
1.070000 1.006439
1.080000 1.005169
1.090000 1.006469
1.100000 1.005536
