0.000000 0.000000
0.010000 0.000000
0.020000 0.000000
0.030000 0.000000
0.040000 0.000000
0.050000 0.000000
0.060000 0.000000
0.070000 0.000000
0.080000 0.000000
0.090000 0.000000
0.100000 0.000000
0.110000 0.000000
0.120000 0.000000
0.130000 0.000000
0.140000 0.000000
0.150000 0.000000
0.160000 0.000000
0.170000 0.000000
0.180000 0.000000
0.190000 0.000000
0.200000 0.000000
0.210000 0.000000
0.220000 0.000000
0.230000 0.000000
0.240000 0.000762
0.250000 0.097554
0.260000 1.092967
0.270000 2.733445
0.280000 2.917781
0.290000 2.100741
0.300000 1.396502
0.310000 1.020662
0.320000 0.869809
0.330000 0.820263
0.340000 0.815707
0.350000 0.833311
0.360000 0.855520
0.370000 0.880918
0.380000 0.913698
0.390000 0.943259
0.400000 0.975961
0.410000 1.008148
0.420000 1.041348
0.430000 1.067551
0.440000 1.087354
0.450000 1.095604
0.460000 1.099146
0.470000 1.093344
0.480000 1.079968
0.490000 1.056739
0.500000 1.034675
0.510000 1.008345
0.520000 0.984771
0.530000 0.961592
0.540000 0.939361
0.550000 0.920904
0.560000 0.909034
0.570000 0.908017
0.580000 0.916200
0.590000 0.927672
0.600000 0.943044
0.610000 0.961920
0.620000 0.976842
0.630000 0.994329
0.640000 1.009846
0.650000 1.022248
0.660000 1.028315
0.670000 1.033151
0.680000 1.039611
0.690000 1.039375
0.700000 1.035859
0.710000 1.034524
0.720000 1.027497
0.730000 1.018961
0.740000 1.011869
0.750000 1.003440
0.760000 0.996757
0.770000 0.992724
0.780000 0.988379
0.790000 0.985164
0.800000 0.984487
0.810000 0.985823
0.820000 0.987901
0.830000 0.990000
0.840000 0.993767
0.850000 0.993939
0.860000 0.997240
0.870000 0.999640
0.880000 0.999378
0.890000 1.000758
0.900000 0.999153
0.910000 0.998489
0.920000 0.997183
0.930000 0.998712
0.940000 0.997309
0.950000 0.997014
0.960000 0.996740
0.970000 0.995621
0.980000 0.995448
0.990000 0.998557
1.000000 0.997046
1.010000 0.998137
1.020000 0.998197
1.030000 1.000729
1.040000 1.001101
1.050000 1.001097
1.060000 1.002049
1.070000 1.002107
1.080000 1.001389
1.090000 1.001868
1.100000 1.001563
