0.000000 0.000000
0.010000 0.000000
0.020000 0.000000
0.030000 0.000000
0.040000 0.000000
0.050000 0.000000
0.060000 0.000000
0.070000 0.000000
0.080000 0.000000
0.090000 0.000000
0.100000 0.000000
0.110000 0.000000
0.120000 0.000000
0.130000 0.000000
0.140000 0.000000
0.150000 0.000000
0.160000 0.000000
0.170000 0.000000
0.180000 0.000000
0.190000 0.000000
0.200000 0.000000
0.210000 0.000000
0.220000 0.000000
0.230000 0.000000
0.240000 0.000567
0.250000 0.085437
0.260000 1.005597
0.270000 2.633472
0.280000 2.932187
0.290000 2.167822
0.300000 1.460046
0.310000 1.074882
0.320000 0.913077
0.330000 0.859101
0.340000 0.848391
0.350000 0.860517
0.360000 0.871502
0.370000 0.894390
0.380000 0.918744
0.390000 0.940885
0.400000 0.972968
0.410000 0.998552
0.420000 1.022399
0.430000 1.044750
0.440000 1.060595
0.450000 1.073597
0.460000 1.077262
0.470000 1.076855
0.480000 1.068196
0.490000 1.049434
0.500000 1.033731
0.510000 1.011931
0.520000 0.991183
0.530000 0.972872
0.540000 0.954529
0.550000 0.938385
0.560000 0.926242
0.570000 0.922773
0.580000 0.930200
0.590000 0.941017
0.600000 0.952826
0.610000 0.968916
0.620000 0.983360
0.630000 0.998521
0.640000 1.008005
0.650000 1.018303
0.660000 1.026098
0.670000 1.034279
0.680000 1.035484
0.690000 1.036582
0.700000 1.036211
0.710000 1.031104
0.720000 1.023569
0.730000 1.018204
0.740000 1.011750
0.750000 1.006112
0.760000 0.999291
0.770000 0.996343
0.780000 0.989800
0.790000 0.989004
0.800000 0.988214
0.810000 0.988856
0.820000 0.990260
0.830000 0.991031
0.840000 0.994843
0.850000 0.996438
0.860000 0.999024
0.870000 0.999716
0.880000 0.999144
0.890000 1.000627
0.900000 1.000535
0.910000 1.000550
0.920000 1.000455
0.930000 1.001368
0.940000 0.999517
0.950000 1.000706
0.960000 0.999732
0.970000 0.999910
0.980000 0.999660
0.990000 0.999139
1.000000 0.997949
1.010000 0.999887
1.020000 0.999666
1.030000 1.000472
1.040000 1.000614
1.050000 1.000652
1.060000 1.001712
1.070000 1.002011
1.080000 1.001553
1.090000 1.002465
1.100000 1.002552
