0.000000 0.000000
0.010000 0.000000
0.020000 0.000000
0.030000 0.000000
0.040000 0.000000
0.050000 0.000000
0.060000 0.000000
0.070000 0.000000
0.080000 0.000000
0.090000 0.000000
0.100000 0.000000
0.110000 0.000000
0.120000 0.000000
0.130000 0.000000
0.140000 0.000000
0.150000 0.000000
0.160000 0.000000
0.170000 0.000000
0.180000 0.000000
0.190000 0.000000
0.200000 0.000000
0.210000 0.000000
0.220000 0.000000
0.230000 0.000000
0.240000 0.000927
0.250000 0.096210
0.260000 1.084345
0.270000 2.724618
0.280000 2.916572
0.290000 2.115118
0.300000 1.407851
0.310000 1.034495
0.320000 0.882124
0.330000 0.827844
0.340000 0.823793
0.350000 0.840187
0.360000 0.864445
0.370000 0.891961
0.380000 0.911005
0.390000 0.944965
0.400000 0.983600
0.410000 1.005089
0.420000 1.032236
0.430000 1.061502
0.440000 1.086659
0.450000 1.087068
0.460000 1.092928
0.470000 1.089815
0.480000 1.073393
0.490000 1.054850
0.500000 1.032869
0.510000 1.009250
0.520000 0.984417
0.530000 0.965261
0.540000 0.943927
0.550000 0.926063
0.560000 0.916697
0.570000 0.914411
0.580000 0.918445
0.590000 0.933984
0.600000 0.950068
0.610000 0.967906
0.620000 0.983268
0.630000 0.999687
0.640000 1.011634
0.650000 1.018204
0.660000 1.030294
0.670000 1.038185
0.680000 1.037916
0.690000 1.036676
0.700000 1.035515
0.710000 1.033065
0.720000 1.027891
0.730000 1.019668
0.740000 1.010486
0.750000 1.005766
0.760000 0.997713
0.770000 0.990945
0.780000 0.990448
0.790000 0.987579
0.800000 0.987753
0.810000 0.986757
0.820000 0.988013
0.830000 0.991561
0.840000 0.993056
0.850000 0.997823
0.860000 0.999643
0.870000 0.999447
0.880000 1.001388
0.890000 1.002698
0.900000 0.999717
0.910000 0.999880
0.920000 1.001658
0.930000 1.000940
0.940000 0.999350
0.950000 1.000220
0.960000 0.997767
0.970000 0.999316
0.980000 0.998368
0.990000 0.998163
1.000000 0.998674
1.010000 0.998374
1.020000 0.999011
1.030000 1.000441
1.040000 1.001603
1.050000 1.001280
1.060000 1.001489
1.070000 1.002869
1.080000 1.003465
1.090000 1.003668
1.100000 1.003090
