0.000000 0.000000
0.010000 0.000000
0.020000 0.000000
0.030000 0.000000
0.040000 0.000000
0.050000 0.000000
0.060000 0.000000
0.070000 0.000000
0.080000 0.000000
0.090000 0.000000
0.100000 0.000000
0.110000 0.000000
0.120000 0.000000
0.130000 0.000000
0.140000 0.000000
0.150000 0.000000
0.160000 0.000000
0.170000 0.000000
0.180000 0.000000
0.190000 0.000000
0.200000 0.000000
0.210000 0.000000
0.220000 0.000000
0.230000 0.000000
0.240000 0.000431
0.250000 0.072294
0.260000 0.857986
0.270000 2.323952
0.280000 2.733440
0.290000 2.179537
0.300000 1.574459
0.310000 1.216596
0.320000 1.033418
0.330000 0.952519
0.340000 0.918726
0.350000 0.909343
0.360000 0.915490
0.370000 0.920434
0.380000 0.935447
0.390000 0.952877
0.400000 0.972611
0.410000 0.988633
0.420000 1.011965
0.430000 1.029515
0.440000 1.039533
0.450000 1.049908
0.460000 1.047778
0.470000 1.046169
0.480000 1.033835
0.490000 1.022269
0.500000 1.007295
0.510000 0.991314
0.520000 0.975709
0.530000 0.963243
0.540000 0.954144
0.550000 0.947507
0.560000 0.944097
0.570000 0.943590
0.580000 0.950406
0.590000 0.958054
0.600000 0.967473
0.610000 0.978876
0.620000 0.991700
0.630000 1.000839
0.640000 1.010880
0.650000 1.019451
0.660000 1.025064
0.670000 1.029882
0.680000 1.031887
0.690000 1.033365
0.700000 1.031757
0.710000 1.028752
0.720000 1.023064
0.730000 1.016542
0.740000 1.010614
0.750000 1.005002
0.760000 0.999124
0.770000 0.995704
0.780000 0.990965
0.790000 0.989036
0.800000 0.989673
0.810000 0.988064
0.820000 0.989011
0.830000 0.990888
0.840000 0.995381
0.850000 0.993991
0.860000 0.996870
0.870000 0.997265
0.880000 1.000027
0.890000 0.998500
0.900000 0.999160
0.910000 1.000622
0.920000 0.999623
0.930000 1.000581
0.940000 1.001251
0.950000 1.001211
0.960000 1.002011
0.970000 1.002234
0.980000 1.000901
0.990000 1.001116
1.000000 1.000997
1.010000 1.000790
1.020000 1.001771
1.030000 1.001325
1.040000 1.001520
1.050000 1.001858
1.060000 1.001786
1.070000 1.002710
1.080000 1.002307
1.090000 1.001372
1.100000 1.002654
