0.000000 0.000000
0.010000 0.000000
0.020000 0.000000
0.030000 0.000000
0.040000 0.000000
0.050000 0.000000
0.060000 0.000000
0.070000 0.000000
0.080000 0.000000
0.090000 0.000000
0.100000 0.000000
0.110000 0.000000
0.120000 0.000000
0.130000 0.000000
0.140000 0.000000
0.150000 0.000000
0.160000 0.000000
0.170000 0.000000
0.180000 0.000000
0.190000 0.000000
0.200000 0.000000
0.210000 0.000000
0.220000 0.000000
0.230000 0.000000
0.240000 0.000623
0.250000 0.096520
0.260000 1.082378
0.270000 2.709879
0.280000 2.917186
0.290000 2.107619
0.300000 1.412004
0.310000 1.031991
0.320000 0.877323
0.330000 0.825916
0.340000 0.822718
0.350000 0.838546
0.360000 0.859690
0.370000 0.885553
0.380000 0.916329
0.390000 0.943516
0.400000 0.974496
0.410000 1.007749
0.420000 1.037003
0.430000 1.068062
0.440000 1.082802
0.450000 1.091962
0.460000 1.094368
0.470000 1.089831
0.480000 1.072052
0.490000 1.054382
0.500000 1.034230
0.510000 1.005910
0.520000 0.988008
0.530000 0.964979
0.540000 0.943135
0.550000 0.927047
0.560000 0.915594
0.570000 0.911722
0.580000 0.918554
0.590000 0.930033
0.600000 0.945297
0.610000 0.961140
0.620000 0.980830
0.630000 0.995576
0.640000 1.008163
0.650000 1.017748
0.660000 1.027596
0.670000 1.031927
0.680000 1.037218
0.690000 1.037017
0.700000 1.034667
0.710000 1.031536
0.720000 1.024118
0.730000 1.017966
0.740000 1.011036
0.750000 1.004586
0.760000 0.997860
0.770000 0.993992
0.780000 0.990483
0.790000 0.988746
0.800000 0.987522
0.810000 0.985260
0.820000 0.988072
0.830000 0.989077
0.840000 0.993351
0.850000 0.994683
0.860000 0.996776
0.870000 0.998471
0.880000 0.999469
0.890000 0.998424
0.900000 0.997451
0.910000 0.996933
0.920000 0.997865
0.930000 0.997704
0.940000 0.997877
0.950000 0.998229
0.960000 0.996576
0.970000 0.996877
0.980000 0.998906
0.990000 0.997264
1.000000 0.999387
1.010000 0.998562
1.020000 0.998618
1.030000 0.998502
1.040000 0.998909
1.050000 1.000816
1.060000 1.001724
1.070000 1.001477
1.080000 1.003393
1.090000 1.001841
1.100000 1.001100
