0.000000 0.000000
0.010000 0.000000
0.020000 0.000000
0.030000 0.000000
0.040000 0.000000
0.050000 0.000000
0.060000 0.000000
0.070000 0.000000
0.080000 0.000000
0.090000 0.000000
0.100000 0.000000
0.110000 0.000000
0.120000 0.000000
0.130000 0.000000
0.140000 0.000000
0.150000 0.000000
0.160000 0.000000
0.170000 0.000000
0.180000 0.000000
0.190000 0.000000
0.200000 0.000000
0.210000 0.000000
0.220000 0.000000
0.230000 0.000000
0.240000 0.000717
0.250000 0.096662
0.260000 1.081554
0.270000 2.713196
0.280000 2.918636
0.290000 2.112469
0.300000 1.411147
0.310000 1.038976
0.320000 0.878737
0.330000 0.829113
0.340000 0.827409
0.350000 0.840301
0.360000 0.860179
0.370000 0.886603
0.380000 0.917460
0.390000 0.946067
0.400000 0.976575
0.410000 1.005673
0.420000 1.039069
0.430000 1.063396
0.440000 1.080447
0.450000 1.092736
0.460000 1.095838
0.470000 1.086415
0.480000 1.075067
0.490000 1.055382
0.500000 1.034449
0.510000 1.009133
0.520000 0.988178
0.530000 0.963381
0.540000 0.944970
0.550000 0.927276
0.560000 0.915297
0.570000 0.915317
0.580000 0.921117
0.590000 0.933342
0.600000 0.950158
0.610000 0.966069
0.620000 0.982662
0.630000 0.996931
0.640000 1.010264
0.650000 1.020076
0.660000 1.031302
0.670000 1.035129
0.680000 1.037984
0.690000 1.037240
0.700000 1.037200
0.710000 1.033978
0.720000 1.027518
0.730000 1.020755
0.740000 1.011402
0.750000 1.004836
0.760000 0.997359
0.770000 0.994930
0.780000 0.990261
0.790000 0.988233
0.800000 0.988638
0.810000 0.987083
0.820000 0.987578
0.830000 0.990938
0.840000 0.995086
0.850000 0.997813
0.860000 0.998940
0.870000 0.999657
0.880000 0.999098
0.890000 1.001764
0.900000 1.000160
0.910000 1.000045
0.920000 0.998981
0.930000 0.999002
0.940000 0.999744
0.950000 0.997981
0.960000 1.000131
0.970000 1.000201
0.980000 1.000109
0.990000 0.999225
1.000000 0.998572
1.010000 0.999366
1.020000 1.001435
1.030000 0.999785
1.040000 1.001905
1.050000 1.002581
1.060000 1.001592
1.070000 1.002402
1.080000 1.002795
1.090000 1.002805
1.100000 1.002037
