0.000000 0.000000
0.010000 0.000000
0.020000 0.000000
0.030000 0.000000
0.040000 0.000000
0.050000 0.000000
0.060000 0.000000
0.070000 0.000000
0.080000 0.000000
0.090000 0.000000
0.100000 0.000000
0.110000 0.000000
0.120000 0.000000
0.130000 0.000000
0.140000 0.000000
0.150000 0.000000
0.160000 0.000000
0.170000 0.000000
0.180000 0.000000
0.190000 0.000000
0.200000 0.000000
0.210000 0.000000
0.220000 0.000000
0.230000 0.000000
0.240000 0.000634
0.250000 0.081340
0.260000 0.955089
0.270000 2.523081
0.280000 2.852849
0.290000 2.160758
0.300000 1.488604
0.310000 1.115564
0.320000 0.949429
0.330000 0.887273
0.340000 0.875608
0.350000 0.879776
0.360000 0.892767
0.370000 0.906792
0.380000 0.926765
0.390000 0.951051
0.400000 0.978362
0.410000 1.001751
0.420000 1.024216
0.430000 1.043067
0.440000 1.063758
0.450000 1.068701
0.460000 1.067894
0.470000 1.065126
0.480000 1.052219
0.490000 1.035196
0.500000 1.017571
0.510000 0.996123
0.520000 0.976636
0.530000 0.961379
0.540000 0.946522
0.550000 0.934035
0.560000 0.931667
0.570000 0.930458
0.580000 0.938664
0.590000 0.949486
0.600000 0.962229
0.610000 0.977875
0.620000 0.990878
0.630000 1.001655
0.640000 1.013746
0.650000 1.018866
0.660000 1.028128
0.670000 1.035051
0.680000 1.036319
0.690000 1.035470
0.700000 1.031580
0.710000 1.029458
0.720000 1.023895
0.730000 1.015857
0.740000 1.008742
0.750000 1.003964
0.760000 0.996638
0.770000 0.991579
0.780000 0.989853
0.790000 0.987928
0.800000 0.989076
0.810000 0.988018
0.820000 0.989029
0.830000 0.993884
0.840000 0.993502
0.850000 0.995477
0.860000 0.997907
0.870000 0.998617
0.880000 0.999673
0.890000 0.999858
0.900000 0.999641
0.910000 1.000486
0.920000 0.999929
0.930000 0.999693
0.940000 1.000307
0.950000 1.001359
0.960000 1.000280
0.970000 0.999170
0.980000 1.000530
0.990000 0.999657
1.000000 0.999831
1.010000 0.999063
1.020000 1.000307
1.030000 1.001707
1.040000 1.001445
1.050000 1.001187
1.060000 1.001463
1.070000 1.002388
1.080000 1.002072
1.090000 1.001763
1.100000 1.002549
