0.000000 0.000000
0.010000 0.000000
0.020000 0.000000
0.030000 0.000000
0.040000 0.000000
0.050000 0.000000
0.060000 0.000000
0.070000 0.000000
0.080000 0.000000
0.090000 0.000000
0.100000 0.000000
0.110000 0.000000
0.120000 0.000000
0.130000 0.000000
0.140000 0.000000
0.150000 0.000000
0.160000 0.000000
0.170000 0.000000
0.180000 0.000000
0.190000 0.000000
0.200000 0.000000
0.210000 0.000000
0.220000 0.000000
0.230000 0.000000
0.240000 0.000743
0.250000 0.096498
0.260000 1.080203
0.270000 2.715712
0.280000 2.917608
0.290000 2.111975
0.300000 1.407686
0.310000 1.035360
0.320000 0.881863
0.330000 0.830675
0.340000 0.826890
0.350000 0.840369
0.360000 0.861226
0.370000 0.886143
0.380000 0.915517
0.390000 0.944630
0.400000 0.975457
0.410000 1.007863
0.420000 1.038065
0.430000 1.063313
0.440000 1.082065
0.450000 1.094250
0.460000 1.095068
0.470000 1.088572
0.480000 1.072937
0.490000 1.052740
0.500000 1.031394
0.510000 1.009341
0.520000 0.986953
0.530000 0.963785
0.540000 0.943132
0.550000 0.927340
0.560000 0.916849
0.570000 0.912984
0.580000 0.920818
0.590000 0.932315
0.600000 0.948716
0.610000 0.966187
0.620000 0.981703
0.630000 0.995873
0.640000 1.010068
0.650000 1.019368
0.660000 1.029913
0.670000 1.034740
0.680000 1.037805
0.690000 1.039122
0.700000 1.036897
0.710000 1.031999
0.720000 1.025874
0.730000 1.018725
0.740000 1.010643
0.750000 1.004301
0.760000 0.998271
0.770000 0.993519
0.780000 0.990407
0.790000 0.987129
0.800000 0.987547
0.810000 0.987076
0.820000 0.989310
0.830000 0.991149
0.840000 0.993022
0.850000 0.996550
0.860000 0.998286
0.870000 0.999657
0.880000 0.999338
0.890000 0.999905
0.900000 0.998610
0.910000 0.998675
0.920000 0.998749
0.930000 0.998206
0.940000 0.998636
0.950000 0.998705
0.960000 0.998932
0.970000 0.998145
0.980000 0.998728
0.990000 0.998890
1.000000 0.998931
1.010000 0.999506
1.020000 0.999856
1.030000 1.000441
1.040000 1.001544
1.050000 1.001437
1.060000 1.002281
1.070000 1.001983
1.080000 1.002475
1.090000 1.001749
1.100000 1.001963
