0.000000 0.000000
0.010000 0.000000
0.020000 0.000000
0.030000 0.000000
0.040000 0.000000
0.050000 0.000000
0.060000 0.000000
0.070000 0.000000
0.080000 0.000000
0.090000 0.000000
0.100000 0.000000
0.110000 0.000000
0.120000 0.000000
0.130000 0.000000
0.140000 0.000000
0.150000 0.000000
0.160000 0.000000
0.170000 0.000000
0.180000 0.000000
0.190000 0.000000
0.200000 0.000000
0.210000 0.000000
0.220000 0.000000
0.230000 0.000000
0.240000 0.000293
0.250000 0.057363
0.260000 0.738404
0.270000 2.150960
0.280000 2.685128
0.290000 2.225120
0.300000 1.645321
0.310000 1.276926
0.320000 1.092062
0.330000 1.005235
0.340000 0.965215
0.350000 0.948334
0.360000 0.944693
0.370000 0.943847
0.380000 0.946121
0.390000 0.955557
0.400000 0.968832
0.410000 0.981309
0.420000 0.995384
0.430000 1.009414
0.440000 1.020147
0.450000 1.024494
0.460000 1.025156
0.470000 1.021559
0.480000 1.012410
0.490000 1.003208
0.500000 0.991849
0.510000 0.978122
0.520000 0.967260
0.530000 0.961080
0.540000 0.955439
0.550000 0.954224
0.560000 0.955958
0.570000 0.960705
0.580000 0.965347
0.590000 0.971356
0.600000 0.980933
0.610000 0.989291
0.620000 0.997816
0.630000 1.005766
0.640000 1.014337
0.650000 1.018824
0.660000 1.024406
0.670000 1.027784
0.680000 1.028319
0.690000 1.028439
0.700000 1.026922
0.710000 1.023970
0.720000 1.017900
0.730000 1.012927
0.740000 1.006433
0.750000 1.002055
0.760000 0.996909
0.770000 0.992839
0.780000 0.990828
0.790000 0.988012
0.800000 0.988531
0.810000 0.988513
0.820000 0.989526
0.830000 0.991896
0.840000 0.993118
0.850000 0.994902
0.860000 0.995539
0.870000 0.997582
0.880000 0.999033
0.890000 0.999925
0.900000 0.999367
0.910000 1.000029
0.920000 1.001064
0.930000 1.001688
0.940000 1.001881
0.950000 1.001795
0.960000 1.002034
0.970000 1.002008
0.980000 1.001037
0.990000 1.000825
1.000000 1.000993
1.010000 1.001119
1.020000 1.000760
1.030000 1.000854
1.040000 1.001026
1.050000 1.000666
1.060000 1.001231
1.070000 1.001128
1.080000 1.001361
1.090000 1.000786
1.100000 1.000577
