0.000000 0.000000
0.010000 0.000000
0.020000 0.000000
0.030000 0.000000
0.040000 0.000000
0.050000 0.000000
0.060000 0.000000
0.070000 0.000000
0.080000 0.000000
0.090000 0.000000
0.100000 0.000000
0.110000 0.000000
0.120000 0.000000
0.130000 0.000000
0.140000 0.000000
0.150000 0.000000
0.160000 0.000000
0.170000 0.000000
0.180000 0.000000
0.190000 0.000000
0.200000 0.000000
0.210000 0.000000
0.220000 0.000000
0.230000 0.000000
0.240000 0.000804
0.250000 0.096798
0.260000 1.081728
0.270000 2.711870
0.280000 2.915424
0.290000 2.107435
0.300000 1.399827
0.310000 1.031211
0.320000 0.878623
0.330000 0.830841
0.340000 0.827908
0.350000 0.836462
0.360000 0.861204
0.370000 0.887064
0.380000 0.914440
0.390000 0.942569
0.400000 0.973195
0.410000 1.006922
0.420000 1.038319
0.430000 1.062175
0.440000 1.079782
0.450000 1.091692
0.460000 1.096081
0.470000 1.085778
0.480000 1.073700
0.490000 1.053881
0.500000 1.029525
0.510000 1.008093
0.520000 0.983181
0.530000 0.959919
0.540000 0.941903
0.550000 0.922224
0.560000 0.912425
0.570000 0.908913
0.580000 0.920057
0.590000 0.930670
0.600000 0.947168
0.610000 0.962194
0.620000 0.979955
0.630000 0.996725
0.640000 1.007335
0.650000 1.019362
0.660000 1.027036
0.670000 1.032032
0.680000 1.035827
0.690000 1.035458
0.700000 1.034741
0.710000 1.028147
0.720000 1.025215
0.730000 1.016808
0.740000 1.009276
0.750000 1.002655
0.760000 0.993503
0.770000 0.991234
0.780000 0.986161
0.790000 0.983691
0.800000 0.983831
0.810000 0.984559
0.820000 0.986946
0.830000 0.988100
0.840000 0.992764
0.850000 0.993648
0.860000 0.997127
0.870000 0.996327
0.880000 0.997483
0.890000 0.997733
0.900000 0.997670
0.910000 0.997169
0.920000 0.997420
0.930000 0.994656
0.940000 0.997336
0.950000 0.995771
0.960000 0.995968
0.970000 0.995594
0.980000 0.994537
0.990000 0.997068
1.000000 0.995910
1.010000 0.996659
1.020000 0.996830
1.030000 0.996307
1.040000 0.997087
1.050000 0.999166
1.060000 0.999028
1.070000 0.998842
1.080000 0.999690
1.090000 0.999783
1.100000 0.999719
