0.000000 0.000000
0.010000 0.000000
0.020000 0.000000
0.030000 0.000000
0.040000 0.000000
0.050000 0.000000
0.060000 0.000000
0.070000 0.000000
0.080000 0.000000
0.090000 0.000000
0.100000 0.000000
0.110000 0.000000
0.120000 0.000000
0.130000 0.000000
0.140000 0.000000
0.150000 0.000000
0.160000 0.000000
0.170000 0.000000
0.180000 0.000000
0.190000 0.000000
0.200000 0.000000
0.210000 0.000000
0.220000 0.000000
0.230000 0.000000
0.240000 0.000544
0.250000 0.089567
0.260000 1.033579
0.270000 2.664002
0.280000 2.918985
0.290000 2.138739
0.300000 1.435344
0.310000 1.053259
0.320000 0.896957
0.330000 0.845564
0.340000 0.837591
0.350000 0.852218
0.360000 0.871540
0.370000 0.889910
0.380000 0.920268
0.390000 0.945706
0.400000 0.976594
0.410000 1.002813
0.420000 1.028717
0.430000 1.053990
0.440000 1.072390
0.450000 1.083616
0.460000 1.084350
0.470000 1.082789
0.480000 1.068790
0.490000 1.050933
0.500000 1.029492
0.510000 1.006579
0.520000 0.986929
0.530000 0.967234
0.540000 0.946147
0.550000 0.931524
0.560000 0.920659
0.570000 0.918549
0.580000 0.925402
0.590000 0.938492
0.600000 0.953556
0.610000 0.969638
0.620000 0.984372
0.630000 0.997424
0.640000 1.011186
0.650000 1.018537
0.660000 1.026098
0.670000 1.035137
0.680000 1.036956
0.690000 1.037318
0.700000 1.035015
0.710000 1.031606
0.720000 1.023174
0.730000 1.017331
0.740000 1.011405
0.750000 1.004058
0.760000 0.997821
0.770000 0.992635
0.780000 0.989477
0.790000 0.987387
0.800000 0.986750
0.810000 0.988075
0.820000 0.990951
0.830000 0.991683
0.840000 0.994256
0.850000 0.995995
0.860000 0.998818
0.870000 0.999356
0.880000 1.000125
0.890000 1.001259
0.900000 0.999891
0.910000 1.000523
0.920000 1.000763
0.930000 0.999850
0.940000 1.000198
0.950000 1.000343
0.960000 0.999399
0.970000 0.999983
0.980000 0.999105
0.990000 0.997640
1.000000 0.997772
1.010000 0.998262
1.020000 0.998662
1.030000 1.000438
1.040000 1.001390
1.050000 1.000213
1.060000 1.001974
1.070000 1.001391
1.080000 1.001047
1.090000 1.002129
1.100000 1.002978
