0.005000 0.000000e+00
0.015000 0.000000e+00
0.025000 0.000000e+00
0.035000 0.000000e+00
0.045000 0.000000e+00
0.055000 0.000000e+00
0.065000 0.000000e+00
0.075000 0.000000e+00
0.085000 0.000000e+00
0.095000 0.000000e+00
0.105000 0.000000e+00
0.115000 0.000000e+00
0.125000 0.000000e+00
0.135000 0.000000e+00
0.145000 0.000000e+00
0.155000 0.000000e+00
0.165000 0.000000e+00
0.175000 0.000000e+00
0.185000 1.075135e+00
0.195000 9.852793e-02
0.205000 3.495221e-01
0.215000 1.572672e+00
0.225000 8.095544e-01
0.235000 1.154670e-01
0.245000 1.408321e-01
0.255000 -6.239598e-02
0.265000 -1.743524e-01
0.275000 8.174004e-02
0.285000 1.352094e-01
0.295000 1.232262e-01
0.305000 6.552007e-02
0.315000 2.090314e-02
0.325000 1.453314e-02
0.335000 -2.408725e-02
0.345000 -5.812336e-02
0.355000 -5.081475e-02
0.365000 -7.841913e-02
0.375000 -9.689913e-02
0.385000 -1.183019e-01
0.395000 -1.211448e-01
0.405000 -1.157297e-01
0.415000 -1.149314e-01
0.425000 -1.065540e-01
0.435000 -8.908854e-02
0.445000 -7.878141e-02
0.455000 -5.425541e-02
0.465000 -4.173778e-02
0.475000 -2.550924e-02
0.485000 -2.037122e-03
0.495000 5.496224e-03
0.505000 1.333061e-02
0.515000 2.783324e-02
0.525000 4.450311e-02
0.535000 3.960374e-02
0.545000 5.668911e-02
0.555000 4.422406e-02
0.565000 3.874812e-02
0.575000 2.371879e-02
0.585000 1.959215e-02
0.595000 7.937596e-03
0.605000 2.147818e-02
0.615000 1.965159e-02
0.625000 -9.844654e-04
0.635000 3.534735e-03
0.645000 -7.175624e-03
0.655000 -4.501261e-03
0.665000 -2.417362e-03
0.675000 -9.681411e-03
0.685000 -8.542213e-03
0.695000 -1.348423e-02
0.705000 -1.027341e-02
0.715000 -6.038893e-03
0.725000 -3.939430e-03
0.735000 -2.814445e-03
0.745000 -1.079820e-03
0.755000 -6.075354e-04
0.765000 5.273098e-03
0.775000 -4.803238e-04
0.785000 3.898912e-04
0.795000 5.623028e-03
0.805000 2.805132e-03
0.815000 -8.984518e-03
0.825000 -3.665048e-03
0.835000 2.569059e-03
0.845000 -6.131995e-03
0.855000 2.019806e-04
0.865000 -3.902770e-03
0.875000 -3.853553e-04
0.885000 -4.530744e-03
0.895000 -5.533996e-04
0.905000 4.683241e-03
0.915000 1.155348e-03
0.925000 4.140003e-03
0.935000 2.175931e-03
0.945000 3.673530e-04
0.955000 4.779020e-03
0.965000 -3.821350e-03
0.975000 6.723614e-04
0.985000 -2.236020e-03
0.995000 -6.755085e-03
1.005000 5.783110e-03
1.015000 -2.372950e-03
1.025000 1.609731e-03
1.035000 -4.081233e-03
1.045000 -2.766430e-03
1.055000 -1.176109e-04
1.065000 -1.766378e-03
1.075000 -3.509796e-03
1.085000 -2.009195e-03
1.095000 9.010379e-04
