0.005000 0.000000e+00
0.015000 0.000000e+00
0.025000 0.000000e+00
0.035000 0.000000e+00
0.045000 0.000000e+00
0.055000 0.000000e+00
0.065000 0.000000e+00
0.075000 0.000000e+00
0.085000 0.000000e+00
0.095000 0.000000e+00
0.105000 0.000000e+00
0.115000 0.000000e+00
0.125000 0.000000e+00
0.135000 0.000000e+00
0.145000 0.000000e+00
0.155000 0.000000e+00
0.165000 0.000000e+00
0.175000 0.000000e+00
0.185000 0.000000e+00
0.195000 0.000000e+00
0.205000 -8.856214e-01
0.215000 -9.542790e-01
0.225000 -1.202291e+00
0.235000 -1.125670e+00
0.245000 -1.018648e+00
0.255000 -1.029505e+00
0.265000 -6.922271e-01
0.275000 -4.579996e-01
0.285000 -4.585395e-01
0.295000 -2.472128e-01
0.305000 -1.899227e-01
0.315000 -8.809928e-02
0.325000 -2.379530e-02
0.335000 4.268097e-02
0.345000 1.286578e-01
0.355000 1.871568e-01
0.365000 2.604297e-01
0.375000 3.367030e-01
0.385000 4.217306e-01
0.395000 4.763254e-01
0.405000 5.292506e-01
0.415000 5.791642e-01
0.425000 5.825341e-01
0.435000 5.279179e-01
0.445000 4.702566e-01
0.455000 3.929517e-01
0.465000 3.029217e-01
0.475000 1.628777e-01
0.485000 6.966494e-02
0.495000 -5.002133e-02
0.505000 -1.387747e-01
0.515000 -2.008638e-01
0.525000 -2.693944e-01
0.535000 -2.719845e-01
0.545000 -2.688298e-01
0.555000 -2.817495e-01
0.565000 -2.571075e-01
0.575000 -1.857255e-01
0.585000 -1.549685e-01
0.595000 -8.366869e-02
0.605000 -7.301625e-02
0.615000 -3.264827e-02
0.625000 8.854844e-03
0.635000 5.972645e-02
0.645000 8.152693e-02
0.655000 9.428365e-02
0.665000 8.404211e-02
0.675000 9.290196e-02
0.685000 1.058587e-01
0.695000 9.652245e-02
0.705000 8.023605e-02
0.715000 6.645369e-02
0.725000 4.704933e-02
0.735000 2.630793e-02
0.745000 4.045657e-03
0.755000 6.814348e-03
0.765000 -2.338229e-02
0.775000 -2.527739e-02
0.785000 -4.180584e-02
0.795000 -6.266256e-03
0.805000 -3.678816e-02
0.815000 -6.580234e-03
0.825000 -6.457745e-03
0.835000 -7.180859e-03
0.845000 -7.981516e-03
0.855000 -3.235834e-04
0.865000 -6.078311e-03
0.875000 -3.196920e-03
0.885000 -1.264908e-02
0.895000 -7.099904e-03
0.905000 -1.527112e-02
0.915000 -7.068055e-05
0.925000 5.141328e-03
0.935000 -2.156015e-03
0.945000 -1.074504e-02
0.955000 -6.719328e-03
0.965000 -1.609692e-02
0.975000 -6.499882e-03
0.985000 -1.517449e-02
0.995000 6.706125e-03
1.005000 -2.765462e-04
1.015000 3.120232e-03
1.025000 -8.652663e-03
1.035000 -8.285513e-03
1.045000 1.262752e-02
1.055000 1.237862e-02
1.065000 1.265492e-02
1.075000 1.211311e-02
1.085000 5.884664e-03
1.095000 1.691290e-02
