0.005000 0.000000e+00
0.015000 0.000000e+00
0.025000 0.000000e+00
0.035000 0.000000e+00
0.045000 0.000000e+00
0.055000 0.000000e+00
0.065000 0.000000e+00
0.075000 0.000000e+00
0.085000 0.000000e+00
0.095000 0.000000e+00
0.105000 0.000000e+00
0.115000 0.000000e+00
0.125000 0.000000e+00
0.135000 0.000000e+00
0.145000 0.000000e+00
0.155000 0.000000e+00
0.165000 0.000000e+00
0.175000 0.000000e+00
0.185000 1.070210e+00
0.195000 9.527367e-02
0.205000 3.304241e-01
0.215000 1.619766e+00
0.225000 8.188205e-01
0.235000 1.582165e-01
0.245000 1.496768e-01
0.255000 -6.638609e-02
0.265000 -1.805913e-01
0.275000 7.621258e-02
0.285000 1.299989e-01
0.295000 1.152674e-01
0.305000 7.447593e-02
0.315000 2.109126e-02
0.325000 6.578648e-03
0.335000 -3.585119e-02
0.345000 -4.911600e-02
0.355000 -5.485301e-02
0.365000 -8.741820e-02
0.375000 -1.023666e-01
0.385000 -1.125935e-01
0.395000 -1.235957e-01
0.405000 -1.158591e-01
0.415000 -1.173817e-01
0.425000 -1.030046e-01
0.435000 -9.129039e-02
0.445000 -6.134739e-02
0.455000 -6.264047e-02
0.465000 -4.344330e-02
0.475000 -1.086328e-02
0.485000 8.910368e-03
0.495000 2.312677e-02
0.505000 7.361884e-03
0.515000 2.385777e-02
0.525000 3.613352e-02
0.535000 4.632144e-02
0.545000 4.419155e-02
0.555000 4.528770e-02
0.565000 3.423229e-02
0.575000 2.512502e-02
0.585000 3.138649e-02
0.595000 1.587940e-03
0.605000 2.522089e-02
0.615000 2.125317e-02
0.625000 -3.493457e-03
0.635000 1.974435e-03
0.645000 -5.344881e-03
0.655000 -1.195615e-02
0.665000 -1.337996e-02
0.675000 -5.065593e-03
0.685000 -9.406780e-03
0.695000 -2.024642e-02
0.705000 -3.020238e-03
0.715000 -1.553871e-03
0.725000 -8.324607e-04
0.735000 -6.734050e-03
0.745000 -2.005327e-03
0.755000 1.588977e-03
0.765000 -9.471000e-05
0.775000 -9.000661e-03
0.785000 5.732534e-04
0.795000 -1.095632e-02
0.805000 9.253498e-03
0.815000 3.757385e-03
0.825000 -4.217598e-04
0.835000 -6.283960e-03
0.845000 -8.178818e-03
0.855000 5.151078e-03
0.865000 2.355963e-03
0.875000 -2.477637e-03
0.885000 5.079216e-03
0.895000 -2.124005e-03
0.905000 1.090691e-02
0.915000 5.293584e-03
0.925000 1.068743e-02
0.935000 2.423202e-03
0.945000 5.835187e-03
0.955000 -2.193281e-04
0.965000 3.815947e-03
0.975000 2.010992e-03
0.985000 3.958175e-03
0.995000 3.458207e-03
1.005000 1.322093e-03
1.015000 -6.226389e-04
1.025000 -3.435637e-03
1.035000 1.823657e-03
1.045000 5.909570e-03
1.055000 -1.695441e-03
1.065000 -2.880678e-03
1.075000 6.610461e-03
1.085000 -5.778173e-04
1.095000 1.314573e-03
