0.005000 0.000000e+00
0.015000 0.000000e+00
0.025000 0.000000e+00
0.035000 0.000000e+00
0.045000 0.000000e+00
0.055000 0.000000e+00
0.065000 0.000000e+00
0.075000 0.000000e+00
0.085000 0.000000e+00
0.095000 0.000000e+00
0.105000 0.000000e+00
0.115000 0.000000e+00
0.125000 0.000000e+00
0.135000 0.000000e+00
0.145000 0.000000e+00
0.155000 0.000000e+00
0.165000 0.000000e+00
0.175000 0.000000e+00
0.185000 0.000000e+00
0.195000 0.000000e+00
0.205000 -8.127716e-01
0.215000 -9.078842e-01
0.225000 -1.860421e+00
0.235000 -4.244389e+00
0.245000 -5.530767e+00
0.255000 -4.200984e+00
0.265000 -2.163726e+00
0.275000 -7.524866e-01
0.285000 -2.549863e-01
0.295000 1.224820e-01
0.305000 2.912132e-01
0.315000 2.829471e-01
0.325000 3.230779e-01
0.335000 3.382495e-01
0.345000 3.746962e-01
0.355000 4.014982e-01
0.365000 4.189715e-01
0.375000 4.616271e-01
0.385000 4.435962e-01
0.395000 4.949662e-01
0.405000 4.833892e-01
0.415000 4.657522e-01
0.425000 4.600345e-01
0.435000 4.167735e-01
0.445000 3.608254e-01
0.455000 2.736351e-01
0.465000 1.871236e-01
0.475000 1.288541e-01
0.485000 2.635594e-02
0.495000 -7.690316e-02
0.505000 -1.581861e-01
0.515000 -1.833898e-01
0.525000 -2.403116e-01
0.535000 -2.176907e-01
0.545000 -2.326794e-01
0.555000 -2.263567e-01
0.565000 -1.802340e-01
0.575000 -1.589372e-01
0.585000 -8.771606e-02
0.595000 -6.767695e-02
0.605000 -5.380862e-02
0.615000 -6.060703e-03
0.625000 2.609137e-02
0.635000 3.430472e-02
0.645000 6.397179e-02
0.655000 9.125488e-02
0.665000 8.169377e-02
0.675000 9.277381e-02
0.685000 8.484951e-02
0.695000 6.428152e-02
0.705000 6.797445e-02
0.715000 5.100486e-02
0.725000 3.859617e-02
0.735000 8.781131e-03
0.745000 3.063072e-02
0.755000 -3.194665e-04
0.765000 -1.267795e-02
0.775000 -2.205449e-02
0.785000 -2.954676e-02
0.795000 -3.805005e-02
0.805000 -1.075580e-02
0.815000 -3.211666e-02
0.825000 -1.137308e-02
0.835000 4.151177e-04
0.845000 -5.909932e-03
0.855000 1.096525e-04
0.865000 1.088172e-02
0.875000 -4.788632e-03
0.885000 -1.426284e-02
0.895000 -1.646863e-02
0.905000 -3.738273e-03
0.915000 -1.405499e-02
0.925000 -5.350074e-03
0.935000 -1.573932e-02
0.945000 -1.412212e-03
0.955000 6.754380e-03
0.965000 -1.289333e-02
0.975000 1.008614e-02
0.985000 -1.109071e-03
0.995000 1.171618e-04
1.005000 5.315543e-03
1.015000 -2.366117e-03
1.025000 -6.730492e-04
1.035000 1.078270e-02
1.045000 -4.766902e-03
1.055000 -9.711959e-05
1.065000 8.392098e-03
1.075000 1.463182e-03
1.085000 4.331227e-03
1.095000 2.662998e-03
