0.005000 -6.429564e-02
0.015000 -7.725438e-02
0.025000 -8.715485e-02
0.035000 -3.763767e-02
0.045000 -3.155324e-02
0.055000 -1.615983e-02
0.065000 -2.745012e-02
0.075000 -3.195355e-03
0.085000 2.134497e-03
0.095000 -5.150911e-03
0.105000 6.151445e-03
0.115000 7.710443e-03
0.125000 2.858325e-02
0.135000 3.011718e-02
0.145000 1.509508e-02
0.155000 2.371876e-02
0.165000 8.743012e-03
0.175000 2.801119e-02
0.185000 2.359363e-02
0.195000 2.139468e-02
0.205000 2.214929e-02
0.215000 1.379701e-02
0.225000 1.713762e-02
0.235000 1.789139e-03
0.245000 1.336707e-03
0.255000 -5.897191e-03
0.265000 -1.121869e-02
0.275000 -1.739600e-02
0.285000 -1.790222e-03
0.295000 -9.422567e-03
0.305000 -2.002370e-02
0.315000 -1.570254e-02
0.325000 -2.294414e-02
0.335000 -1.097956e-02
0.345000 -1.091373e-02
0.355000 -1.573455e-02
0.365000 1.007589e-02
0.375000 -3.991957e-03
0.385000 -5.879569e-03
0.395000 2.726070e-03
0.405000 1.051484e-02
0.415000 1.659519e-02
0.425000 1.327174e-02
0.435000 1.221103e-02
0.445000 1.497693e-02
0.455000 2.775013e-02
0.465000 1.059913e-02
0.475000 5.281425e-03
0.485000 1.780198e-02
0.495000 1.512112e-02
0.505000 4.576700e-03
0.515000 7.077081e-03
0.525000 8.658802e-04
0.535000 3.045391e-03
0.545000 5.568845e-03
0.555000 9.877474e-03
0.565000 2.401332e-03
0.575000 -5.064372e-03
0.585000 -3.668524e-03
0.595000 -5.788009e-03
0.605000 -8.473980e-03
0.615000 -3.737223e-03
0.625000 5.135629e-04
0.635000 -3.948419e-03
0.645000 -1.758052e-03
0.655000 -1.987858e-03
0.665000 -1.575498e-03
0.675000 -5.299126e-03
0.685000 -6.257148e-03
0.695000 -2.063848e-03
0.705000 -1.851047e-03
0.715000 1.967055e-03
0.725000 5.730009e-03
0.735000 1.266786e-03
0.745000 3.203919e-03
0.755000 1.234430e-03
0.765000 3.788137e-03
0.775000 1.750973e-03
0.785000 1.414955e-03
0.795000 2.487145e-03
0.805000 1.817513e-03
0.815000 -5.727537e-04
0.825000 -3.476885e-03
0.835000 4.016613e-04
0.845000 -6.049738e-04
0.855000 3.839936e-03
0.865000 -2.533534e-03
0.875000 5.621012e-03
0.885000 2.211115e-03
0.895000 1.680251e-03
0.905000 3.111213e-03
0.915000 -1.422482e-03
0.925000 -1.141665e-03
0.935000 -2.672868e-03
0.945000 5.134240e-03
0.955000 4.099671e-06
0.965000 -1.012643e-03
0.975000 8.171867e-04
0.985000 -1.407477e-03
0.995000 1.691693e-03
1.005000 1.263659e-03
1.015000 -3.648350e-03
1.025000 1.892902e-03
1.035000 1.218938e-03
1.045000 6.228044e-03
1.055000 -1.902205e-03
1.065000 -1.111636e-03
1.075000 9.625085e-04
1.085000 -3.691154e-03
1.095000 -6.445595e-03
