0.005000 0.000000e+00
0.015000 0.000000e+00
0.025000 0.000000e+00
0.035000 0.000000e+00
0.045000 0.000000e+00
0.055000 0.000000e+00
0.065000 0.000000e+00
0.075000 0.000000e+00
0.085000 0.000000e+00
0.095000 0.000000e+00
0.105000 0.000000e+00
0.115000 0.000000e+00
0.125000 0.000000e+00
0.135000 0.000000e+00
0.145000 0.000000e+00
0.155000 0.000000e+00
0.165000 0.000000e+00
0.175000 0.000000e+00
0.185000 1.082962e+00
0.195000 7.838618e-02
0.205000 5.153690e-01
0.215000 2.050413e+00
0.225000 1.205759e+00
0.235000 2.262711e-01
0.245000 6.009653e-02
0.255000 -2.110845e-01
0.265000 -3.240548e-01
0.275000 -5.273639e-03
0.285000 1.016757e-01
0.295000 1.101233e-01
0.305000 1.000628e-01
0.315000 6.684555e-02
0.325000 5.157907e-02
0.335000 2.239496e-02
0.345000 -1.062128e-02
0.355000 -1.361511e-03
0.365000 -2.310007e-02
0.375000 -5.267899e-02
0.385000 -5.345387e-02
0.395000 -7.487598e-02
0.405000 -8.157670e-02
0.415000 -7.396364e-02
0.425000 -7.356486e-02
0.435000 -6.451387e-02
0.445000 -5.693623e-02
0.455000 -5.531469e-02
0.465000 -3.425999e-02
0.475000 -1.621159e-02
0.485000 -3.480442e-03
0.495000 2.582849e-02
0.505000 3.880803e-03
0.515000 1.626690e-02
0.525000 3.030618e-02
0.535000 3.648886e-02
0.545000 4.552414e-02
0.555000 5.254182e-02
0.565000 4.164181e-02
0.575000 2.612361e-02
0.585000 2.524252e-02
0.595000 5.316763e-03
0.605000 2.089476e-02
0.615000 1.013783e-02
0.625000 1.952986e-03
0.635000 -3.898192e-03
0.645000 -4.261929e-03
0.655000 -2.978462e-05
0.665000 -1.285084e-02
0.675000 -8.241343e-03
0.685000 -1.335021e-02
0.695000 -1.129713e-02
0.705000 -9.484001e-03
0.715000 -1.764267e-02
0.725000 -4.922666e-03
0.735000 -1.800111e-03
0.745000 -5.172724e-03
0.755000 -4.319504e-03
0.765000 -6.122111e-03
0.775000 1.154924e-03
0.785000 -3.600106e-03
0.795000 2.902390e-03
0.805000 3.216236e-03
0.815000 3.658384e-03
0.825000 -2.523082e-03
0.835000 -4.800343e-03
0.845000 6.168259e-03
0.855000 5.199647e-03
0.865000 3.057776e-03
0.875000 1.740210e-03
0.885000 8.112803e-03
0.895000 -5.755305e-04
0.905000 8.891427e-04
0.915000 -1.424951e-03
0.925000 2.292941e-03
0.935000 -5.750326e-03
0.945000 -4.465501e-04
0.955000 2.638235e-03
0.965000 1.305416e-02
0.975000 1.693111e-03
0.985000 4.359740e-03
0.995000 3.837479e-03
1.005000 -6.454980e-03
1.015000 -1.876350e-03
1.025000 -1.902910e-03
1.035000 -1.724746e-04
1.045000 -2.888837e-03
1.055000 -1.870451e-03
1.065000 -4.983390e-03
1.075000 -4.769618e-04
1.085000 -2.592922e-03
1.095000 -6.735888e-03
