0.005000 -5.209853e-02
0.015000 -5.941173e-02
0.025000 -4.091365e-02
0.035000 -4.785811e-02
0.045000 -1.916526e-02
0.055000 -8.845091e-03
0.065000 -3.438063e-02
0.075000 -1.770699e-02
0.085000 1.093509e-02
0.095000 -1.029351e-02
0.105000 1.382073e-02
0.115000 7.921662e-04
0.125000 2.620168e-02
0.135000 2.765104e-02
0.145000 1.465043e-02
0.155000 3.873952e-02
0.165000 2.351304e-02
0.175000 2.484861e-02
0.185000 2.650929e-02
0.195000 3.252954e-02
0.205000 2.621511e-02
0.215000 1.626149e-02
0.225000 1.061417e-02
0.235000 7.309422e-03
0.245000 -4.811094e-04
0.255000 -7.552423e-03
0.265000 -8.455616e-03
0.275000 -1.591976e-02
0.285000 -1.359539e-03
0.295000 -8.395139e-03
0.305000 -9.294645e-03
0.315000 -1.838088e-02
0.325000 -2.272842e-02
0.335000 -6.612869e-03
0.345000 -8.047201e-03
0.355000 -1.622374e-02
0.365000 2.082817e-03
0.375000 -4.817655e-03
0.385000 -1.041403e-02
0.395000 1.101432e-03
0.405000 8.471085e-03
0.415000 1.248741e-02
0.425000 1.534981e-02
0.435000 9.052053e-03
0.445000 1.396939e-02
0.455000 1.937956e-02
0.465000 1.085616e-02
0.475000 6.294009e-03
0.485000 1.278956e-02
0.495000 1.711963e-02
0.505000 8.094421e-03
0.515000 3.668717e-03
0.525000 2.235260e-04
0.535000 4.466250e-03
0.545000 2.862481e-03
0.555000 3.640634e-03
0.565000 1.913034e-04
0.575000 2.120738e-04
0.585000 -6.263401e-03
0.595000 -8.371035e-03
0.605000 -6.195016e-03
0.615000 -4.677961e-03
0.625000 -3.744443e-03
0.635000 -3.136301e-03
0.645000 -7.347721e-03
0.655000 6.023627e-05
0.665000 -4.902650e-03
0.675000 -1.828699e-03
0.685000 -2.705975e-03
0.695000 6.653691e-04
0.705000 -4.309147e-03
0.715000 -6.351356e-04
0.725000 -6.361097e-04
0.735000 2.300376e-03
0.745000 -6.996921e-04
0.755000 -6.231279e-04
0.765000 -2.608847e-03
0.775000 -2.394389e-03
0.785000 5.240885e-04
0.795000 9.612907e-04
0.805000 3.280410e-03
0.815000 -1.478035e-03
0.825000 1.355164e-03
0.835000 -7.293016e-03
0.845000 2.181669e-04
0.855000 -2.649846e-03
0.865000 -1.728013e-03
0.875000 1.676452e-03
0.885000 -8.097199e-04
0.895000 -1.085327e-03
0.905000 1.891091e-04
0.915000 7.538218e-05
0.925000 3.163727e-03
0.935000 1.692136e-03
0.945000 3.731980e-03
0.955000 -2.168319e-03
0.965000 -1.210221e-03
0.975000 -3.505198e-05
0.985000 -1.530352e-03
0.995000 -3.525439e-03
1.005000 -5.877595e-03
1.015000 -2.619137e-03
1.025000 1.897958e-03
1.035000 2.653269e-03
1.045000 3.881098e-03
1.055000 2.408290e-03
1.065000 5.410316e-04
1.075000 -1.091400e-03
1.085000 2.135466e-03
1.095000 -2.652137e-03
