0.005000 -4.861099e-02
0.015000 -4.648429e-02
0.025000 -3.210779e-02
0.035000 -2.217914e-02
0.045000 -1.562350e-02
0.055000 2.197823e-03
0.065000 -1.525561e-02
0.075000 -1.937016e-03
0.085000 1.605404e-02
0.095000 -3.678689e-03
0.105000 2.157415e-02
0.115000 4.729784e-03
0.125000 2.990104e-02
0.135000 1.171660e-02
0.145000 -1.414625e-03
0.155000 3.535529e-02
0.165000 1.756128e-02
0.175000 1.533842e-02
0.185000 1.292904e-02
0.195000 1.259773e-02
0.205000 5.672255e-03
0.215000 9.183243e-03
0.225000 1.539067e-02
0.235000 -1.038567e-04
0.245000 2.070149e-03
0.255000 -5.272244e-03
0.265000 -6.363621e-03
0.275000 -1.761318e-02
0.285000 -8.096920e-03
0.295000 -4.595219e-03
0.305000 -2.077825e-02
0.315000 -2.009289e-02
0.325000 -3.006331e-02
0.335000 -9.531281e-03
0.345000 -1.407418e-02
0.355000 -2.264706e-02
0.365000 -2.382760e-03
0.375000 -9.258361e-03
0.385000 -5.031789e-03
0.395000 9.225999e-03
0.405000 8.337653e-03
0.415000 2.099849e-02
0.425000 1.905813e-02
0.435000 1.326756e-02
0.445000 1.333185e-02
0.455000 2.528070e-02
0.465000 1.524745e-02
0.475000 8.570127e-03
0.485000 1.841667e-02
0.495000 1.588471e-02
0.505000 1.301535e-02
0.515000 2.093745e-03
0.525000 -1.691246e-03
0.535000 1.160702e-02
0.545000 2.111176e-03
0.555000 9.287353e-05
0.565000 -1.993006e-03
0.575000 1.604348e-03
0.585000 -1.576258e-03
0.595000 -3.514106e-03
0.605000 -7.360101e-03
0.615000 -6.096691e-03
0.625000 -2.428791e-03
0.635000 -1.803947e-04
0.645000 -3.087339e-03
0.655000 -2.617977e-03
0.665000 -8.448914e-03
0.675000 -5.604080e-03
0.685000 -1.150418e-05
0.695000 3.711877e-03
0.705000 1.591268e-04
0.715000 -1.531627e-03
0.725000 -1.282557e-03
0.735000 4.596059e-03
0.745000 6.521001e-03
0.755000 4.993157e-03
0.765000 -6.076949e-05
0.775000 -1.587395e-03
0.785000 3.372423e-03
0.795000 1.699623e-03
0.805000 3.111793e-03
0.815000 2.562938e-03
0.825000 1.762473e-03
0.835000 3.742755e-04
0.845000 3.520171e-04
0.855000 -5.426084e-04
0.865000 1.638349e-03
0.875000 3.116551e-04
0.885000 3.981277e-03
0.895000 1.167750e-03
0.905000 -3.064779e-03
0.915000 -3.214671e-03
0.925000 -4.011536e-08
0.935000 1.989729e-03
0.945000 2.843712e-03
0.955000 -6.282441e-04
0.965000 5.164143e-05
0.975000 5.512922e-04
0.985000 3.021100e-03
0.995000 -9.100969e-04
1.005000 7.707779e-04
1.015000 3.935889e-03
1.025000 7.017257e-04
1.035000 4.954088e-04
1.045000 1.005119e-03
1.055000 2.833457e-03
1.065000 -3.528125e-04
1.075000 -4.641080e-03
1.085000 -5.493095e-04
1.095000 -4.186454e-03
