0.005000 0.000000e+00
0.015000 0.000000e+00
0.025000 0.000000e+00
0.035000 0.000000e+00
0.045000 0.000000e+00
0.055000 0.000000e+00
0.065000 0.000000e+00
0.075000 0.000000e+00
0.085000 0.000000e+00
0.095000 0.000000e+00
0.105000 0.000000e+00
0.115000 0.000000e+00
0.125000 0.000000e+00
0.135000 0.000000e+00
0.145000 0.000000e+00
0.155000 0.000000e+00
0.165000 0.000000e+00
0.175000 0.000000e+00
0.185000 0.000000e+00
0.195000 0.000000e+00
0.205000 -8.184645e-01
0.215000 -9.135159e-01
0.225000 -1.864863e+00
0.235000 -4.260146e+00
0.245000 -5.519683e+00
0.255000 -4.227020e+00
0.265000 -2.167944e+00
0.275000 -8.012411e-01
0.285000 -2.942384e-01
0.295000 9.313891e-02
0.305000 2.067659e-01
0.315000 2.818822e-01
0.325000 3.065574e-01
0.335000 3.420100e-01
0.345000 3.627522e-01
0.355000 3.655184e-01
0.365000 4.148051e-01
0.375000 4.588778e-01
0.385000 4.531238e-01
0.395000 4.798142e-01
0.405000 4.850919e-01
0.415000 5.122162e-01
0.425000 4.851834e-01
0.435000 4.437140e-01
0.445000 4.038762e-01
0.455000 3.006037e-01
0.465000 2.161616e-01
0.475000 1.250115e-01
0.485000 2.970315e-02
0.495000 -7.312773e-02
0.505000 -1.327399e-01
0.515000 -1.832760e-01
0.525000 -2.294650e-01
0.535000 -2.300660e-01
0.545000 -2.454556e-01
0.555000 -2.061540e-01
0.565000 -2.086154e-01
0.575000 -1.735391e-01
0.585000 -1.409257e-01
0.595000 -8.247763e-02
0.605000 -5.856886e-02
0.615000 -1.060609e-02
0.625000 1.155973e-02
0.635000 5.697367e-02
0.645000 4.611526e-02
0.655000 8.245359e-02
0.665000 1.002541e-01
0.675000 9.515392e-02
0.685000 9.685288e-02
0.695000 8.810600e-02
0.705000 8.037093e-02
0.715000 1.725960e-02
0.725000 2.772063e-02
0.735000 2.160958e-02
0.745000 2.639095e-03
0.755000 -3.499793e-05
0.765000 -1.975954e-02
0.775000 -1.430021e-02
0.785000 -2.117766e-02
0.795000 -3.049214e-02
0.805000 -2.357020e-02
0.815000 -3.037909e-03
0.825000 1.448140e-02
0.835000 -7.650666e-03
0.845000 5.034048e-03
0.855000 1.563170e-03
0.865000 -4.769774e-03
0.875000 -2.243786e-03
0.885000 -6.885392e-03
0.895000 -1.573699e-02
0.905000 -7.603125e-03
0.915000 -1.496944e-02
0.925000 -4.173822e-03
0.935000 -1.419883e-02
0.945000 5.340755e-03
0.955000 -6.693172e-03
0.965000 4.449284e-03
0.975000 -6.234356e-04
0.985000 1.283228e-02
0.995000 -1.043814e-02
1.005000 -4.889254e-03
1.015000 3.332306e-03
1.025000 1.154868e-02
1.035000 7.892794e-03
1.045000 3.235064e-03
1.055000 2.176665e-02
1.065000 9.855552e-03
1.075000 8.565791e-03
1.085000 1.399918e-03
1.095000 1.309052e-02
