0.000000 0.000000
0.010000 0.000000
0.020000 0.000000
0.030000 0.000000
0.040000 0.000000
0.050000 0.000000
0.060000 0.000000
0.070000 0.000000
0.080000 0.000000
0.090000 0.000000
0.100000 0.000000
0.110000 0.000000
0.120000 0.000000
0.130000 0.000000
0.140000 0.000000
0.150000 0.000000
0.160000 0.000000
0.170000 0.000000
0.180000 0.000000
0.190000 0.000000
0.200000 0.000000
0.210000 0.000000
0.220000 0.000000
0.230000 0.000000
0.240000 0.000573
0.250000 0.084952
0.260000 1.003189
0.270000 2.638649
0.280000 2.933081
0.290000 2.174229
0.300000 1.456029
0.310000 1.078574
0.320000 0.914164
0.330000 0.859347
0.340000 0.847860
0.350000 0.855951
0.360000 0.873024
0.370000 0.895948
0.380000 0.914041
0.390000 0.936515
0.400000 0.964304
0.410000 0.994918
0.420000 1.018898
0.430000 1.045861
0.440000 1.061870
0.450000 1.079399
0.460000 1.078696
0.470000 1.073051
0.480000 1.065296
0.490000 1.049674
0.500000 1.029686
0.510000 1.011222
0.520000 0.986803
0.530000 0.973109
0.540000 0.953729
0.550000 0.939638
0.560000 0.931329
0.570000 0.923775
0.580000 0.929083
0.590000 0.938350
0.600000 0.954487
0.610000 0.967123
0.620000 0.982924
0.630000 0.995865
0.640000 1.005330
0.650000 1.018621
0.660000 1.027537
0.670000 1.031936
0.680000 1.034309
0.690000 1.034447
0.700000 1.034948
0.710000 1.028150
0.720000 1.023898
0.730000 1.017209
0.740000 1.009797
0.750000 1.003456
0.760000 0.997876
0.770000 0.993609
0.780000 0.989799
0.790000 0.987903
0.800000 0.986438
0.810000 0.988083
0.820000 0.987926
0.830000 0.991680
0.840000 0.992790
0.850000 0.996956
0.860000 0.998457
0.870000 0.998491
0.880000 0.999867
0.890000 0.997929
0.900000 0.997854
0.910000 0.999601
0.920000 0.999227
0.930000 0.999430
0.940000 0.998591
0.950000 1.000307
0.960000 0.998265
0.970000 0.998077
0.980000 0.997954
0.990000 0.996223
1.000000 0.996185
1.010000 0.997589
1.020000 0.997456
1.030000 0.998974
1.040000 0.999645
1.050000 1.000543
1.060000 1.000395
1.070000 1.000849
1.080000 1.002088
1.090000 1.001946
1.100000 1.000867
