0.000000 0.000000
0.010000 0.000000
0.020000 0.000000
0.030000 0.000000
0.040000 0.000000
0.050000 0.000000
0.060000 0.000000
0.070000 0.000000
0.080000 0.000000
0.090000 0.000000
0.100000 0.000000
0.110000 0.000000
0.120000 0.000000
0.130000 0.000000
0.140000 0.000000
0.150000 0.000000
0.160000 0.000000
0.170000 0.000000
0.180000 0.000000
0.190000 0.000000
0.200000 0.000000
0.210000 0.000000
0.220000 0.000000
0.230000 0.000000
0.240000 0.000667
0.250000 0.092712
0.260000 1.057399
0.270000 2.695366
0.280000 2.915400
0.290000 2.123718
0.300000 1.415088
0.310000 1.041014
0.320000 0.887787
0.330000 0.836403
0.340000 0.830385
0.350000 0.845541
0.360000 0.865890
0.370000 0.894451
0.380000 0.919044
0.390000 0.949403
0.400000 0.985304
0.410000 1.013498
0.420000 1.032864
0.430000 1.064598
0.440000 1.082337
0.450000 1.095605
0.460000 1.097063
0.470000 1.085128
0.480000 1.074268
0.490000 1.053144
0.500000 1.030469
0.510000 1.009066
0.520000 0.986711
0.530000 0.966266
0.540000 0.944462
0.550000 0.929819
0.560000 0.919273
0.570000 0.916696
0.580000 0.925356
0.590000 0.936301
0.600000 0.951076
0.610000 0.969824
0.620000 0.988182
0.630000 1.000757
0.640000 1.013109
0.650000 1.023750
0.660000 1.032082
0.670000 1.038557
0.680000 1.037473
0.690000 1.040411
0.700000 1.038157
0.710000 1.036674
0.720000 1.028313
0.730000 1.019823
0.740000 1.012580
0.750000 1.007730
0.760000 0.998932
0.770000 0.995174
0.780000 0.992663
0.790000 0.989698
0.800000 0.991348
0.810000 0.989028
0.820000 0.992030
0.830000 0.995706
0.840000 0.996932
0.850000 0.998786
0.860000 1.000038
0.870000 1.002224
0.880000 1.004419
0.890000 1.003015
0.900000 1.001520
0.910000 1.002851
0.920000 1.002928
0.930000 1.003274
0.940000 1.002544
0.950000 1.002662
0.960000 1.001585
0.970000 1.003199
0.980000 1.001172
0.990000 1.002016
1.000000 1.001405
1.010000 1.001700
1.020000 1.001784
1.030000 1.001861
1.040000 1.003793
1.050000 1.003856
1.060000 1.006072
1.070000 1.006261
1.080000 1.006014
1.090000 1.005412
1.100000 1.005838
