0.000000 0.000000
0.010000 0.000000
0.020000 0.000000
0.030000 0.000000
0.040000 0.000000
0.050000 0.000000
0.060000 0.000000
0.070000 0.000000
0.080000 0.000000
0.090000 0.000000
0.100000 0.000000
0.110000 0.000000
0.120000 0.000000
0.130000 0.000000
0.140000 0.000000
0.150000 0.000000
0.160000 0.000000
0.170000 0.000000
0.180000 0.000000
0.190000 0.000000
0.200000 0.000000
0.210000 0.000000
0.220000 0.000000
0.230000 0.000000
0.240000 0.000538
0.250000 0.096715
0.260000 1.099153
0.270000 2.748029
0.280000 2.922489
0.290000 2.103327
0.300000 1.400540
0.310000 1.022228
0.320000 0.864308
0.330000 0.821473
0.340000 0.813151
0.350000 0.831870
0.360000 0.856901
0.370000 0.881912
0.380000 0.915805
0.390000 0.946465
0.400000 0.979693
0.410000 1.011872
0.420000 1.045312
0.430000 1.072005
0.440000 1.088594
0.450000 1.100640
0.460000 1.103271
0.470000 1.092830
0.480000 1.078918
0.490000 1.058931
0.500000 1.034622
0.510000 1.009846
0.520000 0.985427
0.530000 0.961622
0.540000 0.939127
0.550000 0.921199
0.560000 0.912129
0.570000 0.912418
0.580000 0.916001
0.590000 0.930668
0.600000 0.947469
0.610000 0.964931
0.620000 0.980000
0.630000 0.998597
0.640000 1.012243
0.650000 1.021873
0.660000 1.030210
0.670000 1.037501
0.680000 1.039388
0.690000 1.040816
0.700000 1.035701
0.710000 1.033223
0.720000 1.030139
0.730000 1.020744
0.740000 1.012659
0.750000 1.006397
0.760000 0.997655
0.770000 0.993837
0.780000 0.988313
0.790000 0.989578
0.800000 0.988351
0.810000 0.987621
0.820000 0.990193
0.830000 0.992857
0.840000 0.995353
0.850000 0.998753
0.860000 0.999856
0.870000 1.000377
0.880000 1.000220
0.890000 1.000087
0.900000 0.999017
0.910000 0.999060
0.920000 0.999265
0.930000 0.999038
0.940000 0.999337
0.950000 0.999026
0.960000 0.998934
0.970000 1.000193
0.980000 0.999246
0.990000 1.000442
1.000000 1.000035
1.010000 1.000219
1.020000 1.001315
1.030000 1.001852
1.040000 1.001770
1.050000 1.003414
1.060000 1.003619
1.070000 1.003664
1.080000 1.003842
1.090000 1.003390
1.100000 1.003350
