0.000000 0.000000
0.010000 0.000000
0.020000 0.000000
0.030000 0.000000
0.040000 0.000000
0.050000 0.000000
0.060000 0.000000
0.070000 0.000000
0.080000 0.000000
0.090000 0.000000
0.100000 0.000000
0.110000 0.000000
0.120000 0.000000
0.130000 0.000000
0.140000 0.000000
0.150000 0.000000
0.160000 0.000000
0.170000 0.000000
0.180000 0.000000
0.190000 0.000000
0.200000 0.000000
0.210000 0.000000
0.220000 0.000000
0.230000 0.000000
0.240000 0.000798
0.250000 0.102596
0.260000 1.135846
0.270000 2.784020
0.280000 2.927358
0.290000 2.086549
0.300000 1.383342
0.310000 1.019127
0.320000 0.863923
0.330000 0.817605
0.340000 0.808772
0.350000 0.830040
0.360000 0.847937
0.370000 0.881963
0.380000 0.912171
0.390000 0.944084
0.400000 0.979596
0.410000 1.010180
0.420000 1.039650
0.430000 1.068272
0.440000 1.087790
0.450000 1.099373
0.460000 1.100962
0.470000 1.094673
0.480000 1.084031
0.490000 1.058206
0.500000 1.039223
0.510000 1.015562
0.520000 0.990022
0.530000 0.965423
0.540000 0.943464
0.550000 0.927352
0.560000 0.913327
0.570000 0.909284
0.580000 0.915450
0.590000 0.929374
0.600000 0.941482
0.610000 0.961027
0.620000 0.975583
0.630000 0.995036
0.640000 1.008216
0.650000 1.021454
0.660000 1.029709
0.670000 1.035407
0.680000 1.038451
0.690000 1.040124
0.700000 1.039709
0.710000 1.034466
0.720000 1.028022
0.730000 1.020541
0.740000 1.011917
0.750000 1.005172
0.760000 0.999459
0.770000 0.994118
0.780000 0.987656
0.790000 0.985812
0.800000 0.986415
0.810000 0.987105
0.820000 0.988708
0.830000 0.989952
0.840000 0.994048
0.850000 0.995276
0.860000 0.997000
0.870000 0.999565
0.880000 0.999308
0.890000 1.000191
0.900000 1.000181
0.910000 0.998648
0.920000 0.999248
0.930000 0.999185
0.940000 0.997662
0.950000 0.998942
0.960000 0.997932
0.970000 0.996647
0.980000 0.997357
0.990000 0.998363
1.000000 0.997254
1.010000 0.998159
1.020000 0.998309
1.030000 1.000573
1.040000 1.000343
1.050000 1.000661
1.060000 1.000819
1.070000 1.002170
1.080000 1.001352
1.090000 1.001590
1.100000 1.001537
