0.000000 0.000000
0.010000 0.000000
0.020000 0.000000
0.030000 0.000000
0.040000 0.000000
0.050000 0.000000
0.060000 0.000000
0.070000 0.000000
0.080000 0.000000
0.090000 0.000000
0.100000 0.000000
0.110000 0.000000
0.120000 0.000000
0.130000 0.000000
0.140000 0.000000
0.150000 0.000000
0.160000 0.000000
0.170000 0.000000
0.180000 0.000000
0.190000 0.000000
0.200000 0.000000
0.210000 0.000000
0.220000 0.000000
0.230000 0.000000
0.240000 0.000628
0.250000 0.095540
0.260000 1.076954
0.270000 2.714979
0.280000 2.919835
0.290000 2.107034
0.300000 1.409145
0.310000 1.035051
0.320000 0.881005
0.330000 0.830335
0.340000 0.829900
0.350000 0.836580
0.360000 0.866719
0.370000 0.891447
0.380000 0.915699
0.390000 0.947411
0.400000 0.978501
0.410000 1.008940
0.420000 1.035916
0.430000 1.065662
0.440000 1.087097
0.450000 1.095595
0.460000 1.095596
0.470000 1.094194
0.480000 1.073039
0.490000 1.054481
0.500000 1.037016
0.510000 1.007553
0.520000 0.988062
0.530000 0.964156
0.540000 0.941720
0.550000 0.925286
0.560000 0.916969
0.570000 0.915036
0.580000 0.920022
0.590000 0.934587
0.600000 0.951222
0.610000 0.967141
0.620000 0.986575
0.630000 0.997603
0.640000 1.014989
0.650000 1.020791
0.660000 1.029840
0.670000 1.039589
0.680000 1.039597
0.690000 1.039582
0.700000 1.037854
0.710000 1.032880
0.720000 1.027126
0.730000 1.020111
0.740000 1.011508
0.750000 1.004886
0.760000 0.997646
0.770000 0.993039
0.780000 0.992333
0.790000 0.988074
0.800000 0.986576
0.810000 0.988924
0.820000 0.991077
0.830000 0.992646
0.840000 0.996012
0.850000 0.996783
0.860000 0.999240
0.870000 0.998524
0.880000 1.004778
0.890000 1.002252
0.900000 1.003674
0.910000 1.002134
0.920000 1.002719
0.930000 1.001473
0.940000 1.002164
0.950000 1.001213
0.960000 1.001100
0.970000 1.001011
0.980000 0.997974
0.990000 0.999302
1.000000 0.999364
1.010000 1.000262
1.020000 0.999942
1.030000 1.000117
1.040000 1.001942
1.050000 1.002547
1.060000 1.003258
1.070000 1.004120
1.080000 1.004244
1.090000 1.004119
1.100000 1.003641
