0.000000 0.000000
0.010000 0.000000
0.020000 0.000000
0.030000 0.000000
0.040000 0.000000
0.050000 0.000000
0.060000 0.000000
0.070000 0.000000
0.080000 0.000000
0.090000 0.000000
0.100000 0.000000
0.110000 0.000000
0.120000 0.000000
0.130000 0.000000
0.140000 0.000000
0.150000 0.000000
0.160000 0.000000
0.170000 0.000000
0.180000 0.000000
0.190000 0.000000
0.200000 0.000000
0.210000 0.000000
0.220000 0.000000
0.230000 0.000000
0.240000 0.000785
0.250000 0.107843
0.260000 1.181850
0.270000 2.829737
0.280000 2.916457
0.290000 2.064451
0.300000 1.358624
0.310000 0.996700
0.320000 0.848668
0.330000 0.801971
0.340000 0.800406
0.350000 0.823560
0.360000 0.845804
0.370000 0.872645
0.380000 0.907774
0.390000 0.940975
0.400000 0.977118
0.410000 1.013520
0.420000 1.047820
0.430000 1.075911
0.440000 1.097897
0.450000 1.105472
0.460000 1.106817
0.470000 1.100410
0.480000 1.085818
0.490000 1.062157
0.500000 1.040247
0.510000 1.015380
0.520000 0.990386
0.530000 0.965880
0.540000 0.940330
0.550000 0.921300
0.560000 0.910746
0.570000 0.909146
0.580000 0.912917
0.590000 0.926254
0.600000 0.945932
0.610000 0.958501
0.620000 0.976686
0.630000 0.993522
0.640000 1.006108
0.650000 1.020240
0.660000 1.028932
0.670000 1.036818
0.680000 1.040399
0.690000 1.039844
0.700000 1.035953
0.710000 1.030402
0.720000 1.029056
0.730000 1.021212
0.740000 1.011315
0.750000 1.006284
0.760000 0.999411
0.770000 0.994521
0.780000 0.988708
0.790000 0.988258
0.800000 0.988144
0.810000 0.987613
0.820000 0.989007
0.830000 0.991503
0.840000 0.997151
0.850000 0.998596
0.860000 1.001385
0.870000 1.003592
0.880000 1.000221
0.890000 1.001428
0.900000 0.998733
0.910000 0.998418
0.920000 0.999435
0.930000 0.998583
0.940000 1.000474
0.950000 0.998730
0.960000 0.998004
0.970000 0.997064
0.980000 0.997477
0.990000 0.996874
1.000000 0.998435
1.010000 0.998144
1.020000 0.999231
1.030000 0.999419
1.040000 0.999837
1.050000 1.001471
1.060000 1.001992
1.070000 1.002294
1.080000 1.003170
1.090000 1.002717
1.100000 1.002932
