0.000000 0.000000
0.010000 0.000000
0.020000 0.000000
0.030000 0.000000
0.040000 0.000000
0.050000 0.000000
0.060000 0.000000
0.070000 0.000000
0.080000 0.000000
0.090000 0.000000
0.100000 0.000000
0.110000 0.000000
0.120000 0.000000
0.130000 0.000000
0.140000 0.000000
0.150000 0.000000
0.160000 0.000000
0.170000 0.000000
0.180000 0.000000
0.190000 0.000000
0.200000 0.000000
0.210000 0.000000
0.220000 0.000000
0.230000 0.000000
0.240000 0.000477
0.250000 0.086701
0.260000 1.009967
0.270000 2.641685
0.280000 2.927608
0.290000 2.171268
0.300000 1.457382
0.310000 1.078764
0.320000 0.915793
0.330000 0.857081
0.340000 0.851677
0.350000 0.864869
0.360000 0.879807
0.370000 0.891444
0.380000 0.914434
0.390000 0.941328
0.400000 0.967702
0.410000 0.993447
0.420000 1.020176
0.430000 1.043542
0.440000 1.065678
0.450000 1.073988
0.460000 1.074576
0.470000 1.072751
0.480000 1.064469
0.490000 1.046868
0.500000 1.029347
0.510000 1.010141
0.520000 0.990645
0.530000 0.971100
0.540000 0.953964
0.550000 0.934647
0.560000 0.927209
0.570000 0.924023
0.580000 0.925456
0.590000 0.939266
0.600000 0.955760
0.610000 0.968110
0.620000 0.982821
0.630000 0.992070
0.640000 1.006395
0.650000 1.015514
0.660000 1.023940
0.670000 1.030637
0.680000 1.035060
0.690000 1.033468
0.700000 1.030529
0.710000 1.028018
0.720000 1.022921
0.730000 1.016904
0.740000 1.009502
0.750000 1.002375
0.760000 0.995648
0.770000 0.992534
0.780000 0.987186
0.790000 0.987026
0.800000 0.985166
0.810000 0.986959
0.820000 0.986760
0.830000 0.987895
0.840000 0.989614
0.850000 0.994318
0.860000 0.997063
0.870000 0.997970
0.880000 0.996895
0.890000 0.998563
0.900000 0.996154
0.910000 0.997104
0.920000 0.996777
0.930000 0.997060
0.940000 0.997826
0.950000 0.994871
0.960000 0.996060
0.970000 0.995698
0.980000 0.994626
0.990000 0.995186
1.000000 0.994631
1.010000 0.994442
1.020000 0.995682
1.030000 0.996790
1.040000 0.996795
1.050000 0.997331
1.060000 0.999179
1.070000 0.998609
1.080000 0.999023
1.090000 0.997650
1.100000 0.998465
