0.000000 0.000000
0.010000 0.000000
0.020000 0.000000
0.030000 0.000000
0.040000 0.000000
0.050000 0.000000
0.060000 0.000000
0.070000 0.000000
0.080000 0.000000
0.090000 0.000000
0.100000 0.000000
0.110000 0.000000
0.120000 0.000000
0.130000 0.000000
0.140000 0.000000
0.150000 0.000000
0.160000 0.000000
0.170000 0.000000
0.180000 0.000000
0.190000 0.000000
0.200000 0.000000
0.210000 0.000000
0.220000 0.000000
0.230000 0.000000
0.240000 0.000830
0.250000 0.095758
0.260000 1.087096
0.270000 2.718596
0.280000 2.911083
0.290000 2.106047
0.300000 1.408018
0.310000 1.035562
0.320000 0.882589
0.330000 0.831042
0.340000 0.826734
0.350000 0.840380
0.360000 0.863446
0.370000 0.888290
0.380000 0.916149
0.390000 0.949585
0.400000 0.977348
0.410000 1.007013
0.420000 1.041806
0.430000 1.065601
0.440000 1.082539
0.450000 1.094438
0.460000 1.097046
0.470000 1.087223
0.480000 1.077311
0.490000 1.052848
0.500000 1.036300
0.510000 1.011129
0.520000 0.987360
0.530000 0.964520
0.540000 0.942883
0.550000 0.926445
0.560000 0.917069
0.570000 0.915644
0.580000 0.918504
0.590000 0.935968
0.600000 0.948154
0.610000 0.965523
0.620000 0.983695
0.630000 0.997512
0.640000 1.011759
0.650000 1.022094
0.660000 1.029803
0.670000 1.037371
0.680000 1.041463
0.690000 1.040571
0.700000 1.039237
0.710000 1.033325
0.720000 1.026030
0.730000 1.019327
0.740000 1.011688
0.750000 1.005224
0.760000 1.000706
0.770000 0.995891
0.780000 0.992037
0.790000 0.988660
0.800000 0.987312
0.810000 0.988351
0.820000 0.990522
0.830000 0.992919
0.840000 0.994922
0.850000 0.997548
0.860000 1.000199
0.870000 0.999934
0.880000 1.000254
0.890000 1.000596
0.900000 1.000319
0.910000 0.999876
0.920000 0.999956
0.930000 0.999521
0.940000 0.999961
0.950000 0.998199
0.960000 1.000145
0.970000 0.999100
0.980000 0.998637
0.990000 0.999298
1.000000 0.999383
1.010000 1.000261
1.020000 1.000943
1.030000 1.001967
1.040000 1.003040
1.050000 1.003918
1.060000 1.003269
1.070000 1.004262
1.080000 1.003288
1.090000 1.003628
1.100000 1.004528
