0.000000 0.000000
0.010000 0.000000
0.020000 0.000000
0.030000 0.000000
0.040000 0.000000
0.050000 0.000000
0.060000 0.000000
0.070000 0.000000
0.080000 0.000000
0.090000 0.000000
0.100000 0.000000
0.110000 0.000000
0.120000 0.000000
0.130000 0.000000
0.140000 0.000000
0.150000 0.000000
0.160000 0.000000
0.170000 0.000000
0.180000 0.000000
0.190000 0.000000
0.200000 0.000000
0.210000 0.000000
0.220000 0.000000
0.230000 0.000000
0.240000 0.000617
0.250000 0.091909
0.260000 1.064941
0.270000 2.696772
0.280000 2.929970
0.290000 2.122073
0.300000 1.421112
0.310000 1.038388
0.320000 0.880512
0.330000 0.831025
0.340000 0.825029
0.350000 0.838750
0.360000 0.862584
0.370000 0.888468
0.380000 0.916455
0.390000 0.942951
0.400000 0.974138
0.410000 1.007092
0.420000 1.035160
0.430000 1.063401
0.440000 1.083179
0.450000 1.090081
0.460000 1.092327
0.470000 1.083596
0.480000 1.071515
0.490000 1.054610
0.500000 1.035725
0.510000 1.010084
0.520000 0.992113
0.530000 0.966242
0.540000 0.944856
0.550000 0.929353
0.560000 0.917433
0.570000 0.915063
0.580000 0.922601
0.590000 0.935796
0.600000 0.950701
0.610000 0.964131
0.620000 0.983109
0.630000 0.994988
0.640000 1.010792
0.650000 1.021793
0.660000 1.028508
0.670000 1.033365
0.680000 1.037419
0.690000 1.037733
0.700000 1.037284
0.710000 1.031895
0.720000 1.025051
0.730000 1.017200
0.740000 1.012020
0.750000 1.003574
0.760000 0.998663
0.770000 0.993148
0.780000 0.989657
0.790000 0.988659
0.800000 0.988283
0.810000 0.987361
0.820000 0.989215
0.830000 0.994052
0.840000 0.993913
0.850000 0.998012
0.860000 0.997877
0.870000 0.999860
0.880000 0.999349
0.890000 1.001570
0.900000 0.999299
0.910000 0.999513
0.920000 0.998791
0.930000 0.999164
0.940000 0.998064
0.950000 0.999889
0.960000 0.997463
0.970000 0.998526
0.980000 0.998139
0.990000 0.998708
1.000000 0.997504
1.010000 0.997910
1.020000 0.999648
1.030000 0.999977
1.040000 1.000749
1.050000 1.000868
1.060000 1.002308
1.070000 1.003783
1.080000 1.001858
1.090000 1.003360
1.100000 1.002988
