0.000000 0.000000
0.010000 0.000000
0.020000 0.000000
0.030000 0.000000
0.040000 0.000000
0.050000 0.000000
0.060000 0.000000
0.070000 0.000000
0.080000 0.000000
0.090000 0.000000
0.100000 0.000000
0.110000 0.000000
0.120000 0.000000
0.130000 0.000000
0.140000 0.000000
0.150000 0.000000
0.160000 0.000000
0.170000 0.000000
0.180000 0.000000
0.190000 0.000000
0.200000 0.000000
0.210000 0.000000
0.220000 0.000000
0.230000 0.000000
0.240000 0.000598
0.250000 0.096851
0.260000 1.098783
0.270000 2.738456
0.280000 2.925623
0.290000 2.107474
0.300000 1.401122
0.310000 1.026407
0.320000 0.872113
0.330000 0.821972
0.340000 0.817336
0.350000 0.830150
0.360000 0.855843
0.370000 0.884185
0.380000 0.914199
0.390000 0.949693
0.400000 0.980140
0.410000 1.013120
0.420000 1.045219
0.430000 1.070926
0.440000 1.093536
0.450000 1.098453
0.460000 1.102750
0.470000 1.093185
0.480000 1.078980
0.490000 1.056155
0.500000 1.033926
0.510000 1.008278
0.520000 0.986638
0.530000 0.962805
0.540000 0.940891
0.550000 0.921771
0.560000 0.910410
0.570000 0.911304
0.580000 0.917469
0.590000 0.932526
0.600000 0.946330
0.610000 0.965928
0.620000 0.983224
0.630000 0.996685
0.640000 1.011067
0.650000 1.024091
0.660000 1.030122
0.670000 1.038294
0.680000 1.041632
0.690000 1.042523
0.700000 1.040772
0.710000 1.035853
0.720000 1.027610
0.730000 1.020739
0.740000 1.012982
0.750000 1.004332
0.760000 0.999356
0.770000 0.994680
0.780000 0.990065
0.790000 0.988141
0.800000 0.986874
0.810000 0.986822
0.820000 0.989426
0.830000 0.990509
0.840000 0.996017
0.850000 0.997036
0.860000 0.998737
0.870000 0.998610
0.880000 0.999722
0.890000 1.001050
0.900000 1.000435
0.910000 1.000579
0.920000 1.000826
0.930000 0.999313
0.940000 1.000621
0.950000 0.998668
0.960000 0.999706
0.970000 0.999724
0.980000 1.000008
0.990000 1.000093
1.000000 1.000109
1.010000 1.001943
1.020000 1.001568
1.030000 1.001956
1.040000 1.003169
1.050000 1.004516
1.060000 1.003361
1.070000 1.003091
1.080000 1.003275
1.090000 1.004438
1.100000 1.004895
