0.000000 0.000000
0.010000 0.000000
0.020000 0.000000
0.030000 0.000000
0.040000 0.000000
0.050000 0.000000
0.060000 0.000000
0.070000 0.000000
0.080000 0.000000
0.090000 0.000000
0.100000 0.000000
0.110000 0.000000
0.120000 0.000000
0.130000 0.000000
0.140000 0.000000
0.150000 0.000000
0.160000 0.000000
0.170000 0.000000
0.180000 0.000000
0.190000 0.000000
0.200000 0.000000
0.210000 0.000000
0.220000 0.000000
0.230000 0.000000
0.240000 0.000854
0.250000 0.095891
0.260000 1.089437
0.270000 2.721299
0.280000 2.915608
0.290000 2.107552
0.300000 1.400786
0.310000 1.034095
0.320000 0.883963
0.330000 0.834620
0.340000 0.831549
0.350000 0.838189
0.360000 0.860238
0.370000 0.886995
0.380000 0.916364
0.390000 0.946610
0.400000 0.975745
0.410000 1.009689
0.420000 1.038730
0.430000 1.061993
0.440000 1.081259
0.450000 1.093665
0.460000 1.095976
0.470000 1.086697
0.480000 1.076944
0.490000 1.056783
0.500000 1.034542
0.510000 1.010324
0.520000 0.982051
0.530000 0.962818
0.540000 0.940620
0.550000 0.924601
0.560000 0.916268
0.570000 0.912961
0.580000 0.918963
0.590000 0.932954
0.600000 0.948802
0.610000 0.964777
0.620000 0.983305
0.630000 0.997197
0.640000 1.012138
0.650000 1.021784
0.660000 1.029475
0.670000 1.036442
0.680000 1.037287
0.690000 1.038585
0.700000 1.034609
0.710000 1.031509
0.720000 1.026036
0.730000 1.020675
0.740000 1.011642
0.750000 1.003465
0.760000 0.996369
0.770000 0.993466
0.780000 0.987960
0.790000 0.986627
0.800000 0.987931
0.810000 0.988137
0.820000 0.987793
0.830000 0.992148
0.840000 0.992502
0.850000 0.995503
0.860000 1.000113
0.870000 0.999622
0.880000 1.000223
0.890000 0.997575
0.900000 0.999984
0.910000 0.999954
0.920000 0.999046
0.930000 0.999292
0.940000 0.996971
0.950000 0.997483
0.960000 0.998197
0.970000 0.998002
0.980000 0.997741
0.990000 0.998796
1.000000 0.999585
1.010000 0.999729
1.020000 1.000175
1.030000 1.000842
1.040000 1.000968
1.050000 1.001094
1.060000 1.001705
1.070000 1.002193
1.080000 1.001929
1.090000 1.002923
1.100000 1.002224
