0.000000 0.000000
0.010000 0.000000
0.020000 0.000000
0.030000 0.000000
0.040000 0.000000
0.050000 0.000000
0.060000 0.000000
0.070000 0.000000
0.080000 0.000000
0.090000 0.000000
0.100000 0.000000
0.110000 0.000000
0.120000 0.000000
0.130000 0.000000
0.140000 0.000000
0.150000 0.000000
0.160000 0.000000
0.170000 0.000000
0.180000 0.000000
0.190000 0.000000
0.200000 0.000000
0.210000 0.000000
0.220000 0.000000
0.230000 0.000000
0.240000 0.000577
0.250000 0.092134
0.260000 1.081579
0.270000 2.726976
0.280000 2.932156
0.290000 2.124712
0.300000 1.410596
0.310000 1.035509
0.320000 0.876547
0.330000 0.824749
0.340000 0.821252
0.350000 0.834062
0.360000 0.856115
0.370000 0.882203
0.380000 0.912675
0.390000 0.942586
0.400000 0.975217
0.410000 1.006670
0.420000 1.038172
0.430000 1.064780
0.440000 1.084990
0.450000 1.095338
0.460000 1.097922
0.470000 1.089142
0.480000 1.077251
0.490000 1.057347
0.500000 1.035051
0.510000 1.011500
0.520000 0.987245
0.530000 0.965426
0.540000 0.944424
0.550000 0.925611
0.560000 0.915533
0.570000 0.912598
0.580000 0.918958
0.590000 0.932007
0.600000 0.947307
0.610000 0.964556
0.620000 0.981758
0.630000 0.996147
0.640000 1.010658
0.650000 1.021391
0.660000 1.029022
0.670000 1.035658
0.680000 1.039384
0.690000 1.039762
0.700000 1.037787
0.710000 1.022768
0.720000 0.994556
0.730000 0.967495
0.740000 0.941523
0.750000 0.916584
0.760000 0.892622
0.770000 0.869588
0.780000 0.847434
0.790000 0.826116
0.800000 0.805593
0.810000 0.785825
0.820000 0.766775
0.830000 0.748410
0.840000 0.730697
0.850000 0.713606
0.860000 0.697107
0.870000 0.681174
0.880000 0.665781
0.890000 0.650903
0.900000 0.636519
0.910000 0.622607
0.920000 0.609146
0.930000 0.596116
0.940000 0.583501
0.950000 0.571281
0.960000 0.559442
0.970000 0.547966
0.980000 0.536840
0.990000 0.526050
1.000000 0.515582
1.010000 0.505423
1.020000 0.495561
1.030000 0.485985
1.040000 0.476685
1.050000 0.467648
1.060000 0.458866
1.070000 0.450330
1.080000 0.442029
1.090000 0.433955
1.100000 0.426101
