0.000000 0.000000
0.010000 0.000000
0.020000 0.000000
0.030000 0.000000
0.040000 0.000000
0.050000 0.000000
0.060000 0.000000
0.070000 0.000000
0.080000 0.000000
0.090000 0.000000
0.100000 0.000000
0.110000 0.000000
0.120000 0.000000
0.130000 0.000000
0.140000 0.000000
0.150000 0.000000
0.160000 0.000000
0.170000 0.000000
0.180000 0.000000
0.190000 0.000000
0.200000 0.000000
0.210000 0.000000
0.220000 0.000000
0.230000 0.000000
0.240000 0.000625
0.250000 0.095823
0.260000 1.086447
0.270000 2.720073
0.280000 2.927557
0.290000 2.109483
0.300000 1.403159
0.310000 1.029112
0.320000 0.871860
0.330000 0.825181
0.340000 0.824324
0.350000 0.831093
0.360000 0.856442
0.370000 0.887579
0.380000 0.911332
0.390000 0.942159
0.400000 0.980377
0.410000 1.010884
0.420000 1.040799
0.430000 1.066972
0.440000 1.080966
0.450000 1.096055
0.460000 1.096567
0.470000 1.090601
0.480000 1.076260
0.490000 1.058082
0.500000 1.035429
0.510000 1.010518
0.520000 0.987948
0.530000 0.965616
0.540000 0.942737
0.550000 0.924238
0.560000 0.915266
0.570000 0.913516
0.580000 0.919120
0.590000 0.931421
0.600000 0.949552
0.610000 0.963967
0.620000 0.979963
0.630000 0.996462
0.640000 1.009734
0.650000 1.019546
0.660000 1.029725
0.670000 1.035570
0.680000 1.039847
0.690000 1.038716
0.700000 1.037731
0.710000 1.032801
0.720000 1.027304
0.730000 1.020791
0.740000 1.011585
0.750000 1.005573
0.760000 0.998831
0.770000 0.994325
0.780000 0.992983
0.790000 0.989475
0.800000 0.988357
0.810000 0.989262
0.820000 0.989748
0.830000 0.993406
0.840000 0.995087
0.850000 0.996699
0.860000 1.001476
0.870000 1.001010
0.880000 0.999204
0.890000 1.001058
0.900000 1.000056
0.910000 1.000046
0.920000 0.998207
0.930000 0.999194
0.940000 0.999863
0.950000 0.999653
0.960000 0.998115
0.970000 0.999383
0.980000 1.000037
0.990000 0.999904
1.000000 0.999957
1.010000 1.000716
1.020000 1.001661
1.030000 1.003105
1.040000 1.003695
1.050000 1.002560
1.060000 1.003368
1.070000 1.004608
1.080000 1.003705
1.090000 1.004159
1.100000 1.002841
