0.000000 0.000000
0.010000 0.000000
0.020000 0.000000
0.030000 0.000000
0.040000 0.000000
0.050000 0.000000
0.060000 0.000000
0.070000 0.000000
0.080000 0.000000
0.090000 0.000000
0.100000 0.000000
0.110000 0.000000
0.120000 0.000000
0.130000 0.000000
0.140000 0.000000
0.150000 0.000000
0.160000 0.000000
0.170000 0.000000
0.180000 0.000000
0.190000 0.000000
0.200000 0.000000
0.210000 0.000000
0.220000 0.000000
0.230000 0.000000
0.240000 0.000648
0.250000 0.096014
0.260000 1.083004
0.270000 2.722105
0.280000 2.919771
0.290000 2.114704
0.300000 1.410169
0.310000 1.035915
0.320000 0.879556
0.330000 0.831563
0.340000 0.825597
0.350000 0.838986
0.360000 0.860452
0.370000 0.886807
0.380000 0.915153
0.390000 0.942174
0.400000 0.974567
0.410000 1.006657
0.420000 1.035743
0.430000 1.063585
0.440000 1.080317
0.450000 1.094994
0.460000 1.095982
0.470000 1.086435
0.480000 1.074725
0.490000 1.055382
0.500000 1.032778
0.510000 1.010723
0.520000 0.987220
0.530000 0.966152
0.540000 0.944644
0.550000 0.928816
0.560000 0.918091
0.570000 0.915225
0.580000 0.921242
0.590000 0.932768
0.600000 0.949596
0.610000 0.965178
0.620000 0.981362
0.630000 0.997457
0.640000 1.009045
0.650000 1.020380
0.660000 1.028705
0.670000 1.035400
0.680000 1.037676
0.690000 1.038098
0.700000 1.036080
0.710000 1.032031
0.720000 1.027134
0.730000 1.018882
0.740000 1.011595
0.750000 1.004683
0.760000 0.997770
0.770000 0.993283
0.780000 0.989282
0.790000 0.988031
0.800000 0.987944
0.810000 0.988149
0.820000 0.989472
0.830000 0.992400
0.840000 0.994389
0.850000 0.997635
0.860000 0.999165
0.870000 0.999929
0.880000 1.000453
0.890000 0.999772
0.900000 0.998854
0.910000 0.999706
0.920000 0.999395
0.930000 0.998951
0.940000 0.998974
0.950000 0.999159
0.960000 0.998661
0.970000 0.999354
0.980000 0.998782
0.990000 0.998217
1.000000 0.998501
1.010000 0.998801
1.020000 0.999342
1.030000 1.000255
1.040000 1.000914
1.050000 1.001887
1.060000 1.002556
1.070000 1.002889
1.080000 1.002865
1.090000 1.002799
1.100000 1.002508
