0.000000 0.000000
0.010000 0.000000
0.020000 0.000000
0.030000 0.000000
0.040000 0.000000
0.050000 0.000000
0.060000 0.000000
0.070000 0.000000
0.080000 0.000000
0.090000 0.000000
0.100000 0.000000
0.110000 0.000000
0.120000 0.000000
0.130000 0.000000
0.140000 0.000000
0.150000 0.000000
0.160000 0.000000
0.170000 0.000000
0.180000 0.000000
0.190000 0.000000
0.200000 0.000000
0.210000 0.000000
0.220000 0.000000
0.230000 0.000000
0.240000 0.000572
0.250000 0.083368
0.260000 0.964248
0.270000 2.524299
0.280000 2.837576
0.290000 2.149257
0.300000 1.488440
0.310000 1.119558
0.320000 0.952736
0.330000 0.889934
0.340000 0.873119
0.350000 0.876566
0.360000 0.889158
0.370000 0.905936
0.380000 0.924646
0.390000 0.948406
0.400000 0.975810
0.410000 0.998708
0.420000 1.022939
0.430000 1.046436
0.440000 1.062153
0.450000 1.069562
0.460000 1.070965
0.470000 1.065807
0.480000 1.054331
0.490000 1.038044
0.500000 1.017759
0.510000 0.998621
0.520000 0.979561
0.530000 0.963657
0.540000 0.948118
0.550000 0.935375
0.560000 0.930251
0.570000 0.930799
0.580000 0.936936
0.590000 0.946070
0.600000 0.959454
0.610000 0.973347
0.620000 0.988592
0.630000 0.999717
0.640000 1.010820
0.650000 1.020101
0.660000 1.028156
0.670000 1.032290
0.680000 1.033526
0.690000 1.036193
0.700000 1.033131
0.710000 1.028849
0.720000 1.023734
0.730000 1.016972
0.740000 1.009534
0.750000 1.003920
0.760000 0.998297
0.770000 0.993120
0.780000 0.990291
0.790000 0.988989
0.800000 0.988368
0.810000 0.987397
0.820000 0.988861
0.830000 0.990817
0.840000 0.994306
0.850000 0.996403
0.860000 0.997501
0.870000 0.998851
0.880000 1.000749
0.890000 0.999903
0.900000 0.999409
0.910000 0.998946
0.920000 1.000616
0.930000 1.000610
0.940000 1.000242
0.950000 1.000088
0.960000 0.999725
0.970000 0.999864
0.980000 0.999512
0.990000 0.999250
1.000000 0.999651
1.010000 0.999368
1.020000 1.000454
1.030000 1.000769
1.040000 1.001249
1.050000 1.001540
1.060000 1.002001
1.070000 1.001636
1.080000 1.002039
1.090000 1.002211
1.100000 1.000953
