0.000000 0.000000
0.010000 0.000000
0.020000 0.000000
0.030000 0.000000
0.040000 0.000000
0.050000 0.000000
0.060000 0.000000
0.070000 0.000000
0.080000 0.000000
0.090000 0.000000
0.100000 0.000000
0.110000 0.000000
0.120000 0.000000
0.130000 0.000000
0.140000 0.000000
0.150000 0.000000
0.160000 0.000000
0.170000 0.000000
0.180000 0.000000
0.190000 0.000000
0.200000 0.000000
0.210000 0.000000
0.220000 0.000000
0.230000 0.000000
0.240000 0.000808
0.250000 0.097854
0.260000 1.086959
0.270000 2.723779
0.280000 2.917107
0.290000 2.110260
0.300000 1.404078
0.310000 1.039777
0.320000 0.882555
0.330000 0.831564
0.340000 0.824930
0.350000 0.839286
0.360000 0.864386
0.370000 0.885942
0.380000 0.915577
0.390000 0.944548
0.400000 0.980755
0.410000 1.006896
0.420000 1.038891
0.430000 1.064500
0.440000 1.085704
0.450000 1.092368
0.460000 1.096861
0.470000 1.089329
0.480000 1.079211
0.490000 1.057489
0.500000 1.029596
0.510000 1.011978
0.520000 0.988492
0.530000 0.967945
0.540000 0.945746
0.550000 0.929378
0.560000 0.919475
0.570000 0.917015
0.580000 0.920279
0.590000 0.935244
0.600000 0.949900
0.610000 0.966634
0.620000 0.982056
0.630000 0.997055
0.640000 1.011634
0.650000 1.022502
0.660000 1.028841
0.670000 1.038052
0.680000 1.039546
0.690000 1.039626
0.700000 1.038177
0.710000 1.034078
0.720000 1.027638
0.730000 1.021034
0.740000 1.011751
0.750000 1.006703
0.760000 1.001229
0.770000 0.994612
0.780000 0.991248
0.790000 0.989726
0.800000 0.988849
0.810000 0.990048
0.820000 0.989752
0.830000 0.993565
0.840000 0.995126
0.850000 0.997155
0.860000 0.999575
0.870000 1.001182
0.880000 1.000891
0.890000 1.000389
0.900000 1.000213
0.910000 1.001009
0.920000 0.999250
0.930000 0.999530
0.940000 0.999380
0.950000 1.000357
0.960000 0.998973
0.970000 1.000585
0.980000 1.000179
0.990000 0.999960
1.000000 1.000442
1.010000 1.001348
1.020000 1.002024
1.030000 1.000545
1.040000 1.002239
1.050000 1.003450
1.060000 1.003834
1.070000 1.002840
1.080000 1.003484
1.090000 1.004273
1.100000 1.003137
