0.000000 0.000000
0.010000 0.000000
0.020000 0.000000
0.030000 0.000000
0.040000 0.000000
0.050000 0.000000
0.060000 0.000000
0.070000 0.000000
0.080000 0.000000
0.090000 0.000000
0.100000 0.000000
0.110000 0.000000
0.120000 0.000000
0.130000 0.000000
0.140000 0.000000
0.150000 0.000000
0.160000 0.000000
0.170000 0.000000
0.180000 0.000000
0.190000 0.000000
0.200000 0.000000
0.210000 0.000000
0.220000 0.000000
0.230000 0.000000
0.240000 0.000554
0.250000 0.091493
0.260000 1.061085
0.270000 2.697429
0.280000 2.927247
0.290000 2.119133
0.300000 1.413685
0.310000 1.038964
0.320000 0.882932
0.330000 0.836530
0.340000 0.829469
0.350000 0.839775
0.360000 0.870268
0.370000 0.892373
0.380000 0.915706
0.390000 0.948826
0.400000 0.978843
0.410000 1.012169
0.420000 1.032734
0.430000 1.061225
0.440000 1.081816
0.450000 1.089475
0.460000 1.096113
0.470000 1.086473
0.480000 1.070464
0.490000 1.051223
0.500000 1.030516
0.510000 1.008883
0.520000 0.982512
0.530000 0.961278
0.540000 0.943771
0.550000 0.926218
0.560000 0.915387
0.570000 0.919504
0.580000 0.922879
0.590000 0.935375
0.600000 0.952845
0.610000 0.968157
0.620000 0.986810
0.630000 0.999782
0.640000 1.011550
0.650000 1.021150
0.660000 1.029364
0.670000 1.035990
0.680000 1.037799
0.690000 1.039269
0.700000 1.034562
0.710000 1.034327
0.720000 1.024737
0.730000 1.018873
0.740000 1.010869
0.750000 1.004315
0.760000 0.997440
0.770000 0.993001
0.780000 0.990528
0.790000 0.988161
0.800000 0.988946
0.810000 0.985809
0.820000 0.990237
0.830000 0.991155
0.840000 0.994006
0.850000 0.995791
0.860000 0.998627
0.870000 1.000030
0.880000 1.001196
0.890000 0.999855
0.900000 1.001056
0.910000 1.000698
0.920000 1.000480
0.930000 0.999345
0.940000 0.999475
0.950000 0.999409
0.960000 0.999097
0.970000 0.998649
0.980000 0.999034
0.990000 0.998934
1.000000 0.998589
1.010000 0.999570
1.020000 1.000306
1.030000 1.000214
1.040000 1.001094
1.050000 1.001097
1.060000 1.001965
1.070000 1.004227
1.080000 1.003098
1.090000 1.003875
1.100000 1.001660
