0.000000 0.000000
0.010000 0.000000
0.020000 0.000000
0.030000 0.000000
0.040000 0.000000
0.050000 0.000000
0.060000 0.000000
0.070000 0.000000
0.080000 0.000000
0.090000 0.000000
0.100000 0.000000
0.110000 0.000000
0.120000 0.000000
0.130000 0.000000
0.140000 0.000000
0.150000 0.000000
0.160000 0.000000
0.170000 0.000000
0.180000 0.000000
0.190000 0.000000
0.200000 0.000000
0.210000 0.000000
0.220000 0.000000
0.230000 0.000000
0.240000 0.000672
0.250000 0.096033
0.260000 1.085150
0.270000 2.722849
0.280000 2.922546
0.290000 2.112209
0.300000 1.408930
0.310000 1.035202
0.320000 0.879441
0.330000 0.829785
0.340000 0.822829
0.350000 0.839619
0.360000 0.859557
0.370000 0.885897
0.380000 0.916285
0.390000 0.944456
0.400000 0.977627
0.410000 1.006862
0.420000 1.035799
0.430000 1.063222
0.440000 1.082073
0.450000 1.092261
0.460000 1.093928
0.470000 1.088963
0.480000 1.076802
0.490000 1.056249
0.500000 1.034606
0.510000 1.011361
0.520000 0.988493
0.530000 0.966224
0.540000 0.944928
0.550000 0.928286
0.560000 0.916162
0.570000 0.913361
0.580000 0.920747
0.590000 0.933155
0.600000 0.947836
0.610000 0.965088
0.620000 0.980563
0.630000 0.996711
0.640000 1.009771
0.650000 1.020942
0.660000 1.028485
0.670000 1.035691
0.680000 1.038898
0.690000 1.039509
0.700000 1.036928
0.710000 1.033451
0.720000 1.026614
0.730000 1.019280
0.740000 1.012125
0.750000 1.004976
0.760000 0.998939
0.770000 0.994278
0.780000 0.989552
0.790000 0.987143
0.800000 0.987027
0.810000 0.988083
0.820000 0.990224
0.830000 0.991597
0.840000 0.994719
0.850000 0.995894
0.860000 0.998781
0.870000 1.000185
0.880000 1.000305
0.890000 1.001170
0.900000 1.000612
0.910000 0.999894
0.920000 1.000115
0.930000 0.999970
0.940000 0.999031
0.950000 0.999805
0.960000 0.999253
0.970000 0.998381
0.980000 0.998103
0.990000 0.998985
1.000000 0.998420
1.010000 0.998998
1.020000 0.999443
1.030000 1.001256
1.040000 1.001761
1.050000 1.001380
1.060000 1.002347
1.070000 1.002763
1.080000 1.001986
1.090000 1.002838
1.100000 1.002825
