0.000000 0.000000
0.010000 0.000000
0.020000 0.000000
0.030000 0.000000
0.040000 0.000000
0.050000 0.000000
0.060000 0.000000
0.070000 0.000000
0.080000 0.000000
0.090000 0.000000
0.100000 0.000000
0.110000 0.000000
0.120000 0.000000
0.130000 0.000000
0.140000 0.000000
0.150000 0.000000
0.160000 0.000000
0.170000 0.000000
0.180000 0.000000
0.190000 0.000000
0.200000 0.000000
0.210000 0.000000
0.220000 0.000000
0.230000 0.000000
0.240000 0.000174
0.250000 0.045698
0.260000 0.944865
0.270000 2.882405
0.280000 3.149584
0.290000 2.202494
0.300000 1.419669
0.310000 1.026334
0.320000 0.872467
0.330000 0.823198
0.340000 0.821469
0.350000 0.833987
0.360000 0.855841
0.370000 0.877754
0.380000 0.907232
0.390000 0.936638
0.400000 0.968985
0.410000 0.994718
0.420000 1.022535
0.430000 1.050710
0.440000 1.067902
0.450000 1.075030
0.460000 1.077146
0.470000 1.069514
0.480000 1.053803
0.490000 1.035275
0.500000 1.013969
0.510000 0.992776
0.520000 0.968958
0.530000 0.947786
0.540000 0.929635
0.550000 0.909646
0.560000 0.902181
0.570000 0.900539
0.580000 0.913989
0.590000 0.928307
0.600000 0.946231
0.610000 0.965157
0.620000 0.982196
0.630000 0.996385
0.640000 1.008694
0.650000 1.018633
0.660000 1.025418
0.670000 1.029186
0.680000 1.030507
0.690000 1.027032
0.700000 1.023394
0.710000 1.017986
0.720000 1.009661
0.730000 0.999391
0.740000 0.991661
0.750000 0.982525
0.760000 0.976283
0.770000 0.971615
0.780000 0.965009
0.790000 0.963350
0.800000 0.963465
0.810000 0.964506
0.820000 0.966804
0.830000 0.968448
0.840000 0.973473
0.850000 0.976223
0.860000 0.977648
0.870000 0.979416
0.880000 0.980083
0.890000 0.977250
0.900000 0.979481
0.910000 0.978351
0.920000 0.976289
0.930000 0.977150
0.940000 0.976446
0.950000 0.975096
0.960000 0.974177
0.970000 0.974700
0.980000 0.973775
0.990000 0.974550
1.000000 0.973668
1.010000 0.972727
1.020000 0.973839
1.030000 0.974072
1.040000 0.974467
1.050000 0.973978
1.060000 0.974742
1.070000 0.973293
1.080000 0.973723
1.090000 0.973086
1.100000 0.972450
