0.000000 0.000000
0.010000 0.000000
0.020000 0.000000
0.030000 0.000000
0.040000 0.000000
0.050000 0.000000
0.060000 0.000000
0.070000 0.000000
0.080000 0.000000
0.090000 0.000000
0.100000 0.000000
0.110000 0.000000
0.120000 0.000000
0.130000 0.000000
0.140000 0.000000
0.150000 0.000000
0.160000 0.000000
0.170000 0.000000
0.180000 0.000000
0.190000 0.000000
0.200000 0.000000
0.210000 0.000000
0.220000 0.000000
0.230000 0.000000
0.240000 0.000451
0.250000 0.060830
0.260000 0.775180
0.270000 2.226031
0.280000 2.730547
0.290000 2.226491
0.300000 1.615577
0.310000 1.241063
0.320000 1.060451
0.330000 0.982256
0.340000 0.951572
0.350000 0.936664
0.360000 0.934788
0.370000 0.938313
0.380000 0.945523
0.390000 0.954044
0.400000 0.971950
0.410000 0.984276
0.420000 1.002752
0.430000 1.014574
0.440000 1.030725
0.450000 1.034500
0.460000 1.034459
0.470000 1.029367
0.480000 1.022579
0.490000 1.011409
0.500000 0.997507
0.510000 0.983865
0.520000 0.970178
0.530000 0.961947
0.540000 0.954336
0.550000 0.951398
0.560000 0.950933
0.570000 0.955973
0.580000 0.963130
0.590000 0.966917
0.600000 0.977478
0.610000 0.986606
0.620000 0.999186
0.630000 1.007896
0.640000 1.012989
0.650000 1.021077
0.660000 1.025082
0.670000 1.030315
0.680000 1.029178
0.690000 1.031101
0.700000 1.027477
0.710000 1.023792
0.720000 1.019283
0.730000 1.014308
0.740000 1.006502
0.750000 1.004319
0.760000 0.996587
0.770000 0.993789
0.780000 0.991050
0.790000 0.991040
0.800000 0.990116
0.810000 0.987401
0.820000 0.989576
0.830000 0.991224
0.840000 0.993687
0.850000 0.997141
0.860000 0.996492
0.870000 0.997585
0.880000 1.002049
0.890000 1.000635
0.900000 0.999659
0.910000 1.000243
0.920000 1.002080
0.930000 1.003250
0.940000 1.001320
0.950000 1.002107
0.960000 1.000448
0.970000 1.001871
0.980000 0.999860
0.990000 1.000489
1.000000 1.001277
1.010000 1.000280
1.020000 1.001126
1.030000 1.002212
1.040000 1.001596
1.050000 1.001336
1.060000 1.000838
1.070000 1.000932
1.080000 1.002231
1.090000 1.001932
1.100000 1.000252
