0.000000 0.000000
0.010000 0.000000
0.020000 0.000000
0.030000 0.000000
0.040000 0.000000
0.050000 0.000000
0.060000 0.000000
0.070000 0.000000
0.080000 0.000000
0.090000 0.000000
0.100000 0.000000
0.110000 0.000000
0.120000 0.000000
0.130000 0.000000
0.140000 0.000000
0.150000 0.000000
0.160000 0.000000
0.170000 0.000000
0.180000 0.000000
0.190000 0.000000
0.200000 0.000000
0.210000 0.000000
0.220000 0.000000
0.230000 0.000000
0.240000 0.000400
0.250000 0.096090
0.260000 1.090438
0.270000 2.710032
0.280000 2.909203
0.290000 2.116481
0.300000 1.409241
0.310000 1.034678
0.320000 0.883866
0.330000 0.830281
0.340000 0.827815
0.350000 0.840807
0.360000 0.865671
0.370000 0.890721
0.380000 0.914733
0.390000 0.941805
0.400000 0.976455
0.410000 1.012528
0.420000 1.034780
0.430000 1.064593
0.440000 1.080760
0.450000 1.090842
0.460000 1.094359
0.470000 1.088439
0.480000 1.076745
0.490000 1.053677
0.500000 1.029392
0.510000 1.006440
0.520000 0.984748
0.530000 0.962873
0.540000 0.944629
0.550000 0.926421
0.560000 0.915888
0.570000 0.919437
0.580000 0.920087
0.590000 0.933418
0.600000 0.951551
0.610000 0.966629
0.620000 0.981969
0.630000 0.999200
0.640000 1.013256
0.650000 1.020363
0.660000 1.031831
0.670000 1.036584
0.680000 1.039529
0.690000 1.038040
0.700000 1.034776
0.710000 1.031296
0.720000 1.025500
0.730000 1.018176
0.740000 1.008822
0.750000 1.004963
0.760000 0.997073
0.770000 0.992312
0.780000 0.988965
0.790000 0.988026
0.800000 0.987464
0.810000 0.986425
0.820000 0.988617
0.830000 0.991474
0.840000 0.994166
0.850000 0.997867
0.860000 0.998616
0.870000 0.999759
0.880000 1.001225
0.890000 1.001800
0.900000 0.999857
0.910000 1.000939
0.920000 1.000831
0.930000 1.000448
0.940000 1.000814
0.950000 0.998838
0.960000 0.997674
0.970000 0.997394
0.980000 0.999186
0.990000 0.997908
1.000000 0.999055
1.010000 0.997778
1.020000 0.998339
1.030000 0.999734
1.040000 1.001339
1.050000 1.001349
1.060000 1.002086
1.070000 1.001193
1.080000 1.002782
1.090000 1.003442
1.100000 1.001900
