0.000000 0.000000
0.010000 0.000000
0.020000 0.000000
0.030000 0.000000
0.040000 0.000000
0.050000 0.000000
0.060000 0.000000
0.070000 0.000000
0.080000 0.000000
0.090000 0.000000
0.100000 0.000000
0.110000 0.000000
0.120000 0.000000
0.130000 0.000000
0.140000 0.000000
0.150000 0.000000
0.160000 0.000000
0.170000 0.000000
0.180000 0.000000
0.190000 0.000000
0.200000 0.000000
0.210000 0.000000
0.220000 0.000000
0.230000 0.000000
0.240000 0.000649
0.250000 0.104053
0.260000 1.137615
0.270000 2.780724
0.280000 2.913347
0.290000 2.083605
0.300000 1.375808
0.310000 1.021681
0.320000 0.869432
0.330000 0.819141
0.340000 0.819336
0.350000 0.834622
0.360000 0.856992
0.370000 0.881914
0.380000 0.913637
0.390000 0.948217
0.400000 0.982011
0.410000 1.013371
0.420000 1.041319
0.430000 1.071198
0.440000 1.087419
0.450000 1.094062
0.460000 1.100696
0.470000 1.091563
0.480000 1.079303
0.490000 1.058434
0.500000 1.036269
0.510000 1.012261
0.520000 0.987138
0.530000 0.965339
0.540000 0.942375
0.550000 0.920624
0.560000 0.912966
0.570000 0.911009
0.580000 0.917301
0.590000 0.930122
0.600000 0.945533
0.610000 0.963288
0.620000 0.979321
0.630000 0.993688
0.640000 1.008336
0.650000 1.022898
0.660000 1.030025
0.670000 1.035713
0.680000 1.039681
0.690000 1.040066
0.700000 1.037159
0.710000 1.032400
0.720000 1.027182
0.730000 1.019003
0.740000 1.011544
0.750000 1.004947
0.760000 0.996638
0.770000 0.992047
0.780000 0.988744
0.790000 0.986508
0.800000 0.987511
0.810000 0.987037
0.820000 0.986016
0.830000 0.991467
0.840000 0.994184
0.850000 0.996680
0.860000 0.998931
0.870000 0.999410
0.880000 0.998806
0.890000 0.997496
0.900000 0.997076
0.910000 0.997936
0.920000 0.996958
0.930000 0.996923
0.940000 0.997718
0.950000 0.997584
0.960000 0.996723
0.970000 0.996340
0.980000 0.997081
0.990000 0.996798
1.000000 0.996198
1.010000 0.997460
1.020000 0.997770
1.030000 1.000012
1.040000 1.000144
1.050000 0.999997
1.060000 1.001405
1.070000 1.001153
1.080000 1.001209
1.090000 1.001525
1.100000 1.001466
