0.000000 0.000000
0.010000 0.000000
0.020000 0.000000
0.030000 0.000000
0.040000 0.000000
0.050000 0.000000
0.060000 0.000000
0.070000 0.000000
0.080000 0.000000
0.090000 0.000000
0.100000 0.000000
0.110000 0.000000
0.120000 0.000000
0.130000 0.000000
0.140000 0.000000
0.150000 0.000000
0.160000 0.000000
0.170000 0.000000
0.180000 0.000000
0.190000 0.000000
0.200000 0.000000
0.210000 0.000000
0.220000 0.000000
0.230000 0.000000
0.240000 0.000603
0.250000 0.094789
0.260000 1.074012
0.270000 2.711419
0.280000 2.914088
0.290000 2.108218
0.300000 1.399905
0.310000 1.036296
0.320000 0.881931
0.330000 0.832511
0.340000 0.826859
0.350000 0.839956
0.360000 0.863978
0.370000 0.889524
0.380000 0.915968
0.390000 0.950814
0.400000 0.979520
0.410000 1.007378
0.420000 1.040494
0.430000 1.066507
0.440000 1.081596
0.450000 1.092339
0.460000 1.093442
0.470000 1.087690
0.480000 1.074774
0.490000 1.052437
0.500000 1.028600
0.510000 1.006894
0.520000 0.982264
0.530000 0.964454
0.540000 0.940651
0.550000 0.927871
0.560000 0.914075
0.570000 0.914599
0.580000 0.920935
0.590000 0.935792
0.600000 0.948785
0.610000 0.969258
0.620000 0.985574
0.630000 0.998234
0.640000 1.009003
0.650000 1.021883
0.660000 1.030270
0.670000 1.037759
0.680000 1.037958
0.690000 1.039381
0.700000 1.034915
0.710000 1.032927
0.720000 1.025140
0.730000 1.016066
0.740000 1.010096
0.750000 1.005212
0.760000 0.997226
0.770000 0.991188
0.780000 0.988259
0.790000 0.988765
0.800000 0.987106
0.810000 0.988202
0.820000 0.989161
0.830000 0.992333
0.840000 0.993549
0.850000 0.997353
0.860000 0.998871
0.870000 0.999630
0.880000 1.001465
0.890000 1.001457
0.900000 1.001602
0.910000 0.999710
0.920000 1.002532
0.930000 1.000420
0.940000 0.999995
0.950000 1.000069
0.960000 0.999521
0.970000 0.997579
0.980000 0.996841
0.990000 0.998298
1.000000 0.999529
1.010000 0.998956
1.020000 0.999717
1.030000 0.999524
1.040000 1.001964
1.050000 1.000911
1.060000 1.001526
1.070000 1.001774
1.080000 1.003747
1.090000 1.002711
1.100000 1.003188
