0.000000 0.000000
0.010000 0.000000
0.020000 0.000000
0.030000 0.000000
0.040000 0.000000
0.050000 0.000000
0.060000 0.000000
0.070000 0.000000
0.080000 0.000000
0.090000 0.000000
0.100000 0.000000
0.110000 0.000000
0.120000 0.000000
0.130000 0.000000
0.140000 0.000000
0.150000 0.000000
0.160000 0.000000
0.170000 0.000000
0.180000 0.000000
0.190000 0.000000
0.200000 0.000000
0.210000 0.000000
0.220000 0.000000
0.230000 0.000000
0.240000 0.000610
0.250000 0.088101
0.260000 1.030285
0.270000 2.662566
0.280000 2.912843
0.290000 2.132034
0.300000 1.427064
0.310000 1.057103
0.320000 0.897662
0.330000 0.847739
0.340000 0.843398
0.350000 0.852404
0.360000 0.869765
0.370000 0.894380
0.380000 0.920869
0.390000 0.948290
0.400000 0.975143
0.410000 1.005254
0.420000 1.033510
0.430000 1.056876
0.440000 1.073939
0.450000 1.084434
0.460000 1.085332
0.470000 1.078438
0.480000 1.068161
0.490000 1.045362
0.500000 1.029723
0.510000 1.007006
0.520000 0.983590
0.530000 0.965919
0.540000 0.947443
0.550000 0.931995
0.560000 0.920619
0.570000 0.919393
0.580000 0.925066
0.590000 0.937397
0.600000 0.953657
0.610000 0.968811
0.620000 0.986595
0.630000 0.999070
0.640000 1.011816
0.650000 1.021551
0.660000 1.028742
0.670000 1.035229
0.680000 1.038388
0.690000 1.036152
0.700000 1.035791
0.710000 1.030560
0.720000 1.024207
0.730000 1.017203
0.740000 1.010205
0.750000 1.004675
0.760000 0.998676
0.770000 0.991910
0.780000 0.990085
0.790000 0.989892
0.800000 0.987595
0.810000 0.988444
0.820000 0.989154
0.830000 0.992674
0.840000 0.994851
0.850000 0.998704
0.860000 0.999500
0.870000 1.000141
0.880000 1.001625
0.890000 1.000801
0.900000 0.999452
0.910000 1.000343
0.920000 1.000857
0.930000 1.000121
0.940000 1.002657
0.950000 1.000183
0.960000 1.000427
0.970000 0.998804
0.980000 0.998575
0.990000 0.998741
1.000000 0.998664
1.010000 0.999034
1.020000 0.999520
1.030000 1.001621
1.040000 1.001142
1.050000 1.002181
1.060000 1.002900
1.070000 1.003650
1.080000 1.004003
1.090000 1.002732
1.100000 1.003903
