0.000000 0.000000
0.010000 0.000000
0.020000 0.000000
0.030000 0.000000
0.040000 0.000000
0.050000 0.000000
0.060000 0.000000
0.070000 0.000000
0.080000 0.000000
0.090000 0.000000
0.100000 0.000000
0.110000 0.000000
0.120000 0.000000
0.130000 0.000000
0.140000 0.000000
0.150000 0.000000
0.160000 0.000000
0.170000 0.000000
0.180000 0.000000
0.190000 0.000000
0.200000 0.000000
0.210000 0.000000
0.220000 0.000000
0.230000 0.000000
0.240000 0.000595
0.250000 0.095371
0.260000 1.088190
0.270000 2.737921
0.280000 2.931257
0.290000 2.116369
0.300000 1.408580
0.310000 1.033727
0.320000 0.882858
0.330000 0.833498
0.340000 0.829247
0.350000 0.844104
0.360000 0.861785
0.370000 0.890065
0.380000 0.921008
0.390000 0.948885
0.400000 0.981354
0.410000 1.011210
0.420000 1.040321
0.430000 1.065000
0.440000 1.088416
0.450000 1.097060
0.460000 1.097096
0.470000 1.085861
0.480000 1.075076
0.490000 1.056658
0.500000 1.037354
0.510000 1.011473
0.520000 0.988235
0.530000 0.968811
0.540000 0.945864
0.550000 0.926725
0.560000 0.918463
0.570000 0.917609
0.580000 0.925158
0.590000 0.936818
0.600000 0.951991
0.610000 0.967239
0.620000 0.984139
0.630000 0.998488
0.640000 1.012799
0.650000 1.025276
0.660000 1.032758
0.670000 1.036097
0.680000 1.040051
0.690000 1.039201
0.700000 1.037495
0.710000 1.035185
0.720000 1.028825
0.730000 1.020420
0.740000 1.013982
0.750000 1.005916
0.760000 0.999591
0.770000 0.995177
0.780000 0.992699
0.790000 0.991175
0.800000 0.991143
0.810000 0.990506
0.820000 0.990660
0.830000 0.994430
0.840000 0.998340
0.850000 0.998168
0.860000 1.002222
0.870000 1.003481
0.880000 1.003328
0.890000 1.002967
0.900000 1.001983
0.910000 1.000734
0.920000 1.001327
0.930000 1.000509
0.940000 1.001374
0.950000 1.000871
0.960000 1.000037
0.970000 1.001822
0.980000 1.002334
0.990000 1.002071
1.000000 1.001847
1.010000 1.002168
1.020000 1.003331
1.030000 1.003115
1.040000 1.003762
1.050000 1.003006
1.060000 1.004886
1.070000 1.003654
1.080000 1.005775
1.090000 1.004751
1.100000 1.005289
