0.000000 0.000000
0.010000 0.000000
0.020000 0.000000
0.030000 0.000000
0.040000 0.000000
0.050000 0.000000
0.060000 0.000000
0.070000 0.000000
0.080000 0.000000
0.090000 0.000000
0.100000 0.000000
0.110000 0.000000
0.120000 0.000000
0.130000 0.000000
0.140000 0.000000
0.150000 0.000000
0.160000 0.000000
0.170000 0.000000
0.180000 0.000000
0.190000 0.000000
0.200000 0.000000
0.210000 0.000000
0.220000 0.000000
0.230000 0.000000
0.240000 0.000336
0.250000 0.072130
0.260000 0.991543
0.270000 2.730162
0.280000 3.034184
0.290000 2.194309
0.300000 1.455594
0.310000 1.062829
0.320000 0.898498
0.330000 0.843542
0.340000 0.839149
0.350000 0.849085
0.360000 0.870172
0.370000 0.892443
0.380000 0.912013
0.390000 0.941807
0.400000 0.971168
0.410000 0.998680
0.420000 1.025569
0.430000 1.051356
0.440000 1.073345
0.450000 1.082744
0.460000 1.086290
0.470000 1.083550
0.480000 1.068082
0.490000 1.054908
0.500000 1.032861
0.510000 1.011838
0.520000 0.990527
0.530000 0.972409
0.540000 0.955845
0.550000 0.940381
0.560000 0.927876
0.570000 0.929128
0.580000 0.933068
0.590000 0.945351
0.600000 0.962509
0.610000 0.979633
0.620000 0.996219
0.630000 1.009183
0.640000 1.021480
0.650000 1.029497
0.660000 1.036813
0.670000 1.043579
0.680000 1.045237
0.690000 1.045367
0.700000 1.042830
0.710000 1.038483
0.720000 1.032687
0.730000 1.023292
0.740000 1.016301
0.750000 1.009605
0.760000 1.004189
0.770000 0.998465
0.780000 0.995471
0.790000 0.994968
0.800000 0.992263
0.810000 0.994170
0.820000 0.996280
0.830000 0.997729
0.840000 1.000974
0.850000 1.003624
0.860000 1.005168
0.870000 1.007291
0.880000 1.008941
0.890000 1.008487
0.900000 1.007074
0.910000 1.007941
0.920000 1.008302
0.930000 1.007959
0.940000 1.008461
0.950000 1.006411
0.960000 1.005598
0.970000 1.006058
0.980000 1.005951
0.990000 1.004489
1.000000 1.005802
1.010000 1.005383
1.020000 1.006005
1.030000 1.006284
1.040000 1.007231
1.050000 1.007155
1.060000 1.007625
1.070000 1.006660
1.080000 1.006787
1.090000 1.007507
1.100000 1.006862
