0.000000 0.000000
0.010000 0.000000
0.020000 0.000000
0.030000 0.000000
0.040000 0.000000
0.050000 0.000000
0.060000 0.000000
0.070000 0.000000
0.080000 0.000000
0.090000 0.000000
0.100000 0.000000
0.110000 0.000000
0.120000 0.000000
0.130000 0.000000
0.140000 0.000000
0.150000 0.000000
0.160000 0.000000
0.170000 0.000000
0.180000 0.000000
0.190000 0.000000
0.200000 0.000000
0.210000 0.000000
0.220000 0.000000
0.230000 0.000000
0.240000 0.000524
0.250000 0.091954
0.260000 1.067144
0.270000 2.744184
0.280000 2.983576
0.290000 2.173486
0.300000 1.429332
0.310000 1.025634
0.320000 0.845535
0.330000 0.788082
0.340000 0.781141
0.350000 0.795307
0.360000 0.823122
0.370000 0.854737
0.380000 0.885632
0.390000 0.926053
0.400000 0.966011
0.410000 1.005346
0.420000 1.042238
0.430000 1.074381
0.440000 1.101152
0.450000 1.115548
0.460000 1.120964
0.470000 1.115423
0.480000 1.104295
0.490000 1.083335
0.500000 1.057686
0.510000 1.032782
0.520000 1.008475
0.530000 0.978848
0.540000 0.955790
0.550000 0.934319
0.560000 0.919593
0.570000 0.916146
0.580000 0.921170
0.590000 0.931518
0.600000 0.949053
0.610000 0.965111
0.620000 0.981015
0.630000 0.997446
0.640000 1.013588
0.650000 1.024199
0.660000 1.033777
0.670000 1.042547
0.680000 1.048684
0.690000 1.048532
0.700000 1.047336
0.710000 1.042314
0.720000 1.037239
0.730000 1.031324
0.740000 1.024287
0.750000 1.017496
0.760000 1.010735
0.770000 1.006943
0.780000 1.002753
0.790000 1.001900
0.800000 1.000726
0.810000 1.001206
0.820000 1.004280
0.830000 1.006726
0.840000 1.010249
0.850000 1.012502
0.860000 1.015296
0.870000 1.015887
0.880000 1.016184
0.890000 1.017555
0.900000 1.016366
0.910000 1.016255
0.920000 1.015249
0.930000 1.015385
0.940000 1.017081
0.950000 1.015317
0.960000 1.015413
0.970000 1.017006
0.980000 1.016259
0.990000 1.017922
1.000000 1.016961
1.010000 1.018406
1.020000 1.020393
1.030000 1.020133
1.040000 1.022039
1.050000 1.022715
1.060000 1.023585
1.070000 1.025012
1.080000 1.024598
1.090000 1.024964
1.100000 1.024872
