0.000000 0.000000
0.010000 0.000000
0.020000 0.000000
0.030000 0.000000
0.040000 0.000000
0.050000 0.000000
0.060000 0.000000
0.070000 0.000000
0.080000 0.000000
0.090000 0.000000
0.100000 0.000000
0.110000 0.000000
0.120000 0.000000
0.130000 0.000000
0.140000 0.000000
0.150000 0.000000
0.160000 0.000000
0.170000 0.000000
0.180000 0.000000
0.190000 0.000000
0.200000 0.000000
0.210000 0.000000
0.220000 0.000000
0.230000 0.000000
0.240000 0.000569
0.250000 0.095567
0.260000 1.086771
0.270000 2.712940
0.280000 2.917370
0.290000 2.104335
0.300000 1.406353
0.310000 1.035920
0.320000 0.882624
0.330000 0.831387
0.340000 0.829362
0.350000 0.844336
0.360000 0.861704
0.370000 0.889567
0.380000 0.917081
0.390000 0.947372
0.400000 0.977922
0.410000 1.008300
0.420000 1.040439
0.430000 1.064641
0.440000 1.079259
0.450000 1.094880
0.460000 1.097287
0.470000 1.088888
0.480000 1.076162
0.490000 1.054709
0.500000 1.032068
0.510000 1.009541
0.520000 0.984525
0.530000 0.967246
0.540000 0.943136
0.550000 0.927156
0.560000 0.912767
0.570000 0.913252
0.580000 0.920707
0.590000 0.932761
0.600000 0.950026
0.610000 0.967172
0.620000 0.981952
0.630000 0.998662
0.640000 1.011857
0.650000 1.022556
0.660000 1.031610
0.670000 1.038363
0.680000 1.041211
0.690000 1.040081
0.700000 1.037955
0.710000 1.033225
0.720000 1.027519
0.730000 1.020924
0.740000 1.013937
0.750000 1.006436
0.760000 0.999607
0.770000 0.994677
0.780000 0.991491
0.790000 0.989247
0.800000 0.988626
0.810000 0.989132
0.820000 0.990574
0.830000 0.992291
0.840000 0.995442
0.850000 0.998222
0.860000 0.998645
0.870000 1.002479
0.880000 1.001461
0.890000 1.000435
0.900000 1.001649
0.910000 1.001561
0.920000 1.000640
0.930000 1.000374
0.940000 1.000747
0.950000 0.999971
0.960000 1.000649
0.970000 0.999994
0.980000 0.999657
0.990000 1.000766
1.000000 1.000870
1.010000 1.001497
1.020000 1.003638
1.030000 1.004294
1.040000 1.002829
1.050000 1.004388
1.060000 1.004961
1.070000 1.005145
1.080000 1.004428
1.090000 1.003907
1.100000 1.004443
