0.000000 0.000000
0.010000 0.000000
0.020000 0.000000
0.030000 0.000000
0.040000 0.000000
0.050000 0.000000
0.060000 0.000000
0.070000 0.000000
0.080000 0.000000
0.090000 0.000000
0.100000 0.000000
0.110000 0.000000
0.120000 0.000000
0.130000 0.000000
0.140000 0.000000
0.150000 0.000000
0.160000 0.000000
0.170000 0.000000
0.180000 0.000000
0.190000 0.000000
0.200000 0.000000
0.210000 0.000000
0.220000 0.000000
0.230000 0.000000
0.240000 0.000666
0.250000 0.097288
0.260000 1.081359
0.270000 2.724362
0.280000 2.914120
0.290000 2.102379
0.300000 1.400511
0.310000 1.036994
0.320000 0.879228
0.330000 0.834024
0.340000 0.834078
0.350000 0.846208
0.360000 0.866317
0.370000 0.891207
0.380000 0.921088
0.390000 0.947279
0.400000 0.978393
0.410000 1.005927
0.420000 1.033150
0.430000 1.058616
0.440000 1.079451
0.450000 1.091036
0.460000 1.092375
0.470000 1.087222
0.480000 1.074706
0.490000 1.056992
0.500000 1.026541
0.510000 1.006692
0.520000 0.983525
0.530000 0.963854
0.540000 0.943616
0.550000 0.927231
0.560000 0.915376
0.570000 0.912226
0.580000 0.920300
0.590000 0.932512
0.600000 0.949515
0.610000 0.966292
0.620000 0.984344
0.630000 0.996829
0.640000 1.011972
0.650000 1.021440
0.660000 1.028339
0.670000 1.035300
0.680000 1.037798
0.690000 1.038944
0.700000 1.036709
0.710000 1.030717
0.720000 1.023756
0.730000 1.018409
0.740000 1.011399
0.750000 1.003061
0.760000 0.997817
0.770000 0.991753
0.780000 0.987841
0.790000 0.985727
0.800000 0.985243
0.810000 0.986470
0.820000 0.988608
0.830000 0.991091
0.840000 0.991823
0.850000 0.995319
0.860000 0.998231
0.870000 1.000320
0.880000 0.999451
0.890000 0.999202
0.900000 0.999067
0.910000 0.999028
0.920000 0.997291
0.930000 0.997594
0.940000 0.998756
0.950000 0.997653
0.960000 0.998067
0.970000 0.997238
0.980000 0.998399
0.990000 0.997704
1.000000 0.997531
1.010000 0.999081
1.020000 1.001779
1.030000 1.000482
1.040000 1.000474
1.050000 1.000324
1.060000 1.001400
1.070000 1.000663
1.080000 1.001839
1.090000 1.001439
1.100000 1.002001
