0.000000 0.000000
0.010000 0.000000
0.020000 0.000000
0.030000 0.000000
0.040000 0.000000
0.050000 0.000000
0.060000 0.000000
0.070000 0.000000
0.080000 0.000000
0.090000 0.000000
0.100000 0.000000
0.110000 0.000000
0.120000 0.000000
0.130000 0.000000
0.140000 0.000000
0.150000 0.000000
0.160000 0.000000
0.170000 0.000000
0.180000 0.000000
0.190000 0.000000
0.200000 0.000000
0.210000 0.000000
0.220000 0.000000
0.230000 0.000000
0.240000 0.000426
0.250000 0.078773
0.260000 1.003565
0.270000 2.662959
0.280000 2.931919
0.290000 2.146071
0.300000 1.437379
0.310000 1.059288
0.320000 0.896750
0.330000 0.846507
0.340000 0.838983
0.350000 0.850676
0.360000 0.874127
0.370000 0.891753
0.380000 0.920461
0.390000 0.944696
0.400000 0.977364
0.410000 1.005591
0.420000 1.029962
0.430000 1.057368
0.440000 1.076710
0.450000 1.089175
0.460000 1.086935
0.470000 1.084104
0.480000 1.069297
0.490000 1.052591
0.500000 1.030761
0.510000 1.006644
0.520000 0.985422
0.530000 0.966083
0.540000 0.947128
0.550000 0.930278
0.560000 0.920834
0.570000 0.920799
0.580000 0.926461
0.590000 0.940959
0.600000 0.953880
0.610000 0.971063
0.620000 0.986473
0.630000 0.998782
0.640000 1.014371
0.650000 1.022553
0.660000 1.029768
0.670000 1.035676
0.680000 1.038885
0.690000 1.040432
0.700000 1.036840
0.710000 1.034475
0.720000 1.027517
0.730000 1.020905
0.740000 1.013679
0.750000 1.007225
0.760000 0.999263
0.770000 0.995978
0.780000 0.992083
0.790000 0.990202
0.800000 0.989398
0.810000 0.989442
0.820000 0.991880
0.830000 0.992630
0.840000 0.996787
0.850000 0.997501
0.860000 1.000192
0.870000 1.001932
0.880000 1.003214
0.890000 1.002659
0.900000 1.001983
0.910000 1.001686
0.920000 1.003164
0.930000 1.002653
0.940000 1.002504
0.950000 1.002764
0.960000 1.002750
0.970000 1.001905
0.980000 1.000764
0.990000 1.001144
1.000000 1.002095
1.010000 1.002231
1.020000 1.002396
1.030000 1.002761
1.040000 1.003954
1.050000 1.003522
1.060000 1.004433
1.070000 1.004981
1.080000 1.006623
1.090000 1.004804
1.100000 1.005400
