0.000000 0.000000
0.010000 0.000000
0.020000 0.000000
0.030000 0.000000
0.040000 0.000000
0.050000 0.000000
0.060000 0.000000
0.070000 0.000000
0.080000 0.000000
0.090000 0.000000
0.100000 0.000000
0.110000 0.000000
0.120000 0.000000
0.130000 0.000000
0.140000 0.000000
0.150000 0.000000
0.160000 0.000000
0.170000 0.000000
0.180000 0.000000
0.190000 0.000000
0.200000 0.000000
0.210000 0.000000
0.220000 0.000000
0.230000 0.000000
0.240000 0.000575
0.250000 0.094331
0.260000 1.086798
0.270000 2.751403
0.280000 2.934406
0.290000 2.107737
0.300000 1.392402
0.310000 1.023704
0.320000 0.873082
0.330000 0.822055
0.340000 0.819003
0.350000 0.832035
0.360000 0.855160
0.370000 0.887250
0.380000 0.916439
0.390000 0.946723
0.400000 0.980440
0.410000 1.012158
0.420000 1.044357
0.430000 1.072000
0.440000 1.090384
0.450000 1.102526
0.460000 1.104591
0.470000 1.093844
0.480000 1.077194
0.490000 1.059116
0.500000 1.031112
0.510000 1.009667
0.520000 0.986931
0.530000 0.958023
0.540000 0.940745
0.550000 0.922593
0.560000 0.911327
0.570000 0.910026
0.580000 0.917465
0.590000 0.930659
0.600000 0.950080
0.610000 0.965717
0.620000 0.983295
0.630000 0.999397
0.640000 1.011665
0.650000 1.022577
0.660000 1.030866
0.670000 1.039376
0.680000 1.038682
0.690000 1.041044
0.700000 1.040321
0.710000 1.033887
0.720000 1.029787
0.730000 1.021463
0.740000 1.012020
0.750000 1.004916
0.760000 1.000386
0.770000 0.995345
0.780000 0.992219
0.790000 0.988225
0.800000 0.986733
0.810000 0.987669
0.820000 0.989882
0.830000 0.993529
0.840000 0.994132
0.850000 0.996482
0.860000 0.997282
0.870000 0.999692
0.880000 1.001298
0.890000 1.001270
0.900000 0.998955
0.910000 0.998574
0.920000 0.997888
0.930000 0.999124
0.940000 0.999559
0.950000 1.000575
0.960000 0.998618
0.970000 0.999508
0.980000 0.998883
0.990000 0.998959
1.000000 1.000641
1.010000 1.000686
1.020000 1.001528
1.030000 1.002748
1.040000 1.002905
1.050000 1.004064
1.060000 1.005286
1.070000 1.003389
1.080000 1.004212
1.090000 1.004260
1.100000 1.003582
