0.000000 0.000000
0.010000 0.000000
0.020000 0.000000
0.030000 0.000000
0.040000 0.000000
0.050000 0.000000
0.060000 0.000000
0.070000 0.000000
0.080000 0.000000
0.090000 0.000000
0.100000 0.000000
0.110000 0.000000
0.120000 0.000000
0.130000 0.000000
0.140000 0.000000
0.150000 0.000000
0.160000 0.000000
0.170000 0.000000
0.180000 0.000000
0.190000 0.000000
0.200000 0.000000
0.210000 0.000000
0.220000 0.000000
0.230000 0.000000
0.240000 0.000225
0.250000 0.055370
0.260000 0.925454
0.270000 2.655581
0.280000 2.995732
0.290000 2.200050
0.300000 1.466516
0.310000 1.075609
0.320000 0.907189
0.330000 0.856225
0.340000 0.842014
0.350000 0.852327
0.360000 0.871411
0.370000 0.892246
0.380000 0.912238
0.390000 0.940108
0.400000 0.971449
0.410000 0.992484
0.420000 1.018506
0.430000 1.049889
0.440000 1.063035
0.450000 1.077282
0.460000 1.076586
0.470000 1.073989
0.480000 1.064410
0.490000 1.048711
0.500000 1.028815
0.510000 1.006712
0.520000 0.989004
0.530000 0.966523
0.540000 0.946783
0.550000 0.932292
0.560000 0.919717
0.570000 0.918959
0.580000 0.925940
0.590000 0.939940
0.600000 0.954759
0.610000 0.969003
0.620000 0.986537
0.630000 0.998466
0.640000 1.010930
0.650000 1.021144
0.660000 1.027601
0.670000 1.034668
0.680000 1.033605
0.690000 1.037286
0.700000 1.033187
0.710000 1.031163
0.720000 1.026278
0.730000 1.017832
0.740000 1.011671
0.750000 1.001576
0.760000 0.998454
0.770000 0.996046
0.780000 0.989394
0.790000 0.988121
0.800000 0.988086
0.810000 0.987787
0.820000 0.988903
0.830000 0.989684
0.840000 0.992764
0.850000 0.995244
0.860000 0.995877
0.870000 0.997980
0.880000 0.998857
0.890000 0.996894
0.900000 0.997520
0.910000 0.996505
0.920000 0.999880
0.930000 1.000587
0.940000 1.000132
0.950000 0.998944
0.960000 0.998730
0.970000 0.997959
0.980000 0.998447
0.990000 0.999589
1.000000 0.998997
1.010000 0.999425
1.020000 0.999121
1.030000 0.999649
1.040000 1.000407
1.050000 1.000788
1.060000 1.001487
1.070000 1.003739
1.080000 1.001805
1.090000 1.003471
1.100000 1.002422
