0.000000 0.000000
0.010000 0.000000
0.020000 0.000000
0.030000 0.000000
0.040000 0.000000
0.050000 0.000000
0.060000 0.000000
0.070000 0.000000
0.080000 0.000000
0.090000 0.000000
0.100000 0.000000
0.110000 0.000000
0.120000 0.000000
0.130000 0.000000
0.140000 0.000000
0.150000 0.000000
0.160000 0.000000
0.170000 0.000000
0.180000 0.000000
0.190000 0.000000
0.200000 0.000000
0.210000 0.000000
0.220000 0.000000
0.230000 0.000000
0.240000 0.000616
0.250000 0.094135
0.260000 1.075882
0.270000 2.722286
0.280000 2.911037
0.290000 2.103092
0.300000 1.406863
0.310000 1.032487
0.320000 0.882962
0.330000 0.834359
0.340000 0.827029
0.350000 0.842055
0.360000 0.861967
0.370000 0.890202
0.380000 0.914255
0.390000 0.944276
0.400000 0.976243
0.410000 1.012135
0.420000 1.031976
0.430000 1.064637
0.440000 1.082822
0.450000 1.095181
0.460000 1.094823
0.470000 1.086378
0.480000 1.073357
0.490000 1.054419
0.500000 1.031637
0.510000 1.006335
0.520000 0.985913
0.530000 0.960127
0.540000 0.942194
0.550000 0.927724
0.560000 0.912068
0.570000 0.914392
0.580000 0.921709
0.590000 0.932171
0.600000 0.950433
0.610000 0.966691
0.620000 0.981628
0.630000 0.998611
0.640000 1.009883
0.650000 1.019312
0.660000 1.030005
0.670000 1.035586
0.680000 1.038500
0.690000 1.040369
0.700000 1.035572
0.710000 1.034371
0.720000 1.025316
0.730000 1.016452
0.740000 1.008422
0.750000 1.004624
0.760000 0.996484
0.770000 0.990630
0.780000 0.989758
0.790000 0.987235
0.800000 0.988248
0.810000 0.986244
0.820000 0.988418
0.830000 0.992763
0.840000 0.993770
0.850000 0.994966
0.860000 0.996436
0.870000 1.000938
0.880000 0.999828
0.890000 1.000842
0.900000 0.999997
0.910000 0.999924
0.920000 1.000363
0.930000 1.000218
0.940000 0.997897
0.950000 0.998136
0.960000 0.997282
0.970000 0.996843
0.980000 0.997413
0.990000 0.998863
1.000000 0.998669
1.010000 0.997480
1.020000 1.000053
1.030000 0.998677
1.040000 0.999111
1.050000 1.000276
1.060000 1.002491
1.070000 1.001815
1.080000 1.003491
1.090000 1.003531
1.100000 1.002996
