0.000000 0.000000
0.010000 0.000000
0.020000 0.000000
0.030000 0.000000
0.040000 0.000000
0.050000 0.000000
0.060000 0.000000
0.070000 0.000000
0.080000 0.000000
0.090000 0.000000
0.100000 0.000000
0.110000 0.000000
0.120000 0.000000
0.130000 0.000000
0.140000 0.000000
0.150000 0.000000
0.160000 0.000000
0.170000 0.000000
0.180000 0.000000
0.190000 0.000000
0.200000 0.000000
0.210000 0.000000
0.220000 0.000000
0.230000 0.000000
0.240000 0.000131
0.250000 0.060690
0.260000 1.063675
0.270000 2.869113
0.280000 3.000354
0.290000 2.113060
0.300000 1.375205
0.310000 1.004549
0.320000 0.849032
0.330000 0.806773
0.340000 0.802845
0.350000 0.815199
0.360000 0.839304
0.370000 0.876555
0.380000 0.908369
0.390000 0.942490
0.400000 0.980299
0.410000 1.013126
0.420000 1.048513
0.430000 1.072016
0.440000 1.092831
0.450000 1.107213
0.460000 1.107762
0.470000 1.097788
0.480000 1.084323
0.490000 1.060460
0.500000 1.034845
0.510000 1.010784
0.520000 0.985531
0.530000 0.956990
0.540000 0.931451
0.550000 0.916797
0.560000 0.901584
0.570000 0.903574
0.580000 0.911158
0.590000 0.926699
0.600000 0.943290
0.610000 0.962984
0.620000 0.979631
0.630000 0.995759
0.640000 1.009419
0.650000 1.024267
0.660000 1.032400
0.670000 1.037639
0.680000 1.039875
0.690000 1.041192
0.700000 1.038370
0.710000 1.033173
0.720000 1.029817
0.730000 1.020664
0.740000 1.012428
0.750000 1.004234
0.760000 1.000205
0.770000 0.997784
0.780000 0.990017
0.790000 0.987454
0.800000 0.987263
0.810000 0.986735
0.820000 0.988441
0.830000 0.991207
0.840000 0.993344
0.850000 0.994722
0.860000 0.996002
0.870000 0.997224
0.880000 0.997433
0.890000 0.996686
0.900000 0.995757
0.910000 0.997168
0.920000 0.997830
0.930000 0.999196
0.940000 0.998132
0.950000 0.998506
0.960000 0.997217
0.970000 0.998367
0.980000 0.996982
0.990000 0.996723
1.000000 0.998190
1.010000 0.999134
1.020000 0.999865
1.030000 1.000081
1.040000 1.001417
1.050000 1.003003
1.060000 1.003460
1.070000 1.003360
1.080000 1.002133
1.090000 1.002681
1.100000 1.002945
