0.000000 0.000000
0.010000 0.000000
0.020000 0.000000
0.030000 0.000000
0.040000 0.000000
0.050000 0.000000
0.060000 0.000000
0.070000 0.000000
0.080000 0.000000
0.090000 0.000000
0.100000 0.000000
0.110000 0.000000
0.120000 0.000000
0.130000 0.000000
0.140000 0.000000
0.150000 0.000000
0.160000 0.000000
0.170000 0.000000
0.180000 0.000000
0.190000 0.000000
0.200000 0.000000
0.210000 0.000000
0.220000 0.000000
0.230000 0.000000
0.240000 0.000687
0.250000 0.096558
0.260000 1.083735
0.270000 2.718054
0.280000 2.919757
0.290000 2.114643
0.300000 1.405866
0.310000 1.036593
0.320000 0.880921
0.330000 0.829878
0.340000 0.823551
0.350000 0.837663
0.360000 0.857140
0.370000 0.887284
0.380000 0.912958
0.390000 0.944428
0.400000 0.974255
0.410000 1.009461
0.420000 1.038869
0.430000 1.061704
0.440000 1.083683
0.450000 1.094850
0.460000 1.097935
0.470000 1.089687
0.480000 1.075241
0.490000 1.055409
0.500000 1.032782
0.510000 1.012494
0.520000 0.986404
0.530000 0.964989
0.540000 0.943606
0.550000 0.926212
0.560000 0.917452
0.570000 0.916217
0.580000 0.921217
0.590000 0.931647
0.600000 0.947950
0.610000 0.967941
0.620000 0.983208
0.630000 0.997477
0.640000 1.008136
0.650000 1.022434
0.660000 1.030199
0.670000 1.036039
0.680000 1.037775
0.690000 1.041219
0.700000 1.037779
0.710000 1.033860
0.720000 1.025489
0.730000 1.020068
0.740000 1.011747
0.750000 1.002902
0.760000 0.999093
0.770000 0.993445
0.780000 0.990702
0.790000 0.987884
0.800000 0.988033
0.810000 0.988873
0.820000 0.991288
0.830000 0.992402
0.840000 0.995710
0.850000 0.998174
0.860000 0.999727
0.870000 1.002148
0.880000 1.001906
0.890000 1.000612
0.900000 1.001039
0.910000 1.000845
0.920000 0.999722
0.930000 1.000059
0.940000 1.000375
0.950000 0.999267
0.960000 0.999722
0.970000 0.998754
0.980000 0.999542
0.990000 0.998692
1.000000 0.999794
1.010000 1.000235
1.020000 1.001728
1.030000 1.002044
1.040000 1.001742
1.050000 1.003052
1.060000 1.002932
1.070000 1.002353
1.080000 1.004221
1.090000 1.004144
1.100000 1.004215
