0.000000 0.000000
0.010000 0.000000
0.020000 0.000000
0.030000 0.000000
0.040000 0.000000
0.050000 0.000000
0.060000 0.000000
0.070000 0.000000
0.080000 0.000000
0.090000 0.000000
0.100000 0.000000
0.110000 0.000000
0.120000 0.000000
0.130000 0.000000
0.140000 0.000000
0.150000 0.000000
0.160000 0.000000
0.170000 0.000000
0.180000 0.000000
0.190000 0.000000
0.200000 0.000000
0.210000 0.000000
0.220000 0.000000
0.230000 0.000000
0.240000 0.000335
0.250000 0.094351
0.260000 1.156885
0.270000 2.838790
0.280000 2.954945
0.290000 2.092600
0.300000 1.364541
0.310000 1.000080
0.320000 0.844847
0.330000 0.794486
0.340000 0.794681
0.350000 0.812372
0.360000 0.828929
0.370000 0.866648
0.380000 0.907018
0.390000 0.940089
0.400000 0.977913
0.410000 1.012612
0.420000 1.049888
0.430000 1.079950
0.440000 1.098550
0.450000 1.111361
0.460000 1.114473
0.470000 1.105488
0.480000 1.088744
0.490000 1.069044
0.500000 1.038953
0.510000 1.012789
0.520000 0.988488
0.530000 0.960180
0.540000 0.939797
0.550000 0.915270
0.560000 0.905372
0.570000 0.900757
0.580000 0.912404
0.590000 0.921656
0.600000 0.937853
0.610000 0.960126
0.620000 0.978340
0.630000 0.992494
0.640000 1.012745
0.650000 1.023014
0.660000 1.029243
0.670000 1.036219
0.680000 1.041937
0.690000 1.045309
0.700000 1.041634
0.710000 1.036199
0.720000 1.032220
0.730000 1.022198
0.740000 1.014477
0.750000 1.006028
0.760000 0.998327
0.770000 0.994980
0.780000 0.991226
0.790000 0.990182
0.800000 0.984942
0.810000 0.989610
0.820000 0.989019
0.830000 0.990223
0.840000 0.994429
0.850000 0.995077
0.860000 0.997624
0.870000 0.999109
0.880000 0.999317
0.890000 0.999244
0.900000 0.999897
0.910000 1.000699
0.920000 1.000610
0.930000 0.999206
0.940000 0.999641
0.950000 0.998510
0.960000 0.998914
0.970000 0.998104
0.980000 0.999433
0.990000 0.998519
1.000000 0.998848
1.010000 0.999496
1.020000 1.001703
1.030000 1.001823
1.040000 1.002560
1.050000 1.003830
1.060000 1.002304
1.070000 1.004130
1.080000 1.003086
1.090000 1.004436
1.100000 1.002895
