0.000000 0.000000
0.010000 0.000000
0.020000 0.000000
0.030000 0.000000
0.040000 0.000000
0.050000 0.000000
0.060000 0.000000
0.070000 0.000000
0.080000 0.000000
0.090000 0.000000
0.100000 0.000000
0.110000 0.000000
0.120000 0.000000
0.130000 0.000000
0.140000 0.000000
0.150000 0.000000
0.160000 0.000000
0.170000 0.000000
0.180000 0.000000
0.190000 0.000000
0.200000 0.000000
0.210000 0.000000
0.220000 0.000000
0.230000 0.000000
0.240000 0.000672
0.250000 0.094066
0.260000 1.082431
0.270000 2.722871
0.280000 2.933450
0.290000 2.116815
0.300000 1.411459
0.310000 1.032682
0.320000 0.875961
0.330000 0.827533
0.340000 0.819632
0.350000 0.832422
0.360000 0.859410
0.370000 0.885998
0.380000 0.916865
0.390000 0.945093
0.400000 0.975798
0.410000 1.004617
0.420000 1.037469
0.430000 1.065418
0.440000 1.089183
0.450000 1.094534
0.460000 1.097513
0.470000 1.086576
0.480000 1.076138
0.490000 1.056692
0.500000 1.035881
0.510000 1.013093
0.520000 0.990428
0.530000 0.967731
0.540000 0.943475
0.550000 0.928198
0.560000 0.918157
0.570000 0.916194
0.580000 0.920232
0.590000 0.934615
0.600000 0.951591
0.610000 0.964702
0.620000 0.984771
0.630000 0.995071
0.640000 1.012492
0.650000 1.022055
0.660000 1.031287
0.670000 1.035986
0.680000 1.036954
0.690000 1.040162
0.700000 1.036872
0.710000 1.034071
0.720000 1.025508
0.730000 1.020028
0.740000 1.013607
0.750000 1.005891
0.760000 0.999039
0.770000 0.993107
0.780000 0.991819
0.790000 0.988637
0.800000 0.988730
0.810000 0.988402
0.820000 0.990676
0.830000 0.995509
0.840000 0.997526
0.850000 0.998319
0.860000 1.000898
0.870000 1.001458
0.880000 1.001477
0.890000 1.000842
0.900000 1.002035
0.910000 0.999319
0.920000 1.001770
0.930000 1.001478
0.940000 1.000332
0.950000 1.001521
0.960000 0.998478
0.970000 0.999717
0.980000 1.000612
0.990000 0.999100
1.000000 0.998935
1.010000 0.999192
1.020000 0.999859
1.030000 1.001415
1.040000 1.002080
1.050000 1.003334
1.060000 1.003556
1.070000 1.004483
1.080000 1.004119
1.090000 1.005825
1.100000 1.003969
