0.000000 0.000000
0.010000 0.000000
0.020000 0.000000
0.030000 0.000000
0.040000 0.000000
0.050000 0.000000
0.060000 0.000000
0.070000 0.000000
0.080000 0.000000
0.090000 0.000000
0.100000 0.000000
0.110000 0.000000
0.120000 0.000000
0.130000 0.000000
0.140000 0.000000
0.150000 0.000000
0.160000 0.000000
0.170000 0.000000
0.180000 0.000000
0.190000 0.000000
0.200000 0.000000
0.210000 0.000000
0.220000 0.000000
0.230000 0.000000
0.240000 0.000276
0.250000 0.076378
0.260000 0.991880
0.270000 2.648926
0.280000 2.963389
0.290000 2.202900
0.300000 1.461563
0.310000 1.073816
0.320000 0.910977
0.330000 0.847653
0.340000 0.839368
0.350000 0.844059
0.360000 0.859842
0.370000 0.884582
0.380000 0.907084
0.390000 0.934686
0.400000 0.961801
0.410000 0.991004
0.420000 1.020772
0.430000 1.049824
0.440000 1.068264
0.450000 1.078035
0.460000 1.083452
0.470000 1.078537
0.480000 1.068148
0.490000 1.052764
0.500000 1.033056
0.510000 1.013800
0.520000 0.991890
0.530000 0.972714
0.540000 0.954322
0.550000 0.935031
0.560000 0.924553
0.570000 0.920193
0.580000 0.924972
0.590000 0.934630
0.600000 0.949058
0.610000 0.964906
0.620000 0.980179
0.630000 0.992536
0.640000 1.009282
0.650000 1.019272
0.660000 1.025807
0.670000 1.029525
0.680000 1.035210
0.690000 1.036432
0.700000 1.034958
0.710000 1.030328
0.720000 1.026344
0.730000 1.019620
0.740000 1.011478
0.750000 1.006155
0.760000 0.997851
0.770000 0.993839
0.780000 0.991905
0.790000 0.989271
0.800000 0.986383
0.810000 0.986663
0.820000 0.989957
0.830000 0.990532
0.840000 0.993470
0.850000 0.993979
0.860000 0.995809
0.870000 0.997969
0.880000 0.997750
0.890000 0.997863
0.900000 0.998259
0.910000 0.997362
0.920000 0.997957
0.930000 0.999627
0.940000 0.998908
0.950000 1.000267
0.960000 0.999789
0.970000 0.998002
0.980000 0.997472
0.990000 0.997261
1.000000 0.998537
1.010000 0.999086
1.020000 0.998842
1.030000 0.999789
1.040000 1.000868
1.050000 1.001258
1.060000 1.001582
1.070000 1.002981
1.080000 1.000583
1.090000 1.002146
1.100000 1.000374
