0.000000 0.000000
0.010000 0.000000
0.020000 0.000000
0.030000 0.000000
0.040000 0.000000
0.050000 0.000000
0.060000 0.000000
0.070000 0.000000
0.080000 0.000000
0.090000 0.000000
0.100000 0.000000
0.110000 0.000000
0.120000 0.000000
0.130000 0.000000
0.140000 0.000000
0.150000 0.000000
0.160000 0.000000
0.170000 0.000000
0.180000 0.000000
0.190000 0.000000
0.200000 0.000000
0.210000 0.000000
0.220000 0.000000
0.230000 0.000000
0.240000 0.000616
0.250000 0.093938
0.260000 1.080430
0.270000 2.737959
0.280000 2.914088
0.290000 2.114101
0.300000 1.415173
0.310000 1.033233
0.320000 0.872354
0.330000 0.827408
0.340000 0.826721
0.350000 0.836162
0.360000 0.860792
0.370000 0.883104
0.380000 0.912182
0.390000 0.941549
0.400000 0.973721
0.410000 1.003784
0.420000 1.037653
0.430000 1.062311
0.440000 1.086295
0.450000 1.095671
0.460000 1.094302
0.470000 1.085831
0.480000 1.076895
0.490000 1.055926
0.500000 1.035399
0.510000 1.014079
0.520000 0.986330
0.530000 0.967034
0.540000 0.944166
0.550000 0.927709
0.560000 0.917300
0.570000 0.914373
0.580000 0.919348
0.590000 0.933278
0.600000 0.948981
0.610000 0.964719
0.620000 0.982415
0.630000 0.993988
0.640000 1.009609
0.650000 1.021140
0.660000 1.027391
0.670000 1.035305
0.680000 1.036759
0.690000 1.037855
0.700000 1.035794
0.710000 1.032727
0.720000 1.024884
0.730000 1.016903
0.740000 1.011439
0.750000 1.005158
0.760000 0.998498
0.770000 0.993299
0.780000 0.990028
0.790000 0.987210
0.800000 0.988618
0.810000 0.988873
0.820000 0.989556
0.830000 0.993314
0.840000 0.994543
0.850000 0.995260
0.860000 0.998037
0.870000 0.998183
0.880000 0.999008
0.890000 1.000020
0.900000 1.000020
0.910000 0.999640
0.920000 0.999941
0.930000 0.999224
0.940000 0.999918
0.950000 0.998699
0.960000 0.999231
0.970000 0.997990
0.980000 0.998634
0.990000 0.997151
1.000000 0.998531
1.010000 0.998047
1.020000 1.000308
1.030000 0.999808
1.040000 1.001274
1.050000 1.002747
1.060000 1.002255
1.070000 1.002297
1.080000 1.001675
1.090000 1.002625
1.100000 1.002517
