0.000000 0.000000
0.010000 0.000000
0.020000 0.000000
0.030000 0.000000
0.040000 0.000000
0.050000 0.000000
0.060000 0.000000
0.070000 0.000000
0.080000 0.000000
0.090000 0.000000
0.100000 0.000000
0.110000 0.000000
0.120000 0.000000
0.130000 0.000000
0.140000 0.000000
0.150000 0.000000
0.160000 0.000000
0.170000 0.000000
0.180000 0.000000
0.190000 0.000000
0.200000 0.000000
0.210000 0.000000
0.220000 0.000000
0.230000 0.000000
0.240000 0.000430
0.250000 0.095370
0.260000 1.083664
0.270000 2.717164
0.280000 2.913612
0.290000 2.106004
0.300000 1.409622
0.310000 1.039904
0.320000 0.882857
0.330000 0.832094
0.340000 0.831833
0.350000 0.842593
0.360000 0.860577
0.370000 0.894369
0.380000 0.914486
0.390000 0.939704
0.400000 0.975528
0.410000 1.010829
0.420000 1.039159
0.430000 1.063849
0.440000 1.076529
0.450000 1.092322
0.460000 1.090051
0.470000 1.084559
0.480000 1.071842
0.490000 1.050926
0.500000 1.034440
0.510000 1.003525
0.520000 0.985973
0.530000 0.962878
0.540000 0.943454
0.550000 0.926754
0.560000 0.915232
0.570000 0.913223
0.580000 0.918116
0.590000 0.933350
0.600000 0.948237
0.610000 0.964317
0.620000 0.980895
0.630000 0.996671
0.640000 1.009076
0.650000 1.018330
0.660000 1.026165
0.670000 1.031282
0.680000 1.037242
0.690000 1.038037
0.700000 1.034037
0.710000 1.031078
0.720000 1.023869
0.730000 1.019252
0.740000 1.010261
0.750000 1.003006
0.760000 0.997220
0.770000 0.990872
0.780000 0.987732
0.790000 0.984883
0.800000 0.984576
0.810000 0.985035
0.820000 0.987576
0.830000 0.989560
0.840000 0.992180
0.850000 0.995196
0.860000 0.996039
0.870000 0.997432
0.880000 0.998975
0.890000 0.995819
0.900000 0.997864
0.910000 0.995737
0.920000 0.995717
0.930000 0.996111
0.940000 0.997391
0.950000 0.995455
0.960000 0.996497
0.970000 0.996472
0.980000 0.997174
0.990000 0.998555
1.000000 0.997514
1.010000 0.997128
1.020000 0.997210
1.030000 0.998511
1.040000 0.999383
1.050000 0.999380
1.060000 0.999539
1.070000 1.000538
1.080000 0.999635
1.090000 1.000401
1.100000 1.000553
