0.000000 0.000000
0.010000 0.000000
0.020000 0.000000
0.030000 0.000000
0.040000 0.000000
0.050000 0.000000
0.060000 0.000000
0.070000 0.000000
0.080000 0.000000
0.090000 0.000000
0.100000 0.000000
0.110000 0.000000
0.120000 0.000000
0.130000 0.000000
0.140000 0.000000
0.150000 0.000000
0.160000 0.000000
0.170000 0.000000
0.180000 0.000000
0.190000 0.000000
0.200000 0.000000
0.210000 0.000000
0.220000 0.000000
0.230000 0.000000
0.240000 0.000580
0.250000 0.088812
0.260000 1.035604
0.270000 2.657896
0.280000 2.925008
0.290000 2.141127
0.300000 1.429393
0.310000 1.055315
0.320000 0.896853
0.330000 0.846440
0.340000 0.837823
0.350000 0.854437
0.360000 0.869542
0.370000 0.893841
0.380000 0.918365
0.390000 0.944413
0.400000 0.976285
0.410000 1.002255
0.420000 1.030673
0.430000 1.056647
0.440000 1.075653
0.450000 1.087336
0.460000 1.085745
0.470000 1.082601
0.480000 1.068293
0.490000 1.051271
0.500000 1.029953
0.510000 1.005466
0.520000 0.984053
0.530000 0.967918
0.540000 0.948708
0.550000 0.930894
0.560000 0.922899
0.570000 0.919977
0.580000 0.925036
0.590000 0.939081
0.600000 0.951030
0.610000 0.970665
0.620000 0.984860
0.630000 0.998954
0.640000 1.009354
0.650000 1.019130
0.660000 1.028240
0.670000 1.034380
0.680000 1.038401
0.690000 1.037748
0.700000 1.035430
0.710000 1.033213
0.720000 1.026498
0.730000 1.019088
0.740000 1.010168
0.750000 1.004090
0.760000 0.997594
0.770000 0.993866
0.780000 0.991335
0.790000 0.988866
0.800000 0.987268
0.810000 0.989625
0.820000 0.989231
0.830000 0.991633
0.840000 0.994311
0.850000 0.997398
0.860000 0.998015
0.870000 1.000564
0.880000 1.001791
0.890000 1.000286
0.900000 1.000541
0.910000 0.999929
0.920000 1.000610
0.930000 1.000247
0.940000 1.000210
0.950000 0.999908
0.960000 1.000408
0.970000 0.998289
0.980000 0.998667
0.990000 0.998140
1.000000 1.001009
1.010000 0.999541
1.020000 1.000737
1.030000 1.000866
1.040000 1.001077
1.050000 1.002497
1.060000 1.002376
1.070000 1.003306
1.080000 1.002660
1.090000 1.003657
1.100000 1.002107
