0.000000 0.000000
0.010000 0.000000
0.020000 0.000000
0.030000 0.000000
0.040000 0.000000
0.050000 0.000000
0.060000 0.000000
0.070000 0.000000
0.080000 0.000000
0.090000 0.000000
0.100000 0.000000
0.110000 0.000000
0.120000 0.000000
0.130000 0.000000
0.140000 0.000000
0.150000 0.000000
0.160000 0.000000
0.170000 0.000000
0.180000 0.000000
0.190000 0.000000
0.200000 0.000000
0.210000 0.000000
0.220000 0.000000
0.230000 0.000000
0.240000 0.000656
0.250000 0.096488
0.260000 1.084411
0.270000 2.721553
0.280000 2.921320
0.290000 2.115072
0.300000 1.405779
0.310000 1.036392
0.320000 0.878961
0.330000 0.828900
0.340000 0.824318
0.350000 0.839992
0.360000 0.863385
0.370000 0.885137
0.380000 0.914928
0.390000 0.945438
0.400000 0.975007
0.410000 1.007445
0.420000 1.036927
0.430000 1.063054
0.440000 1.081403
0.450000 1.093049
0.460000 1.093831
0.470000 1.088060
0.480000 1.075356
0.490000 1.055109
0.500000 1.034435
0.510000 1.010426
0.520000 0.988040
0.530000 0.965062
0.540000 0.944015
0.550000 0.926684
0.560000 0.916375
0.570000 0.914925
0.580000 0.920461
0.590000 0.933052
0.600000 0.950602
0.610000 0.964889
0.620000 0.982393
0.630000 0.995846
0.640000 1.009943
0.650000 1.020280
0.660000 1.029089
0.670000 1.035533
0.680000 1.038624
0.690000 1.038262
0.700000 1.035965
0.710000 1.031653
0.720000 1.026412
0.730000 1.018519
0.740000 1.010916
0.750000 1.005382
0.760000 0.998283
0.770000 0.993269
0.780000 0.989655
0.790000 0.988196
0.800000 0.987252
0.810000 0.987778
0.820000 0.989453
0.830000 0.990743
0.840000 0.993947
0.850000 0.997285
0.860000 0.999462
0.870000 1.001942
0.880000 1.000434
0.890000 1.001253
0.900000 0.999050
0.910000 0.999750
0.920000 0.999347
0.930000 0.999298
0.940000 0.999891
0.950000 0.998860
0.960000 0.998626
0.970000 0.998961
0.980000 0.997421
0.990000 0.997838
1.000000 0.998401
1.010000 0.998104
1.020000 0.999388
1.030000 1.000243
1.040000 1.000318
1.050000 1.001571
1.060000 1.001966
1.070000 1.002706
1.080000 1.003022
1.090000 1.002521
1.100000 1.002370
