0.000000 0.000000
0.010000 0.000000
0.020000 0.000000
0.030000 0.000000
0.040000 0.000000
0.050000 0.000000
0.060000 0.000000
0.070000 0.000000
0.080000 0.000000
0.090000 0.000000
0.100000 0.000000
0.110000 0.000000
0.120000 0.000000
0.130000 0.000000
0.140000 0.000000
0.150000 0.000000
0.160000 0.000000
0.170000 0.000000
0.180000 0.000000
0.190000 0.000000
0.200000 0.000000
0.210000 0.000000
0.220000 0.000000
0.230000 0.000000
0.240000 0.000298
0.250000 0.094956
0.260000 1.166611
0.270000 2.846065
0.280000 2.940066
0.290000 2.077445
0.300000 1.357550
0.310000 1.007139
0.320000 0.851252
0.330000 0.806767
0.340000 0.806377
0.350000 0.820336
0.360000 0.845221
0.370000 0.877559
0.380000 0.910451
0.390000 0.941632
0.400000 0.977624
0.410000 1.015052
0.420000 1.044342
0.430000 1.069293
0.440000 1.093528
0.450000 1.107904
0.460000 1.103582
0.470000 1.101477
0.480000 1.084149
0.490000 1.061829
0.500000 1.035561
0.510000 1.010830
0.520000 0.987077
0.530000 0.963985
0.540000 0.944439
0.550000 0.921295
0.560000 0.910169
0.570000 0.905077
0.580000 0.910882
0.590000 0.924879
0.600000 0.941963
0.610000 0.960640
0.620000 0.979293
0.630000 0.993859
0.640000 1.007811
0.650000 1.022111
0.660000 1.029434
0.670000 1.035331
0.680000 1.040034
0.690000 1.040956
0.700000 1.039235
0.710000 1.033687
0.720000 1.029978
0.730000 1.022388
0.740000 1.014191
0.750000 1.005544
0.760000 1.001220
0.770000 0.995252
0.780000 0.988834
0.790000 0.988194
0.800000 0.987536
0.810000 0.988473
0.820000 0.990938
0.830000 0.990956
0.840000 0.994185
0.850000 0.996476
0.860000 0.995945
0.870000 0.999702
0.880000 0.998186
0.890000 0.997793
0.900000 0.997121
0.910000 0.997074
0.920000 0.997266
0.930000 0.998638
0.940000 0.998044
0.950000 0.998157
0.960000 0.997827
0.970000 0.997853
0.980000 0.999696
0.990000 0.998606
1.000000 0.998878
1.010000 0.998686
1.020000 0.999257
1.030000 1.000917
1.040000 1.000511
1.050000 1.001754
1.060000 1.003490
1.070000 1.003014
1.080000 1.002313
1.090000 1.002413
1.100000 1.002035
