0.000000 0.000000
0.010000 0.000000
0.020000 0.000000
0.030000 0.000000
0.040000 0.000000
0.050000 0.000000
0.060000 0.000000
0.070000 0.000000
0.080000 0.000000
0.090000 0.000000
0.100000 0.000000
0.110000 0.000000
0.120000 0.000000
0.130000 0.000000
0.140000 0.000000
0.150000 0.000000
0.160000 0.000000
0.170000 0.000000
0.180000 0.000000
0.190000 0.000000
0.200000 0.000000
0.210000 0.000000
0.220000 0.000000
0.230000 0.000000
0.240000 0.000465
0.250000 0.092125
0.260000 1.064287
0.270000 2.697857
0.280000 2.916470
0.290000 2.112737
0.300000 1.412187
0.310000 1.041423
0.320000 0.888947
0.330000 0.839338
0.340000 0.831041
0.350000 0.841225
0.360000 0.861650
0.370000 0.887458
0.380000 0.914286
0.390000 0.948347
0.400000 0.977426
0.410000 1.009748
0.420000 1.034349
0.430000 1.060961
0.440000 1.080913
0.450000 1.092345
0.460000 1.092175
0.470000 1.085455
0.480000 1.071653
0.490000 1.052530
0.500000 1.027108
0.510000 1.004780
0.520000 0.983612
0.530000 0.962878
0.540000 0.942098
0.550000 0.927707
0.560000 0.917095
0.570000 0.914463
0.580000 0.922054
0.590000 0.935457
0.600000 0.950399
0.610000 0.967544
0.620000 0.984708
0.630000 0.997519
0.640000 1.010743
0.650000 1.021069
0.660000 1.029879
0.670000 1.036189
0.680000 1.036574
0.690000 1.039286
0.700000 1.035622
0.710000 1.033449
0.720000 1.025415
0.730000 1.018268
0.740000 1.008294
0.750000 1.003792
0.760000 0.997658
0.770000 0.992869
0.780000 0.988345
0.790000 0.986862
0.800000 0.986308
0.810000 0.985573
0.820000 0.988916
0.830000 0.992588
0.840000 0.995211
0.850000 0.997750
0.860000 0.997953
0.870000 0.999181
0.880000 1.001734
0.890000 1.000643
0.900000 0.999383
0.910000 0.999378
0.920000 0.998664
0.930000 0.999549
0.940000 1.000048
0.950000 0.998910
0.960000 0.999636
0.970000 0.998002
0.980000 0.997790
0.990000 0.998970
1.000000 0.997212
1.010000 0.998265
1.020000 1.000037
1.030000 0.999740
1.040000 1.000270
1.050000 1.001108
1.060000 1.001711
1.070000 1.002373
1.080000 1.003270
1.090000 1.003359
1.100000 1.003369
