0.000000 0.000000
0.010000 0.000000
0.020000 0.000000
0.030000 0.000000
0.040000 0.000000
0.050000 0.000000
0.060000 0.000000
0.070000 0.000000
0.080000 0.000000
0.090000 0.000000
0.100000 0.000000
0.110000 0.000000
0.120000 0.000000
0.130000 0.000000
0.140000 0.000000
0.150000 0.000000
0.160000 0.000000
0.170000 0.000000
0.180000 0.000000
0.190000 0.000000
0.200000 0.000000
0.210000 0.000000
0.220000 0.000000
0.230000 0.000000
0.240000 0.000771
0.250000 0.095925
0.260000 1.099859
0.270000 2.749029
0.280000 2.928787
0.290000 2.104536
0.300000 1.393927
0.310000 1.024397
0.320000 0.862529
0.330000 0.815843
0.340000 0.816938
0.350000 0.830612
0.360000 0.853385
0.370000 0.877994
0.380000 0.913685
0.390000 0.945440
0.400000 0.977469
0.410000 1.015819
0.420000 1.045691
0.430000 1.069664
0.440000 1.086741
0.450000 1.101494
0.460000 1.103659
0.470000 1.094088
0.480000 1.078507
0.490000 1.061018
0.500000 1.032232
0.510000 1.010577
0.520000 0.984333
0.530000 0.961781
0.540000 0.941514
0.550000 0.922291
0.560000 0.910554
0.570000 0.909527
0.580000 0.915466
0.590000 0.930581
0.600000 0.944405
0.610000 0.963723
0.620000 0.979769
0.630000 0.995639
0.640000 1.011319
0.650000 1.020438
0.660000 1.028211
0.670000 1.034848
0.680000 1.039395
0.690000 1.038953
0.700000 1.038639
0.710000 1.033651
0.720000 1.027177
0.730000 1.020025
0.740000 1.011385
0.750000 1.005925
0.760000 1.000161
0.770000 0.994255
0.780000 0.988645
0.790000 0.987441
0.800000 0.986680
0.810000 0.987772
0.820000 0.989528
0.830000 0.993212
0.840000 0.995530
0.850000 0.996129
0.860000 0.997144
0.870000 0.999588
0.880000 1.000689
0.890000 0.999189
0.900000 0.999382
0.910000 0.998258
0.920000 0.998332
0.930000 0.999188
0.940000 0.996407
0.950000 0.998712
0.960000 0.997473
0.970000 0.998200
0.980000 0.998051
0.990000 0.998890
1.000000 0.999201
1.010000 0.999595
1.020000 0.999242
1.030000 1.001739
1.040000 1.001844
1.050000 1.002473
1.060000 1.003066
1.070000 1.002341
1.080000 1.003528
1.090000 1.003688
1.100000 1.002810
