0.000000 0.000000
0.010000 0.000000
0.020000 0.000000
0.030000 0.000000
0.040000 0.000000
0.050000 0.000000
0.060000 0.000000
0.070000 0.000000
0.080000 0.000000
0.090000 0.000000
0.100000 0.000000
0.110000 0.000000
0.120000 0.000000
0.130000 0.000000
0.140000 0.000000
0.150000 0.000000
0.160000 0.000000
0.170000 0.000000
0.180000 0.000000
0.190000 0.000000
0.200000 0.000000
0.210000 0.000000
0.220000 0.000000
0.230000 0.000000
0.240000 0.000625
0.250000 0.096834
0.260000 1.083495
0.270000 2.707904
0.280000 2.905143
0.290000 2.096205
0.300000 1.400385
0.310000 1.036294
0.320000 0.884338
0.330000 0.835170
0.340000 0.833172
0.350000 0.845911
0.360000 0.867687
0.370000 0.894357
0.380000 0.920742
0.390000 0.950759
0.400000 0.980848
0.410000 1.011816
0.420000 1.042068
0.430000 1.065827
0.440000 1.083347
0.450000 1.092417
0.460000 1.093386
0.470000 1.085898
0.480000 1.072445
0.490000 1.052866
0.500000 1.030277
0.510000 1.006107
0.520000 0.983746
0.530000 0.961723
0.540000 0.940772
0.550000 0.924978
0.560000 0.914921
0.570000 0.912592
0.580000 0.919567
0.590000 0.933510
0.600000 0.948905
0.610000 0.966964
0.620000 0.982440
0.630000 0.998466
0.640000 1.011143
0.650000 1.021439
0.660000 1.030427
0.670000 1.035371
0.680000 1.039038
0.690000 1.039024
0.700000 1.038342
0.710000 1.032819
0.720000 1.027204
0.730000 1.019475
0.740000 1.012206
0.750000 1.005548
0.760000 0.998538
0.770000 0.993591
0.780000 0.990672
0.790000 0.988247
0.800000 0.987220
0.810000 0.988188
0.820000 0.989386
0.830000 0.991728
0.840000 0.994874
0.850000 0.996429
0.860000 0.997899
0.870000 1.000008
0.880000 0.999775
0.890000 0.999917
0.900000 0.998444
0.910000 0.998646
0.920000 0.999432
0.930000 0.999173
0.940000 0.998834
0.950000 0.997916
0.960000 0.998131
0.970000 0.998119
0.980000 0.998248
0.990000 0.999247
1.000000 0.999326
1.010000 1.000015
1.020000 1.000176
1.030000 1.001281
1.040000 1.002062
1.050000 1.001727
1.060000 1.002942
1.070000 1.002798
1.080000 1.003067
1.090000 1.002958
1.100000 1.003087
