0.000000 0.000000
0.010000 0.000000
0.020000 0.000000
0.030000 0.000000
0.040000 0.000000
0.050000 0.000000
0.060000 0.000000
0.070000 0.000000
0.080000 0.000000
0.090000 0.000000
0.100000 0.000000
0.110000 0.000000
0.120000 0.000000
0.130000 0.000000
0.140000 0.000000
0.150000 0.000000
0.160000 0.000000
0.170000 0.000000
0.180000 0.000000
0.190000 0.000000
0.200000 0.000000
0.210000 0.000000
0.220000 0.000000
0.230000 0.000000
0.240000 0.000780
0.250000 0.097132
0.260000 1.092070
0.270000 2.752173
0.280000 2.962376
0.290000 2.129535
0.300000 1.403152
0.310000 1.022053
0.320000 0.855482
0.330000 0.799932
0.340000 0.790116
0.350000 0.812962
0.360000 0.833182
0.370000 0.866516
0.380000 0.908923
0.390000 0.941746
0.400000 0.981581
0.410000 1.015181
0.420000 1.050533
0.430000 1.081625
0.440000 1.100907
0.450000 1.114573
0.460000 1.119859
0.470000 1.114120
0.480000 1.095220
0.490000 1.073400
0.500000 1.047458
0.510000 1.021707
0.520000 0.996983
0.530000 0.970437
0.540000 0.950382
0.550000 0.928796
0.560000 0.916115
0.570000 0.915679
0.580000 0.920240
0.590000 0.931938
0.600000 0.949306
0.610000 0.965107
0.620000 0.984635
0.630000 1.002458
0.640000 1.016626
0.650000 1.029028
0.660000 1.035825
0.670000 1.046866
0.680000 1.048392
0.690000 1.052144
0.700000 1.050364
0.710000 1.046778
0.720000 1.039082
0.730000 1.034415
0.740000 1.023802
0.750000 1.016134
0.760000 1.010134
0.770000 1.007263
0.780000 1.002870
0.790000 1.000442
0.800000 1.001075
0.810000 1.001362
0.820000 1.003382
0.830000 1.005039
0.840000 1.009108
0.850000 1.010895
0.860000 1.013296
0.870000 1.015046
0.880000 1.014192
0.890000 1.014738
0.900000 1.014284
0.910000 1.014076
0.920000 1.013388
0.930000 1.014310
0.940000 1.013331
0.950000 1.014772
0.960000 1.014111
0.970000 1.013159
0.980000 1.014118
0.990000 1.014788
1.000000 1.015463
1.010000 1.015362
1.020000 1.016642
1.030000 1.017413
1.040000 1.018338
1.050000 1.021911
1.060000 1.020718
1.070000 1.021674
1.080000 1.021803
1.090000 1.019658
1.100000 1.020794
