0.000000 0.000000
0.010000 0.000000
0.020000 0.000000
0.030000 0.000000
0.040000 0.000000
0.050000 0.000000
0.060000 0.000000
0.070000 0.000000
0.080000 0.000000
0.090000 0.000000
0.100000 0.000000
0.110000 0.000000
0.120000 0.000000
0.130000 0.000000
0.140000 0.000000
0.150000 0.000000
0.160000 0.000000
0.170000 0.000000
0.180000 0.000000
0.190000 0.000000
0.200000 0.000000
0.210000 0.000000
0.220000 0.000000
0.230000 0.000000
0.240000 0.000407
0.250000 0.093324
0.260000 1.071080
0.270000 2.699726
0.280000 2.916875
0.290000 2.116233
0.300000 1.421155
0.310000 1.039740
0.320000 0.890303
0.330000 0.836844
0.340000 0.832503
0.350000 0.848833
0.360000 0.875131
0.370000 0.895844
0.380000 0.917264
0.390000 0.947937
0.400000 0.984534
0.410000 1.009831
0.420000 1.035666
0.430000 1.063798
0.440000 1.085483
0.450000 1.097192
0.460000 1.092105
0.470000 1.090640
0.480000 1.073922
0.490000 1.056908
0.500000 1.031251
0.510000 1.010218
0.520000 0.988060
0.530000 0.971069
0.540000 0.947736
0.550000 0.932458
0.560000 0.924462
0.570000 0.923815
0.580000 0.928232
0.590000 0.939850
0.600000 0.959573
0.610000 0.973287
0.620000 0.990700
0.630000 1.007227
0.640000 1.016408
0.650000 1.026419
0.660000 1.037035
0.670000 1.043615
0.680000 1.047226
0.690000 1.046342
0.700000 1.041895
0.710000 1.041658
0.720000 1.034394
0.730000 1.027127
0.740000 1.018773
0.750000 1.012846
0.760000 1.003826
0.770000 0.999990
0.780000 0.998493
0.790000 0.994171
0.800000 0.994688
0.810000 0.994854
0.820000 0.998581
0.830000 1.001143
0.840000 1.002844
0.850000 1.006949
0.860000 1.006830
0.870000 1.008678
0.880000 1.009922
0.890000 1.011120
0.900000 1.008398
0.910000 1.008723
0.920000 1.010322
0.930000 1.009681
0.940000 1.009181
0.950000 1.008505
0.960000 1.009591
0.970000 1.007950
0.980000 1.007859
0.990000 1.008109
1.000000 1.007153
1.010000 1.007909
1.020000 1.008347
1.030000 1.009773
1.040000 1.010816
1.050000 1.012377
1.060000 1.012786
1.070000 1.011898
1.080000 1.013357
1.090000 1.012325
1.100000 1.012183
