0.000000 0.000000
0.010000 0.000000
0.020000 0.000000
0.030000 0.000000
0.040000 0.000000
0.050000 0.000000
0.060000 0.000000
0.070000 0.000000
0.080000 0.000000
0.090000 0.000000
0.100000 0.000000
0.110000 0.000000
0.120000 0.000000
0.130000 0.000000
0.140000 0.000000
0.150000 0.000000
0.160000 0.000000
0.170000 0.000000
0.180000 0.000000
0.190000 0.000000
0.200000 0.000000
0.210000 0.000000
0.220000 0.000000
0.230000 0.000000
0.240000 0.000532
0.250000 0.093412
0.260000 1.078817
0.270000 2.717136
0.280000 2.936438
0.290000 2.122196
0.300000 1.415618
0.310000 1.034981
0.320000 0.874232
0.330000 0.818211
0.340000 0.811834
0.350000 0.830254
0.360000 0.849288
0.370000 0.876970
0.380000 0.907957
0.390000 0.940706
0.400000 0.973353
0.410000 1.009220
0.420000 1.037829
0.430000 1.067621
0.440000 1.085989
0.450000 1.103122
0.460000 1.099356
0.470000 1.092924
0.480000 1.077916
0.490000 1.062923
0.500000 1.037848
0.510000 1.013956
0.520000 0.991130
0.530000 0.966479
0.540000 0.945300
0.550000 0.926149
0.560000 0.913098
0.570000 0.913790
0.580000 0.919651
0.590000 0.928286
0.600000 0.945992
0.610000 0.961957
0.620000 0.979985
0.630000 0.992468
0.640000 1.006831
0.650000 1.019658
0.660000 1.027434
0.670000 1.034604
0.680000 1.036466
0.690000 1.039089
0.700000 1.037128
0.710000 1.032846
0.720000 1.026005
0.730000 1.021643
0.740000 1.013517
0.750000 1.003931
0.760000 0.998239
0.770000 0.994115
0.780000 0.990069
0.790000 0.987043
0.800000 0.985485
0.810000 0.987741
0.820000 0.988408
0.830000 0.990096
0.840000 0.993654
0.850000 0.996080
0.860000 0.999051
0.870000 0.998720
0.880000 0.998660
0.890000 0.997965
0.900000 0.998987
0.910000 0.998257
0.920000 0.999537
0.930000 0.995530
0.940000 0.998535
0.950000 0.997583
0.960000 0.998549
0.970000 0.997676
0.980000 0.998660
0.990000 0.998167
1.000000 0.999065
1.010000 0.999428
1.020000 0.998161
1.030000 0.999787
1.040000 1.000219
1.050000 1.001640
1.060000 1.001676
1.070000 1.001569
1.080000 1.001489
1.090000 1.001008
1.100000 1.002465
