0.000000 0.000000
0.010000 0.000000
0.020000 0.000000
0.030000 0.000000
0.040000 0.000000
0.050000 0.000000
0.060000 0.000000
0.070000 0.000000
0.080000 0.000000
0.090000 0.000000
0.100000 0.000000
0.110000 0.000000
0.120000 0.000000
0.130000 0.000000
0.140000 0.000000
0.150000 0.000000
0.160000 0.000000
0.170000 0.000000
0.180000 0.000000
0.190000 0.000000
0.200000 0.000000
0.210000 0.000000
0.220000 0.000000
0.230000 0.000000
0.240000 0.000750
0.250000 0.111828
0.260000 1.186842
0.270000 2.792520
0.280000 2.879715
0.290000 2.025872
0.300000 1.346763
0.310000 1.006794
0.320000 0.868322
0.330000 0.823402
0.340000 0.829681
0.350000 0.845588
0.360000 0.867211
0.370000 0.891985
0.380000 0.928474
0.390000 0.957911
0.400000 0.988201
0.410000 1.023887
0.420000 1.049404
0.430000 1.069933
0.440000 1.087051
0.450000 1.097031
0.460000 1.096422
0.470000 1.086945
0.480000 1.074856
0.490000 1.047863
0.500000 1.027249
0.510000 0.999578
0.520000 0.975070
0.530000 0.951956
0.540000 0.934551
0.550000 0.913891
0.560000 0.903203
0.570000 0.903673
0.580000 0.909900
0.590000 0.924746
0.600000 0.940639
0.610000 0.958684
0.620000 0.975130
0.630000 0.996229
0.640000 1.006205
0.650000 1.018335
0.660000 1.030298
0.670000 1.036055
0.680000 1.038188
0.690000 1.039935
0.700000 1.034127
0.710000 1.028048
0.720000 1.023964
0.730000 1.016904
0.740000 1.008435
0.750000 1.000296
0.760000 0.996218
0.770000 0.987785
0.780000 0.983306
0.790000 0.983347
0.800000 0.979783
0.810000 0.982979
0.820000 0.982866
0.830000 0.984023
0.840000 0.987532
0.850000 0.989913
0.860000 0.990956
0.870000 0.991706
0.880000 0.991062
0.890000 0.991846
0.900000 0.990720
0.910000 0.989450
0.920000 0.991574
0.930000 0.991266
0.940000 0.990187
0.950000 0.990401
0.960000 0.991646
0.970000 0.991386
0.980000 0.989731
0.990000 0.990165
1.000000 0.990392
1.010000 0.991267
1.020000 0.991266
1.030000 0.992841
1.040000 0.994316
1.050000 0.994464
1.060000 0.994463
1.070000 0.993616
1.080000 0.994279
1.090000 0.993787
1.100000 0.994378
