0.000000 0.000000
0.010000 0.000000
0.020000 0.000000
0.030000 0.000000
0.040000 0.000000
0.050000 0.000000
0.060000 0.000000
0.070000 0.000000
0.080000 0.000000
0.090000 0.000000
0.100000 0.000000
0.110000 0.000000
0.120000 0.000000
0.130000 0.000000
0.140000 0.000000
0.150000 0.000000
0.160000 0.000000
0.170000 0.000000
0.180000 0.000000
0.190000 0.000000
0.200000 0.000000
0.210000 0.000000
0.220000 0.000000
0.230000 0.000000
0.240000 0.000628
0.250000 0.096014
0.260000 1.084917
0.270000 2.721286
0.280000 2.917882
0.290000 2.108312
0.300000 1.401943
0.310000 1.035953
0.320000 0.879652
0.330000 0.830677
0.340000 0.829012
0.350000 0.839389
0.360000 0.861073
0.370000 0.887946
0.380000 0.915290
0.390000 0.946242
0.400000 0.979183
0.410000 1.009845
0.420000 1.038546
0.430000 1.065028
0.440000 1.080794
0.450000 1.091513
0.460000 1.094211
0.470000 1.086871
0.480000 1.074585
0.490000 1.053961
0.500000 1.033811
0.510000 1.009935
0.520000 0.986225
0.530000 0.965627
0.540000 0.944187
0.550000 0.925613
0.560000 0.916281
0.570000 0.914636
0.580000 0.920494
0.590000 0.932980
0.600000 0.949573
0.610000 0.965357
0.620000 0.981962
0.630000 0.996402
0.640000 1.009961
0.650000 1.021344
0.660000 1.029501
0.670000 1.035507
0.680000 1.039307
0.690000 1.038317
0.700000 1.036894
0.710000 1.031921
0.720000 1.026233
0.730000 1.018997
0.740000 1.011113
0.750000 1.005066
0.760000 0.998045
0.770000 0.992757
0.780000 0.990595
0.790000 0.988620
0.800000 0.987821
0.810000 0.988244
0.820000 0.988299
0.830000 0.992513
0.840000 0.994708
0.850000 0.997364
0.860000 0.999964
0.870000 1.000185
0.880000 0.999881
0.890000 0.999778
0.900000 0.998855
0.910000 0.999439
0.920000 0.998674
0.930000 0.998743
0.940000 1.000077
0.950000 0.999137
0.960000 0.998421
0.970000 0.998170
0.980000 0.998559
0.990000 0.998475
1.000000 0.998265
1.010000 0.999064
1.020000 0.999642
1.030000 1.001573
1.040000 1.001653
1.050000 1.001575
1.060000 1.002555
1.070000 1.003130
1.080000 1.002968
1.090000 1.002801
1.100000 1.002736
