0.000000 0.000000
0.010000 0.000000
0.020000 0.000000
0.030000 0.000000
0.040000 0.000000
0.050000 0.000000
0.060000 0.000000
0.070000 0.000000
0.080000 0.000000
0.090000 0.000000
0.100000 0.000000
0.110000 0.000000
0.120000 0.000000
0.130000 0.000000
0.140000 0.000000
0.150000 0.000000
0.160000 0.000000
0.170000 0.000000
0.180000 0.000000
0.190000 0.000000
0.200000 0.000000
0.210000 0.000000
0.220000 0.000000
0.230000 0.000000
0.240000 0.000124
0.250000 0.080299
0.260000 1.128557
0.270000 2.855474
0.280000 2.969174
0.290000 2.100878
0.300000 1.370265
0.310000 1.004958
0.320000 0.838350
0.330000 0.792944
0.340000 0.789717
0.350000 0.807786
0.360000 0.835901
0.370000 0.862718
0.380000 0.903469
0.390000 0.937421
0.400000 0.977053
0.410000 1.008444
0.420000 1.050793
0.430000 1.075018
0.440000 1.101869
0.450000 1.114487
0.460000 1.113410
0.470000 1.107010
0.480000 1.090432
0.490000 1.066467
0.500000 1.043634
0.510000 1.011683
0.520000 0.984272
0.530000 0.959446
0.540000 0.937321
0.550000 0.914783
0.560000 0.901176
0.570000 0.898563
0.580000 0.907981
0.590000 0.921100
0.600000 0.936550
0.610000 0.956049
0.620000 0.977310
0.630000 0.993802
0.640000 1.010074
0.650000 1.019553
0.660000 1.030817
0.670000 1.037887
0.680000 1.042606
0.690000 1.043783
0.700000 1.041426
0.710000 1.032956
0.720000 1.029425
0.730000 1.021737
0.740000 1.014088
0.750000 1.005574
0.760000 0.999374
0.770000 0.993532
0.780000 0.989897
0.790000 0.986660
0.800000 0.984357
0.810000 0.987245
0.820000 0.987047
0.830000 0.988450
0.840000 0.991907
0.850000 0.993214
0.860000 0.994541
0.870000 0.998989
0.880000 0.998186
0.890000 0.999335
0.900000 0.998014
0.910000 0.997514
0.920000 0.997717
0.930000 0.998789
0.940000 0.998319
0.950000 0.997677
0.960000 0.997650
0.970000 0.996070
0.980000 0.996898
0.990000 0.998083
1.000000 0.997288
1.010000 0.998383
1.020000 0.999701
1.030000 1.000276
1.040000 1.001815
1.050000 1.000066
1.060000 1.001585
1.070000 1.001639
1.080000 1.002579
1.090000 1.003023
1.100000 1.001109
