0.000000 0.000000
0.010000 0.000000
0.020000 0.000000
0.030000 0.000000
0.040000 0.000000
0.050000 0.000000
0.060000 0.000000
0.070000 0.000000
0.080000 0.000000
0.090000 0.000000
0.100000 0.000000
0.110000 0.000000
0.120000 0.000000
0.130000 0.000000
0.140000 0.000000
0.150000 0.000000
0.160000 0.000000
0.170000 0.000000
0.180000 0.000000
0.190000 0.000000
0.200000 0.000000
0.210000 0.000000
0.220000 0.000000
0.230000 0.000000
0.240000 0.000665
0.250000 0.097414
0.260000 1.085238
0.270000 2.716481
0.280000 2.926409
0.290000 2.123644
0.300000 1.410081
0.310000 1.043270
0.320000 0.883493
0.330000 0.828815
0.340000 0.828190
0.350000 0.843080
0.360000 0.866489
0.370000 0.894412
0.380000 0.918488
0.390000 0.947444
0.400000 0.977488
0.410000 1.008681
0.420000 1.033909
0.430000 1.064616
0.440000 1.085823
0.450000 1.093847
0.460000 1.097791
0.470000 1.088835
0.480000 1.078666
0.490000 1.057364
0.500000 1.035213
0.510000 1.014307
0.520000 0.986254
0.530000 0.966539
0.540000 0.944536
0.550000 0.928388
0.560000 0.918924
0.570000 0.915669
0.580000 0.922823
0.590000 0.936013
0.600000 0.951259
0.610000 0.968301
0.620000 0.983540
0.630000 0.999333
0.640000 1.011828
0.650000 1.023472
0.660000 1.033207
0.670000 1.038315
0.680000 1.042184
0.690000 1.041216
0.700000 1.040810
0.710000 1.035178
0.720000 1.028765
0.730000 1.022377
0.740000 1.013594
0.750000 1.006717
0.760000 0.999957
0.770000 0.996830
0.780000 0.990267
0.790000 0.989549
0.800000 0.990306
0.810000 0.989273
0.820000 0.990301
0.830000 0.993490
0.840000 0.997227
0.850000 0.998748
0.860000 1.000945
0.870000 1.002649
0.880000 1.002178
0.890000 1.001564
0.900000 1.001433
0.910000 1.002067
0.920000 1.000328
0.930000 1.000394
0.940000 1.000623
0.950000 1.002106
0.960000 1.001037
0.970000 1.000470
0.980000 1.002241
0.990000 1.001657
1.000000 1.000964
1.010000 1.001391
1.020000 1.004792
1.030000 1.003016
1.040000 1.004429
1.050000 1.004622
1.060000 1.004522
1.070000 1.004470
1.080000 1.005692
1.090000 1.004764
1.100000 1.005628
