0.000000 0.000000
0.010000 0.000000
0.020000 0.000000
0.030000 0.000000
0.040000 0.000000
0.050000 0.000000
0.060000 0.000000
0.070000 0.000000
0.080000 0.000000
0.090000 0.000000
0.100000 0.000000
0.110000 0.000000
0.120000 0.000000
0.130000 0.000000
0.140000 0.000000
0.150000 0.000000
0.160000 0.000000
0.170000 0.000000
0.180000 0.000000
0.190000 0.000000
0.200000 0.000000
0.210000 0.000000
0.220000 0.000000
0.230000 0.000000
0.240000 0.000614
0.250000 0.091945
0.260000 1.061536
0.270000 2.704509
0.280000 2.928304
0.290000 2.119224
0.300000 1.413105
0.310000 1.039258
0.320000 0.879557
0.330000 0.829284
0.340000 0.826053
0.350000 0.838888
0.360000 0.864694
0.370000 0.886273
0.380000 0.914350
0.390000 0.943754
0.400000 0.976055
0.410000 1.007587
0.420000 1.036094
0.430000 1.066744
0.440000 1.082822
0.450000 1.094280
0.460000 1.096457
0.470000 1.086892
0.480000 1.072519
0.490000 1.057231
0.500000 1.034977
0.510000 1.011563
0.520000 0.987229
0.530000 0.964643
0.540000 0.945348
0.550000 0.930217
0.560000 0.917100
0.570000 0.917555
0.580000 0.920983
0.590000 0.935714
0.600000 0.952811
0.610000 0.964870
0.620000 0.983652
0.630000 0.997123
0.640000 1.008631
0.650000 1.021948
0.660000 1.029617
0.670000 1.032771
0.680000 1.037548
0.690000 1.039352
0.700000 1.037416
0.710000 1.034455
0.720000 1.024690
0.730000 1.017084
0.740000 1.013519
0.750000 1.006494
0.760000 0.999579
0.770000 0.993724
0.780000 0.991926
0.790000 0.987527
0.800000 0.989426
0.810000 0.989670
0.820000 0.990054
0.830000 0.992028
0.840000 0.996793
0.850000 0.998535
0.860000 0.998753
0.870000 1.000556
0.880000 1.001206
0.890000 1.000930
0.900000 0.999989
0.910000 1.000612
0.920000 1.001666
0.930000 0.999663
0.940000 1.000562
0.950000 1.000316
0.960000 0.998156
0.970000 0.999446
0.980000 0.999234
0.990000 0.999518
1.000000 0.999462
1.010000 0.998635
1.020000 1.000062
1.030000 1.001903
1.040000 1.001177
1.050000 1.002144
1.060000 1.002472
1.070000 1.003909
1.080000 1.004658
1.090000 1.003417
1.100000 1.002780
