0.000000 0.000000
0.010000 0.000000
0.020000 0.000000
0.030000 0.000000
0.040000 0.000000
0.050000 0.000000
0.060000 0.000000
0.070000 0.000000
0.080000 0.000000
0.090000 0.000000
0.100000 0.000000
0.110000 0.000000
0.120000 0.000000
0.130000 0.000000
0.140000 0.000000
0.150000 0.000000
0.160000 0.000000
0.170000 0.000000
0.180000 0.000000
0.190000 0.000000
0.200000 0.000000
0.210000 0.000000
0.220000 0.000000
0.230000 0.000000
0.240000 0.000755
0.250000 0.097103
0.260000 1.087130
0.270000 2.715152
0.280000 2.910979
0.290000 2.110143
0.300000 1.402657
0.310000 1.039034
0.320000 0.883921
0.330000 0.829613
0.340000 0.825053
0.350000 0.842437
0.360000 0.862755
0.370000 0.886097
0.380000 0.911466
0.390000 0.946743
0.400000 0.972463
0.410000 1.005270
0.420000 1.035154
0.430000 1.061982
0.440000 1.077528
0.450000 1.090373
0.460000 1.092474
0.470000 1.086325
0.480000 1.073344
0.490000 1.052287
0.500000 1.029950
0.510000 1.006542
0.520000 0.987682
0.530000 0.963821
0.540000 0.944008
0.550000 0.924729
0.560000 0.915879
0.570000 0.913316
0.580000 0.921990
0.590000 0.933699
0.600000 0.946932
0.610000 0.963882
0.620000 0.984479
0.630000 0.994863
0.640000 1.010684
0.650000 1.020625
0.660000 1.029970
0.670000 1.034704
0.680000 1.038220
0.690000 1.036437
0.700000 1.035756
0.710000 1.029903
0.720000 1.023757
0.730000 1.018629
0.740000 1.009912
0.750000 1.004213
0.760000 0.996640
0.770000 0.991916
0.780000 0.988744
0.790000 0.986459
0.800000 0.985848
0.810000 0.986976
0.820000 0.988083
0.830000 0.990018
0.840000 0.993272
0.850000 0.994788
0.860000 0.996331
0.870000 1.000465
0.880000 1.000111
0.890000 0.999292
0.900000 0.997830
0.910000 0.998160
0.920000 0.997210
0.930000 0.997757
0.940000 0.997234
0.950000 0.998893
0.960000 0.996815
0.970000 0.997598
0.980000 0.997821
0.990000 0.998446
1.000000 0.997279
1.010000 0.998077
1.020000 0.999977
1.030000 1.000100
1.040000 0.999664
1.050000 1.001837
1.060000 1.001018
1.070000 1.000785
1.080000 1.002113
1.090000 1.000624
1.100000 1.001388
