0.000000 0.000000
0.010000 0.000000
0.020000 0.000000
0.030000 0.000000
0.040000 0.000000
0.050000 0.000000
0.060000 0.000000
0.070000 0.000000
0.080000 0.000000
0.090000 0.000000
0.100000 0.000000
0.110000 0.000000
0.120000 0.000000
0.130000 0.000000
0.140000 0.000000
0.150000 0.000000
0.160000 0.000000
0.170000 0.000000
0.180000 0.000000
0.190000 0.000000
0.200000 0.000000
0.210000 0.000000
0.220000 0.000000
0.230000 0.000000
0.240000 0.000802
0.250000 0.094732
0.260000 1.076132
0.270000 2.730116
0.280000 2.916378
0.290000 2.116324
0.300000 1.409494
0.310000 1.028841
0.320000 0.874625
0.330000 0.828178
0.340000 0.822783
0.350000 0.838264
0.360000 0.856842
0.370000 0.885659
0.380000 0.909624
0.390000 0.939919
0.400000 0.974030
0.410000 1.004145
0.420000 1.036939
0.430000 1.070226
0.440000 1.085361
0.450000 1.093365
0.460000 1.099103
0.470000 1.090010
0.480000 1.078561
0.490000 1.059147
0.500000 1.036620
0.510000 1.009474
0.520000 0.986692
0.530000 0.963380
0.540000 0.942144
0.550000 0.926661
0.560000 0.915082
0.570000 0.912341
0.580000 0.921112
0.590000 0.929280
0.600000 0.950653
0.610000 0.965931
0.620000 0.981491
0.630000 0.995607
0.640000 1.008544
0.650000 1.019860
0.660000 1.029908
0.670000 1.032825
0.680000 1.037746
0.690000 1.039010
0.700000 1.035308
0.710000 1.034261
0.720000 1.023854
0.730000 1.016637
0.740000 1.012251
0.750000 1.004488
0.760000 0.997008
0.770000 0.993053
0.780000 0.988105
0.790000 0.986302
0.800000 0.988368
0.810000 0.988999
0.820000 0.988963
0.830000 0.994293
0.840000 0.996105
0.850000 0.996303
0.860000 0.998380
0.870000 0.998463
0.880000 1.000168
0.890000 0.999794
0.900000 0.998438
0.910000 0.998587
0.920000 0.999657
0.930000 0.999160
0.940000 0.999572
0.950000 0.997057
0.960000 0.997069
0.970000 0.997760
0.980000 0.996610
0.990000 0.997908
1.000000 0.996909
1.010000 0.998994
1.020000 0.999824
1.030000 0.999994
1.040000 1.000780
1.050000 1.000976
1.060000 1.002003
1.070000 1.002375
1.080000 1.002663
1.090000 1.002304
1.100000 1.002796
