0.000000 0.000000
0.010000 0.000000
0.020000 0.000000
0.030000 0.000000
0.040000 0.000000
0.050000 0.000000
0.060000 0.000000
0.070000 0.000000
0.080000 0.000000
0.090000 0.000000
0.100000 0.000000
0.110000 0.000000
0.120000 0.000000
0.130000 0.000000
0.140000 0.000000
0.150000 0.000000
0.160000 0.000000
0.170000 0.000000
0.180000 0.000000
0.190000 0.000000
0.200000 0.000000
0.210000 0.000000
0.220000 0.000000
0.230000 0.000000
0.240000 0.000628
0.250000 0.096165
0.260000 1.094474
0.270000 2.745065
0.280000 2.937799
0.290000 2.098181
0.300000 1.394268
0.310000 1.030272
0.320000 0.870718
0.330000 0.814326
0.340000 0.812306
0.350000 0.824953
0.360000 0.850024
0.370000 0.884179
0.380000 0.913146
0.390000 0.943775
0.400000 0.979337
0.410000 1.013621
0.420000 1.044103
0.430000 1.072145
0.440000 1.091654
0.450000 1.098367
0.460000 1.102138
0.470000 1.094003
0.480000 1.077143
0.490000 1.059857
0.500000 1.034605
0.510000 1.011079
0.520000 0.986243
0.530000 0.961751
0.540000 0.939626
0.550000 0.924372
0.560000 0.914009
0.570000 0.910276
0.580000 0.918188
0.590000 0.931003
0.600000 0.945522
0.610000 0.963661
0.620000 0.982254
0.630000 0.997896
0.640000 1.009192
0.650000 1.022778
0.660000 1.031564
0.670000 1.035493
0.680000 1.039963
0.690000 1.041951
0.700000 1.038701
0.710000 1.032134
0.720000 1.026814
0.730000 1.022396
0.740000 1.011435
0.750000 1.005626
0.760000 0.998856
0.770000 0.995805
0.780000 0.991925
0.790000 0.988144
0.800000 0.988269
0.810000 0.987798
0.820000 0.989047
0.830000 0.994902
0.840000 0.994723
0.850000 0.997648
0.860000 0.999878
0.870000 1.001637
0.880000 1.002711
0.890000 1.001186
0.900000 1.002025
0.910000 0.999901
0.920000 0.998833
0.930000 0.999927
0.940000 0.999078
0.950000 0.999100
0.960000 0.998040
0.970000 0.997531
0.980000 0.999348
0.990000 1.000582
1.000000 1.000414
1.010000 1.000796
1.020000 1.002768
1.030000 1.000869
1.040000 1.002855
1.050000 1.002964
1.060000 1.004807
1.070000 1.003704
1.080000 1.003456
1.090000 1.004142
1.100000 1.004722
