0.005000 0.000000e+00
0.015000 0.000000e+00
0.025000 0.000000e+00
0.035000 0.000000e+00
0.045000 0.000000e+00
0.055000 0.000000e+00
0.065000 0.000000e+00
0.075000 0.000000e+00
0.085000 0.000000e+00
0.095000 0.000000e+00
0.105000 0.000000e+00
0.115000 0.000000e+00
0.125000 0.000000e+00
0.135000 0.000000e+00
0.145000 0.000000e+00
0.155000 0.000000e+00
0.165000 0.000000e+00
0.175000 0.000000e+00
0.185000 0.000000e+00
0.195000 0.000000e+00
0.205000 -8.254828e-01
0.215000 -9.204013e-01
0.225000 -1.852734e+00
0.235000 -4.248442e+00
0.245000 -5.504081e+00
0.255000 -4.280580e+00
0.265000 -2.284903e+00
0.275000 -7.695202e-01
0.285000 -2.254855e-01
0.295000 1.058649e-01
0.305000 2.277285e-01
0.315000 3.810087e-01
0.325000 3.364188e-01
0.335000 3.778558e-01
0.345000 2.838147e-01
0.355000 3.924947e-01
0.365000 3.768941e-01
0.375000 6.892747e-01
0.385000 4.366524e-01
0.395000 4.688921e-01
0.405000 4.865646e-01
0.415000 6.593851e-01
0.425000 4.874982e-01
0.435000 4.960897e-01
0.445000 4.618134e-01
0.455000 2.806812e-01
0.465000 1.251338e-01
0.475000 1.969291e-01
0.485000 8.934944e-02
0.495000 1.019746e-01
0.505000 -2.556057e-01
0.515000 -2.420970e-01
0.525000 -2.141210e-01
0.535000 -1.961733e-01
0.545000 -2.243932e-01
0.555000 -1.862821e-01
0.565000 -1.172716e-01
0.575000 -1.729260e-01
0.585000 -2.076528e-01
0.595000 -9.184591e-02
0.605000 2.967648e-02
0.615000 -1.460331e-01
0.625000 6.069951e-02
0.635000 9.187938e-02
0.645000 4.497723e-03
0.655000 6.080289e-02
0.665000 1.130141e-01
0.675000 1.749870e-01
0.685000 9.358031e-02
0.695000 7.977488e-02
0.705000 -9.247767e-03
0.715000 1.336987e-01
0.725000 4.740467e-02
0.735000 2.017833e-02
0.745000 -2.031217e-02
0.755000 1.117604e-03
0.765000 4.023261e-03
0.775000 -7.280286e-03
0.785000 -2.039750e-02
0.795000 -1.667178e-03
0.805000 -3.574539e-02
0.815000 5.441652e-02
0.825000 -1.029375e-01
0.835000 -8.803667e-02
0.845000 -3.680564e-02
0.855000 -7.655114e-02
0.865000 9.235533e-02
0.875000 -9.161064e-05
0.885000 1.054510e-02
0.895000 2.931641e-02
0.905000 -3.701916e-02
0.915000 -4.741011e-02
0.925000 6.329000e-02
0.935000 9.286765e-02
0.945000 -4.931114e-02
0.955000 3.014344e-03
0.965000 -1.760941e-02
0.975000 3.815262e-02
0.985000 -2.519469e-02
0.995000 4.683654e-02
1.005000 5.625473e-02
1.015000 9.396237e-02
1.025000 4.482065e-02
1.035000 -4.542372e-02
1.045000 5.414335e-02
1.055000 -1.464173e-02
1.065000 -1.071116e-02
1.075000 1.005437e-01
1.085000 1.814927e-02
1.095000 5.978327e-02
