0.005000 -1.128333e-01
0.015000 -7.542254e-02
0.025000 -1.165744e-01
0.035000 1.676822e-02
0.045000 1.290838e-02
0.055000 -5.841766e-02
0.065000 2.475620e-04
0.075000 -2.824216e-02
0.085000 2.864418e-02
0.095000 -2.359188e-02
0.105000 4.628370e-02
0.115000 -1.674000e-03
0.125000 5.823199e-02
0.135000 4.412537e-02
0.145000 3.131191e-02
0.155000 4.679222e-02
0.165000 1.352837e-02
0.175000 1.112781e-03
0.185000 -1.861267e-03
0.195000 1.246915e-02
0.205000 4.296528e-02
0.215000 1.186647e-02
0.225000 2.045559e-02
0.235000 3.433041e-02
0.245000 2.116993e-02
0.255000 -3.869569e-02
0.265000 -3.293709e-02
0.275000 -7.406774e-03
0.285000 -3.718906e-03
0.295000 -3.400149e-02
0.305000 -3.987025e-03
0.315000 8.227177e-03
0.325000 7.656773e-03
0.335000 -1.413260e-02
0.345000 -1.779409e-02
0.355000 1.620640e-02
0.365000 4.107869e-03
0.375000 -1.015418e-02
0.385000 1.260413e-02
0.395000 7.284715e-03
0.405000 -8.421001e-03
0.415000 2.531407e-02
0.425000 9.412165e-03
0.435000 1.623473e-02
0.445000 1.326422e-02
0.455000 2.557732e-02
0.465000 1.562882e-02
0.475000 2.387135e-02
0.485000 -1.177255e-02
0.495000 -8.125994e-03
0.505000 1.744255e-02
0.515000 -1.344848e-02
0.525000 -2.422529e-03
0.535000 3.326910e-03
0.545000 -3.755140e-03
0.555000 -8.178973e-03
0.565000 5.231352e-03
0.575000 -5.249728e-03
0.585000 -1.854232e-02
0.595000 -1.528247e-02
0.605000 -1.421493e-02
0.615000 -2.363880e-02
0.625000 -4.264963e-03
0.635000 -2.263565e-03
0.645000 3.154519e-03
0.655000 -5.117574e-03
0.665000 -1.022840e-02
0.675000 5.717612e-03
0.685000 -9.985139e-03
0.695000 -1.625900e-02
0.705000 3.020314e-03
0.715000 3.326447e-04
0.725000 -4.648752e-03
0.735000 -5.079796e-03
0.745000 -9.528315e-03
0.755000 8.604765e-03
0.765000 5.316474e-03
0.775000 1.004614e-03
0.785000 7.545863e-03
0.795000 4.041865e-04
0.805000 3.830239e-03
0.815000 -4.576165e-03
0.825000 1.298347e-02
0.835000 1.535082e-02
0.845000 1.002225e-02
0.855000 5.516039e-03
0.865000 -2.399404e-03
0.875000 1.925864e-02
0.885000 1.292614e-02
0.895000 3.700848e-03
0.905000 -3.239948e-03
0.915000 1.487738e-03
0.925000 1.162523e-02
0.935000 -4.693448e-03
0.945000 -6.363093e-03
0.955000 6.235316e-03
0.965000 -8.963067e-03
0.975000 -6.936076e-03
0.985000 -8.163463e-03
0.995000 -1.233335e-02
1.005000 -2.371010e-03
1.015000 1.689187e-02
1.025000 3.525761e-03
1.035000 1.704756e-03
1.045000 3.530683e-03
1.055000 -9.798575e-03
1.065000 1.071311e-02
1.075000 -9.569113e-03
1.085000 -9.220505e-03
1.095000 -1.331972e-02
