0.005000 0.000000e+00
0.015000 0.000000e+00
0.025000 0.000000e+00
0.035000 0.000000e+00
0.045000 0.000000e+00
0.055000 0.000000e+00
0.065000 0.000000e+00
0.075000 0.000000e+00
0.085000 0.000000e+00
0.095000 0.000000e+00
0.105000 0.000000e+00
0.115000 0.000000e+00
0.125000 0.000000e+00
0.135000 0.000000e+00
0.145000 0.000000e+00
0.155000 0.000000e+00
0.165000 0.000000e+00
0.175000 0.000000e+00
0.185000 0.000000e+00
0.195000 0.000000e+00
0.205000 -8.230727e-01
0.215000 -9.175776e-01
0.225000 -1.870353e+00
0.235000 -4.204253e+00
0.245000 -5.503607e+00
0.255000 -4.236982e+00
0.265000 -2.073521e+00
0.275000 -8.836794e-01
0.285000 -2.110959e-01
0.295000 8.322017e-02
0.305000 2.402743e-01
0.315000 2.214198e-01
0.325000 2.358557e-01
0.335000 3.645742e-01
0.345000 3.051589e-01
0.355000 3.594013e-01
0.365000 4.163117e-01
0.375000 4.955223e-01
0.385000 4.693759e-01
0.395000 5.402738e-01
0.405000 5.118634e-01
0.415000 5.946231e-01
0.425000 5.669632e-01
0.435000 4.846132e-01
0.445000 3.553419e-01
0.455000 2.074411e-01
0.465000 1.530602e-01
0.475000 9.520987e-02
0.485000 9.148004e-02
0.495000 -2.882527e-02
0.505000 -1.627116e-01
0.515000 -2.436463e-01
0.525000 -2.497686e-01
0.535000 -2.329608e-01
0.545000 -3.175599e-01
0.555000 -2.742391e-01
0.565000 -2.422178e-01
0.575000 -1.792012e-01
0.585000 -1.403077e-01
0.595000 -1.056464e-01
0.605000 -7.881840e-02
0.615000 -6.871823e-02
0.625000 6.786325e-02
0.635000 3.597838e-02
0.645000 6.497229e-02
0.655000 1.565519e-01
0.665000 9.013805e-02
0.675000 2.707449e-02
0.685000 1.196260e-01
0.695000 3.983976e-02
0.705000 8.283352e-02
0.715000 4.845619e-02
0.725000 4.752150e-02
0.735000 3.052100e-02
0.745000 1.065070e-02
0.755000 -3.762862e-04
0.765000 -6.019973e-02
0.775000 -8.956739e-02
0.785000 -3.320418e-02
0.795000 -4.963563e-02
0.805000 -1.826306e-02
0.815000 2.008550e-02
0.825000 5.912227e-02
0.835000 4.468189e-02
0.845000 -3.335989e-02
0.855000 -3.337621e-03
0.865000 -6.268193e-02
0.875000 2.473246e-02
0.885000 1.564371e-02
0.895000 5.123281e-02
0.905000 3.825282e-03
0.915000 -1.068131e-01
0.925000 3.231947e-02
0.935000 3.717265e-02
0.945000 2.987295e-02
0.955000 -3.168943e-02
0.965000 -3.023650e-02
0.975000 -5.148089e-02
0.985000 1.125644e-02
0.995000 -8.286817e-04
1.005000 -2.852837e-02
1.015000 8.446862e-02
1.025000 -2.469343e-02
1.035000 4.076407e-03
1.045000 1.052066e-02
1.055000 6.329863e-04
1.065000 -2.743855e-02
1.075000 1.232659e-02
1.085000 -6.463183e-02
1.095000 1.317828e-02
