0.005000 -2.053841e-01
0.015000 -2.053841e-01
0.025000 -3.843867e-02
0.035000 -1.089148e-01
0.045000 6.139515e-02
0.055000 -5.868097e-03
0.065000 -6.028673e-02
0.075000 5.414082e-03
0.085000 8.761083e-03
0.095000 -2.849626e-02
0.105000 8.267377e-03
0.115000 -2.219439e-02
0.125000 -4.920789e-03
0.135000 5.613360e-03
0.145000 2.035901e-02
0.155000 -2.268614e-02
0.165000 -2.363009e-02
0.175000 4.231024e-02
0.185000 3.378271e-02
0.195000 1.596074e-02
0.205000 3.515123e-02
0.215000 3.902167e-02
0.225000 -2.802802e-02
0.235000 -1.714093e-02
0.245000 -2.267921e-02
0.255000 -2.342371e-03
0.265000 -2.853389e-02
0.275000 -2.872935e-02
0.285000 -1.842249e-03
0.295000 -1.324095e-02
0.305000 -2.524415e-02
0.315000 -3.360528e-02
0.325000 -2.907579e-02
0.335000 -1.869225e-02
0.345000 -8.676332e-03
0.355000 -2.089846e-02
0.365000 -1.892889e-02
0.375000 -4.954047e-03
0.385000 -5.049616e-03
0.395000 7.702090e-03
0.405000 -5.089232e-03
0.415000 2.371753e-03
0.425000 4.157997e-02
0.435000 1.779382e-02
0.445000 4.555834e-03
0.455000 4.057474e-02
0.465000 1.317641e-02
0.475000 -4.710688e-03
0.485000 -3.920734e-04
0.495000 2.884471e-02
0.505000 1.140296e-02
0.515000 3.619147e-03
0.525000 2.018016e-02
0.535000 2.156965e-03
0.545000 -2.235100e-02
0.555000 -1.237904e-02
0.565000 -8.612412e-03
0.575000 5.199006e-03
0.585000 2.201448e-03
0.595000 -1.763761e-03
0.605000 -1.214973e-02
0.615000 -1.271505e-02
0.625000 -1.663955e-02
0.635000 -1.192641e-02
0.645000 -1.352594e-02
0.655000 -2.344009e-02
0.665000 -3.858061e-03
0.675000 -4.455346e-03
0.685000 -1.608187e-03
0.695000 -1.474885e-03
0.705000 -5.608891e-03
0.715000 -2.055172e-02
0.725000 -6.673472e-03
0.735000 9.192110e-03
0.745000 -7.938966e-04
0.755000 2.464828e-03
0.765000 5.031814e-03
0.775000 -1.112359e-03
0.785000 -1.571924e-02
0.795000 -1.113313e-02
0.805000 -1.082045e-02
0.815000 9.364604e-03
0.825000 5.683369e-03
0.835000 1.749994e-03
0.845000 9.721837e-03
0.855000 6.082325e-03
0.865000 1.049153e-02
0.875000 -2.823533e-03
0.885000 -1.734139e-03
0.895000 -6.380526e-03
0.905000 5.954253e-03
0.915000 -1.416270e-02
0.925000 -3.246844e-03
0.935000 2.045102e-04
0.945000 9.724969e-04
0.955000 -8.561151e-03
0.965000 4.847665e-03
0.975000 9.629522e-03
0.985000 2.997484e-03
0.995000 2.803511e-04
1.005000 6.940374e-03
1.015000 5.305071e-04
1.025000 1.576853e-02
1.035000 1.477804e-02
1.045000 -1.228599e-03
1.055000 9.537068e-04
1.065000 -9.410249e-03
1.075000 9.864184e-03
1.085000 7.129600e-03
1.095000 -7.674879e-03
