0.005000 -4.688536e-02
0.015000 -9.316126e-02
0.025000 -1.128285e-01
0.035000 -6.175975e-02
0.045000 1.095952e-02
0.055000 3.357160e-02
0.065000 -4.370200e-02
0.075000 -3.916340e-02
0.085000 -9.857861e-04
0.095000 -6.233262e-03
0.105000 5.400369e-02
0.115000 -3.200924e-03
0.125000 -2.275752e-02
0.135000 4.400266e-02
0.145000 2.408813e-02
0.155000 3.512949e-02
0.165000 4.381614e-04
0.175000 1.557663e-02
0.185000 8.405531e-03
0.195000 2.585520e-02
0.205000 2.076328e-02
0.215000 4.698027e-03
0.225000 8.480802e-03
0.235000 9.415507e-03
0.245000 3.685833e-03
0.255000 -2.888007e-02
0.265000 -8.227342e-03
0.275000 -2.531450e-02
0.285000 -1.605610e-02
0.295000 -3.858585e-02
0.305000 -4.723312e-02
0.315000 -1.025176e-04
0.325000 3.131000e-03
0.335000 2.530254e-02
0.345000 7.671222e-03
0.355000 1.748046e-02
0.365000 1.631991e-02
0.375000 5.226749e-03
0.385000 -2.704403e-03
0.395000 1.754649e-02
0.405000 -2.153119e-02
0.415000 2.187884e-02
0.425000 1.092714e-02
0.435000 -2.667787e-03
0.445000 1.561718e-02
0.455000 1.202269e-02
0.465000 1.626478e-02
0.475000 1.643499e-02
0.485000 3.807060e-03
0.495000 6.968226e-03
0.505000 2.733141e-02
0.515000 -1.422684e-02
0.525000 1.372248e-02
0.535000 2.154335e-02
0.545000 6.595891e-03
0.555000 -6.901150e-03
0.565000 -2.772279e-03
0.575000 2.136695e-02
0.585000 -1.699160e-03
0.595000 1.847135e-03
0.605000 -1.627366e-03
0.615000 -1.027191e-02
0.625000 -3.162171e-03
0.635000 7.214052e-03
0.645000 9.647730e-03
0.655000 6.265332e-03
0.665000 6.673616e-03
0.675000 5.201040e-04
0.685000 -1.026267e-02
0.695000 -2.269899e-02
0.705000 1.468123e-02
0.715000 5.403392e-03
0.725000 1.858428e-02
0.735000 6.475757e-03
0.745000 5.943836e-03
0.755000 -2.326200e-03
0.765000 -1.487576e-02
0.775000 4.072616e-03
0.785000 -1.254499e-02
0.795000 -4.996583e-03
0.805000 -8.836983e-03
0.815000 -2.556889e-02
0.825000 -2.408903e-02
0.835000 -4.683477e-03
0.845000 -1.742284e-03
0.855000 6.884898e-03
0.865000 -1.184398e-02
0.875000 -1.237722e-02
0.885000 4.388990e-04
0.895000 -3.495592e-03
0.905000 1.280234e-03
0.915000 -2.236509e-03
0.925000 3.085917e-03
0.935000 -6.215205e-03
0.945000 -6.943406e-03
0.955000 -2.608403e-03
0.965000 -2.459676e-02
0.975000 5.981833e-03
0.985000 -6.270879e-03
0.995000 -3.437085e-02
1.005000 1.400943e-02
1.015000 7.506180e-04
1.025000 6.066622e-03
1.035000 -6.891594e-03
1.045000 -1.094636e-02
1.055000 2.152853e-03
1.065000 -1.532678e-03
1.075000 -4.503930e-03
1.085000 -4.861377e-03
1.095000 1.759947e-04
