0.005000 0.000000e+00
0.015000 0.000000e+00
0.025000 0.000000e+00
0.035000 0.000000e+00
0.045000 0.000000e+00
0.055000 0.000000e+00
0.065000 0.000000e+00
0.075000 0.000000e+00
0.085000 0.000000e+00
0.095000 0.000000e+00
0.105000 0.000000e+00
0.115000 0.000000e+00
0.125000 0.000000e+00
0.135000 0.000000e+00
0.145000 0.000000e+00
0.155000 0.000000e+00
0.165000 0.000000e+00
0.175000 0.000000e+00
0.185000 1.070182e+00
0.195000 1.111453e-01
0.205000 3.644863e-01
0.215000 1.597903e+00
0.225000 7.793383e-01
0.235000 1.236716e-01
0.245000 1.722054e-01
0.255000 1.814971e-02
0.265000 -1.983735e-01
0.275000 1.056822e-01
0.285000 9.930056e-02
0.295000 1.129392e-01
0.305000 4.059375e-02
0.315000 4.165786e-02
0.325000 -3.469198e-02
0.335000 -7.346495e-02
0.345000 -1.122148e-01
0.355000 -1.003746e-01
0.365000 -5.105873e-02
0.375000 -1.179344e-01
0.385000 -1.242061e-01
0.395000 -1.056518e-01
0.405000 -1.155566e-01
0.415000 -1.075699e-01
0.425000 -6.579913e-02
0.435000 -7.879491e-02
0.445000 -8.541576e-02
0.455000 -2.623967e-02
0.465000 -5.609399e-02
0.475000 -2.014689e-03
0.485000 -4.701822e-03
0.495000 6.255090e-03
0.505000 5.417622e-03
0.515000 2.910721e-02
0.525000 1.409072e-02
0.535000 4.870581e-02
0.545000 5.980013e-02
0.555000 5.870455e-02
0.565000 6.035808e-02
0.575000 -1.249137e-02
0.585000 3.266670e-02
0.595000 2.928620e-02
0.605000 4.054201e-02
0.615000 1.745638e-02
0.625000 4.827194e-02
0.635000 5.186529e-02
0.645000 -1.501316e-02
0.655000 2.209692e-02
0.665000 7.712237e-03
0.675000 2.669064e-03
0.685000 7.751532e-04
0.695000 -1.091803e-02
0.705000 2.718617e-03
0.715000 1.280490e-03
0.725000 5.789960e-04
0.735000 -2.595343e-02
0.745000 2.593726e-02
0.755000 3.262521e-02
0.765000 -4.457178e-02
0.775000 3.365272e-02
0.785000 4.184371e-02
0.795000 3.431402e-02
0.805000 -6.731722e-02
0.815000 -4.867073e-03
0.825000 -9.714656e-03
0.835000 4.427590e-02
0.845000 2.845938e-02
0.855000 1.260393e-02
0.865000 -1.118140e-02
0.875000 -1.318516e-03
0.885000 -2.537524e-02
0.895000 5.492354e-02
0.905000 -2.716152e-02
0.915000 7.964105e-03
0.925000 -1.484983e-02
0.935000 3.605566e-03
0.945000 -3.363998e-02
0.955000 -2.209798e-02
0.965000 2.961103e-03
0.975000 1.902419e-03
0.985000 -2.492060e-02
0.995000 -1.257682e-02
1.005000 -4.950245e-03
1.015000 1.047982e-02
1.025000 2.466846e-02
1.035000 2.964140e-02
1.045000 -1.663668e-02
1.055000 -2.360292e-03
1.065000 6.208703e-04
1.075000 -5.184675e-03
1.085000 -1.142072e-03
1.095000 -4.694274e-03
