0.005000 7.453005e-02
0.015000 -1.179025e-01
0.025000 -6.932120e-02
0.035000 -1.334901e-02
0.045000 1.354048e-02
0.055000 -1.752787e-02
0.065000 3.084055e-02
0.075000 9.000781e-03
0.085000 -4.631166e-04
0.095000 -1.966909e-02
0.105000 -6.464192e-04
0.115000 -2.656586e-02
0.125000 4.256174e-02
0.135000 -7.316804e-03
0.145000 1.576623e-02
0.155000 4.795822e-02
0.165000 1.141791e-02
0.175000 3.080547e-02
0.185000 6.947272e-02
0.195000 2.082185e-02
0.205000 3.806578e-02
0.215000 4.223750e-02
0.225000 1.470420e-02
0.235000 2.786498e-02
0.245000 -1.064554e-02
0.255000 -5.713165e-03
0.265000 -4.621898e-02
0.275000 -1.365427e-02
0.285000 3.420134e-03
0.295000 -6.977566e-03
0.305000 -1.795622e-02
0.315000 1.719111e-02
0.325000 -2.342924e-02
0.335000 -1.598610e-02
0.345000 -1.484736e-02
0.355000 -2.657905e-02
0.365000 7.678871e-03
0.375000 -1.185002e-02
0.385000 7.950660e-03
0.395000 2.325992e-02
0.405000 7.693561e-03
0.415000 3.027291e-02
0.425000 1.000371e-02
0.435000 1.903506e-02
0.445000 9.791060e-03
0.455000 2.405401e-02
0.465000 -9.302052e-03
0.475000 2.043627e-03
0.485000 8.782244e-03
0.495000 1.036246e-02
0.505000 -6.090155e-03
0.515000 1.063086e-02
0.525000 -1.280397e-02
0.535000 3.704659e-02
0.545000 1.877749e-02
0.555000 8.952388e-03
0.565000 -2.605928e-02
0.575000 5.832561e-03
0.585000 -1.639945e-03
0.595000 1.724377e-02
0.605000 -6.692326e-03
0.615000 1.288124e-02
0.625000 -5.468688e-03
0.635000 6.589697e-03
0.645000 -1.742006e-02
0.655000 -8.537990e-03
0.665000 4.175576e-03
0.675000 -1.005999e-02
0.685000 -9.653103e-03
0.695000 -1.294626e-02
0.705000 8.395972e-03
0.715000 4.578518e-03
0.725000 -2.069956e-03
0.735000 -2.946506e-02
0.745000 -1.716163e-03
0.755000 1.657988e-02
0.765000 9.697083e-04
0.775000 8.864773e-04
0.785000 9.858634e-03
0.795000 2.060590e-02
0.805000 5.507848e-03
0.815000 -8.825034e-03
0.825000 6.151105e-03
0.835000 3.683100e-03
0.845000 -4.720194e-03
0.855000 -3.589426e-03
0.865000 5.195010e-04
0.875000 6.518687e-03
0.885000 -1.685753e-02
0.895000 6.320759e-03
0.905000 -1.191049e-02
0.915000 -3.598104e-03
0.925000 6.513085e-03
0.935000 -2.044327e-02
0.945000 1.246013e-03
0.955000 -7.546565e-03
0.965000 -8.821938e-03
0.975000 3.387685e-03
0.985000 -1.547726e-02
0.995000 1.128817e-02
1.005000 -9.032217e-03
1.015000 -3.097521e-03
1.025000 -5.083123e-03
1.035000 -1.658816e-02
1.045000 -3.242316e-03
1.055000 -2.832204e-03
1.065000 -4.562504e-03
1.075000 -5.160158e-03
1.085000 -1.320452e-02
1.095000 -5.933792e-03
