0.005000 0.000000e+00
0.015000 0.000000e+00
0.025000 0.000000e+00
0.035000 0.000000e+00
0.045000 0.000000e+00
0.055000 0.000000e+00
0.065000 0.000000e+00
0.075000 0.000000e+00
0.085000 0.000000e+00
0.095000 0.000000e+00
0.105000 0.000000e+00
0.115000 0.000000e+00
0.125000 0.000000e+00
0.135000 0.000000e+00
0.145000 0.000000e+00
0.155000 0.000000e+00
0.165000 0.000000e+00
0.175000 0.000000e+00
0.185000 0.000000e+00
0.195000 0.000000e+00
0.205000 -8.140761e-01
0.215000 -9.093602e-01
0.225000 -1.843388e+00
0.235000 -4.287355e+00
0.245000 -5.582023e+00
0.255000 -4.278122e+00
0.265000 -2.102390e+00
0.275000 -7.312330e-01
0.285000 -3.536386e-01
0.295000 1.235518e-01
0.305000 1.554940e-01
0.315000 2.338495e-01
0.325000 1.458615e-01
0.335000 3.372614e-01
0.345000 3.532305e-01
0.355000 3.107896e-01
0.365000 3.944741e-01
0.375000 4.925524e-01
0.385000 4.096707e-01
0.395000 5.996040e-01
0.405000 4.712713e-01
0.415000 4.995656e-01
0.425000 3.906494e-01
0.435000 5.021725e-01
0.445000 4.828700e-01
0.455000 3.236428e-01
0.465000 2.658475e-01
0.475000 1.288422e-01
0.485000 3.011134e-02
0.495000 -6.740670e-02
0.505000 3.647058e-03
0.515000 -1.501235e-01
0.525000 -2.263658e-01
0.535000 -2.310774e-01
0.545000 -2.068157e-01
0.555000 -2.002281e-01
0.565000 -1.805823e-01
0.575000 -1.492405e-01
0.585000 -4.495296e-02
0.595000 -1.676255e-01
0.605000 -7.855283e-02
0.615000 1.781822e-02
0.625000 5.452093e-02
0.635000 1.653358e-02
0.645000 3.607830e-02
0.655000 1.321464e-01
0.665000 8.258418e-02
0.675000 1.339304e-01
0.685000 1.014474e-01
0.695000 2.764097e-02
0.705000 3.895296e-02
0.715000 6.201777e-02
0.725000 -8.295961e-02
0.735000 -2.058002e-02
0.745000 -7.989134e-02
0.755000 -7.303053e-02
0.765000 -4.724428e-02
0.775000 -1.764393e-01
0.785000 8.795079e-02
0.795000 -5.714602e-02
0.805000 2.539849e-02
0.815000 9.114454e-03
0.825000 3.962387e-02
0.835000 -1.013983e-01
0.845000 1.551314e-02
0.855000 2.729558e-02
0.865000 3.785382e-02
0.875000 -2.456834e-02
0.885000 -6.457244e-02
0.895000 1.339920e-01
0.905000 -1.099892e-01
0.915000 2.275839e-02
0.925000 -8.796376e-02
0.935000 9.814442e-02
0.945000 -3.684765e-02
0.955000 -4.944989e-02
0.965000 5.471767e-02
0.975000 3.683829e-02
0.985000 4.337184e-02
0.995000 -7.847715e-03
1.005000 1.034627e-02
1.015000 5.490428e-02
1.025000 1.817393e-02
1.035000 -4.005262e-02
1.045000 1.204749e-02
1.055000 -1.183351e-02
1.065000 -2.645396e-02
1.075000 1.642642e-02
1.085000 2.852161e-02
1.095000 7.259968e-03
