0.005000 0.000000e+00
0.015000 0.000000e+00
0.025000 0.000000e+00
0.035000 0.000000e+00
0.045000 0.000000e+00
0.055000 0.000000e+00
0.065000 0.000000e+00
0.075000 0.000000e+00
0.085000 0.000000e+00
0.095000 0.000000e+00
0.105000 0.000000e+00
0.115000 0.000000e+00
0.125000 0.000000e+00
0.135000 0.000000e+00
0.145000 0.000000e+00
0.155000 0.000000e+00
0.165000 0.000000e+00
0.175000 0.000000e+00
0.185000 1.077116e+00
0.195000 1.016471e-01
0.205000 3.404826e-01
0.215000 1.572789e+00
0.225000 7.149524e-01
0.235000 9.108809e-02
0.245000 1.165299e-01
0.255000 -7.558996e-02
0.265000 -1.874409e-01
0.275000 5.715239e-02
0.285000 1.705577e-01
0.295000 1.211365e-01
0.305000 8.602799e-02
0.315000 5.235474e-02
0.325000 2.119613e-02
0.335000 -7.184850e-03
0.345000 -3.461959e-02
0.355000 -5.957654e-02
0.365000 -6.192370e-02
0.375000 -1.035796e-01
0.385000 -1.314768e-01
0.395000 -1.001223e-01
0.405000 -1.012401e-01
0.415000 -7.063046e-02
0.425000 -1.115188e-01
0.435000 -9.568598e-02
0.445000 -6.606500e-02
0.455000 -4.278830e-02
0.465000 -8.536384e-02
0.475000 -3.055320e-02
0.485000 -1.463073e-02
0.495000 3.524276e-02
0.505000 1.345409e-02
0.515000 5.445688e-02
0.525000 4.630991e-02
0.535000 7.979454e-03
0.545000 2.979658e-02
0.555000 5.808628e-02
0.565000 3.168002e-02
0.575000 2.994729e-02
0.585000 3.880223e-02
0.595000 5.838515e-02
0.605000 2.485016e-02
0.615000 -1.404835e-02
0.625000 -3.557605e-03
0.635000 2.178805e-02
0.645000 -8.589003e-03
0.655000 -2.197439e-02
0.665000 3.426675e-02
0.675000 -1.790416e-02
0.685000 -2.588707e-03
0.695000 -3.043625e-02
0.705000 -5.765401e-03
0.715000 4.194379e-03
0.725000 -1.739527e-02
0.735000 1.089199e-02
0.745000 3.340422e-02
0.755000 -1.222419e-02
0.765000 -2.097235e-02
0.775000 1.075659e-03
0.785000 1.433141e-02
0.795000 -1.144549e-02
0.805000 -1.834794e-02
0.815000 -3.440378e-04
0.825000 -1.474680e-02
0.835000 -2.794726e-03
0.845000 3.395073e-03
0.855000 -1.327921e-02
0.865000 3.235987e-03
0.875000 -1.455319e-02
0.885000 6.776227e-03
0.895000 2.166435e-02
0.905000 2.335240e-03
0.915000 3.118067e-02
0.925000 3.116174e-02
0.935000 -1.569196e-02
0.945000 1.196098e-02
0.955000 2.776436e-02
0.965000 -3.341996e-02
0.975000 2.738417e-02
0.985000 -3.750276e-02
0.995000 -1.558264e-02
1.005000 7.489930e-03
1.015000 2.903214e-02
1.025000 -9.485678e-03
1.035000 -3.292157e-03
1.045000 -3.145569e-02
1.055000 -1.005661e-02
1.065000 4.256043e-03
1.075000 1.195083e-02
1.085000 -7.070544e-03
1.095000 -2.426152e-02
