0.005000 0.000000e+00
0.015000 0.000000e+00
0.025000 0.000000e+00
0.035000 0.000000e+00
0.045000 0.000000e+00
0.055000 0.000000e+00
0.065000 0.000000e+00
0.075000 0.000000e+00
0.085000 0.000000e+00
0.095000 0.000000e+00
0.105000 0.000000e+00
0.115000 0.000000e+00
0.125000 0.000000e+00
0.135000 0.000000e+00
0.145000 0.000000e+00
0.155000 0.000000e+00
0.165000 0.000000e+00
0.175000 0.000000e+00
0.185000 1.076657e+00
0.195000 9.969908e-02
0.205000 3.945592e-01
0.215000 1.416343e+00
0.225000 9.332475e-01
0.235000 1.385075e-01
0.245000 5.850530e-02
0.255000 -9.187698e-02
0.265000 -1.500250e-01
0.275000 9.914741e-02
0.285000 1.018294e-01
0.295000 1.275884e-01
0.305000 1.152070e-01
0.315000 2.254859e-02
0.325000 4.061429e-02
0.335000 -2.760724e-02
0.345000 -3.711663e-02
0.355000 -3.410967e-02
0.365000 -7.437070e-02
0.375000 -2.896656e-02
0.385000 -1.147946e-01
0.395000 -1.239703e-01
0.405000 -1.052992e-01
0.415000 -1.367465e-01
0.425000 -1.059980e-01
0.435000 -8.465516e-02
0.445000 -3.931871e-02
0.455000 -5.816251e-02
0.465000 -1.870517e-03
0.475000 -1.528389e-02
0.485000 -3.577534e-02
0.495000 6.229326e-02
0.505000 5.268660e-04
0.515000 3.533909e-02
0.525000 4.898394e-02
0.535000 6.983768e-02
0.545000 7.727619e-02
0.555000 5.946819e-02
0.565000 3.991130e-02
0.575000 4.101090e-02
0.585000 1.406492e-02
0.595000 6.169218e-02
0.605000 1.512985e-02
0.615000 3.871765e-02
0.625000 2.252000e-02
0.635000 -5.693996e-03
0.645000 -9.808057e-03
0.655000 2.789546e-02
0.665000 -1.819427e-02
0.675000 1.128378e-02
0.685000 -2.235370e-02
0.695000 1.376200e-02
0.705000 -1.890871e-03
0.715000 1.130497e-02
0.725000 -1.542097e-02
0.735000 -2.369920e-02
0.745000 1.708867e-02
0.755000 3.622872e-03
0.765000 2.064264e-02
0.775000 2.210425e-02
0.785000 2.271697e-02
0.795000 1.702991e-02
0.805000 -2.075324e-02
0.815000 1.299031e-02
0.825000 -1.796339e-02
0.835000 1.901374e-02
0.845000 -1.487947e-02
0.855000 -3.340049e-03
0.865000 -1.195418e-02
0.875000 -1.289163e-02
0.885000 1.179238e-02
0.895000 -8.943304e-04
0.905000 3.384197e-03
0.915000 2.710820e-02
0.925000 2.990836e-02
0.935000 1.941322e-02
0.945000 -4.785240e-03
0.955000 -3.148104e-02
0.965000 1.277591e-02
0.975000 -1.900446e-02
0.985000 -1.960252e-03
0.995000 -2.783456e-02
1.005000 6.244653e-03
1.015000 1.034479e-02
1.025000 -2.061680e-02
1.035000 -7.238919e-03
1.045000 1.961708e-02
1.055000 -8.365001e-03
1.065000 6.108552e-03
1.075000 5.783939e-03
1.085000 -1.176331e-02
1.095000 -4.661938e-03
