0.005000 -3.112915e-01
0.015000 -8.865207e-02
0.025000 -8.522685e-02
0.035000 -4.706009e-02
0.045000 3.693940e-02
0.055000 -5.751369e-02
0.065000 5.736065e-02
0.075000 1.968321e-02
0.085000 4.974907e-03
0.095000 -9.350933e-03
0.105000 3.537440e-02
0.115000 -5.800164e-03
0.125000 2.606929e-02
0.135000 2.992139e-02
0.145000 4.262254e-03
0.155000 2.700140e-03
0.165000 2.964740e-02
0.175000 3.433475e-02
0.185000 3.953150e-03
0.195000 1.724577e-02
0.205000 2.674031e-02
0.215000 7.559813e-03
0.225000 1.977383e-02
0.235000 -7.756704e-03
0.245000 -1.161876e-02
0.255000 -1.986379e-02
0.265000 -1.162474e-02
0.275000 -1.264138e-02
0.285000 9.361598e-03
0.295000 -2.157641e-02
0.305000 -3.338419e-02
0.315000 1.575936e-02
0.325000 -3.992397e-03
0.335000 2.343546e-02
0.345000 -2.005362e-02
0.355000 2.874669e-03
0.365000 -3.855176e-03
0.375000 -3.674099e-02
0.385000 1.900529e-02
0.395000 1.435349e-02
0.405000 1.697500e-02
0.415000 3.108866e-02
0.425000 1.786415e-02
0.435000 1.180353e-02
0.445000 2.975074e-02
0.455000 1.352896e-03
0.465000 6.246835e-03
0.475000 -1.543904e-03
0.485000 1.443020e-02
0.495000 1.271337e-02
0.505000 1.567284e-03
0.515000 -3.677375e-03
0.525000 3.224228e-02
0.535000 8.544719e-03
0.545000 -3.155555e-03
0.555000 -8.179998e-03
0.565000 1.253049e-02
0.575000 -7.687253e-04
0.585000 1.352906e-02
0.595000 2.461264e-02
0.605000 -4.543258e-03
0.615000 -1.837881e-02
0.625000 -1.691972e-02
0.635000 -1.183346e-02
0.645000 -7.641047e-03
0.655000 5.987087e-03
0.665000 2.369782e-02
0.675000 2.573553e-03
0.685000 -9.484859e-03
0.695000 -1.080202e-02
0.705000 1.210677e-02
0.715000 2.646018e-03
0.725000 -1.679764e-02
0.735000 2.053119e-03
0.745000 1.169335e-02
0.755000 -6.880708e-03
0.765000 -5.055418e-03
0.775000 -2.935275e-03
0.785000 6.084290e-03
0.795000 -3.404349e-03
0.805000 -5.910186e-03
0.815000 -1.600885e-02
0.825000 9.266931e-03
0.835000 1.682652e-02
0.845000 4.979098e-03
0.855000 3.337519e-03
0.865000 -1.058973e-02
0.875000 1.457338e-02
0.885000 -9.534772e-03
0.895000 -6.004520e-03
0.905000 2.939980e-03
0.915000 9.772635e-03
0.925000 1.550492e-02
0.935000 1.214078e-02
0.945000 8.452925e-04
0.955000 -5.156715e-03
0.965000 -3.565971e-03
0.975000 4.124926e-03
0.985000 -1.032870e-02
0.995000 1.405967e-02
1.005000 4.060719e-03
1.015000 3.068384e-03
1.025000 4.059453e-03
1.035000 4.420097e-03
1.045000 -1.019869e-02
1.055000 6.566369e-04
1.065000 -2.415018e-02
1.075000 5.511520e-03
1.085000 2.110525e-03
1.095000 -8.501082e-03
