0.005000 0.000000e+00
0.015000 0.000000e+00
0.025000 0.000000e+00
0.035000 0.000000e+00
0.045000 0.000000e+00
0.055000 0.000000e+00
0.065000 0.000000e+00
0.075000 0.000000e+00
0.085000 0.000000e+00
0.095000 0.000000e+00
0.105000 0.000000e+00
0.115000 0.000000e+00
0.125000 0.000000e+00
0.135000 0.000000e+00
0.145000 0.000000e+00
0.155000 0.000000e+00
0.165000 0.000000e+00
0.175000 0.000000e+00
0.185000 0.000000e+00
0.195000 0.000000e+00
0.205000 -8.058479e-01
0.215000 -8.991489e-01
0.225000 -1.848021e+00
0.235000 -4.199080e+00
0.245000 -5.476071e+00
0.255000 -4.220989e+00
0.265000 -2.275355e+00
0.275000 -7.363645e-01
0.285000 -3.804852e-01
0.295000 1.199989e-01
0.305000 2.080883e-01
0.315000 3.265636e-01
0.325000 4.879759e-01
0.335000 3.292052e-01
0.345000 3.211826e-01
0.355000 3.223519e-01
0.365000 3.885795e-01
0.375000 4.325043e-01
0.385000 4.244351e-01
0.395000 3.504992e-01
0.405000 4.210259e-01
0.415000 5.710676e-01
0.425000 4.988214e-01
0.435000 5.509322e-01
0.445000 2.799664e-01
0.455000 3.119551e-01
0.465000 2.348986e-01
0.475000 1.021429e-01
0.485000 -2.361590e-02
0.495000 -8.527096e-02
0.505000 -1.192171e-01
0.515000 -1.851144e-01
0.525000 -2.739557e-01
0.535000 -2.399861e-01
0.545000 -2.629024e-01
0.555000 -2.168346e-01
0.565000 -1.887373e-01
0.575000 -1.200716e-01
0.585000 -4.434884e-02
0.595000 -1.044496e-01
0.605000 -5.419045e-02
0.615000 -8.488071e-02
0.625000 -1.090115e-02
0.635000 6.778375e-02
0.645000 4.073493e-02
0.655000 9.390644e-02
0.665000 7.333987e-02
0.675000 4.657974e-02
0.685000 1.076164e-01
0.695000 2.432133e-02
0.705000 8.320844e-02
0.715000 8.987620e-02
0.725000 -5.157642e-02
0.735000 4.856425e-02
0.745000 2.242133e-02
0.755000 3.039789e-02
0.765000 -2.612379e-02
0.775000 9.053376e-04
0.785000 -1.786072e-02
0.795000 6.068543e-04
0.805000 -4.856274e-02
0.815000 1.045627e-02
0.825000 -1.118773e-02
0.835000 -1.467572e-02
0.845000 -2.598143e-02
0.855000 -6.757751e-04
0.865000 8.458706e-02
0.875000 -4.376417e-02
0.885000 -1.775990e-02
0.895000 5.040993e-03
0.905000 -3.021351e-02
0.915000 5.347909e-02
0.925000 -2.000146e-02
0.935000 8.867319e-03
0.945000 -1.856614e-02
0.955000 1.193538e-02
0.965000 3.377504e-02
0.975000 3.204394e-02
0.985000 -4.777595e-02
0.995000 5.725748e-02
1.005000 4.348157e-02
1.015000 1.478709e-02
1.025000 -5.242213e-03
1.035000 2.341244e-02
1.045000 -6.926207e-03
1.055000 1.787780e-02
1.065000 9.090003e-03
1.075000 3.594096e-03
1.085000 -1.799549e-02
1.095000 -3.193181e-02
