0.005000 0.000000e+00
0.015000 0.000000e+00
0.025000 0.000000e+00
0.035000 0.000000e+00
0.045000 0.000000e+00
0.055000 0.000000e+00
0.065000 0.000000e+00
0.075000 0.000000e+00
0.085000 0.000000e+00
0.095000 0.000000e+00
0.105000 0.000000e+00
0.115000 0.000000e+00
0.125000 0.000000e+00
0.135000 0.000000e+00
0.145000 0.000000e+00
0.155000 0.000000e+00
0.165000 0.000000e+00
0.175000 0.000000e+00
0.185000 1.074798e+00
0.195000 1.335117e-01
0.205000 4.282366e-01
0.215000 1.692426e+00
0.225000 7.910068e-01
0.235000 2.053972e-01
0.245000 1.198064e-01
0.255000 -7.485072e-02
0.265000 -1.361722e-01
0.275000 1.198305e-01
0.285000 2.156495e-01
0.295000 1.421918e-01
0.305000 1.062132e-01
0.315000 3.902746e-02
0.325000 -1.316120e-02
0.335000 6.500635e-03
0.345000 1.092782e-02
0.355000 -1.289777e-02
0.365000 -6.151484e-02
0.375000 -1.395436e-01
0.385000 -8.434325e-02
0.395000 -1.490649e-01
0.405000 -1.398184e-01
0.415000 -1.817369e-01
0.425000 -5.893784e-02
0.435000 -9.871763e-02
0.445000 -7.228559e-02
0.455000 -5.697128e-02
0.465000 -1.958106e-02
0.475000 -2.907255e-02
0.485000 -3.672396e-02
0.495000 8.241066e-03
0.505000 -3.058598e-02
0.515000 6.211878e-02
0.525000 1.791709e-02
0.535000 1.356095e-02
0.545000 4.473197e-02
0.555000 4.978523e-02
0.565000 -6.203952e-04
0.575000 3.326478e-02
0.585000 3.476410e-02
0.595000 2.407202e-02
0.605000 4.621390e-02
0.615000 1.009211e-02
0.625000 -4.108053e-05
0.635000 -2.219426e-02
0.645000 1.827813e-02
0.655000 -2.785194e-02
0.665000 -4.097865e-02
0.675000 1.632419e-02
0.685000 -4.506969e-03
0.695000 -6.196613e-04
0.705000 2.458231e-02
0.715000 -7.353299e-03
0.725000 -1.925255e-03
0.735000 -1.249559e-02
0.745000 7.871524e-03
0.755000 4.484679e-03
0.765000 -1.851478e-02
0.775000 -6.108883e-03
0.785000 1.275208e-02
0.795000 -1.858323e-02
0.805000 3.500030e-02
0.815000 -1.057740e-03
0.825000 4.039327e-02
0.835000 -4.155360e-02
0.845000 -9.760146e-03
0.855000 3.628778e-02
0.865000 -4.419220e-03
0.875000 -1.118152e-02
0.885000 -1.427996e-02
0.895000 -3.756426e-02
0.905000 -1.824391e-02
0.915000 -1.321953e-02
0.925000 -2.902922e-03
0.935000 -2.264590e-02
0.945000 1.555146e-02
0.955000 2.156240e-02
0.965000 -2.022542e-02
0.975000 2.289961e-02
0.985000 3.727790e-02
0.995000 -1.644671e-02
1.005000 -2.517263e-02
1.015000 -6.796559e-02
1.025000 -5.528226e-02
1.035000 3.615396e-03
1.045000 1.795946e-02
1.055000 -1.546644e-02
1.065000 -3.593438e-02
1.075000 -1.648898e-02
1.085000 -3.897563e-04
1.095000 -3.780476e-02
