0.005000 0.000000e+00
0.015000 0.000000e+00
0.025000 0.000000e+00
0.035000 0.000000e+00
0.045000 0.000000e+00
0.055000 0.000000e+00
0.065000 0.000000e+00
0.075000 0.000000e+00
0.085000 0.000000e+00
0.095000 0.000000e+00
0.105000 0.000000e+00
0.115000 0.000000e+00
0.125000 0.000000e+00
0.135000 0.000000e+00
0.145000 0.000000e+00
0.155000 0.000000e+00
0.165000 0.000000e+00
0.175000 0.000000e+00
0.185000 1.083655e+00
0.195000 1.005949e-01
0.205000 3.288959e-01
0.215000 1.534022e+00
0.225000 8.178440e-01
0.235000 1.358467e-01
0.245000 8.318855e-02
0.255000 -2.532964e-02
0.265000 -1.267552e-01
0.275000 1.260991e-01
0.285000 1.388092e-01
0.295000 1.097783e-01
0.305000 1.081917e-01
0.315000 3.526595e-02
0.325000 5.881066e-03
0.335000 -4.227823e-02
0.345000 -4.770313e-02
0.355000 -4.566726e-02
0.365000 -8.339951e-02
0.375000 -1.090181e-01
0.385000 -1.357417e-01
0.395000 -1.415367e-01
0.405000 -1.208804e-01
0.415000 -1.421454e-01
0.425000 -7.278149e-02
0.435000 -6.806546e-02
0.445000 -7.431389e-02
0.455000 -5.840613e-02
0.465000 -2.713981e-02
0.475000 -3.849551e-02
0.485000 2.382944e-02
0.495000 1.564436e-02
0.505000 -9.659659e-03
0.515000 3.241452e-02
0.525000 4.799336e-02
0.535000 4.017630e-02
0.545000 6.473892e-02
0.555000 7.074686e-02
0.565000 4.118854e-02
0.575000 5.179048e-03
0.585000 6.245208e-02
0.595000 1.419309e-02
0.605000 2.574235e-02
0.615000 -8.482843e-03
0.625000 2.335571e-02
0.635000 -4.353426e-02
0.645000 -1.366958e-02
0.655000 -4.339589e-02
0.665000 -6.462092e-02
0.675000 -3.078426e-02
0.685000 -6.119382e-02
0.695000 4.210296e-03
0.705000 -9.122791e-04
0.715000 -3.489040e-02
0.725000 4.814025e-02
0.735000 -8.587272e-03
0.745000 -2.262063e-02
0.755000 -2.414429e-02
0.765000 -6.985622e-04
0.775000 -7.475784e-03
0.785000 -4.656079e-02
0.795000 4.533988e-03
0.805000 4.731847e-03
0.815000 2.209049e-02
0.825000 -2.267018e-02
0.835000 1.828046e-02
0.845000 1.073093e-02
0.855000 3.167630e-02
0.865000 -6.581056e-04
0.875000 2.860861e-04
0.885000 -1.318125e-02
0.895000 -8.796603e-03
0.905000 8.603553e-03
0.915000 6.493716e-03
0.925000 1.580483e-03
0.935000 -1.569520e-02
0.945000 1.300669e-02
0.955000 1.276616e-02
0.965000 -5.304726e-03
0.975000 2.273679e-02
0.985000 -8.541807e-03
0.995000 3.929815e-02
1.005000 8.040218e-03
1.015000 1.637112e-02
1.025000 9.911186e-03
1.035000 -1.760164e-02
1.045000 1.137207e-02
1.055000 6.284415e-03
1.065000 -1.210634e-02
1.075000 -1.370798e-02
1.085000 1.604692e-02
1.095000 -1.581965e-02
