0.005000 0.000000e+00
0.015000 0.000000e+00
0.025000 0.000000e+00
0.035000 0.000000e+00
0.045000 0.000000e+00
0.055000 0.000000e+00
0.065000 0.000000e+00
0.075000 0.000000e+00
0.085000 0.000000e+00
0.095000 0.000000e+00
0.105000 0.000000e+00
0.115000 0.000000e+00
0.125000 0.000000e+00
0.135000 0.000000e+00
0.145000 0.000000e+00
0.155000 0.000000e+00
0.165000 0.000000e+00
0.175000 0.000000e+00
0.185000 0.000000e+00
0.195000 0.000000e+00
0.205000 -8.096398e-01
0.215000 -9.013935e-01
0.225000 -1.859479e+00
0.235000 -4.221407e+00
0.245000 -5.537459e+00
0.255000 -4.149804e+00
0.265000 -2.152552e+00
0.275000 -6.870022e-01
0.285000 -2.382561e-01
0.295000 1.471042e-01
0.305000 2.461670e-01
0.315000 3.092913e-01
0.325000 3.107938e-01
0.335000 2.838606e-01
0.345000 2.881393e-01
0.355000 4.575985e-01
0.365000 4.564683e-01
0.375000 4.500017e-01
0.385000 4.685632e-01
0.395000 5.869813e-01
0.405000 4.723574e-01
0.415000 4.949701e-01
0.425000 5.332599e-01
0.435000 4.544677e-01
0.445000 4.344212e-01
0.455000 3.828871e-01
0.465000 2.299400e-01
0.475000 5.444043e-02
0.485000 7.386445e-02
0.495000 -1.069310e-01
0.505000 -2.001240e-01
0.515000 -1.830473e-01
0.525000 -2.175027e-01
0.535000 -2.223670e-01
0.545000 -1.904155e-01
0.555000 -2.424762e-01
0.565000 -1.173154e-01
0.575000 -1.741202e-01
0.585000 -1.960263e-01
0.595000 -5.538924e-02
0.605000 -2.029531e-02
0.615000 1.150539e-02
0.625000 8.337704e-04
0.635000 1.175729e-01
0.645000 7.559497e-02
0.655000 9.502097e-02
0.665000 1.221322e-01
0.675000 5.234594e-02
0.685000 1.189057e-01
0.695000 2.716699e-02
0.705000 6.978661e-02
0.715000 9.348999e-02
0.725000 7.953839e-02
0.735000 -2.497965e-02
0.745000 -5.720124e-02
0.755000 -4.887799e-02
0.765000 -1.003719e-02
0.775000 -6.002630e-02
0.785000 -7.258025e-02
0.795000 -6.601743e-03
0.805000 -1.660532e-03
0.815000 -1.885003e-02
0.825000 -5.566115e-02
0.835000 3.268596e-03
0.845000 3.097492e-02
0.855000 1.008361e-02
0.865000 -3.048825e-02
0.875000 4.819756e-02
0.885000 1.874486e-02
0.895000 -1.773574e-02
0.905000 -4.551922e-02
0.915000 4.025366e-02
0.925000 1.303199e-02
0.935000 3.650731e-02
0.945000 1.406611e-02
0.955000 -1.684408e-03
0.965000 2.836486e-02
0.975000 -4.685186e-02
0.985000 2.432658e-02
0.995000 6.370545e-03
1.005000 3.237423e-02
1.015000 1.737088e-03
1.025000 2.239536e-03
1.035000 -4.507485e-03
1.045000 1.683905e-02
1.055000 -3.719233e-02
1.065000 3.828074e-02
1.075000 3.113629e-02
1.085000 -6.306605e-02
1.095000 -1.030987e-02
