0.000000 0.000000
0.010000 0.000000
0.020000 0.000000
0.030000 0.000000
0.040000 0.000000
0.050000 0.000000
0.060000 0.000000
0.070000 0.000000
0.080000 0.000000
0.090000 0.000000
0.100000 0.000000
0.110000 0.000000
0.120000 0.000000
0.130000 0.000000
0.140000 0.000000
0.150000 0.000000
0.160000 0.000000
0.170000 0.000000
0.180000 0.000000
0.190000 0.000000
0.200000 0.000000
0.210000 0.000000
0.220000 0.000000
0.230000 0.000000
0.240000 0.000616
0.250000 0.096239
0.260000 1.084155
0.270000 2.721947
0.280000 2.927389
0.290000 2.110996
0.300000 1.404844
0.310000 1.033669
0.320000 0.879568
0.330000 0.824662
0.340000 0.822613
0.350000 0.835959
0.360000 0.859492
0.370000 0.886423
0.380000 0.915367
0.390000 0.943588
0.400000 0.978279
0.410000 1.006512
0.420000 1.040510
0.430000 1.064634
0.440000 1.087264
0.450000 1.095228
0.460000 1.095108
0.470000 1.089240
0.480000 1.074608
0.490000 1.058101
0.500000 1.034261
0.510000 1.010885
0.520000 0.988767
0.530000 0.964867
0.540000 0.942711
0.550000 0.925115
0.560000 0.916050
0.570000 0.915539
0.580000 0.920671
0.590000 0.932354
0.600000 0.951365
0.610000 0.964934
0.620000 0.982260
0.630000 0.994253
0.640000 1.010723
0.650000 1.018513
0.660000 1.027532
0.670000 1.033884
0.680000 1.041492
0.690000 1.038636
0.700000 1.035781
0.710000 1.032750
0.720000 1.024583
0.730000 1.019147
0.740000 1.012823
0.750000 1.004648
0.760000 0.996593
0.770000 0.993761
0.780000 0.990778
0.790000 0.988066
0.800000 0.987474
0.810000 0.987649
0.820000 0.991358
0.830000 0.993298
0.840000 0.995492
0.850000 0.996376
0.860000 0.999135
0.870000 0.999509
0.880000 0.999414
0.890000 0.999781
0.900000 1.000305
0.910000 0.999286
0.920000 0.999616
0.930000 0.998326
0.940000 0.998693
0.950000 1.000150
0.960000 0.997836
0.970000 0.996699
0.980000 0.996995
0.990000 0.997180
1.000000 0.997636
1.010000 0.999247
1.020000 0.999744
1.030000 1.000109
1.040000 1.000222
1.050000 1.000261
1.060000 1.001735
1.070000 1.002787
1.080000 1.002948
1.090000 1.001678
1.100000 1.002313
