0.000000 0.000000
0.010000 0.000000
0.020000 0.000000
0.030000 0.000000
0.040000 0.000000
0.050000 0.000000
0.060000 0.000000
0.070000 0.000000
0.080000 0.000000
0.090000 0.000000
0.100000 0.000000
0.110000 0.000000
0.120000 0.000000
0.130000 0.000000
0.140000 0.000000
0.150000 0.000000
0.160000 0.000000
0.170000 0.000000
0.180000 0.000000
0.190000 0.000000
0.200000 0.000000
0.210000 0.000000
0.220000 0.000000
0.230000 0.000000
0.240000 0.000649
0.250000 0.100541
0.260000 1.088065
0.270000 2.710603
0.280000 2.906426
0.290000 2.105823
0.300000 1.400743
0.310000 1.044554
0.320000 0.890645
0.330000 0.840212
0.340000 0.835717
0.350000 0.845594
0.360000 0.868072
0.370000 0.891854
0.380000 0.921017
0.390000 0.948231
0.400000 0.980643
0.410000 1.006549
0.420000 1.036567
0.430000 1.058754
0.440000 1.079034
0.450000 1.088353
0.460000 1.088789
0.470000 1.083986
0.480000 1.068601
0.490000 1.050932
0.500000 1.029658
0.510000 1.005326
0.520000 0.985065
0.530000 0.963757
0.540000 0.945695
0.550000 0.926292
0.560000 0.918449
0.570000 0.915623
0.580000 0.921970
0.590000 0.934948
0.600000 0.950153
0.610000 0.966321
0.620000 0.983904
0.630000 0.998514
0.640000 1.009993
0.650000 1.021929
0.660000 1.027492
0.670000 1.034437
0.680000 1.036576
0.690000 1.038324
0.700000 1.033537
0.710000 1.029888
0.720000 1.024213
0.730000 1.018083
0.740000 1.008588
0.750000 1.002712
0.760000 0.996159
0.770000 0.991347
0.780000 0.989044
0.790000 0.986408
0.800000 0.984459
0.810000 0.987516
0.820000 0.986641
0.830000 0.990363
0.840000 0.992640
0.850000 0.994728
0.860000 0.997088
0.870000 0.998910
0.880000 1.001085
0.890000 0.997576
0.900000 0.999139
0.910000 0.997986
0.920000 0.997484
0.930000 0.997900
0.940000 0.996272
0.950000 0.996520
0.960000 0.996475
0.970000 0.996327
0.980000 0.996685
0.990000 0.996595
1.000000 0.997710
1.010000 0.999187
1.020000 0.999062
1.030000 0.999223
1.040000 0.999198
1.050000 1.000738
1.060000 1.000392
1.070000 1.000861
1.080000 1.000446
1.090000 0.999607
1.100000 0.999744
