0.000000 0.000000
0.010000 0.000000
0.020000 0.000000
0.030000 0.000000
0.040000 0.000000
0.050000 0.000000
0.060000 0.000000
0.070000 0.000000
0.080000 0.000000
0.090000 0.000000
0.100000 0.000000
0.110000 0.000000
0.120000 0.000000
0.130000 0.000000
0.140000 0.000000
0.150000 0.000000
0.160000 0.000000
0.170000 0.000000
0.180000 0.000000
0.190000 0.000000
0.200000 0.000000
0.210000 0.000000
0.220000 0.000000
0.230000 0.000000
0.240000 0.000249
0.250000 0.075703
0.260000 0.997641
0.270000 2.642388
0.280000 2.947419
0.290000 2.193872
0.300000 1.469039
0.310000 1.071717
0.320000 0.906911
0.330000 0.845139
0.340000 0.839448
0.350000 0.848762
0.360000 0.860942
0.370000 0.882269
0.380000 0.909485
0.390000 0.936697
0.400000 0.965436
0.410000 0.994617
0.420000 1.026670
0.430000 1.052865
0.440000 1.070081
0.450000 1.076302
0.460000 1.086919
0.470000 1.082252
0.480000 1.071838
0.490000 1.054810
0.500000 1.032976
0.510000 1.010633
0.520000 0.992645
0.530000 0.972030
0.540000 0.953911
0.550000 0.933599
0.560000 0.928042
0.570000 0.920104
0.580000 0.925656
0.590000 0.937724
0.600000 0.950081
0.610000 0.967569
0.620000 0.983469
0.630000 0.996174
0.640000 1.009297
0.650000 1.020948
0.660000 1.026274
0.670000 1.033273
0.680000 1.037087
0.690000 1.038288
0.700000 1.032906
0.710000 1.032998
0.720000 1.027333
0.730000 1.020617
0.740000 1.014127
0.750000 1.006881
0.760000 0.999547
0.770000 0.994596
0.780000 0.992491
0.790000 0.990967
0.800000 0.989646
0.810000 0.989777
0.820000 0.990220
0.830000 0.992280
0.840000 0.994863
0.850000 0.995062
0.860000 0.998833
0.870000 1.000593
0.880000 1.000290
0.890000 1.000624
0.900000 0.999926
0.910000 1.000381
0.920000 1.001311
0.930000 1.001563
0.940000 1.000988
0.950000 1.001223
0.960000 1.000639
0.970000 0.999840
0.980000 0.999963
0.990000 0.999235
1.000000 0.999966
1.010000 1.000549
1.020000 1.000791
1.030000 1.002216
1.040000 1.001868
1.050000 1.000472
1.060000 1.003648
1.070000 1.005245
1.080000 1.005111
1.090000 1.003936
1.100000 1.004837
