0.000000 0.000000
0.010000 0.000000
0.020000 0.000000
0.030000 0.000000
0.040000 0.000000
0.050000 0.000000
0.060000 0.000000
0.070000 0.000000
0.080000 0.000000
0.090000 0.000000
0.100000 0.000000
0.110000 0.000000
0.120000 0.000000
0.130000 0.000000
0.140000 0.000000
0.150000 0.000000
0.160000 0.000000
0.170000 0.000000
0.180000 0.000000
0.190000 0.000000
0.200000 0.000000
0.210000 0.000000
0.220000 0.000000
0.230000 0.000000
0.240000 0.000657
0.250000 0.096484
0.260000 1.102860
0.270000 2.749052
0.280000 2.928570
0.290000 2.107986
0.300000 1.400479
0.310000 1.026234
0.320000 0.865800
0.330000 0.815413
0.340000 0.814308
0.350000 0.829350
0.360000 0.853389
0.370000 0.882859
0.380000 0.912481
0.390000 0.946859
0.400000 0.983319
0.410000 1.013494
0.420000 1.044675
0.430000 1.067985
0.440000 1.093318
0.450000 1.103811
0.460000 1.101744
0.470000 1.096866
0.480000 1.080530
0.490000 1.064117
0.500000 1.035779
0.510000 1.009317
0.520000 0.986949
0.530000 0.962279
0.540000 0.941840
0.550000 0.922681
0.560000 0.912934
0.570000 0.910204
0.580000 0.918393
0.590000 0.929306
0.600000 0.949282
0.610000 0.965604
0.620000 0.982266
0.630000 0.997485
0.640000 1.012951
0.650000 1.023081
0.660000 1.032652
0.670000 1.036547
0.680000 1.038930
0.690000 1.043246
0.700000 1.039404
0.710000 1.036346
0.720000 1.026817
0.730000 1.023207
0.740000 1.012965
0.750000 1.007262
0.760000 1.000107
0.770000 0.995050
0.780000 0.990974
0.790000 0.988642
0.800000 0.988892
0.810000 0.988863
0.820000 0.991353
0.830000 0.992693
0.840000 0.994624
0.850000 0.997622
0.860000 0.999195
0.870000 1.002816
0.880000 1.001986
0.890000 1.002079
0.900000 1.001010
0.910000 1.001755
0.920000 1.001571
0.930000 0.999871
0.940000 1.000306
0.950000 0.999722
0.960000 1.000212
0.970000 0.998535
0.980000 0.999975
0.990000 1.000868
1.000000 1.001556
1.010000 1.001575
1.020000 1.002953
1.030000 1.003718
1.040000 1.003149
1.050000 1.003645
1.060000 1.005817
1.070000 1.004042
1.080000 1.004996
1.090000 1.005726
1.100000 1.005250
