0.000000 0.000000
0.010000 0.000000
0.020000 0.000000
0.030000 0.000000
0.040000 0.000000
0.050000 0.000000
0.060000 0.000000
0.070000 0.000000
0.080000 0.000000
0.090000 0.000000
0.100000 0.000000
0.110000 0.000000
0.120000 0.000000
0.130000 0.000000
0.140000 0.000000
0.150000 0.000000
0.160000 0.000000
0.170000 0.000000
0.180000 0.000000
0.190000 0.000000
0.200000 0.000000
0.210000 0.000000
0.220000 0.000000
0.230000 0.000000
0.240000 0.000539
0.250000 0.092608
0.260000 1.065093
0.270000 2.704931
0.280000 2.934867
0.290000 2.128680
0.300000 1.416790
0.310000 1.038828
0.320000 0.879238
0.330000 0.833304
0.340000 0.829784
0.350000 0.840311
0.360000 0.862235
0.370000 0.886511
0.380000 0.914024
0.390000 0.944853
0.400000 0.974464
0.410000 1.004626
0.420000 1.034665
0.430000 1.060819
0.440000 1.085374
0.450000 1.092758
0.460000 1.096118
0.470000 1.087705
0.480000 1.075585
0.490000 1.056309
0.500000 1.035964
0.510000 1.009424
0.520000 0.991805
0.530000 0.967864
0.540000 0.945434
0.550000 0.928348
0.560000 0.920288
0.570000 0.915030
0.580000 0.921842
0.590000 0.934864
0.600000 0.950433
0.610000 0.966897
0.620000 0.982838
0.630000 0.994678
0.640000 1.011486
0.650000 1.022634
0.660000 1.029136
0.670000 1.034939
0.680000 1.038563
0.690000 1.037350
0.700000 1.036138
0.710000 1.032261
0.720000 1.024379
0.730000 1.019095
0.740000 1.014233
0.750000 1.005048
0.760000 0.999210
0.770000 0.994812
0.780000 0.990793
0.790000 0.988885
0.800000 0.989686
0.810000 0.986720
0.820000 0.987891
0.830000 0.993023
0.840000 0.994449
0.850000 0.997403
0.860000 0.998744
0.870000 1.000886
0.880000 1.000028
0.890000 1.000732
0.900000 0.998375
0.910000 0.999292
0.920000 1.000332
0.930000 0.998972
0.940000 1.000969
0.950000 0.999434
0.960000 0.997728
0.970000 0.996989
0.980000 0.997871
0.990000 0.999531
1.000000 0.999545
1.010000 0.999131
1.020000 0.999262
1.030000 1.000467
1.040000 1.001069
1.050000 1.001156
1.060000 1.001364
1.070000 1.002283
1.080000 1.003337
1.090000 1.002372
1.100000 1.002802
