0.000000 0.000000
0.010000 0.000000
0.020000 0.000000
0.030000 0.000000
0.040000 0.000000
0.050000 0.000000
0.060000 0.000000
0.070000 0.000000
0.080000 0.000000
0.090000 0.000000
0.100000 0.000000
0.110000 0.000000
0.120000 0.000000
0.130000 0.000000
0.140000 0.000000
0.150000 0.000000
0.160000 0.000000
0.170000 0.000000
0.180000 0.000000
0.190000 0.000000
0.200000 0.000000
0.210000 0.000000
0.220000 0.000000
0.230000 0.000000
0.240000 0.000849
0.250000 0.094194
0.260000 1.071802
0.270000 2.690403
0.280000 2.909979
0.290000 2.111601
0.300000 1.421071
0.310000 1.047872
0.320000 0.888173
0.330000 0.831791
0.340000 0.829090
0.350000 0.841154
0.360000 0.860028
0.370000 0.888924
0.380000 0.915346
0.390000 0.945064
0.400000 0.976036
0.410000 1.006203
0.420000 1.036429
0.430000 1.063448
0.440000 1.078983
0.450000 1.090589
0.460000 1.094001
0.470000 1.083999
0.480000 1.070892
0.490000 1.053464
0.500000 1.026462
0.510000 1.005628
0.520000 0.983363
0.530000 0.960913
0.540000 0.943631
0.550000 0.926037
0.560000 0.914174
0.570000 0.916398
0.580000 0.922951
0.590000 0.934491
0.600000 0.950611
0.610000 0.964843
0.620000 0.983167
0.630000 0.996127
0.640000 1.008364
0.650000 1.018998
0.660000 1.029209
0.670000 1.032059
0.680000 1.035959
0.690000 1.036787
0.700000 1.035354
0.710000 1.033745
0.720000 1.025481
0.730000 1.019379
0.740000 1.009285
0.750000 1.002325
0.760000 0.996489
0.770000 0.992829
0.780000 0.987969
0.790000 0.986499
0.800000 0.986653
0.810000 0.986304
0.820000 0.985465
0.830000 0.989882
0.840000 0.993854
0.850000 0.996452
0.860000 0.998028
0.870000 0.997292
0.880000 0.997286
0.890000 0.999245
0.900000 0.998483
0.910000 0.999118
0.920000 0.998051
0.930000 0.997240
0.940000 0.998171
0.950000 0.996815
0.960000 0.999283
0.970000 0.998228
0.980000 0.997741
0.990000 0.998175
1.000000 0.996558
1.010000 0.997524
1.020000 0.999145
1.030000 0.998953
1.040000 0.999838
1.050000 1.001094
1.060000 0.999719
1.070000 1.001465
1.080000 1.000712
1.090000 1.001389
1.100000 1.001285
