0.000000 0.000000
0.010000 0.000000
0.020000 0.000000
0.030000 0.000000
0.040000 0.000000
0.050000 0.000000
0.060000 0.000000
0.070000 0.000000
0.080000 0.000000
0.090000 0.000000
0.100000 0.000000
0.110000 0.000000
0.120000 0.000000
0.130000 0.000000
0.140000 0.000000
0.150000 0.000000
0.160000 0.000000
0.170000 0.000000
0.180000 0.000000
0.190000 0.000000
0.200000 0.000000
0.210000 0.000000
0.220000 0.000000
0.230000 0.000000
0.240000 0.000408
0.250000 0.060917
0.260000 0.770231
0.270000 2.219748
0.280000 2.726800
0.290000 2.220004
0.300000 1.613151
0.310000 1.249341
0.320000 1.062768
0.330000 0.981116
0.340000 0.948311
0.350000 0.938963
0.360000 0.939029
0.370000 0.937677
0.380000 0.942459
0.390000 0.956677
0.400000 0.976012
0.410000 0.984765
0.420000 1.005530
0.430000 1.013308
0.440000 1.030125
0.450000 1.037916
0.460000 1.032951
0.470000 1.031653
0.480000 1.021676
0.490000 1.012359
0.500000 0.999619
0.510000 0.981961
0.520000 0.969709
0.530000 0.960759
0.540000 0.953594
0.550000 0.948407
0.560000 0.952304
0.570000 0.954230
0.580000 0.961237
0.590000 0.969417
0.600000 0.977432
0.610000 0.989135
0.620000 0.998933
0.630000 1.006179
0.640000 1.015217
0.650000 1.019189
0.660000 1.025857
0.670000 1.032663
0.680000 1.030636
0.690000 1.032354
0.700000 1.028983
0.710000 1.027067
0.720000 1.021763
0.730000 1.012842
0.740000 1.008925
0.750000 1.003914
0.760000 0.997024
0.770000 0.993879
0.780000 0.991494
0.790000 0.989530
0.800000 0.991584
0.810000 0.988888
0.820000 0.991334
0.830000 0.994228
0.840000 0.994735
0.850000 0.994721
0.860000 0.997539
0.870000 0.998412
0.880000 1.001120
0.890000 0.998957
0.900000 1.000156
0.910000 1.001887
0.920000 1.001240
0.930000 1.003070
0.940000 1.002559
0.950000 1.003450
0.960000 1.001697
0.970000 1.001535
0.980000 1.002032
0.990000 1.001752
1.000000 1.002097
1.010000 1.001409
1.020000 1.002307
1.030000 1.003640
1.040000 1.002862
1.050000 1.002088
1.060000 1.002181
1.070000 1.002838
1.080000 1.003444
1.090000 1.001967
1.100000 1.002067
