0.000000 0.000000
0.010000 0.000000
0.020000 0.000000
0.030000 0.000000
0.040000 0.000000
0.050000 0.000000
0.060000 0.000000
0.070000 0.000000
0.080000 0.000000
0.090000 0.000000
0.100000 0.000000
0.110000 0.000000
0.120000 0.000000
0.130000 0.000000
0.140000 0.000000
0.150000 0.000000
0.160000 0.000000
0.170000 0.000000
0.180000 0.000000
0.190000 0.000000
0.200000 0.000000
0.210000 0.000000
0.220000 0.000000
0.230000 0.000000
0.240000 0.000613
0.250000 0.097211
0.260000 1.082959
0.270000 2.718540
0.280000 2.917121
0.290000 2.118622
0.300000 1.409091
0.310000 1.038649
0.320000 0.876849
0.330000 0.830414
0.340000 0.828140
0.350000 0.839198
0.360000 0.861589
0.370000 0.885786
0.380000 0.918437
0.390000 0.947568
0.400000 0.978427
0.410000 1.005868
0.420000 1.041259
0.430000 1.062742
0.440000 1.080290
0.450000 1.093499
0.460000 1.095610
0.470000 1.087575
0.480000 1.076336
0.490000 1.056017
0.500000 1.038390
0.510000 1.010620
0.520000 0.991343
0.530000 0.966283
0.540000 0.945340
0.550000 0.929692
0.560000 0.918173
0.570000 0.915454
0.580000 0.921243
0.590000 0.934097
0.600000 0.950200
0.610000 0.967375
0.620000 0.982408
0.630000 0.997012
0.640000 1.011790
0.650000 1.021008
0.660000 1.032298
0.670000 1.036505
0.680000 1.039463
0.690000 1.037977
0.700000 1.038314
0.710000 1.034726
0.720000 1.028728
0.730000 1.021814
0.740000 1.012798
0.750000 1.006589
0.760000 0.998542
0.770000 0.996084
0.780000 0.991780
0.790000 0.989746
0.800000 0.989752
0.810000 0.988080
0.820000 0.989306
0.830000 0.991864
0.840000 0.996255
0.850000 0.997746
0.860000 0.998959
0.870000 1.001055
0.880000 1.000449
0.890000 1.003029
0.900000 1.000983
0.910000 1.000318
0.920000 0.999564
0.930000 1.000294
0.940000 1.000904
0.950000 0.999381
0.960000 1.001006
0.970000 1.001734
0.980000 1.001743
0.990000 0.999723
1.000000 0.999998
1.010000 1.000777
1.020000 1.002610
1.030000 1.000808
1.040000 1.003179
1.050000 1.003507
1.060000 1.003150
1.070000 1.002907
1.080000 1.004092
1.090000 1.003069
1.100000 1.003024
