0.000000 0.000000
0.010000 0.000000
0.020000 0.000000
0.030000 0.000000
0.040000 0.000000
0.050000 0.000000
0.060000 0.000000
0.070000 0.000000
0.080000 0.000000
0.090000 0.000000
0.100000 0.000000
0.110000 0.000000
0.120000 0.000000
0.130000 0.000000
0.140000 0.000000
0.150000 0.000000
0.160000 0.000000
0.170000 0.000000
0.180000 0.000000
0.190000 0.000000
0.200000 0.000000
0.210000 0.000000
0.220000 0.000000
0.230000 0.000000
0.240000 0.000741
0.250000 0.092236
0.260000 1.051891
0.270000 2.669835
0.280000 2.907108
0.290000 2.127483
0.300000 1.427942
0.310000 1.051143
0.320000 0.896839
0.330000 0.843574
0.340000 0.840567
0.350000 0.849937
0.360000 0.869716
0.370000 0.890183
0.380000 0.918256
0.390000 0.946667
0.400000 0.979662
0.410000 1.010333
0.420000 1.033508
0.430000 1.059224
0.440000 1.080414
0.450000 1.083935
0.460000 1.085932
0.470000 1.083121
0.480000 1.068197
0.490000 1.046644
0.500000 1.027437
0.510000 1.004498
0.520000 0.980416
0.530000 0.962897
0.540000 0.944739
0.550000 0.927744
0.560000 0.922135
0.570000 0.918715
0.580000 0.927608
0.590000 0.939071
0.600000 0.954087
0.610000 0.972072
0.620000 0.986673
0.630000 0.999450
0.640000 1.013399
0.650000 1.018648
0.660000 1.029289
0.670000 1.036485
0.680000 1.039758
0.690000 1.037194
0.700000 1.033429
0.710000 1.030901
0.720000 1.025689
0.730000 1.017930
0.740000 1.009226
0.750000 1.005180
0.760000 0.997233
0.770000 0.990775
0.780000 0.989324
0.790000 0.987650
0.800000 0.988327
0.810000 0.987620
0.820000 0.987782
0.830000 0.993798
0.840000 0.993999
0.850000 0.996605
0.860000 0.998012
0.870000 0.998726
0.880000 0.999389
0.890000 1.000394
0.900000 0.999410
0.910000 0.999980
0.920000 0.999333
0.930000 0.998252
0.940000 0.999677
0.950000 0.999798
0.960000 1.000019
0.970000 0.998912
0.980000 0.999742
0.990000 0.999148
1.000000 0.998969
1.010000 0.998771
1.020000 0.999445
1.030000 1.001130
1.040000 1.000983
1.050000 1.001110
1.060000 1.001467
1.070000 1.002860
1.080000 1.001640
1.090000 1.001947
1.100000 1.003156
