0.000000 0.000000
0.010000 0.000000
0.020000 0.000000
0.030000 0.000000
0.040000 0.000000
0.050000 0.000000
0.060000 0.000000
0.070000 0.000000
0.080000 0.000000
0.090000 0.000000
0.100000 0.000000
0.110000 0.000000
0.120000 0.000000
0.130000 0.000000
0.140000 0.000000
0.150000 0.000000
0.160000 0.000000
0.170000 0.000000
0.180000 0.000000
0.190000 0.000000
0.200000 0.000000
0.210000 0.000000
0.220000 0.000000
0.230000 0.000000
0.240000 0.000661
0.250000 0.096433
0.260000 1.082611
0.270000 2.715793
0.280000 2.916954
0.290000 2.113631
0.300000 1.408330
0.310000 1.034247
0.320000 0.880048
0.330000 0.830585
0.340000 0.826145
0.350000 0.840029
0.360000 0.863453
0.370000 0.888736
0.380000 0.915828
0.390000 0.947530
0.400000 0.977756
0.410000 1.008422
0.420000 1.035807
0.430000 1.064816
0.440000 1.084136
0.450000 1.095311
0.460000 1.093876
0.470000 1.090589
0.480000 1.075028
0.490000 1.054180
0.500000 1.032771
0.510000 1.006278
0.520000 0.985661
0.530000 0.964211
0.540000 0.942063
0.550000 0.924648
0.560000 0.914152
0.570000 0.916175
0.580000 0.921350
0.590000 0.934243
0.600000 0.951299
0.610000 0.966781
0.620000 0.984342
0.630000 0.998712
0.640000 1.012594
0.650000 1.021027
0.660000 1.030818
0.670000 1.037252
0.680000 1.039535
0.690000 1.039069
0.700000 1.036024
0.710000 1.033634
0.720000 1.026111
0.730000 1.019055
0.740000 1.010797
0.750000 1.004436
0.760000 0.998060
0.770000 0.993071
0.780000 0.989668
0.790000 0.987203
0.800000 0.986338
0.810000 0.987074
0.820000 0.989712
0.830000 0.992300
0.840000 0.994108
0.850000 0.997366
0.860000 0.998931
0.870000 1.000648
0.880000 1.002248
0.890000 1.001249
0.900000 1.001041
0.910000 1.000726
0.920000 1.000896
0.930000 1.000829
0.940000 0.999976
0.950000 0.999675
0.960000 0.998740
0.970000 0.998926
0.980000 0.998272
0.990000 0.998730
1.000000 0.998637
1.010000 0.998334
1.020000 0.999402
1.030000 1.000578
1.040000 1.001378
1.050000 1.001765
1.060000 1.002487
1.070000 1.003304
1.080000 1.003854
1.090000 1.002927
1.100000 1.003354
