0.000000 0.000000
0.010000 0.000000
0.020000 0.000000
0.030000 0.000000
0.040000 0.000000
0.050000 0.000000
0.060000 0.000000
0.070000 0.000000
0.080000 0.000000
0.090000 0.000000
0.100000 0.000000
0.110000 0.000000
0.120000 0.000000
0.130000 0.000000
0.140000 0.000000
0.150000 0.000000
0.160000 0.000000
0.170000 0.000000
0.180000 0.000000
0.190000 0.000000
0.200000 0.000000
0.210000 0.000000
0.220000 0.000000
0.230000 0.000000
0.240000 0.000496
0.250000 0.093089
0.260000 1.070637
0.270000 2.701648
0.280000 2.916363
0.290000 2.117985
0.300000 1.414432
0.310000 1.040557
0.320000 0.884264
0.330000 0.831226
0.340000 0.822323
0.350000 0.838743
0.360000 0.859535
0.370000 0.887321
0.380000 0.915078
0.390000 0.943942
0.400000 0.975021
0.410000 1.004397
0.420000 1.036486
0.430000 1.060013
0.440000 1.081076
0.450000 1.092742
0.460000 1.096423
0.470000 1.086281
0.480000 1.074586
0.490000 1.053902
0.500000 1.031557
0.510000 1.008007
0.520000 0.987172
0.530000 0.964037
0.540000 0.947269
0.550000 0.930219
0.560000 0.917242
0.570000 0.915404
0.580000 0.921419
0.590000 0.935201
0.600000 0.948860
0.610000 0.967611
0.620000 0.982931
0.630000 0.996860
0.640000 1.008206
0.650000 1.018769
0.660000 1.027276
0.670000 1.033575
0.680000 1.038375
0.690000 1.039347
0.700000 1.034954
0.710000 1.032047
0.720000 1.026368
0.730000 1.018805
0.740000 1.012003
0.750000 1.004595
0.760000 0.999379
0.770000 0.993364
0.780000 0.991792
0.790000 0.988302
0.800000 0.988265
0.810000 0.989362
0.820000 0.991629
0.830000 0.992656
0.840000 0.994415
0.850000 0.995965
0.860000 0.998409
0.870000 0.999326
0.880000 1.000761
0.890000 0.999423
0.900000 1.000396
0.910000 0.999493
0.920000 0.999388
0.930000 0.999290
0.940000 0.999170
0.950000 0.999321
0.960000 0.999531
0.970000 1.000093
0.980000 0.999258
0.990000 1.000007
1.000000 0.999997
1.010000 1.000876
1.020000 1.001438
1.030000 1.002589
1.040000 1.002258
1.050000 1.002803
1.060000 1.003224
1.070000 1.003511
1.080000 1.003531
1.090000 1.004198
1.100000 1.002145
