0.000000 0.000000
0.010000 0.000000
0.020000 0.000000
0.030000 0.000000
0.040000 0.000000
0.050000 0.000000
0.060000 0.000000
0.070000 0.000000
0.080000 0.000000
0.090000 0.000000
0.100000 0.000000
0.110000 0.000000
0.120000 0.000000
0.130000 0.000000
0.140000 0.000000
0.150000 0.000000
0.160000 0.000000
0.170000 0.000000
0.180000 0.000000
0.190000 0.000000
0.200000 0.000000
0.210000 0.000000
0.220000 0.000000
0.230000 0.000000
0.240000 0.000464
0.250000 0.069540
0.260000 0.841605
0.270000 2.299531
0.280000 2.706727
0.290000 2.184383
0.300000 1.589240
0.310000 1.226515
0.320000 1.041074
0.330000 0.963583
0.340000 0.924502
0.350000 0.911855
0.360000 0.911393
0.370000 0.923931
0.380000 0.935925
0.390000 0.949499
0.400000 0.967941
0.410000 0.988978
0.420000 1.009287
0.430000 1.023444
0.440000 1.034971
0.450000 1.044670
0.460000 1.045774
0.470000 1.039321
0.480000 1.030262
0.490000 1.014918
0.500000 1.005520
0.510000 0.989622
0.520000 0.974564
0.530000 0.963676
0.540000 0.952698
0.550000 0.947224
0.560000 0.943904
0.570000 0.947416
0.580000 0.948489
0.590000 0.957102
0.600000 0.967127
0.610000 0.980675
0.620000 0.987652
0.630000 0.999750
0.640000 1.008129
0.650000 1.014400
0.660000 1.024472
0.670000 1.028556
0.680000 1.031361
0.690000 1.030675
0.700000 1.029024
0.710000 1.025846
0.720000 1.020974
0.730000 1.014615
0.740000 1.007940
0.750000 1.000886
0.760000 0.997548
0.770000 0.994896
0.780000 0.989951
0.790000 0.986256
0.800000 0.987273
0.810000 0.987250
0.820000 0.989171
0.830000 0.989638
0.840000 0.990789
0.850000 0.992716
0.860000 0.995374
0.870000 0.996008
0.880000 0.997949
0.890000 0.997077
0.900000 0.997838
0.910000 0.997314
0.920000 0.998933
0.930000 0.999338
0.940000 0.999152
0.950000 0.998616
0.960000 0.999715
0.970000 0.999889
0.980000 0.998550
0.990000 0.998730
1.000000 1.000592
1.010000 0.998324
1.020000 0.999726
1.030000 0.999137
1.040000 0.999656
1.050000 1.000100
1.060000 1.000810
1.070000 1.000878
1.080000 1.001255
1.090000 1.000329
1.100000 0.999616
