0.000000 0.000000
0.010000 0.000000
0.020000 0.000000
0.030000 0.000000
0.040000 0.000000
0.050000 0.000000
0.060000 0.000000
0.070000 0.000000
0.080000 0.000000
0.090000 0.000000
0.100000 0.000000
0.110000 0.000000
0.120000 0.000000
0.130000 0.000000
0.140000 0.000000
0.150000 0.000000
0.160000 0.000000
0.170000 0.000000
0.180000 0.000000
0.190000 0.000000
0.200000 0.000000
0.210000 0.000000
0.220000 0.000000
0.230000 0.000000
0.240000 0.000605
0.250000 0.095162
0.260000 1.082525
0.270000 2.710650
0.280000 2.920641
0.290000 2.110854
0.300000 1.412071
0.310000 1.038635
0.320000 0.886954
0.330000 0.834230
0.340000 0.828175
0.350000 0.840050
0.360000 0.861979
0.370000 0.885615
0.380000 0.916268
0.390000 0.947121
0.400000 0.973175
0.410000 1.004835
0.420000 1.039263
0.430000 1.060818
0.440000 1.077480
0.450000 1.093050
0.460000 1.094494
0.470000 1.088664
0.480000 1.076205
0.490000 1.053653
0.500000 1.034553
0.510000 1.013641
0.520000 0.985257
0.530000 0.966513
0.540000 0.946798
0.550000 0.928802
0.560000 0.917844
0.570000 0.916371
0.580000 0.922912
0.590000 0.934222
0.600000 0.950567
0.610000 0.969628
0.620000 0.982244
0.630000 0.998184
0.640000 1.008982
0.650000 1.024858
0.660000 1.027779
0.670000 1.035175
0.680000 1.038131
0.690000 1.039557
0.700000 1.035017
0.710000 1.032190
0.720000 1.027620
0.730000 1.018420
0.740000 1.012368
0.750000 1.004939
0.760000 0.998188
0.770000 0.994942
0.780000 0.989986
0.790000 0.988491
0.800000 0.986405
0.810000 0.989272
0.820000 0.990299
0.830000 0.992736
0.840000 0.994245
0.850000 0.998336
0.860000 0.999083
0.870000 1.001267
0.880000 1.001858
0.890000 1.001168
0.900000 1.000923
0.910000 1.001306
0.920000 0.999087
0.930000 0.999216
0.940000 1.000361
0.950000 0.999631
0.960000 1.000825
0.970000 1.000080
0.980000 1.000566
0.990000 1.000146
1.000000 0.999559
1.010000 0.999640
1.020000 1.000437
1.030000 1.001712
1.040000 1.002864
1.050000 1.002022
1.060000 1.003851
1.070000 1.002105
1.080000 1.002033
1.090000 1.003251
1.100000 1.002916
