0.000000 0.000000
0.010000 0.000000
0.020000 0.000000
0.030000 0.000000
0.040000 0.000000
0.050000 0.000000
0.060000 0.000000
0.070000 0.000000
0.080000 0.000000
0.090000 0.000000
0.100000 0.000000
0.110000 0.000000
0.120000 0.000000
0.130000 0.000000
0.140000 0.000000
0.150000 0.000000
0.160000 0.000000
0.170000 0.000000
0.180000 0.000000
0.190000 0.000000
0.200000 0.000000
0.210000 0.000000
0.220000 0.000000
0.230000 0.000000
0.240000 0.000400
0.250000 0.060775
0.260000 0.775684
0.270000 2.232638
0.280000 2.726285
0.290000 2.232102
0.300000 1.621245
0.310000 1.242415
0.320000 1.054848
0.330000 0.979975
0.340000 0.945861
0.350000 0.934642
0.360000 0.937049
0.370000 0.933840
0.380000 0.943023
0.390000 0.952491
0.400000 0.968187
0.410000 0.986969
0.420000 1.004461
0.430000 1.015133
0.440000 1.031455
0.450000 1.033946
0.460000 1.038988
0.470000 1.028823
0.480000 1.022253
0.490000 1.011607
0.500000 0.997697
0.510000 0.984788
0.520000 0.975459
0.530000 0.961755
0.540000 0.956796
0.550000 0.952559
0.560000 0.948646
0.570000 0.956902
0.580000 0.961467
0.590000 0.969084
0.600000 0.977313
0.610000 0.987661
0.620000 0.994738
0.630000 1.006649
0.640000 1.014772
0.650000 1.020803
0.660000 1.022332
0.670000 1.030064
0.680000 1.029824
0.690000 1.029428
0.700000 1.027828
0.710000 1.024950
0.720000 1.017911
0.730000 1.014735
0.740000 1.010265
0.750000 1.002176
0.760000 0.999093
0.770000 0.995632
0.780000 0.991572
0.790000 0.988983
0.800000 0.990220
0.810000 0.988295
0.820000 0.992240
0.830000 0.992212
0.840000 0.993767
0.850000 0.996224
0.860000 0.998325
0.870000 0.998321
0.880000 0.999575
0.890000 1.000552
0.900000 0.999126
0.910000 0.999843
0.920000 1.001503
0.930000 1.001293
0.940000 1.000870
0.950000 1.002913
0.960000 1.001317
0.970000 1.001281
0.980000 1.000839
0.990000 1.000753
1.000000 1.001955
1.010000 1.000754
1.020000 1.001936
1.030000 1.001890
1.040000 1.000699
1.050000 1.002178
1.060000 1.002152
1.070000 1.001117
1.080000 1.002444
1.090000 1.002186
1.100000 1.000466
