0.000000 0.000000
0.010000 0.000000
0.020000 0.000000
0.030000 0.000000
0.040000 0.000000
0.050000 0.000000
0.060000 0.000000
0.070000 0.000000
0.080000 0.000000
0.090000 0.000000
0.100000 0.000000
0.110000 0.000000
0.120000 0.000000
0.130000 0.000000
0.140000 0.000000
0.150000 0.000000
0.160000 0.000000
0.170000 0.000000
0.180000 0.000000
0.190000 0.000000
0.200000 0.000000
0.210000 0.000000
0.220000 0.000000
0.230000 0.000016
0.240000 0.000567
0.250000 0.090660
0.260000 1.043423
0.270000 2.683318
0.280000 2.910192
0.290000 2.126072
0.300000 1.428053
0.310000 1.048437
0.320000 0.895825
0.330000 0.840201
0.340000 0.832609
0.350000 0.842851
0.360000 0.866780
0.370000 0.888120
0.380000 0.918550
0.390000 0.945477
0.400000 0.974203
0.410000 1.004614
0.420000 1.036394
0.430000 1.059642
0.440000 1.081330
0.450000 1.086692
0.460000 1.091483
0.470000 1.080961
0.480000 1.069243
0.490000 1.051164
0.500000 1.032557
0.510000 1.006890
0.520000 0.986579
0.530000 0.965942
0.540000 0.948085
0.550000 0.932508
0.560000 0.920591
0.570000 0.920085
0.580000 0.926612
0.590000 0.938605
0.600000 0.951386
0.610000 0.967366
0.620000 0.981955
0.630000 0.997805
0.640000 1.010014
0.650000 1.021038
0.660000 1.029386
0.670000 1.034641
0.680000 1.034764
0.690000 1.037372
0.700000 1.037050
0.710000 1.032513
0.720000 1.024393
0.730000 1.017707
0.740000 1.012169
0.750000 1.004822
0.760000 1.000327
0.770000 0.993433
0.780000 0.991463
0.790000 0.988237
0.800000 0.988083
0.810000 0.987857
0.820000 0.989947
0.830000 0.992149
0.840000 0.994334
0.850000 0.996860
0.860000 0.999567
0.870000 0.999138
0.880000 1.000332
0.890000 1.002028
0.900000 1.000317
0.910000 0.999454
0.920000 1.001349
0.930000 1.000434
0.940000 0.998890
0.950000 0.999517
0.960000 0.999565
0.970000 1.000237
0.980000 0.998842
0.990000 0.997949
1.000000 0.998999
1.010000 1.000417
1.020000 1.001384
1.030000 1.000789
1.040000 1.002026
1.050000 1.001784
1.060000 1.003913
1.070000 1.001984
1.080000 1.002938
1.090000 1.003562
1.100000 1.002228
