0.000000 0.000000
0.010000 0.000000
0.020000 0.000000
0.030000 0.000000
0.040000 0.000000
0.050000 0.000000
0.060000 0.000000
0.070000 0.000000
0.080000 0.000000
0.090000 0.000000
0.100000 0.000000
0.110000 0.000000
0.120000 0.000000
0.130000 0.000000
0.140000 0.000000
0.150000 0.000000
0.160000 0.000000
0.170000 0.000000
0.180000 0.000000
0.190000 0.000000
0.200000 0.000000
0.210000 0.000000
0.220000 0.000000
0.230000 0.000000
0.240000 0.000701
0.250000 0.096328
0.260000 1.095914
0.270000 2.741253
0.280000 2.933317
0.290000 2.112805
0.300000 1.388651
0.310000 1.024605
0.320000 0.868260
0.330000 0.824475
0.340000 0.817516
0.350000 0.829404
0.360000 0.856101
0.370000 0.881189
0.380000 0.909021
0.390000 0.945180
0.400000 0.979148
0.410000 1.009913
0.420000 1.043591
0.430000 1.072326
0.440000 1.091545
0.450000 1.101334
0.460000 1.102633
0.470000 1.098101
0.480000 1.080438
0.490000 1.058084
0.500000 1.037878
0.510000 1.011409
0.520000 0.986342
0.530000 0.963688
0.540000 0.943543
0.550000 0.925238
0.560000 0.913442
0.570000 0.912135
0.580000 0.919928
0.590000 0.931940
0.600000 0.947982
0.610000 0.967825
0.620000 0.983764
0.630000 0.997895
0.640000 1.012927
0.650000 1.025137
0.660000 1.033260
0.670000 1.038009
0.680000 1.041192
0.690000 1.042936
0.700000 1.038850
0.710000 1.035146
0.720000 1.028617
0.730000 1.020705
0.740000 1.013801
0.750000 1.006568
0.760000 1.000278
0.770000 0.995316
0.780000 0.992137
0.790000 0.988843
0.800000 0.990750
0.810000 0.992720
0.820000 0.992378
0.830000 0.994900
0.840000 0.998370
0.850000 1.002021
0.860000 1.002971
0.870000 1.004076
0.880000 1.003518
0.890000 1.003718
0.900000 1.004053
0.910000 1.003278
0.920000 1.003277
0.930000 1.002673
0.940000 1.000989
0.950000 1.001811
0.960000 1.001122
0.970000 0.999874
0.980000 1.000933
0.990000 1.001652
1.000000 1.002428
1.010000 1.003069
1.020000 1.002829
1.030000 1.004740
1.040000 1.005005
1.050000 1.005958
1.060000 1.006105
1.070000 1.006084
1.080000 1.007583
1.090000 1.007219
1.100000 1.007463
