0.000000 0.000000
0.010000 0.000000
0.020000 0.000000
0.030000 0.000000
0.040000 0.000000
0.050000 0.000000
0.060000 0.000000
0.070000 0.000000
0.080000 0.000000
0.090000 0.000000
0.100000 0.000000
0.110000 0.000000
0.120000 0.000000
0.130000 0.000000
0.140000 0.000000
0.150000 0.000000
0.160000 0.000000
0.170000 0.000000
0.180000 0.000000
0.190000 0.000000
0.200000 0.000000
0.210000 0.000000
0.220000 0.000000
0.230000 0.000000
0.240000 0.000428
0.250000 0.086432
0.260000 1.014841
0.270000 2.653819
0.280000 2.934182
0.290000 2.168418
0.300000 1.460369
0.310000 1.082927
0.320000 0.915942
0.330000 0.864730
0.340000 0.854448
0.350000 0.860804
0.360000 0.875155
0.370000 0.894880
0.380000 0.912768
0.390000 0.942906
0.400000 0.963320
0.410000 0.989459
0.420000 1.018934
0.430000 1.043084
0.440000 1.060116
0.450000 1.072905
0.460000 1.076908
0.470000 1.068803
0.480000 1.059603
0.490000 1.047209
0.500000 1.029568
0.510000 1.010108
0.520000 0.990344
0.530000 0.969728
0.540000 0.952438
0.550000 0.937622
0.560000 0.928402
0.570000 0.926050
0.580000 0.928429
0.590000 0.939743
0.600000 0.953362
0.610000 0.967518
0.620000 0.984264
0.630000 0.995860
0.640000 1.008494
0.650000 1.020299
0.660000 1.025353
0.670000 1.028568
0.680000 1.034007
0.690000 1.032947
0.700000 1.030505
0.710000 1.029214
0.720000 1.020855
0.730000 1.015148
0.740000 1.006847
0.750000 1.001548
0.760000 0.997734
0.770000 0.991683
0.780000 0.988071
0.790000 0.985103
0.800000 0.984883
0.810000 0.986976
0.820000 0.985824
0.830000 0.989203
0.840000 0.991708
0.850000 0.995735
0.860000 0.994989
0.870000 0.996542
0.880000 0.998398
0.890000 0.997542
0.900000 0.996201
0.910000 0.996836
0.920000 0.995563
0.930000 0.997784
0.940000 0.995597
0.950000 0.995791
0.960000 0.994332
0.970000 0.995230
0.980000 0.993325
0.990000 0.993487
1.000000 0.993372
1.010000 0.994019
1.020000 0.994608
1.030000 0.996409
1.040000 0.995994
1.050000 0.996062
1.060000 0.997091
1.070000 0.998241
1.080000 0.997977
1.090000 0.997342
1.100000 0.997475
