0.000000 0.000000
0.010000 0.000000
0.020000 0.000000
0.030000 0.000000
0.040000 0.000000
0.050000 0.000000
0.060000 0.000000
0.070000 0.000000
0.080000 0.000000
0.090000 0.000000
0.100000 0.000000
0.110000 0.000000
0.120000 0.000000
0.130000 0.000000
0.140000 0.000000
0.150000 0.000000
0.160000 0.000000
0.170000 0.000000
0.180000 0.000000
0.190000 0.000000
0.200000 0.000000
0.210000 0.000000
0.220000 0.000000
0.230000 0.000000
0.240000 0.000677
0.250000 0.110740
0.260000 1.188412
0.270000 2.828912
0.280000 2.901842
0.290000 2.048219
0.300000 1.355109
0.310000 1.007299
0.320000 0.860542
0.330000 0.815638
0.340000 0.811722
0.350000 0.831013
0.360000 0.852381
0.370000 0.881356
0.380000 0.912025
0.390000 0.946953
0.400000 0.978826
0.410000 1.010958
0.420000 1.042095
0.430000 1.066683
0.440000 1.084353
0.450000 1.094955
0.460000 1.098365
0.470000 1.088985
0.480000 1.074897
0.490000 1.047593
0.500000 1.030239
0.510000 1.008468
0.520000 0.981435
0.530000 0.959177
0.540000 0.939576
0.550000 0.918180
0.560000 0.908310
0.570000 0.905162
0.580000 0.913176
0.590000 0.925203
0.600000 0.940500
0.610000 0.957210
0.620000 0.976914
0.630000 0.990036
0.640000 1.004016
0.650000 1.017591
0.660000 1.024599
0.670000 1.029631
0.680000 1.033303
0.690000 1.034072
0.700000 1.030147
0.710000 1.025376
0.720000 1.021140
0.730000 1.013248
0.740000 1.005158
0.750000 0.994900
0.760000 0.990881
0.770000 0.986538
0.780000 0.982345
0.790000 0.981208
0.800000 0.979623
0.810000 0.980793
0.820000 0.981729
0.830000 0.983535
0.840000 0.986879
0.850000 0.989253
0.860000 0.990973
0.870000 0.993211
0.880000 0.991730
0.890000 0.990183
0.900000 0.990896
0.910000 0.991182
0.920000 0.989390
0.930000 0.989606
0.940000 0.989706
0.950000 0.990054
0.960000 0.988586
0.970000 0.987805
0.980000 0.986944
0.990000 0.988272
1.000000 0.988489
1.010000 0.987827
1.020000 0.989726
1.030000 0.990672
1.040000 0.990328
1.050000 0.991015
1.060000 0.992043
1.070000 0.991498
1.080000 0.992634
1.090000 0.992848
1.100000 0.991608
